<?xml version="1.0" encoding="UTF-8"?>
<!-- Generated by org.testng.reporters.JUnitXMLReporter -->
<testsuite ignored="0" hostname="DESKTOP-AVL4E6C" failures="1" tests="1" name="Default test" time="9.787" errors="0" timestamp="2023-12-28T15:47:43 IST">
  <testcase classname="io.cucumber.testng.AbstractTestNGCucumberTests" name="runScenario" time="7.359">
    <failure type="java.lang.AssertionError" message="expected [true] but found [false]">
      <![CDATA[java.lang.AssertionError: expected [true] but found [false]
at org.testng.Assert.fail(Assert.java:111)
at org.testng.Assert.failNotEquals(Assert.java:1578)
at org.testng.Assert.assertTrue(Assert.java:57)
at org.testng.Assert.assertTrue(Assert.java:67)
at Com.Examcenter.Utils.ActionType.generateFailReport(ActionType.java:108)
at Com.Examcenter.Utils.ActionType.isElementPresent(ActionType.java:274)
at Com.Examcenter.pages.LoginPage.allFieldsDispayed(LoginPage.java:68)
at StepDefinitions.LoginStepdefinintions.user_able_to_see_all_fields(LoginStepdefinintions.java:31)
at ✽.User able to see all Fields(file:///E:/Automation%20EC/Examcenter_AutomationFramework/src/test/resources/Features/AssessmentSubmission.feature:5)
]]>
    </failure>
  </testcase> <!-- runScenario -->
</testsuite> <!-- Default test -->
