<?xml version="1.0" encoding="UTF-8"?>
<!-- Generated by org.testng.reporters.JUnitXMLReporter -->
<testsuite ignored="0" hostname="Sapphirus-SS179" failures="0" tests="2" name="Default test" time="188.773" errors="0" timestamp="2024-12-05T12:43:09 IST">
  <testcase classname="io.cucumber.testng.AbstractTestNGCucumberTests" name="runScenario" time="42.465"/>
  <testcase classname="io.cucumber.testng.AbstractTestNGCucumberTests" name="runScenario" time="145.981"/>
</testsuite> <!-- Default test -->
