<?xml version="1.0" encoding="UTF-8"?>
<!-- Generated by org.testng.reporters.JUnitXMLReporter -->
<testsuite hostname="Sapphirus-SS141" failures="0" tests="2" name="Default test" time="204.237" errors="0" timestamp="22 Jan 2025 05:34:52 GMT">
  <testcase classname="AssessmentsRunner.SISprovisioningAssessmentCenterRunner" name="runScenario" time="74.674"/>
  <testcase classname="AssessmentsRunner.SISprovisioningAssessmentCenterRunner" name="runScenario" time="124.429"/>
</testsuite> <!-- Default test -->
