<?xml version="1.0" encoding="UTF-8"?>
<!-- Generated by org.testng.reporters.JUnitXMLReporter -->
<testsuite ignored="0" hostname="Sapphirus-SS145" failures="1" tests="1" name="Default test" time="105.872" errors="0" timestamp="2024-12-16T09:58:24 IST">
  <testcase classname="io.cucumber.testng.AbstractTestNGCucumberTests" name="runScenario" time="98.425">
    <failure type="java.lang.RuntimeException" message="Failed to select the current date after 3 attempts.">
      <![CDATA[java.lang.RuntimeException: Failed to select the current date after 3 attempts.
at com.Examcenter.pages.CommonPages.selectCurrentDate(CommonPages.java:320)
at com.Examcenter.pages.TimeSlotCreation_and_enrollExamataker_Page.click_on_ChooseMonthandYear(TimeSlotCreation_and_enrollExamataker_Page.java:178)
at ExamCenterStepDefinitions.Create_TimeSlot_and_Enroll_the_Examtaker_Stepdefination.user_select_the_exam_date_from_calendar(Create_TimeSlot_and_Enroll_the_Examtaker_Stepdefination.java:96)
at ✽.User select the Exam date from calendar(file:///C:/Users/RavaliManthena/OneDrive/Eclipse-EC/src/test/resources/ExamCenterFeatures/Create_TimeSlot_and_Enroll_the_ExamTaker.feature:16)
]]>
    </failure>
  </testcase> <!-- runScenario -->
</testsuite> <!-- Default test -->
