<?xml version="1.0" encoding="UTF-8"?>
<!-- Generated by org.testng.reporters.JUnitXMLReporter -->
<testsuite hostname="Sapphirus-SS141" failures="0" tests="3" name="Default test" time="149.388" errors="0" timestamp="3 Jan 2025 06:54:28 GMT">
  <testcase classname="ExamCenterRunners.Exam_Schedule_runner" name="runScenario" time="42.686"/>
  <testcase classname="ExamCenterRunners.Exam_Schedule_runner" name="runScenario" time="50.878"/>
  <testcase classname="ExamCenterRunners.Exam_Schedule_runner" name="runScenario" time="52.829"/>
</testsuite> <!-- Default test -->
