<?xml version="1.0" encoding="UTF-8"?>
<!-- Generated by org.testng.reporters.JUnitXMLReporter -->
<testsuite hostname="Sapphirus-SS141" failures="1" tests="1" name="Default test" time="132.061" errors="0" timestamp="6 Feb 2025 08:04:40 GMT">
  <testcase classname="LearningTreeRunner.Provide_Score_in_LTRunner" name="runScenario" time="128.953">
    <failure type="java.lang.IndexOutOfBoundsException" message="Index 4 out of bounds for length 4">
      <![CDATA[java.lang.IndexOutOfBoundsException: Index 4 out of bounds for length 4
	at java.base/jdk.internal.util.Preconditions.outOfBounds(Preconditions.java:100)
	at java.base/jdk.internal.util.Preconditions.outOfBoundsCheckIndex(Preconditions.java:106)
	at java.base/jdk.internal.util.Preconditions.checkIndex(Preconditions.java:302)
	at java.base/java.util.Objects.checkIndex(Objects.java:365)
	at java.base/java.util.ArrayList.get(ArrayList.java:428)
	at java.base/jdk.internal.reflect.DirectMethodHandleAccessor.invoke(DirectMethodHandleAccessor.java:103)
	at java.base/java.lang.reflect.Method.invoke(Method.java:580)
	at org.openqa.selenium.support.pagefactory.internal.LocatingElementListHandler.invoke(LocatingElementListHandler.java:39)
	at jdk.proxy2/jdk.proxy2.$Proxy29.get(Unknown Source)
	at com.LearningTree.pages.Provide_Score_For_LT_ActivitiesPage.activities_to_Garde(Provide_Score_For_LT_ActivitiesPage.java:212)
	at LearningTreeStepdef.Provide_Score_in_LTStepdef.User_Provide_the_Score_in_Activity_To_Grade(Provide_Score_in_LTStepdef.java:60)
	at ✽.User Provide the Score in Activity To Grade(file:///D:/Focalpoint%20Automation/FPK12AutomationProject/src/test/resources/LearningTreeFeatures/Provide_Score_in_LT.feature:16)
]]>
    </failure>
  </testcase> <!-- runScenario -->
</testsuite> <!-- Default test -->
