<?xml version="1.0" encoding="UTF-8"?>
<!-- Generated by org.testng.reporters.JUnitXMLReporter -->
<testsuite ignored="0" hostname="DESKTOP-AVL4E6C" failures="1" tests="1" name="Default test" time="6.206" errors="0" timestamp="2023-12-27T12:16:37 IST">
  <testcase classname="io.cucumber.testng.AbstractTestNGCucumberTests" name="runScenario" time="3.458">
    <failure type="java.lang.NullPointerException" message="Cannot invoke &amp;quot;org.apache.poi.ss.usermodel.Sheet.getPhysicalNumberOfRows()&amp;quot; because &amp;quot;sheet&amp;quot; is null">
      <![CDATA[java.lang.NullPointerException: Cannot invoke "org.apache.poi.ss.usermodel.Sheet.getPhysicalNumberOfRows()" because "sheet" is null
at Com.Examcenter.Utils.ExcelReader.readSheet(ExcelReader.java:51)
at Com.Examcenter.Utils.ExcelReader.getData(ExcelReader.java:24)
at StepDefinitions.AssessmentSubmission.login_with_examtaker_credentials_from_excel_sheet(AssessmentSubmission.java:34)
at ✽.Login with Examtaker credentials from excel sheet 2(file:///E:/Automation%20EC/Examcenter_AutomationFramework/src/test/resources/Features/ExamtakerSubmission.feature:5)
]]>
    </failure>
  </testcase> <!-- runScenario -->
</testsuite> <!-- Default test -->
