<?xml version="1.0" encoding="UTF-8"?>
<!-- Generated by org.testng.reporters.JUnitXMLReporter -->
<testsuite hostname="Sapphirus-SS141" failures="0" tests="1" name="Default test" time="73.75" errors="0" timestamp="31 Dec 2024 07:15:14 GMT">
  <testcase classname="ExamCenterRunners.Exam_Schedule_runner" name="@AfterClass tearDownClass" time="0.0">
    <failure type="java.lang.RuntimeException" message="java.io.IOException: HTTP request failed:
&amp;gt; PUT https://cucumber-messages-app-s3bucket-61aropwgu4ox.s3.eu-west-3.amazonaws.com/reports/3d8c1a1b-cdca-4d79-a42d-146bb60e5a6c?X-Amz-Algorithm=AWS4-HMAC-SHA256&amp;amp;X-Amz-Credential=ASIAWE4HTFKN25NLZ6GA%2F20241231%2Feu-west-3%2Fs3%2Faws4_request&amp;amp;X-Amz-Date=20241231T071503Z&amp;amp;X-Amz-Expires=900&amp;amp;X-Amz-Security-Token=IQoJb3JpZ2luX2VjEMb%2F%2F%2F%2F%2F%2F%2F%2F%2F%2FwEaCWV1LXdlc3QtMyJGMEQCIEWp3EazrCGGHXjGuS5wv7s3vVrbyKIFDHvou76AQh8yAiAlZqJvrBaXWux1BK6BBcmqmdq98eR2cIGdGywZZCwX3CrGAwif%2F%2F%2F%2F%2F%2F%2F%2F%2F%2F8BEAMaDDQyMjgwMTc3OTM1NSIM95BbSr6FqJb%2BvvJmKpoDzBCg7a%2FqcG2rPUEP0i%2FJG0YkL3piE8z0kEqW%2Bj8tuOoakz7oKFjt0k597adZjcVxqqGuy%2FFkKjpPNVS6BGb3IDdeiSs0HXhk3lu3QgjEla8Rv8WmDSv8ZJrFGRA7Zr6EOjhozoq8cZBq9sHhMQagRlReV2r8g%2FPXNgF5R9j7EHbYtbdgjMEajsMOR9ZUr4YR162AW5QuSmHismZ0dz5EbD%2Bg%2B76abXau9i7%2FQre%2FOj88dwo6qvOn8oVc1QmisqKOyazAcHcS8S51jp6CJvUUMDtZ2n8DwaO9iVr38Fc09ZGXx3kIUVKhO8XrQvjwEjKR6RrVPa0fhziN64ajqhfRYlhEz1kAjxwF5Ja5c3S0XBH%2BB5D4mKqg7wrVkNOCxbvA1QKwfBG8W03370JDX0x6krZ1PzrMj8mhKu8s1uYErO78%2BhutreF9DM5EONIds0Qfe%2Fs3SdHbvNIG31qzOyxvXlu4vPNpyPZKHjhFgrXeSzHjyG%2ByFM%2FsHPhRimnXDRHErsOnv0RGBUVDLd%2FzxqxS6FNygGzum9rNY6Qw7ZLOuwY6nwFjON0mHpT%2B3HgR0DsN2IngYZseIkx8m%2B2%2F6SV9ny0Gj01%2BeJ9kS8cEIvF9nds9%2BNMw4xRFTrS3VRaZy8jCzlNnRUBS2mEpdgrEkw78NvEb9shMBW1Hk6g1sIXmCrVH5aqos79iy0%2FXRgsQrdt9Y4euZyazN%2BiJ%2Fl4WP%2FATFAaInWx2SPzGMo0Yj0EE2CyvYlEE%2F%2B22SJZ%2B6%2B0KsU5u3uE%3D&amp;amp;X-Amz-Signature=0137144eda36c8b74e83b0141863d477b2305a2a9e8f6bef40cd21820c3c3fa6&amp;amp;X-Amz-SignedHeaders=host

">
      <![CDATA[java.lang.RuntimeException: java.io.IOException: HTTP request failed:
> PUT https://cucumber-messages-app-s3bucket-61aropwgu4ox.s3.eu-west-3.amazonaws.com/reports/3d8c1a1b-cdca-4d79-a42d-146bb60e5a6c?X-Amz-Algorithm=AWS4-HMAC-SHA256&X-Amz-Credential=ASIAWE4HTFKN25NLZ6GA%2F20241231%2Feu-west-3%2Fs3%2Faws4_request&X-Amz-Date=20241231T071503Z&X-Amz-Expires=900&X-Amz-Security-Token=IQoJb3JpZ2luX2VjEMb%2F%2F%2F%2F%2F%2F%2F%2F%2F%2FwEaCWV1LXdlc3QtMyJGMEQCIEWp3EazrCGGHXjGuS5wv7s3vVrbyKIFDHvou76AQh8yAiAlZqJvrBaXWux1BK6BBcmqmdq98eR2cIGdGywZZCwX3CrGAwif%2F%2F%2F%2F%2F%2F%2F%2F%2F%2F8BEAMaDDQyMjgwMTc3OTM1NSIM95BbSr6FqJb%2BvvJmKpoDzBCg7a%2FqcG2rPUEP0i%2FJG0YkL3piE8z0kEqW%2Bj8tuOoakz7oKFjt0k597adZjcVxqqGuy%2FFkKjpPNVS6BGb3IDdeiSs0HXhk3lu3QgjEla8Rv8WmDSv8ZJrFGRA7Zr6EOjhozoq8cZBq9sHhMQagRlReV2r8g%2FPXNgF5R9j7EHbYtbdgjMEajsMOR9ZUr4YR162AW5QuSmHismZ0dz5EbD%2Bg%2B76abXau9i7%2FQre%2FOj88dwo6qvOn8oVc1QmisqKOyazAcHcS8S51jp6CJvUUMDtZ2n8DwaO9iVr38Fc09ZGXx3kIUVKhO8XrQvjwEjKR6RrVPa0fhziN64ajqhfRYlhEz1kAjxwF5Ja5c3S0XBH%2BB5D4mKqg7wrVkNOCxbvA1QKwfBG8W03370JDX0x6krZ1PzrMj8mhKu8s1uYErO78%2BhutreF9DM5EONIds0Qfe%2Fs3SdHbvNIG31qzOyxvXlu4vPNpyPZKHjhFgrXeSzHjyG%2ByFM%2FsHPhRimnXDRHErsOnv0RGBUVDLd%2FzxqxS6FNygGzum9rNY6Qw7ZLOuwY6nwFjON0mHpT%2B3HgR0DsN2IngYZseIkx8m%2B2%2F6SV9ny0Gj01%2BeJ9kS8cEIvF9nds9%2BNMw4xRFTrS3VRaZy8jCzlNnRUBS2mEpdgrEkw78NvEb9shMBW1Hk6g1sIXmCrVH5aqos79iy0%2FXRgsQrdt9Y4euZyazN%2BiJ%2Fl4WP%2FATFAaInWx2SPzGMo0Yj0EE2CyvYlEE%2F%2B22SJZ%2B6%2B0KsU5u3uE%3D&X-Amz-Signature=0137144eda36c8b74e83b0141863d477b2305a2a9e8f6bef40cd21820c3c3fa6&X-Amz-SignedHeaders=host


	at io.cucumber.core.plugin.MessageFormatter.writeMessage(MessageFormatter.java:32)
	at io.cucumber.core.eventbus.AbstractEventPublisher.send(AbstractEventPublisher.java:51)
	at io.cucumber.core.eventbus.AbstractEventBus.send(AbstractEventBus.java:12)
	at io.cucumber.core.runtime.SynchronizedEventBus.send(SynchronizedEventBus.java:47)
	at io.cucumber.core.runtime.CucumberExecutionContext.emitTestRunFinished(CucumberExecutionContext.java:125)
	at io.cucumber.core.runtime.CucumberExecutionContext.finishTestRun(CucumberExecutionContext.java:105)
	at io.cucumber.testng.TestNGCucumberRunner.finish(TestNGCucumberRunner.java:145)
	at io.cucumber.testng.AbstractTestNGCucumberTests.tearDownClass(AbstractTestNGCucumberTests.java:57)
	at java.base/jdk.internal.reflect.DirectMethodHandleAccessor.invoke(DirectMethodHandleAccessor.java:103)
	at java.base/java.lang.reflect.Method.invoke(Method.java:580)
	at org.testng.internal.MethodInvocationHelper.invokeMethod(MethodInvocationHelper.java:86)
	at org.testng.internal.Invoker.invokeConfigurationMethod(Invoker.java:514)
	at org.testng.internal.Invoker.invokeConfigurations(Invoker.java:215)
	at org.testng.internal.Invoker.invokeConfigurations(Invoker.java:142)
	at org.testng.internal.TestMethodWorker.invokeAfterClassMethods(TestMethodWorker.java:232)
	at org.testng.internal.TestMethodWorker.run(TestMethodWorker.java:115)
	at org.testng.TestRunner.privateRun(TestRunner.java:782)
	at org.testng.TestRunner.run(TestRunner.java:632)
	at org.testng.SuiteRunner.runTest(SuiteRunner.java:366)
	at org.testng.SuiteRunner.runSequentially(SuiteRunner.java:361)
	at org.testng.SuiteRunner.privateRun(SuiteRunner.java:319)
	at org.testng.SuiteRunner.run(SuiteRunner.java:268)
	at org.testng.SuiteRunnerWorker.runSuite(SuiteRunnerWorker.java:52)
	at org.testng.SuiteRunnerWorker.run(SuiteRunnerWorker.java:86)
	at org.testng.TestNG.runSuitesSequentially(TestNG.java:1244)
	at org.testng.TestNG.runSuitesLocally(TestNG.java:1169)
	at org.testng.TestNG.run(TestNG.java:1064)
	at org.testng.remote.AbstractRemoteTestNG.run(AbstractRemoteTestNG.java:115)
	at org.testng.remote.RemoteTestNG.initAndRun(RemoteTestNG.java:293)
	at org.testng.remote.RemoteTestNG.main(RemoteTestNG.java:91)
Caused by: java.io.IOException: HTTP request failed:
> PUT https://cucumber-messages-app-s3bucket-61aropwgu4ox.s3.eu-west-3.amazonaws.com/reports/3d8c1a1b-cdca-4d79-a42d-146bb60e5a6c?X-Amz-Algorithm=AWS4-HMAC-SHA256&X-Amz-Credential=ASIAWE4HTFKN25NLZ6GA%2F20241231%2Feu-west-3%2Fs3%2Faws4_request&X-Amz-Date=20241231T071503Z&X-Amz-Expires=900&X-Amz-Security-Token=IQoJb3JpZ2luX2VjEMb%2F%2F%2F%2F%2F%2F%2F%2F%2F%2FwEaCWV1LXdlc3QtMyJGMEQCIEWp3EazrCGGHXjGuS5wv7s3vVrbyKIFDHvou76AQh8yAiAlZqJvrBaXWux1BK6BBcmqmdq98eR2cIGdGywZZCwX3CrGAwif%2F%2F%2F%2F%2F%2F%2F%2F%2F%2F8BEAMaDDQyMjgwMTc3OTM1NSIM95BbSr6FqJb%2BvvJmKpoDzBCg7a%2FqcG2rPUEP0i%2FJG0YkL3piE8z0kEqW%2Bj8tuOoakz7oKFjt0k597adZjcVxqqGuy%2FFkKjpPNVS6BGb3IDdeiSs0HXhk3lu3QgjEla8Rv8WmDSv8ZJrFGRA7Zr6EOjhozoq8cZBq9sHhMQagRlReV2r8g%2FPXNgF5R9j7EHbYtbdgjMEajsMOR9ZUr4YR162AW5QuSmHismZ0dz5EbD%2Bg%2B76abXau9i7%2FQre%2FOj88dwo6qvOn8oVc1QmisqKOyazAcHcS8S51jp6CJvUUMDtZ2n8DwaO9iVr38Fc09ZGXx3kIUVKhO8XrQvjwEjKR6RrVPa0fhziN64ajqhfRYlhEz1kAjxwF5Ja5c3S0XBH%2BB5D4mKqg7wrVkNOCxbvA1QKwfBG8W03370JDX0x6krZ1PzrMj8mhKu8s1uYErO78%2BhutreF9DM5EONIds0Qfe%2Fs3SdHbvNIG31qzOyxvXlu4vPNpyPZKHjhFgrXeSzHjyG%2ByFM%2FsHPhRimnXDRHErsOnv0RGBUVDLd%2FzxqxS6FNygGzum9rNY6Qw7ZLOuwY6nwFjON0mHpT%2B3HgR0DsN2IngYZseIkx8m%2B2%2F6SV9ny0Gj01%2BeJ9kS8cEIvF9nds9%2BNMw4xRFTrS3VRaZy8jCzlNnRUBS2mEpdgrEkw78NvEb9shMBW1Hk6g1sIXmCrVH5aqos79iy0%2FXRgsQrdt9Y4euZyazN%2BiJ%2Fl4WP%2FATFAaInWx2SPzGMo0Yj0EE2CyvYlEE%2F%2B22SJZ%2B6%2B0KsU5u3uE%3D&X-Amz-Signature=0137144eda36c8b74e83b0141863d477b2305a2a9e8f6bef40cd21820c3c3fa6&X-Amz-SignedHeaders=host


	at io.cucumber.core.plugin.UrlOutputStream.createCurlLikeException(UrlOutputStream.java:150)
	at io.cucumber.core.plugin.UrlOutputStream.sendRequestBody(UrlOutputStream.java:116)
	at io.cucumber.core.plugin.UrlOutputStream.sendRequest(UrlOutputStream.java:94)
	at io.cucumber.core.plugin.UrlOutputStream.sendRequest(UrlOutputStream.java:90)
	at io.cucumber.core.plugin.UrlOutputStream.close(UrlOutputStream.java:65)
	at java.base/sun.nio.cs.StreamEncoder.implClose(StreamEncoder.java:413)
	at java.base/sun.nio.cs.StreamEncoder.lockedClose(StreamEncoder.java:231)
	at java.base/sun.nio.cs.StreamEncoder.close(StreamEncoder.java:222)
	at java.base/java.io.OutputStreamWriter.close(OutputStreamWriter.java:264)
	at io.cucumber.core.plugin.MessageFormatter.writeMessage(MessageFormatter.java:29)
	... 29 more
Caused by: java.net.UnknownHostException: cucumber-messages-app-s3bucket-61aropwgu4ox.s3.eu-west-3.amazonaws.com
	at java.base/sun.nio.ch.NioSocketImpl.connect(NioSocketImpl.java:567)
	at java.base/java.net.SocksSocketImpl.connect(SocksSocketImpl.java:327)
	at java.base/java.net.Socket.connect(Socket.java:752)
	at java.base/sun.security.ssl.SSLSocketImpl.connect(SSLSocketImpl.java:304)
	at java.base/sun.security.ssl.BaseSSLSocketImpl.connect(BaseSSLSocketImpl.java:181)
	at java.base/sun.net.NetworkClient.doConnect(NetworkClient.java:183)
	at java.base/sun.net.www.http.HttpClient.openServer(HttpClient.java:531)
	at java.base/sun.net.www.http.HttpClient.openServer(HttpClient.java:636)
	at java.base/sun.net.www.protocol.https.HttpsClient.<init>(HttpsClient.java:264)
	at java.base/sun.net.www.protocol.https.HttpsClient.New(HttpsClient.java:377)
	at java.base/sun.net.www.protocol.https.AbstractDelegateHttpsURLConnection.getNewHttpClient(AbstractDelegateHttpsURLConnection.java:193)
	at java.base/sun.net.www.protocol.http.HttpURLConnection.plainConnect0(HttpURLConnection.java:1288)
	at java.base/sun.net.www.protocol.http.HttpURLConnection.plainConnect(HttpURLConnection.java:1129)
	at java.base/sun.net.www.protocol.https.AbstractDelegateHttpsURLConnection.connect(AbstractDelegateHttpsURLConnection.java:179)
	at java.base/sun.net.www.protocol.http.HttpURLConnection.getOutputStream0(HttpURLConnection.java:1460)
	at java.base/sun.net.www.protocol.http.HttpURLConnection.getOutputStream(HttpURLConnection.java:1423)
	at java.base/sun.net.www.protocol.https.HttpsURLConnectionImpl.getOutputStream(HttpsURLConnectionImpl.java:219)
	at io.cucumber.core.plugin.UrlOutputStream.sendRequestBody(UrlOutputStream.java:111)
	... 37 more
]]>
    </failure>
  </testcase> <!-- @AfterClass tearDownClass -->
  <testcase classname="ExamCenterRunners.Exam_Schedule_runner" name="runScenario" time="60.43"/>
</testsuite> <!-- Default test -->
