<?xml version="1.0" encoding="UTF-8"?>
<!-- Generated by org.testng.reporters.JUnitXMLReporter -->
<testsuite hostname="Sapphirus-SS141" failures="1" tests="1" name="Default test" time="70.721" errors="0" timestamp="28 Jan 2025 05:17:27 GMT">
  <testcase classname="ExamCenterRunners.Enrolled_ExamTaker_in_a_TimeSlotRunner" name="runScenario" time="67.069">
    <failure type="org.openqa.selenium.NoSuchWindowException" message="no such window: target window already closed
from unknown error: web view not found
  (Session info: chrome=132.0.6834.111)
Build info: version: &amp;apos;4.18.1&amp;apos;, revision: &amp;apos;b1d3319b48&amp;apos;
System info: os.name: &amp;apos;Windows 11&amp;apos;, os.arch: &amp;apos;amd64&amp;apos;, os.version: &amp;apos;10.0&amp;apos;, java.version: &amp;apos;22.0.2&amp;apos;
Driver info: org.openqa.selenium.chrome.ChromeDriver
Command: [a6a4dfd66d09d5fdd1fa6547689c9f9c, findElement {value=//span[normalize-space(text())=&amp;apos;Save&amp;apos;], using=xpath}]
Capabilities {acceptInsecureCerts: false, browserName: chrome, browserVersion: 132.0.6834.111, chrome: {chromedriverVersion: 132.0.6834.110 (df453a35f09..., userDataDir: C:\Users\GOPIPA~1\AppData\L...}, fedcm:accounts: true, goog:chromeOptions: {debuggerAddress: localhost:63701}, networkConnectionEnabled: false, pageLoadStrategy: normal, platformName: windows, proxy: Proxy(), se:cdp: ws://localhost:63701/devtoo..., se:cdpVersion: 132.0.6834.111, setWindowRect: true, strictFileInteractability: false, timeouts: {implicit: 0, pageLoad: 300000, script: 30000}, unhandledPromptBehavior: dismiss and notify, webauthn:extension:credBlob: true, webauthn:extension:largeBlob: true, webauthn:extension:minPinLength: true, webauthn:extension:prf: true, webauthn:virtualAuthenticators: true}
Session ID: a6a4dfd66d09d5fdd1fa6547689c9f9c">
      <![CDATA[org.openqa.selenium.NoSuchWindowException: no such window: target window already closed
from unknown error: web view not found
  (Session info: chrome=132.0.6834.111)
Build info: version: '4.18.1', revision: 'b1d3319b48'
System info: os.name: 'Windows 11', os.arch: 'amd64', os.version: '10.0', java.version: '22.0.2'
Driver info: org.openqa.selenium.chrome.ChromeDriver
Command: [a6a4dfd66d09d5fdd1fa6547689c9f9c, findElement {value=//span[normalize-space(text())='Save'], using=xpath}]
Capabilities {acceptInsecureCerts: false, browserName: chrome, browserVersion: 132.0.6834.111, chrome: {chromedriverVersion: 132.0.6834.110 (df453a35f09..., userDataDir: C:\Users\GOPIPA~1\AppData\L...}, fedcm:accounts: true, goog:chromeOptions: {debuggerAddress: localhost:63701}, networkConnectionEnabled: false, pageLoadStrategy: normal, platformName: windows, proxy: Proxy(), se:cdp: ws://localhost:63701/devtoo..., se:cdpVersion: 132.0.6834.111, setWindowRect: true, strictFileInteractability: false, timeouts: {implicit: 0, pageLoad: 300000, script: 30000}, unhandledPromptBehavior: dismiss and notify, webauthn:extension:credBlob: true, webauthn:extension:largeBlob: true, webauthn:extension:minPinLength: true, webauthn:extension:prf: true, webauthn:virtualAuthenticators: true}
Session ID: a6a4dfd66d09d5fdd1fa6547689c9f9c
	at java.base/jdk.internal.reflect.DirectConstructorHandleAccessor.newInstance(DirectConstructorHandleAccessor.java:62)
	at java.base/java.lang.reflect.Constructor.newInstanceWithCaller(Constructor.java:502)
	at java.base/java.lang.reflect.Constructor.newInstance(Constructor.java:486)
	at org.openqa.selenium.remote.ErrorCodec.decode(ErrorCodec.java:167)
	at org.openqa.selenium.remote.codec.w3c.W3CHttpResponseCodec.decode(W3CHttpResponseCodec.java:138)
	at org.openqa.selenium.remote.codec.w3c.W3CHttpResponseCodec.decode(W3CHttpResponseCodec.java:50)
	at org.openqa.selenium.remote.HttpCommandExecutor.execute(HttpCommandExecutor.java:190)
	at org.openqa.selenium.remote.service.DriverCommandExecutor.invokeExecute(DriverCommandExecutor.java:216)
	at org.openqa.selenium.remote.service.DriverCommandExecutor.execute(DriverCommandExecutor.java:174)
	at org.openqa.selenium.remote.RemoteWebDriver.execute(RemoteWebDriver.java:519)
	at org.openqa.selenium.remote.ElementLocation$ElementFinder$2.findElement(ElementLocation.java:165)
	at org.openqa.selenium.remote.ElementLocation.findElement(ElementLocation.java:59)
	at org.openqa.selenium.remote.RemoteWebDriver.findElement(RemoteWebDriver.java:356)
	at org.openqa.selenium.remote.RemoteWebDriver.findElement(RemoteWebDriver.java:350)
	at org.openqa.selenium.support.pagefactory.DefaultElementLocator.findElement(DefaultElementLocator.java:68)
	at org.openqa.selenium.support.pagefactory.internal.LocatingElementHandler.invoke(LocatingElementHandler.java:38)
	at jdk.proxy2/jdk.proxy2.$Proxy29.isDisplayed(Unknown Source)
	at org.openqa.selenium.support.ui.ExpectedConditions.elementIfVisible(ExpectedConditions.java:304)
	at org.openqa.selenium.support.ui.ExpectedConditions$10.apply(ExpectedConditions.java:290)
	at org.openqa.selenium.support.ui.ExpectedConditions$10.apply(ExpectedConditions.java:287)
	at org.openqa.selenium.support.ui.ExpectedConditions$23.apply(ExpectedConditions.java:656)
	at org.openqa.selenium.support.ui.ExpectedConditions$23.apply(ExpectedConditions.java:652)
	at org.openqa.selenium.support.ui.FluentWait.until(FluentWait.java:203)
	at com.Utils.Wait.elementToBeClickable(Wait.java:29)
	at com.Utils.CommonPages.Save(CommonPages.java:91)
	at ExamCenterStepDefinitions.Enroled_ExamTaker_in_a_Timeslot_Stepdefination.user_provide_the_comment_to_the_examtaker(Enroled_ExamTaker_in_a_Timeslot_Stepdefination.java:37)
	at ✽.User provide the comment to the Examtaker(file:///D:/Focalpoint%20Automation/FPK12AutomationProject/src/test/resources/ExamCenterFeatures/Enrolled_Examtaker_in_TimeSlot.feature:15)
]]>
    </failure>
  </testcase> <!-- runScenario -->
</testsuite> <!-- Default test -->
