<?xml version="1.0" encoding="UTF-8"?>
<!-- Generated by org.testng.reporters.JUnitXMLReporter -->
<testsuite hostname="DESKTOP-AVL4E6C" failures="1" tests="2" name="Default test" time="95.038" errors="0" timestamp="5 Mar 2024 05:17:27 GMT">
  <testcase classname="Runners.Create_Time_Slot_and_Enroll_the_ExamTakerRunner" name="runScenario" time="51.24"/>
  <testcase classname="Runners.Create_Time_Slot_and_Enroll_the_ExamTakerRunner" name="runScenario" time="40.413">
    <failure type="org.openqa.selenium.ElementClickInterceptedException" message="element click intercepted: Element &amp;lt;mat-icon _ngcontent-ysv-c341=&amp;quot;&amp;quot; role=&amp;quot;img&amp;quot; class=&amp;quot;mat-icon notranslate md-default-theme material-icons mat-icon-no-color&amp;quot; aria-hidden=&amp;quot;true&amp;quot; data-mat-icon-type=&amp;quot;font&amp;quot;&amp;gt;...&amp;lt;/mat-icon&amp;gt; is not clickable at point (426, 366). Other element would receive the click: &amp;lt;span class=&amp;quot;mat-select-min-line ng-tns-c199-16 ng-star-inserted&amp;quot;&amp;gt;...&amp;lt;/span&amp;gt;
  (Session info: chrome-headless-shell=122.0.6261.95)
Build info: version: &amp;apos;4.18.1&amp;apos;, revision: &amp;apos;b1d3319b48&amp;apos;
System info: os.name: &amp;apos;Windows 10&amp;apos;, os.arch: &amp;apos;amd64&amp;apos;, os.version: &amp;apos;10.0&amp;apos;, java.version: &amp;apos;17.0.7&amp;apos;
Driver info: org.openqa.selenium.chrome.ChromeDriver
Command: [ccc56801b0cbf4bc9845471fe09c4cba, clickElement {id=f.976888B0AD6E05186C73F06405FAC7AC.d.8DB95A9408051650E1576E347232388E.e.104}]
Capabilities {acceptInsecureCerts: false, browserName: chrome-headless-shell, browserVersion: 122.0.6261.95, chrome: {chromedriverVersion: 122.0.6261.94 (880dbf29479c..., userDataDir: C:\Users\SAPPHI~1\AppData\L...}, fedcm:accounts: true, goog:chromeOptions: {debuggerAddress: localhost:62837}, networkConnectionEnabled: false, pageLoadStrategy: normal, platformName: windows, proxy: Proxy(), se:cdp: ws://localhost:62837/devtoo..., se:cdpVersion: 122.0.6261.95, setWindowRect: true, strictFileInteractability: false, timeouts: {implicit: 0, pageLoad: 300000, script: 30000}, unhandledPromptBehavior: dismiss and notify, webauthn:extension:credBlob: true, webauthn:extension:largeBlob: true, webauthn:extension:minPinLength: true, webauthn:extension:prf: true, webauthn:virtualAuthenticators: true}
Element: [[ChromeDriver: chrome-headless-shell on windows (ccc56801b0cbf4bc9845471fe09c4cba)] -&amp;gt; xpath: //mat-icon[text()=&amp;apos;add&amp;apos;]]
Session ID: ccc56801b0cbf4bc9845471fe09c4cba">
      <![CDATA[org.openqa.selenium.ElementClickInterceptedException: element click intercepted: Element <mat-icon _ngcontent-ysv-c341="" role="img" class="mat-icon notranslate md-default-theme material-icons mat-icon-no-color" aria-hidden="true" data-mat-icon-type="font">...</mat-icon> is not clickable at point (426, 366). Other element would receive the click: <span class="mat-select-min-line ng-tns-c199-16 ng-star-inserted">...</span>
  (Session info: chrome-headless-shell=122.0.6261.95)
Build info: version: '4.18.1', revision: 'b1d3319b48'
System info: os.name: 'Windows 10', os.arch: 'amd64', os.version: '10.0', java.version: '17.0.7'
Driver info: org.openqa.selenium.chrome.ChromeDriver
Command: [ccc56801b0cbf4bc9845471fe09c4cba, clickElement {id=f.976888B0AD6E05186C73F06405FAC7AC.d.8DB95A9408051650E1576E347232388E.e.104}]
Capabilities {acceptInsecureCerts: false, browserName: chrome-headless-shell, browserVersion: 122.0.6261.95, chrome: {chromedriverVersion: 122.0.6261.94 (880dbf29479c..., userDataDir: C:\Users\SAPPHI~1\AppData\L...}, fedcm:accounts: true, goog:chromeOptions: {debuggerAddress: localhost:62837}, networkConnectionEnabled: false, pageLoadStrategy: normal, platformName: windows, proxy: Proxy(), se:cdp: ws://localhost:62837/devtoo..., se:cdpVersion: 122.0.6261.95, setWindowRect: true, strictFileInteractability: false, timeouts: {implicit: 0, pageLoad: 300000, script: 30000}, unhandledPromptBehavior: dismiss and notify, webauthn:extension:credBlob: true, webauthn:extension:largeBlob: true, webauthn:extension:minPinLength: true, webauthn:extension:prf: true, webauthn:virtualAuthenticators: true}
Element: [[ChromeDriver: chrome-headless-shell on windows (ccc56801b0cbf4bc9845471fe09c4cba)] -> xpath: //mat-icon[text()='add']]
Session ID: ccc56801b0cbf4bc9845471fe09c4cba
	at java.base/jdk.internal.reflect.NativeConstructorAccessorImpl.newInstance0(Native Method)
	at java.base/jdk.internal.reflect.NativeConstructorAccessorImpl.newInstance(NativeConstructorAccessorImpl.java:77)
	at java.base/jdk.internal.reflect.DelegatingConstructorAccessorImpl.newInstance(DelegatingConstructorAccessorImpl.java:45)
	at java.base/java.lang.reflect.Constructor.newInstanceWithCaller(Constructor.java:499)
	at java.base/java.lang.reflect.Constructor.newInstance(Constructor.java:480)
	at org.openqa.selenium.remote.ErrorCodec.decode(ErrorCodec.java:167)
	at org.openqa.selenium.remote.codec.w3c.W3CHttpResponseCodec.decode(W3CHttpResponseCodec.java:138)
	at org.openqa.selenium.remote.codec.w3c.W3CHttpResponseCodec.decode(W3CHttpResponseCodec.java:50)
	at org.openqa.selenium.remote.HttpCommandExecutor.execute(HttpCommandExecutor.java:190)
	at org.openqa.selenium.remote.service.DriverCommandExecutor.invokeExecute(DriverCommandExecutor.java:216)
	at org.openqa.selenium.remote.service.DriverCommandExecutor.execute(DriverCommandExecutor.java:174)
	at org.openqa.selenium.remote.RemoteWebDriver.execute(RemoteWebDriver.java:519)
	at org.openqa.selenium.remote.RemoteWebElement.execute(RemoteWebElement.java:223)
	at org.openqa.selenium.remote.RemoteWebElement.click(RemoteWebElement.java:76)
	at com.Examcenter.pages.Create_TimeSlot_and_enroll_Examatker_Page.addExamtaker(Create_TimeSlot_and_enroll_Examatker_Page.java:54)
	at StepDefinitions.Create_TimeSlot_and_Enroll_the_Examtaker_Stepdefination.user_add_add_the_examtaker_in_the_timeslot(Create_TimeSlot_and_Enroll_the_Examtaker_Stepdefination.java:27)
	at ✽.User add the Examtaker in the Timeslot(file:///E:/FocalPoint/FPK12-AUTOMATION-TEST-2.0/src/test/resources/Features/Create_TimeSlot_and_Enroll_the_ExamTaker.feature:40)
]]>
    </failure>
  </testcase> <!-- runScenario -->
</testsuite> <!-- Default test -->
