<?xml version="1.0" encoding="UTF-8"?>
<!-- Generated by org.testng.reporters.JUnitXMLReporter -->
<testsuite hostname="Sapphirus-SS141" failures="1" tests="1" name="Default test" time="106.407" errors="0" timestamp="3 Jan 2025 05:36:18 GMT">
  <testcase classname="ExamCenterRunners.Create_Time_Slot_and_Enroll_the_ExamTakerRunner" name="@AfterClass tearDownClass" time="0.0">
    <failure type="java.lang.RuntimeException" message="java.io.IOException: HTTP request failed:
&amp;gt; PUT https://cucumber-messages-app-s3bucket-61aropwgu4ox.s3.eu-west-3.amazonaws.com/reports/5df16632-0248-4cfb-bbae-50abef0719dd?X-Amz-Algorithm=AWS4-HMAC-SHA256&amp;amp;X-Amz-Credential=ASIAWE4HTFKNUEJGZTH5%2F20250103%2Feu-west-3%2Fs3%2Faws4_request&amp;amp;X-Amz-Date=20250103T053606Z&amp;amp;X-Amz-Expires=900&amp;amp;X-Amz-Security-Token=IQoJb3JpZ2luX2VjEA4aCWV1LXdlc3QtMyJHMEUCIGaT%2BzJ%2Fss%2F8P2C%2FlFnWYUrD%2FL4sJbEsd16LHDmPB%2FVoAiEA0ZsL2puYPWfuRTCBSsv%2BI9EF%2BEOtECbr8LeHcdB6cowqxgMI5%2F%2F%2F%2F%2F%2F%2F%2F%2F%2F%2FARADGgw0MjI4MDE3NzkzNTUiDCdfXWfSVE8HlJHCwyqaAxqiioPS7i3h8%2BVOhR%2FzJpc%2Fwke30KXMTxstAtyzKJ9ZuwgmhHhBFlXEbF12OlsRbkvfCDghtVa%2BpxEl4d6Q3EgX3s0LsvV2BMEOmxZb26j1kdIFKpbev5Ijyhb3JLMe2tkUsCeDJ%2FHGegLdB%2FlKiontP7exiIBAhDEf4lbsmdCVlgzD3lYi6uy73rTqNyXpWp%2B%2BTNdaXKgfYAmqMbaAq0gx082CMCOE5cCX%2BJAv3OZoaaqLg1w%2FoKYfrCGXP0luqpCjiWyKANWdVJmnpA6xryjCcr7LVPeKSBex5RF300SBlFtQNE2UE4r3bvbcG5MS2feH6zp1rFJCny8WPLE%2BaUAxN8mRdBgB0xx3IBxKW8ojrWW%2FRUIkeHmkrY2%2BnsjrbTwd6K7ir9QsWKBiwRx5rPVo5yWVNY%2B2%2FL52ooK704LuMYdHcEsOgra1k3LVaPWJgG91arOusPczY%2BKo5Rp%2FFmDVF8RRQOsVxOmHwbtnBeu7btNu0WwtU7SfW3KbiECXCg9liXRsyqnbUpgfgOAk8JxwOTEJJXUExsAZMJzt3bsGOp4BcxS%2FR617tTDY9gAFRV%2FcrPGthw2iPbDLn2SGkNhKJi2d5%2Bq%2Ba3x%2FZ65SWNyhNhh4nCzaNZO7Q50sA7IWnCcsVWtTA8%2BtyLEdWToPHymPfKj7qKmquK%2F7LBR2NQBTB7lfxa%2Bg7ZpcSgwYhEulfBggW6XAy3z%2BtRPT41xrmDFiLvJIQ5kw11uiIuj0G%2BXeePiQnBDIEwOxcKOwGDFENhY%3D&amp;amp;X-Amz-Signature=52de37e6c6ba703160623eecaf526c0ecb9ce01183d27385f91089833aea9c9b&amp;amp;X-Amz-SignedHeaders=host

">
      <![CDATA[java.lang.RuntimeException: java.io.IOException: HTTP request failed:
> PUT https://cucumber-messages-app-s3bucket-61aropwgu4ox.s3.eu-west-3.amazonaws.com/reports/5df16632-0248-4cfb-bbae-50abef0719dd?X-Amz-Algorithm=AWS4-HMAC-SHA256&X-Amz-Credential=ASIAWE4HTFKNUEJGZTH5%2F20250103%2Feu-west-3%2Fs3%2Faws4_request&X-Amz-Date=20250103T053606Z&X-Amz-Expires=900&X-Amz-Security-Token=IQoJb3JpZ2luX2VjEA4aCWV1LXdlc3QtMyJHMEUCIGaT%2BzJ%2Fss%2F8P2C%2FlFnWYUrD%2FL4sJbEsd16LHDmPB%2FVoAiEA0ZsL2puYPWfuRTCBSsv%2BI9EF%2BEOtECbr8LeHcdB6cowqxgMI5%2F%2F%2F%2F%2F%2F%2F%2F%2F%2F%2FARADGgw0MjI4MDE3NzkzNTUiDCdfXWfSVE8HlJHCwyqaAxqiioPS7i3h8%2BVOhR%2FzJpc%2Fwke30KXMTxstAtyzKJ9ZuwgmhHhBFlXEbF12OlsRbkvfCDghtVa%2BpxEl4d6Q3EgX3s0LsvV2BMEOmxZb26j1kdIFKpbev5Ijyhb3JLMe2tkUsCeDJ%2FHGegLdB%2FlKiontP7exiIBAhDEf4lbsmdCVlgzD3lYi6uy73rTqNyXpWp%2B%2BTNdaXKgfYAmqMbaAq0gx082CMCOE5cCX%2BJAv3OZoaaqLg1w%2FoKYfrCGXP0luqpCjiWyKANWdVJmnpA6xryjCcr7LVPeKSBex5RF300SBlFtQNE2UE4r3bvbcG5MS2feH6zp1rFJCny8WPLE%2BaUAxN8mRdBgB0xx3IBxKW8ojrWW%2FRUIkeHmkrY2%2BnsjrbTwd6K7ir9QsWKBiwRx5rPVo5yWVNY%2B2%2FL52ooK704LuMYdHcEsOgra1k3LVaPWJgG91arOusPczY%2BKo5Rp%2FFmDVF8RRQOsVxOmHwbtnBeu7btNu0WwtU7SfW3KbiECXCg9liXRsyqnbUpgfgOAk8JxwOTEJJXUExsAZMJzt3bsGOp4BcxS%2FR617tTDY9gAFRV%2FcrPGthw2iPbDLn2SGkNhKJi2d5%2Bq%2Ba3x%2FZ65SWNyhNhh4nCzaNZO7Q50sA7IWnCcsVWtTA8%2BtyLEdWToPHymPfKj7qKmquK%2F7LBR2NQBTB7lfxa%2Bg7ZpcSgwYhEulfBggW6XAy3z%2BtRPT41xrmDFiLvJIQ5kw11uiIuj0G%2BXeePiQnBDIEwOxcKOwGDFENhY%3D&X-Amz-Signature=52de37e6c6ba703160623eecaf526c0ecb9ce01183d27385f91089833aea9c9b&X-Amz-SignedHeaders=host


	at io.cucumber.core.plugin.MessageFormatter.writeMessage(MessageFormatter.java:32)
	at io.cucumber.core.eventbus.AbstractEventPublisher.send(AbstractEventPublisher.java:51)
	at io.cucumber.core.eventbus.AbstractEventBus.send(AbstractEventBus.java:12)
	at io.cucumber.core.runtime.SynchronizedEventBus.send(SynchronizedEventBus.java:47)
	at io.cucumber.core.runtime.CucumberExecutionContext.emitTestRunFinished(CucumberExecutionContext.java:125)
	at io.cucumber.core.runtime.CucumberExecutionContext.finishTestRun(CucumberExecutionContext.java:105)
	at io.cucumber.testng.TestNGCucumberRunner.finish(TestNGCucumberRunner.java:145)
	at io.cucumber.testng.AbstractTestNGCucumberTests.tearDownClass(AbstractTestNGCucumberTests.java:57)
	at java.base/jdk.internal.reflect.DirectMethodHandleAccessor.invoke(DirectMethodHandleAccessor.java:103)
	at java.base/java.lang.reflect.Method.invoke(Method.java:580)
	at org.testng.internal.MethodInvocationHelper.invokeMethod(MethodInvocationHelper.java:86)
	at org.testng.internal.Invoker.invokeConfigurationMethod(Invoker.java:514)
	at org.testng.internal.Invoker.invokeConfigurations(Invoker.java:215)
	at org.testng.internal.Invoker.invokeConfigurations(Invoker.java:142)
	at org.testng.internal.TestMethodWorker.invokeAfterClassMethods(TestMethodWorker.java:232)
	at org.testng.internal.TestMethodWorker.run(TestMethodWorker.java:115)
	at org.testng.TestRunner.privateRun(TestRunner.java:782)
	at org.testng.TestRunner.run(TestRunner.java:632)
	at org.testng.SuiteRunner.runTest(SuiteRunner.java:366)
	at org.testng.SuiteRunner.runSequentially(SuiteRunner.java:361)
	at org.testng.SuiteRunner.privateRun(SuiteRunner.java:319)
	at org.testng.SuiteRunner.run(SuiteRunner.java:268)
	at org.testng.SuiteRunnerWorker.runSuite(SuiteRunnerWorker.java:52)
	at org.testng.SuiteRunnerWorker.run(SuiteRunnerWorker.java:86)
	at org.testng.TestNG.runSuitesSequentially(TestNG.java:1244)
	at org.testng.TestNG.runSuitesLocally(TestNG.java:1169)
	at org.testng.TestNG.run(TestNG.java:1064)
	at org.testng.remote.AbstractRemoteTestNG.run(AbstractRemoteTestNG.java:115)
	at org.testng.remote.RemoteTestNG.initAndRun(RemoteTestNG.java:293)
	at org.testng.remote.RemoteTestNG.main(RemoteTestNG.java:91)
Caused by: java.io.IOException: HTTP request failed:
> PUT https://cucumber-messages-app-s3bucket-61aropwgu4ox.s3.eu-west-3.amazonaws.com/reports/5df16632-0248-4cfb-bbae-50abef0719dd?X-Amz-Algorithm=AWS4-HMAC-SHA256&X-Amz-Credential=ASIAWE4HTFKNUEJGZTH5%2F20250103%2Feu-west-3%2Fs3%2Faws4_request&X-Amz-Date=20250103T053606Z&X-Amz-Expires=900&X-Amz-Security-Token=IQoJb3JpZ2luX2VjEA4aCWV1LXdlc3QtMyJHMEUCIGaT%2BzJ%2Fss%2F8P2C%2FlFnWYUrD%2FL4sJbEsd16LHDmPB%2FVoAiEA0ZsL2puYPWfuRTCBSsv%2BI9EF%2BEOtECbr8LeHcdB6cowqxgMI5%2F%2F%2F%2F%2F%2F%2F%2F%2F%2F%2FARADGgw0MjI4MDE3NzkzNTUiDCdfXWfSVE8HlJHCwyqaAxqiioPS7i3h8%2BVOhR%2FzJpc%2Fwke30KXMTxstAtyzKJ9ZuwgmhHhBFlXEbF12OlsRbkvfCDghtVa%2BpxEl4d6Q3EgX3s0LsvV2BMEOmxZb26j1kdIFKpbev5Ijyhb3JLMe2tkUsCeDJ%2FHGegLdB%2FlKiontP7exiIBAhDEf4lbsmdCVlgzD3lYi6uy73rTqNyXpWp%2B%2BTNdaXKgfYAmqMbaAq0gx082CMCOE5cCX%2BJAv3OZoaaqLg1w%2FoKYfrCGXP0luqpCjiWyKANWdVJmnpA6xryjCcr7LVPeKSBex5RF300SBlFtQNE2UE4r3bvbcG5MS2feH6zp1rFJCny8WPLE%2BaUAxN8mRdBgB0xx3IBxKW8ojrWW%2FRUIkeHmkrY2%2BnsjrbTwd6K7ir9QsWKBiwRx5rPVo5yWVNY%2B2%2FL52ooK704LuMYdHcEsOgra1k3LVaPWJgG91arOusPczY%2BKo5Rp%2FFmDVF8RRQOsVxOmHwbtnBeu7btNu0WwtU7SfW3KbiECXCg9liXRsyqnbUpgfgOAk8JxwOTEJJXUExsAZMJzt3bsGOp4BcxS%2FR617tTDY9gAFRV%2FcrPGthw2iPbDLn2SGkNhKJi2d5%2Bq%2Ba3x%2FZ65SWNyhNhh4nCzaNZO7Q50sA7IWnCcsVWtTA8%2BtyLEdWToPHymPfKj7qKmquK%2F7LBR2NQBTB7lfxa%2Bg7ZpcSgwYhEulfBggW6XAy3z%2BtRPT41xrmDFiLvJIQ5kw11uiIuj0G%2BXeePiQnBDIEwOxcKOwGDFENhY%3D&X-Amz-Signature=52de37e6c6ba703160623eecaf526c0ecb9ce01183d27385f91089833aea9c9b&X-Amz-SignedHeaders=host


	at io.cucumber.core.plugin.UrlOutputStream.createCurlLikeException(UrlOutputStream.java:150)
	at io.cucumber.core.plugin.UrlOutputStream.sendRequestBody(UrlOutputStream.java:116)
	at io.cucumber.core.plugin.UrlOutputStream.sendRequest(UrlOutputStream.java:94)
	at io.cucumber.core.plugin.UrlOutputStream.sendRequest(UrlOutputStream.java:90)
	at io.cucumber.core.plugin.UrlOutputStream.close(UrlOutputStream.java:65)
	at java.base/sun.nio.cs.StreamEncoder.implClose(StreamEncoder.java:413)
	at java.base/sun.nio.cs.StreamEncoder.lockedClose(StreamEncoder.java:231)
	at java.base/sun.nio.cs.StreamEncoder.close(StreamEncoder.java:222)
	at java.base/java.io.OutputStreamWriter.close(OutputStreamWriter.java:264)
	at io.cucumber.core.plugin.MessageFormatter.writeMessage(MessageFormatter.java:29)
	... 29 more
Caused by: java.net.UnknownHostException: cucumber-messages-app-s3bucket-61aropwgu4ox.s3.eu-west-3.amazonaws.com
	at java.base/sun.nio.ch.NioSocketImpl.connect(NioSocketImpl.java:567)
	at java.base/java.net.SocksSocketImpl.connect(SocksSocketImpl.java:327)
	at java.base/java.net.Socket.connect(Socket.java:752)
	at java.base/sun.security.ssl.SSLSocketImpl.connect(SSLSocketImpl.java:304)
	at java.base/sun.security.ssl.BaseSSLSocketImpl.connect(BaseSSLSocketImpl.java:181)
	at java.base/sun.net.NetworkClient.doConnect(NetworkClient.java:183)
	at java.base/sun.net.www.http.HttpClient.openServer(HttpClient.java:531)
	at java.base/sun.net.www.http.HttpClient.openServer(HttpClient.java:636)
	at java.base/sun.net.www.protocol.https.HttpsClient.<init>(HttpsClient.java:264)
	at java.base/sun.net.www.protocol.https.HttpsClient.New(HttpsClient.java:377)
	at java.base/sun.net.www.protocol.https.AbstractDelegateHttpsURLConnection.getNewHttpClient(AbstractDelegateHttpsURLConnection.java:193)
	at java.base/sun.net.www.protocol.http.HttpURLConnection.plainConnect0(HttpURLConnection.java:1288)
	at java.base/sun.net.www.protocol.http.HttpURLConnection.plainConnect(HttpURLConnection.java:1129)
	at java.base/sun.net.www.protocol.https.AbstractDelegateHttpsURLConnection.connect(AbstractDelegateHttpsURLConnection.java:179)
	at java.base/sun.net.www.protocol.http.HttpURLConnection.getOutputStream0(HttpURLConnection.java:1460)
	at java.base/sun.net.www.protocol.http.HttpURLConnection.getOutputStream(HttpURLConnection.java:1423)
	at java.base/sun.net.www.protocol.https.HttpsURLConnectionImpl.getOutputStream(HttpsURLConnectionImpl.java:219)
	at io.cucumber.core.plugin.UrlOutputStream.sendRequestBody(UrlOutputStream.java:111)
	... 37 more
]]>
    </failure>
  </testcase> <!-- @AfterClass tearDownClass -->
  <testcase classname="ExamCenterRunners.Create_Time_Slot_and_Enroll_the_ExamTakerRunner" name="runScenario" time="93.381">
    <failure type="org.openqa.selenium.TimeoutException" message="Expected condition failed: waiting for element to be clickable: Proxy element for: DefaultElementLocator &amp;apos;By.xpath: //span[text()=&amp;apos; Save &amp;apos;]&amp;apos; (tried for 30 second(s) with 1000 milliseconds interval)">
      <![CDATA[org.openqa.selenium.TimeoutException: Expected condition failed: waiting for element to be clickable: Proxy element for: DefaultElementLocator 'By.xpath: //span[text()=' Save ']' (tried for 30 second(s) with 1000 milliseconds interval)
	at org.openqa.selenium.support.ui.FluentWait.timeoutException(FluentWait.java:265)
	at org.openqa.selenium.support.ui.FluentWait.until(FluentWait.java:228)
	at com.Utils.Wait.elementToBeClickable(Wait.java:30)
	at com.Utils.CommonPages.Save(CommonPages.java:90)
	at ExamCenterStepDefinitions.Create_TimeSlot_and_Enroll_the_Examtaker_Stepdefination.user_click_on_Exam_Time_Slot_Save_button(Create_TimeSlot_and_Enroll_the_Examtaker_Stepdefination.java:114)
	at ✽.User click on Exam Time Slot Save button(file:///D:/Focalpoint%20Automation/FPK12AutomationProject/src/test/resources/ExamCenterFeatures/Create_TimeSlot_and_Enroll_the_ExamTaker.feature:19)
Caused by: org.openqa.selenium.NoSuchElementException: no such element: Unable to locate element: {"method":"xpath","selector":"//span[text()=' Save ']"}
  (Session info: chrome=131.0.6778.205)
For documentation on this error, please visit: https://www.selenium.dev/documentation/webdriver/troubleshooting/errors#no-such-element-exception
Build info: version: '4.18.1', revision: 'b1d3319b48'
System info: os.name: 'Windows 11', os.arch: 'amd64', os.version: '10.0', java.version: '22.0.2'
Driver info: org.openqa.selenium.chrome.ChromeDriver
Command: [9bffe9367988817d6bc69b79abd05e76, findElement {using=xpath, value=//span[text()=' Save ']}]
Capabilities {acceptInsecureCerts: false, browserName: chrome, browserVersion: 131.0.6778.205, chrome: {chromedriverVersion: 131.0.6778.204 (52183f9e99a..., userDataDir: C:\Users\GOPIPA~1\AppData\L...}, fedcm:accounts: true, goog:chromeOptions: {debuggerAddress: localhost:59759}, networkConnectionEnabled: false, pageLoadStrategy: normal, platformName: windows, proxy: Proxy(), se:cdp: ws://localhost:59759/devtoo..., se:cdpVersion: 131.0.6778.205, setWindowRect: true, strictFileInteractability: false, timeouts: {implicit: 0, pageLoad: 300000, script: 30000}, unhandledPromptBehavior: dismiss and notify, webauthn:extension:credBlob: true, webauthn:extension:largeBlob: true, webauthn:extension:minPinLength: true, webauthn:extension:prf: true, webauthn:virtualAuthenticators: true}
Session ID: 9bffe9367988817d6bc69b79abd05e76
	at java.base/jdk.internal.reflect.DirectConstructorHandleAccessor.newInstance(DirectConstructorHandleAccessor.java:62)
	at java.base/java.lang.reflect.Constructor.newInstanceWithCaller(Constructor.java:502)
	at java.base/java.lang.reflect.Constructor.newInstance(Constructor.java:486)
	at org.openqa.selenium.remote.ErrorCodec.decode(ErrorCodec.java:167)
	at org.openqa.selenium.remote.codec.w3c.W3CHttpResponseCodec.decode(W3CHttpResponseCodec.java:138)
	at org.openqa.selenium.remote.codec.w3c.W3CHttpResponseCodec.decode(W3CHttpResponseCodec.java:50)
	at org.openqa.selenium.remote.HttpCommandExecutor.execute(HttpCommandExecutor.java:190)
	at org.openqa.selenium.remote.service.DriverCommandExecutor.invokeExecute(DriverCommandExecutor.java:216)
	at org.openqa.selenium.remote.service.DriverCommandExecutor.execute(DriverCommandExecutor.java:174)
	at org.openqa.selenium.remote.RemoteWebDriver.execute(RemoteWebDriver.java:519)
	at org.openqa.selenium.remote.ElementLocation$ElementFinder$2.findElement(ElementLocation.java:165)
	at org.openqa.selenium.remote.ElementLocation.findElement(ElementLocation.java:59)
	at org.openqa.selenium.remote.RemoteWebDriver.findElement(RemoteWebDriver.java:356)
	at org.openqa.selenium.remote.RemoteWebDriver.findElement(RemoteWebDriver.java:350)
	at org.openqa.selenium.support.pagefactory.DefaultElementLocator.findElement(DefaultElementLocator.java:68)
	at org.openqa.selenium.support.pagefactory.internal.LocatingElementHandler.invoke(LocatingElementHandler.java:38)
	at jdk.proxy2/jdk.proxy2.$Proxy29.isDisplayed(Unknown Source)
	at org.openqa.selenium.support.ui.ExpectedConditions.elementIfVisible(ExpectedConditions.java:304)
	at org.openqa.selenium.support.ui.ExpectedConditions$10.apply(ExpectedConditions.java:290)
	at org.openqa.selenium.support.ui.ExpectedConditions$10.apply(ExpectedConditions.java:287)
	at org.openqa.selenium.support.ui.ExpectedConditions$23.apply(ExpectedConditions.java:656)
	at org.openqa.selenium.support.ui.ExpectedConditions$23.apply(ExpectedConditions.java:652)
	at org.openqa.selenium.support.ui.FluentWait.until(FluentWait.java:203)
	at com.Utils.Wait.elementToBeClickable(Wait.java:30)
	at com.Utils.CommonPages.Save(CommonPages.java:90)
	at ExamCenterStepDefinitions.Create_TimeSlot_and_Enroll_the_Examtaker_Stepdefination.user_click_on_Exam_Time_Slot_Save_button(Create_TimeSlot_and_Enroll_the_Examtaker_Stepdefination.java:114)
	at java.base/jdk.internal.reflect.DirectMethodHandleAccessor.invoke(DirectMethodHandleAccessor.java:103)
	at java.base/java.lang.reflect.Method.invoke(Method.java:580)
	at io.cucumber.java.Invoker.doInvoke(Invoker.java:66)
	at io.cucumber.java.Invoker.invoke(Invoker.java:24)
	at io.cucumber.java.AbstractGlueDefinition.invokeMethod(AbstractGlueDefinition.java:47)
	at io.cucumber.java.JavaStepDefinition.execute(JavaStepDefinition.java:29)
	at io.cucumber.core.runner.CoreStepDefinition.execute(CoreStepDefinition.java:66)
	at io.cucumber.core.runner.PickleStepDefinitionMatch.runStep(PickleStepDefinitionMatch.java:63)
	at io.cucumber.core.runner.ExecutionMode$1.execute(ExecutionMode.java:10)
	at io.cucumber.core.runner.TestStep.executeStep(TestStep.java:84)
	at io.cucumber.core.runner.TestStep.run(TestStep.java:56)
	at io.cucumber.core.runner.PickleStepTestStep.run(PickleStepTestStep.java:51)
	at io.cucumber.core.runner.TestCase.run(TestCase.java:84)
	at io.cucumber.core.runner.Runner.runPickle(Runner.java:75)
	at io.cucumber.testng.TestNGCucumberRunner.lambda$runScenario$1(TestNGCucumberRunner.java:132)
	at io.cucumber.core.runtime.CucumberExecutionContext.lambda$runTestCase$5(CucumberExecutionContext.java:137)
	at io.cucumber.core.runtime.RethrowingThrowableCollector.executeAndThrow(RethrowingThrowableCollector.java:23)
	at io.cucumber.core.runtime.CucumberExecutionContext.runTestCase(CucumberExecutionContext.java:137)
	at io.cucumber.testng.TestNGCucumberRunner.runScenario(TestNGCucumberRunner.java:129)
	at io.cucumber.testng.AbstractTestNGCucumberTests.runScenario(AbstractTestNGCucumberTests.java:35)
	at java.base/jdk.internal.reflect.DirectMethodHandleAccessor.invoke(DirectMethodHandleAccessor.java:103)
	at java.base/java.lang.reflect.Method.invoke(Method.java:580)
	at org.testng.internal.MethodInvocationHelper.invokeMethod(MethodInvocationHelper.java:86)
	at org.testng.internal.Invoker.invokeMethod(Invoker.java:643)
	at org.testng.internal.Invoker.invokeTestMethod(Invoker.java:820)
	at org.testng.internal.Invoker.invokeTestMethods(Invoker.java:1128)
	at org.testng.internal.TestMethodWorker.invokeTestMethods(TestMethodWorker.java:129)
	at org.testng.internal.TestMethodWorker.run(TestMethodWorker.java:112)
	at org.testng.TestRunner.privateRun(TestRunner.java:782)
	at org.testng.TestRunner.run(TestRunner.java:632)
	at org.testng.SuiteRunner.runTest(SuiteRunner.java:366)
	at org.testng.SuiteRunner.runSequentially(SuiteRunner.java:361)
	at org.testng.SuiteRunner.privateRun(SuiteRunner.java:319)
	at org.testng.SuiteRunner.run(SuiteRunner.java:268)
	at org.testng.SuiteRunnerWorker.runSuite(SuiteRunnerWorker.java:52)
	at org.testng.SuiteRunnerWorker.run(SuiteRunnerWorker.java:86)
	at org.testng.TestNG.runSuitesSequentially(TestNG.java:1244)
	at org.testng.TestNG.runSuitesLocally(TestNG.java:1169)
	at org.testng.TestNG.run(TestNG.java:1064)
	at org.testng.remote.AbstractRemoteTestNG.run(AbstractRemoteTestNG.java:115)
	at org.testng.remote.RemoteTestNG.initAndRun(RemoteTestNG.java:293)
	at org.testng.remote.RemoteTestNG.main(RemoteTestNG.java:91)
]]>
    </failure>
  </testcase> <!-- runScenario -->
</testsuite> <!-- Default test -->
