<?xml version="1.0" encoding="UTF-8"?>
<!-- Generated by org.testng.reporters.JUnitXMLReporter -->
<testsuite hostname="Sapphirus-SS141" failures="2" tests="2" name="Default test" time="97.646" errors="0" timestamp="22 Jan 2025 05:14:19 GMT">
  <testcase classname="AssessmentsRunner.SISprovisioningRunner" name="runScenario" time="31.605">
    <failure type="java.io.FileNotFoundException" message="D:\Focalpoint Automation\FPK12AutomationProject\src\test\resources\ExcelFiles\PortfolioCenter.xlsx (The system cannot find the file specified)">
      <![CDATA[java.io.FileNotFoundException: D:\Focalpoint Automation\FPK12AutomationProject\src\test\resources\ExcelFiles\PortfolioCenter.xlsx (The system cannot find the file specified)
	at java.base/java.io.FileInputStream.open0(Native Method)
	at java.base/java.io.FileInputStream.open(FileInputStream.java:213)
	at java.base/java.io.FileInputStream.<init>(FileInputStream.java:152)
	at java.base/java.io.FileInputStream.<init>(FileInputStream.java:106)
	at com.Utils.CommonPages.InsertdataIntoExcel(CommonPages.java:163)
	at com.Utils.CommonPages.insertData(CommonPages.java:194)
	at com.PortfolioCenter.pages.SISProvisioningPage.SchoolDetails(SISProvisioningPage.java:236)
	at AssessmentsStepdef.SISProvisioningStepdefinitions.user_enter_the_name_and_description(SISProvisioningStepdefinitions.java:41)
	at ✽.User Enter the Name and Description(file:///D:/Focalpoint%20Automation/FPK12AutomationProject/src/test/resources/AssessmentsFeatures/SIS%20Provisioning.feature:12)
]]>
    </failure>
  </testcase> <!-- runScenario -->
  <testcase classname="AssessmentsRunner.SISprovisioningRunner" name="runScenario" time="62.473">
    <failure type="java.io.FileNotFoundException" message="D:\Focalpoint Automation\FPK12AutomationProject\src\test\resources\ExcelFiles\PortfolioCenter.xlsx (The system cannot find the file specified)">
      <![CDATA[java.io.FileNotFoundException: D:\Focalpoint Automation\FPK12AutomationProject\src\test\resources\ExcelFiles\PortfolioCenter.xlsx (The system cannot find the file specified)
	at java.base/java.io.FileInputStream.open0(Native Method)
	at java.base/java.io.FileInputStream.open(FileInputStream.java:213)
	at java.base/java.io.FileInputStream.<init>(FileInputStream.java:152)
	at java.base/java.io.FileInputStream.<init>(FileInputStream.java:106)
	at com.Utils.CommonPages.InsertmultipledataIntoExcel(CommonPages.java:204)
	at com.PortfolioCenter.pages.SISProvisioningPage.insertUsersData(SISProvisioningPage.java:573)
	at AssessmentsStepdef.SISProvisioningStepdefinitions.store_the_users_data_in_excel(SISProvisioningStepdefinitions.java:240)
	at ✽.Store the users data in Excel(file:///D:/Focalpoint%20Automation/FPK12AutomationProject/src/test/resources/AssessmentsFeatures/SIS%20Provisioning.feature:45)
]]>
    </failure>
  </testcase> <!-- runScenario -->
</testsuite> <!-- Default test -->
