<?xml version="1.0" encoding="UTF-8"?>
<!-- Generated by org.testng.reporters.JUnitXMLReporter -->
<testsuite hostname="Sapphirus-SS141" failures="0" tests="5" name="Exam center" time="313.507" errors="0" timestamp="21 Mar 2025 09:36:08 GMT">
  <testcase classname="ExamCenterRunners.Create_Time_Slot_and_Enroll_the_ExamTakerRunner" name="runScenario" time="60.678"/>
  <testcase classname="ExamCenterRunners.AssessmentSubmissionRunner" name="runScenario" time="71.951"/>
  <testcase classname="ExamCenterRunners.Enrolled_ExamTaker_in_a_TimeSlotRunner" name="runScenario" time="50.912"/>
  <testcase classname="ExamCenterRunners.Score_SubmissionRunner" name="runScenario" time="70.643"/>
  <testcase classname="ExamCenterRunners.EnrolleRunner" name="runScenario" time="49.654"/>
</testsuite> <!-- Exam center -->
