<?xml version="1.0" encoding="UTF-8"?>
<!-- Generated by org.testng.reporters.JUnitXMLReporter -->
<testsuite hostname="Sapphirus-SS141" failures="0" tests="7" name="Learning Tree" time="1220.979" errors="0" timestamp="30 Apr 2025 15:17:26 GMT">
  <testcase classname="LearningTreeRunner.Activity_CreationRunner" name="runScenario" time="474.38"/>
  <testcase classname="LearningTreeRunner.Import_Activities_in_LTRunner" name="runScenario" time="46.464"/>
  <testcase classname="LearningTreeRunner.Student_Activities_SubmissionRunner" name="runScenario" time="303.697"/>
  <testcase classname="LearningTreeRunner.Provide_Score_in_LTRunner" name="runScenario" time="262.275"/>
  <testcase classname="LearningTreeRunner.DocumentsRunner" name="runScenario" time="40.769"/>
  <testcase classname="LearningTreeRunner.DocumentsRunner" name="runScenario" time="33.915"/>
  <testcase classname="LearningTreeRunner.ReportcardRunner" name="runScenario" time="42.313"/>
</testsuite> <!-- Learning Tree -->
