<?xml version="1.0" encoding="UTF-8"?>
<!-- Generated by org.testng.reporters.JUnitXMLReporter -->
<testsuite hostname="Sapphirus-SS141" failures="0" tests="7" name="Portfolio center" time="310.306" errors="0" timestamp="28 Feb 2025 13:26:15 GMT">
  <testcase classname="PortfolioCenterRunner.PortfolioCenterCourseRunner" name="runScenario" time="64.346"/>
  <testcase classname="PortfolioCenterRunner.AssignmentsSubmissionRunner" name="runScenario" time="30.298"/>
  <testcase classname="PortfolioCenterRunner.PortfolioScoreSubmissionRunner" name="runScenario" time="39.299"/>
  <testcase classname="PortfolioCenterRunner.MultiScoringPortfolioCourseRuner" name="runScenario" time="62.949"/>
  <testcase classname="PortfolioCenterRunner.MultiScoringAssignmentSubmissionRunner" name="runScenario" time="30.625"/>
  <testcase classname="PortfolioCenterRunner.MultiScoringSubmissionRuner" name="runScenario" time="39.337"/>
  <testcase classname="PortfolioCenterRunner.DeletePortfolioCourseRunner" name="runScenario" time="33.118"/>
</testsuite> <!-- Portfolio center -->
