<?xml version="1.0" encoding="UTF-8"?>
<!-- Generated by org.testng.reporters.JUnitXMLReporter -->
<testsuite hostname="DESKTOP-AVL4E6C" failures="0" tests="3" name="Test" time="145.901" errors="0" timestamp="25 Jan 2024 06:06:45 GMT">
  <testcase classname="Runners.BulkUploadRunner" name="runScenario" time="47.964"/>
  <testcase classname="Runners.BulkUploadRunner" name="runScenario" time="45.789"/>
  <testcase classname="Runners.BulkUploadRunner" name="runScenario" time="47.059"/>
</testsuite> <!-- Test -->
