<?xml version="1.0" encoding="UTF-8"?>
<!-- Generated by org.testng.reporters.JUnitXMLReporter -->
<testsuite hostname="Sapphirus-SS141" failures="11" tests="15" name="Test1" time="919.664" errors="0" timestamp="8 Oct 2024 06:55:15 GMT">
  <testcase classname="Runners.Location_Runner" name="runScenario" time="52.505">
    <failure type="org.openqa.selenium.JavascriptException" message="javascript error: {&amp;quot;status&amp;quot;:60,&amp;quot;value&amp;quot;:&amp;quot;https://ade.backpack.education/ec/locations has no size and location&amp;quot;}
  (Session info: chrome=129.0.6668.90)
Build info: version: &amp;apos;4.18.1&amp;apos;, revision: &amp;apos;b1d3319b48&amp;apos;
System info: os.name: &amp;apos;Windows 11&amp;apos;, os.arch: &amp;apos;amd64&amp;apos;, os.version: &amp;apos;10.0&amp;apos;, java.version: &amp;apos;22.0.2&amp;apos;
Driver info: org.openqa.selenium.chrome.ChromeDriver
Command: [a123569ea7f81d65754380a1400c33d0, actions {actions=[org.openqa.selenium.interactions.Sequence@34fcd292]}]
Capabilities {acceptInsecureCerts: false, browserName: chrome, browserVersion: 129.0.6668.90, chrome: {chromedriverVersion: 129.0.6668.89 (951c0b97221f..., userDataDir: C:\Users\GOPIPA~1\AppData\L...}, fedcm:accounts: true, goog:chromeOptions: {debuggerAddress: localhost:62099}, networkConnectionEnabled: false, pageLoadStrategy: normal, platformName: windows, proxy: Proxy(), se:cdp: ws://localhost:62099/devtoo..., se:cdpVersion: 129.0.6668.90, setWindowRect: true, strictFileInteractability: false, timeouts: {implicit: 0, pageLoad: 300000, script: 30000}, unhandledPromptBehavior: dismiss and notify, webauthn:extension:credBlob: true, webauthn:extension:largeBlob: true, webauthn:extension:minPinLength: true, webauthn:extension:prf: true, webauthn:virtualAuthenticators: true}
Session ID: a123569ea7f81d65754380a1400c33d0">
      <![CDATA[org.openqa.selenium.JavascriptException: javascript error: {"status":60,"value":"https://ade.backpack.education/ec/locations has no size and location"}
  (Session info: chrome=129.0.6668.90)
Build info: version: '4.18.1', revision: 'b1d3319b48'
System info: os.name: 'Windows 11', os.arch: 'amd64', os.version: '10.0', java.version: '22.0.2'
Driver info: org.openqa.selenium.chrome.ChromeDriver
Command: [a123569ea7f81d65754380a1400c33d0, actions {actions=[org.openqa.selenium.interactions.Sequence@34fcd292]}]
Capabilities {acceptInsecureCerts: false, browserName: chrome, browserVersion: 129.0.6668.90, chrome: {chromedriverVersion: 129.0.6668.89 (951c0b97221f..., userDataDir: C:\Users\GOPIPA~1\AppData\L...}, fedcm:accounts: true, goog:chromeOptions: {debuggerAddress: localhost:62099}, networkConnectionEnabled: false, pageLoadStrategy: normal, platformName: windows, proxy: Proxy(), se:cdp: ws://localhost:62099/devtoo..., se:cdpVersion: 129.0.6668.90, setWindowRect: true, strictFileInteractability: false, timeouts: {implicit: 0, pageLoad: 300000, script: 30000}, unhandledPromptBehavior: dismiss and notify, webauthn:extension:credBlob: true, webauthn:extension:largeBlob: true, webauthn:extension:minPinLength: true, webauthn:extension:prf: true, webauthn:virtualAuthenticators: true}
Session ID: a123569ea7f81d65754380a1400c33d0
	at org.openqa.selenium.remote.ErrorCodec.decode(ErrorCodec.java:167)
	at org.openqa.selenium.remote.codec.w3c.W3CHttpResponseCodec.decode(W3CHttpResponseCodec.java:138)
	at org.openqa.selenium.remote.codec.w3c.W3CHttpResponseCodec.decode(W3CHttpResponseCodec.java:50)
	at org.openqa.selenium.remote.HttpCommandExecutor.execute(HttpCommandExecutor.java:190)
	at org.openqa.selenium.remote.service.DriverCommandExecutor.invokeExecute(DriverCommandExecutor.java:216)
	at org.openqa.selenium.remote.service.DriverCommandExecutor.execute(DriverCommandExecutor.java:174)
	at org.openqa.selenium.remote.RemoteWebDriver.execute(RemoteWebDriver.java:519)
	at org.openqa.selenium.remote.RemoteWebDriver.perform(RemoteWebDriver.java:605)
	at org.openqa.selenium.interactions.Actions$BuiltAction.perform(Actions.java:603)
	at com.Examcenter.pages.Location_pom.Location_tab(Location_pom.java:89)
	at StepDefinitions.Location_Stepdefinition.user_click_on_location_tab(Location_Stepdefinition.java:60)
	at ✽.User click on Location tab(file:///C:/Users/GopiPagadala/OneDrive%20-%20FocalPointK12,%20Inc/FPK12%20Automation-2024/FPK12-ExamCenter/src/test/resources/Features/Location.feature:10)
... Removed 3 stack frames]]>
    </failure>
  </testcase> <!-- runScenario -->
  <testcase classname="Runners.Users_Creation_Runner" name="runScenario" time="63.449"/>
  <testcase classname="Runners.Users_Creation_Runner" name="runScenario" time="61.381">
    <failure type="org.openqa.selenium.NoSuchElementException" message="no such element: Unable to locate element: {&amp;quot;method&amp;quot;:&amp;quot;xpath&amp;quot;,&amp;quot;selector&amp;quot;:&amp;quot;//span[text()=&amp;apos;Cambridge12&amp;apos;]&amp;quot;}
  (Session info: chrome=129.0.6668.90)
For documentation on this error, please visit: https://www.selenium.dev/documentation/webdriver/troubleshooting/errors#no-such-element-exception
Build info: version: &amp;apos;4.18.1&amp;apos;, revision: &amp;apos;b1d3319b48&amp;apos;
System info: os.name: &amp;apos;Windows 11&amp;apos;, os.arch: &amp;apos;amd64&amp;apos;, os.version: &amp;apos;10.0&amp;apos;, java.version: &amp;apos;22.0.2&amp;apos;
Driver info: org.openqa.selenium.chrome.ChromeDriver
Command: [a285b169284ffcbcd2dfe6e24ef0c3f6, findElement {using=xpath, value=//span[text()=&amp;apos;Cambridge12&amp;apos;]}]
Capabilities {acceptInsecureCerts: false, browserName: chrome, browserVersion: 129.0.6668.90, chrome: {chromedriverVersion: 129.0.6668.89 (951c0b97221f..., userDataDir: C:\Users\GOPIPA~1\AppData\L...}, fedcm:accounts: true, goog:chromeOptions: {debuggerAddress: localhost:62201}, networkConnectionEnabled: false, pageLoadStrategy: normal, platformName: windows, proxy: Proxy(), se:cdp: ws://localhost:62201/devtoo..., se:cdpVersion: 129.0.6668.90, setWindowRect: true, strictFileInteractability: false, timeouts: {implicit: 0, pageLoad: 300000, script: 30000}, unhandledPromptBehavior: dismiss and notify, webauthn:extension:credBlob: true, webauthn:extension:largeBlob: true, webauthn:extension:minPinLength: true, webauthn:extension:prf: true, webauthn:virtualAuthenticators: true}
Session ID: a285b169284ffcbcd2dfe6e24ef0c3f6">
      <![CDATA[org.openqa.selenium.NoSuchElementException: no such element: Unable to locate element: {"method":"xpath","selector":"//span[text()='Cambridge12']"}
  (Session info: chrome=129.0.6668.90)
For documentation on this error, please visit: https://www.selenium.dev/documentation/webdriver/troubleshooting/errors#no-such-element-exception
Build info: version: '4.18.1', revision: 'b1d3319b48'
System info: os.name: 'Windows 11', os.arch: 'amd64', os.version: '10.0', java.version: '22.0.2'
Driver info: org.openqa.selenium.chrome.ChromeDriver
Command: [a285b169284ffcbcd2dfe6e24ef0c3f6, findElement {using=xpath, value=//span[text()='Cambridge12']}]
Capabilities {acceptInsecureCerts: false, browserName: chrome, browserVersion: 129.0.6668.90, chrome: {chromedriverVersion: 129.0.6668.89 (951c0b97221f..., userDataDir: C:\Users\GOPIPA~1\AppData\L...}, fedcm:accounts: true, goog:chromeOptions: {debuggerAddress: localhost:62201}, networkConnectionEnabled: false, pageLoadStrategy: normal, platformName: windows, proxy: Proxy(), se:cdp: ws://localhost:62201/devtoo..., se:cdpVersion: 129.0.6668.90, setWindowRect: true, strictFileInteractability: false, timeouts: {implicit: 0, pageLoad: 300000, script: 30000}, unhandledPromptBehavior: dismiss and notify, webauthn:extension:credBlob: true, webauthn:extension:largeBlob: true, webauthn:extension:minPinLength: true, webauthn:extension:prf: true, webauthn:virtualAuthenticators: true}
Session ID: a285b169284ffcbcd2dfe6e24ef0c3f6
	at org.openqa.selenium.remote.ErrorCodec.decode(ErrorCodec.java:167)
	at org.openqa.selenium.remote.codec.w3c.W3CHttpResponseCodec.decode(W3CHttpResponseCodec.java:138)
	at org.openqa.selenium.remote.codec.w3c.W3CHttpResponseCodec.decode(W3CHttpResponseCodec.java:50)
	at org.openqa.selenium.remote.HttpCommandExecutor.execute(HttpCommandExecutor.java:190)
	at org.openqa.selenium.remote.service.DriverCommandExecutor.invokeExecute(DriverCommandExecutor.java:216)
	at org.openqa.selenium.remote.service.DriverCommandExecutor.execute(DriverCommandExecutor.java:174)
	at org.openqa.selenium.remote.RemoteWebDriver.execute(RemoteWebDriver.java:519)
	at org.openqa.selenium.remote.ElementLocation$ElementFinder$2.findElement(ElementLocation.java:165)
	at org.openqa.selenium.remote.ElementLocation.findElement(ElementLocation.java:59)
	at org.openqa.selenium.remote.RemoteWebDriver.findElement(RemoteWebDriver.java:356)
	at org.openqa.selenium.remote.RemoteWebDriver.findElement(RemoteWebDriver.java:350)
	at com.Examcenter.pages.Users_CreationPage.PLoc(Users_CreationPage.java:160)
	at com.Examcenter.pages.Users_CreationPage.Create_proctor_User(Users_CreationPage.java:95)
	at StepDefinitions.CreateUsersStepdefinitions.user_enter_the_valid_proctor_details_from_the_given_excel_sheet_at_row_number2_and_save_it(CreateUsersStepdefinitions.java:204)
	at ✽.User Enter the valid Proctor details from the given Excel sheet at 1 and save it(file:///C:/Users/GopiPagadala/OneDrive%20-%20FocalPointK12,%20Inc/FPK12%20Automation-2024/FPK12-ExamCenter/src/test/resources/Features/Create_Users.feature:31)
... Removed 3 stack frames]]>
    </failure>
  </testcase> <!-- runScenario -->
  <testcase classname="Runners.Users_Creation_Runner" name="runScenario" time="81.297">
    <failure type="org.openqa.selenium.NoSuchElementException" message="no such element: Unable to locate element: {&amp;quot;method&amp;quot;:&amp;quot;xpath&amp;quot;,&amp;quot;selector&amp;quot;:&amp;quot;//span[text()=&amp;apos;Cambridge12&amp;apos;]&amp;quot;}
  (Session info: chrome=129.0.6668.90)
For documentation on this error, please visit: https://www.selenium.dev/documentation/webdriver/troubleshooting/errors#no-such-element-exception
Build info: version: &amp;apos;4.18.1&amp;apos;, revision: &amp;apos;b1d3319b48&amp;apos;
System info: os.name: &amp;apos;Windows 11&amp;apos;, os.arch: &amp;apos;amd64&amp;apos;, os.version: &amp;apos;10.0&amp;apos;, java.version: &amp;apos;22.0.2&amp;apos;
Driver info: org.openqa.selenium.chrome.ChromeDriver
Command: [75bfd3129dcea9183923ce6fcceec523, findElement {using=xpath, value=//span[text()=&amp;apos;Cambridge12&amp;apos;]}]
Capabilities {acceptInsecureCerts: false, browserName: chrome, browserVersion: 129.0.6668.90, chrome: {chromedriverVersion: 129.0.6668.89 (951c0b97221f..., userDataDir: C:\Users\GOPIPA~1\AppData\L...}, fedcm:accounts: true, goog:chromeOptions: {debuggerAddress: localhost:62248}, networkConnectionEnabled: false, pageLoadStrategy: normal, platformName: windows, proxy: Proxy(), se:cdp: ws://localhost:62248/devtoo..., se:cdpVersion: 129.0.6668.90, setWindowRect: true, strictFileInteractability: false, timeouts: {implicit: 0, pageLoad: 300000, script: 30000}, unhandledPromptBehavior: dismiss and notify, webauthn:extension:credBlob: true, webauthn:extension:largeBlob: true, webauthn:extension:minPinLength: true, webauthn:extension:prf: true, webauthn:virtualAuthenticators: true}
Session ID: 75bfd3129dcea9183923ce6fcceec523">
      <![CDATA[org.openqa.selenium.NoSuchElementException: no such element: Unable to locate element: {"method":"xpath","selector":"//span[text()='Cambridge12']"}
  (Session info: chrome=129.0.6668.90)
For documentation on this error, please visit: https://www.selenium.dev/documentation/webdriver/troubleshooting/errors#no-such-element-exception
Build info: version: '4.18.1', revision: 'b1d3319b48'
System info: os.name: 'Windows 11', os.arch: 'amd64', os.version: '10.0', java.version: '22.0.2'
Driver info: org.openqa.selenium.chrome.ChromeDriver
Command: [75bfd3129dcea9183923ce6fcceec523, findElement {using=xpath, value=//span[text()='Cambridge12']}]
Capabilities {acceptInsecureCerts: false, browserName: chrome, browserVersion: 129.0.6668.90, chrome: {chromedriverVersion: 129.0.6668.89 (951c0b97221f..., userDataDir: C:\Users\GOPIPA~1\AppData\L...}, fedcm:accounts: true, goog:chromeOptions: {debuggerAddress: localhost:62248}, networkConnectionEnabled: false, pageLoadStrategy: normal, platformName: windows, proxy: Proxy(), se:cdp: ws://localhost:62248/devtoo..., se:cdpVersion: 129.0.6668.90, setWindowRect: true, strictFileInteractability: false, timeouts: {implicit: 0, pageLoad: 300000, script: 30000}, unhandledPromptBehavior: dismiss and notify, webauthn:extension:credBlob: true, webauthn:extension:largeBlob: true, webauthn:extension:minPinLength: true, webauthn:extension:prf: true, webauthn:virtualAuthenticators: true}
Session ID: 75bfd3129dcea9183923ce6fcceec523
	at org.openqa.selenium.remote.ErrorCodec.decode(ErrorCodec.java:167)
	at org.openqa.selenium.remote.codec.w3c.W3CHttpResponseCodec.decode(W3CHttpResponseCodec.java:138)
	at org.openqa.selenium.remote.codec.w3c.W3CHttpResponseCodec.decode(W3CHttpResponseCodec.java:50)
	at org.openqa.selenium.remote.HttpCommandExecutor.execute(HttpCommandExecutor.java:190)
	at org.openqa.selenium.remote.service.DriverCommandExecutor.invokeExecute(DriverCommandExecutor.java:216)
	at org.openqa.selenium.remote.service.DriverCommandExecutor.execute(DriverCommandExecutor.java:174)
	at org.openqa.selenium.remote.RemoteWebDriver.execute(RemoteWebDriver.java:519)
	at org.openqa.selenium.remote.ElementLocation$ElementFinder$2.findElement(ElementLocation.java:165)
	at org.openqa.selenium.remote.ElementLocation.findElement(ElementLocation.java:59)
	at org.openqa.selenium.remote.RemoteWebDriver.findElement(RemoteWebDriver.java:356)
	at org.openqa.selenium.remote.RemoteWebDriver.findElement(RemoteWebDriver.java:350)
	at com.Examcenter.pages.Users_CreationPage.PLoc(Users_CreationPage.java:160)
	at com.Examcenter.pages.Users_CreationPage.Create_Exataker_User(Users_CreationPage.java:86)
	at StepDefinitions.CreateUsersStepdefinitions.user_enter_the_valid_Examtaker_details_from_the_given_excel_sheet_at_row_number2_and_save_it(CreateUsersStepdefinitions.java:186)
	at ✽.User Enter the valid Examtaker details from the given Excel sheet at 2 and save it(file:///C:/Users/GopiPagadala/OneDrive%20-%20FocalPointK12,%20Inc/FPK12%20Automation-2024/FPK12-ExamCenter/src/test/resources/Features/Create_Users.feature:50)
... Removed 3 stack frames]]>
    </failure>
  </testcase> <!-- runScenario -->
  <testcase classname="Runners.Examinations_Schedule_runner" name="runScenario" time="53.101">
    <failure type="org.openqa.selenium.NoSuchElementException" message="no such element: Unable to locate element: {&amp;quot;method&amp;quot;:&amp;quot;xpath&amp;quot;,&amp;quot;selector&amp;quot;:&amp;quot;//span[text()=&amp;apos; Add New Exam &amp;apos;]&amp;quot;}
  (Session info: chrome=129.0.6668.90)
For documentation on this error, please visit: https://www.selenium.dev/documentation/webdriver/troubleshooting/errors#no-such-element-exception
Build info: version: &amp;apos;4.18.1&amp;apos;, revision: &amp;apos;b1d3319b48&amp;apos;
System info: os.name: &amp;apos;Windows 11&amp;apos;, os.arch: &amp;apos;amd64&amp;apos;, os.version: &amp;apos;10.0&amp;apos;, java.version: &amp;apos;22.0.2&amp;apos;
Driver info: org.openqa.selenium.chrome.ChromeDriver
Command: [5a6aed7a110d94df6903a12cc37647f4, findElement {using=xpath, value=//span[text()=&amp;apos; Add New Exam &amp;apos;]}]
Capabilities {acceptInsecureCerts: false, browserName: chrome, browserVersion: 129.0.6668.90, chrome: {chromedriverVersion: 129.0.6668.89 (951c0b97221f..., userDataDir: C:\Users\GOPIPA~1\AppData\L...}, fedcm:accounts: true, goog:chromeOptions: {debuggerAddress: localhost:63372}, networkConnectionEnabled: false, pageLoadStrategy: normal, platformName: windows, proxy: Proxy(), se:cdp: ws://localhost:63372/devtoo..., se:cdpVersion: 129.0.6668.90, setWindowRect: true, strictFileInteractability: false, timeouts: {implicit: 0, pageLoad: 300000, script: 30000}, unhandledPromptBehavior: dismiss and notify, webauthn:extension:credBlob: true, webauthn:extension:largeBlob: true, webauthn:extension:minPinLength: true, webauthn:extension:prf: true, webauthn:virtualAuthenticators: true}
Session ID: 5a6aed7a110d94df6903a12cc37647f4">
      <![CDATA[org.openqa.selenium.NoSuchElementException: no such element: Unable to locate element: {"method":"xpath","selector":"//span[text()=' Add New Exam ']"}
  (Session info: chrome=129.0.6668.90)
For documentation on this error, please visit: https://www.selenium.dev/documentation/webdriver/troubleshooting/errors#no-such-element-exception
Build info: version: '4.18.1', revision: 'b1d3319b48'
System info: os.name: 'Windows 11', os.arch: 'amd64', os.version: '10.0', java.version: '22.0.2'
Driver info: org.openqa.selenium.chrome.ChromeDriver
Command: [5a6aed7a110d94df6903a12cc37647f4, findElement {using=xpath, value=//span[text()=' Add New Exam ']}]
Capabilities {acceptInsecureCerts: false, browserName: chrome, browserVersion: 129.0.6668.90, chrome: {chromedriverVersion: 129.0.6668.89 (951c0b97221f..., userDataDir: C:\Users\GOPIPA~1\AppData\L...}, fedcm:accounts: true, goog:chromeOptions: {debuggerAddress: localhost:63372}, networkConnectionEnabled: false, pageLoadStrategy: normal, platformName: windows, proxy: Proxy(), se:cdp: ws://localhost:63372/devtoo..., se:cdpVersion: 129.0.6668.90, setWindowRect: true, strictFileInteractability: false, timeouts: {implicit: 0, pageLoad: 300000, script: 30000}, unhandledPromptBehavior: dismiss and notify, webauthn:extension:credBlob: true, webauthn:extension:largeBlob: true, webauthn:extension:minPinLength: true, webauthn:extension:prf: true, webauthn:virtualAuthenticators: true}
Session ID: 5a6aed7a110d94df6903a12cc37647f4
	at org.openqa.selenium.remote.ErrorCodec.decode(ErrorCodec.java:167)
	at org.openqa.selenium.remote.codec.w3c.W3CHttpResponseCodec.decode(W3CHttpResponseCodec.java:138)
	at org.openqa.selenium.remote.codec.w3c.W3CHttpResponseCodec.decode(W3CHttpResponseCodec.java:50)
	at org.openqa.selenium.remote.HttpCommandExecutor.execute(HttpCommandExecutor.java:190)
	at org.openqa.selenium.remote.service.DriverCommandExecutor.invokeExecute(DriverCommandExecutor.java:216)
	at org.openqa.selenium.remote.service.DriverCommandExecutor.execute(DriverCommandExecutor.java:174)
	at org.openqa.selenium.remote.RemoteWebDriver.execute(RemoteWebDriver.java:519)
	at org.openqa.selenium.remote.ElementLocation$ElementFinder$2.findElement(ElementLocation.java:165)
	at org.openqa.selenium.remote.ElementLocation.findElement(ElementLocation.java:59)
	at org.openqa.selenium.remote.RemoteWebDriver.findElement(RemoteWebDriver.java:356)
	at org.openqa.selenium.remote.RemoteWebDriver.findElement(RemoteWebDriver.java:350)
	at com.Examcenter.pages.Create_Examinations_pages.Add_Exam(Create_Examinations_pages.java:72)
	at StepDefinitions.CreateExaminations_Stepdefinations.user_click_on_add_exam_button_under_examination_tab(CreateExaminations_Stepdefinations.java:100)
	at ✽.User click on AddExam button under Examination tab(file:///C:/Users/GopiPagadala/OneDrive%20-%20FocalPointK12,%20Inc/FPK12%20Automation-2024/FPK12-ExamCenter/src/test/resources/Features/CreateExaminations_Schedule.feature:9)
... Removed 3 stack frames]]>
    </failure>
  </testcase> <!-- runScenario -->
  <testcase classname="Runners.Examinations_Schedule_runner" name="runScenario" time="45.691">
    <failure type="org.openqa.selenium.NoSuchElementException" message="no such element: Unable to locate element: {&amp;quot;method&amp;quot;:&amp;quot;xpath&amp;quot;,&amp;quot;selector&amp;quot;:&amp;quot;//input[@type=&amp;apos;search&amp;apos;]&amp;quot;}
  (Session info: chrome=129.0.6668.90)
For documentation on this error, please visit: https://www.selenium.dev/documentation/webdriver/troubleshooting/errors#no-such-element-exception
Build info: version: &amp;apos;4.18.1&amp;apos;, revision: &amp;apos;b1d3319b48&amp;apos;
System info: os.name: &amp;apos;Windows 11&amp;apos;, os.arch: &amp;apos;amd64&amp;apos;, os.version: &amp;apos;10.0&amp;apos;, java.version: &amp;apos;22.0.2&amp;apos;
Driver info: org.openqa.selenium.chrome.ChromeDriver
Command: [deef062dee3a8aa2c5846bf2356fea14, findElement {using=xpath, value=//input[@type=&amp;apos;search&amp;apos;]}]
Capabilities {acceptInsecureCerts: false, browserName: chrome, browserVersion: 129.0.6668.90, chrome: {chromedriverVersion: 129.0.6668.89 (951c0b97221f..., userDataDir: C:\Users\GOPIPA~1\AppData\L...}, fedcm:accounts: true, goog:chromeOptions: {debuggerAddress: localhost:63422}, networkConnectionEnabled: false, pageLoadStrategy: normal, platformName: windows, proxy: Proxy(), se:cdp: ws://localhost:63422/devtoo..., se:cdpVersion: 129.0.6668.90, setWindowRect: true, strictFileInteractability: false, timeouts: {implicit: 0, pageLoad: 300000, script: 30000}, unhandledPromptBehavior: dismiss and notify, webauthn:extension:credBlob: true, webauthn:extension:largeBlob: true, webauthn:extension:minPinLength: true, webauthn:extension:prf: true, webauthn:virtualAuthenticators: true}
Session ID: deef062dee3a8aa2c5846bf2356fea14">
      <![CDATA[org.openqa.selenium.NoSuchElementException: no such element: Unable to locate element: {"method":"xpath","selector":"//input[@type='search']"}
  (Session info: chrome=129.0.6668.90)
For documentation on this error, please visit: https://www.selenium.dev/documentation/webdriver/troubleshooting/errors#no-such-element-exception
Build info: version: '4.18.1', revision: 'b1d3319b48'
System info: os.name: 'Windows 11', os.arch: 'amd64', os.version: '10.0', java.version: '22.0.2'
Driver info: org.openqa.selenium.chrome.ChromeDriver
Command: [deef062dee3a8aa2c5846bf2356fea14, findElement {using=xpath, value=//input[@type='search']}]
Capabilities {acceptInsecureCerts: false, browserName: chrome, browserVersion: 129.0.6668.90, chrome: {chromedriverVersion: 129.0.6668.89 (951c0b97221f..., userDataDir: C:\Users\GOPIPA~1\AppData\L...}, fedcm:accounts: true, goog:chromeOptions: {debuggerAddress: localhost:63422}, networkConnectionEnabled: false, pageLoadStrategy: normal, platformName: windows, proxy: Proxy(), se:cdp: ws://localhost:63422/devtoo..., se:cdpVersion: 129.0.6668.90, setWindowRect: true, strictFileInteractability: false, timeouts: {implicit: 0, pageLoad: 300000, script: 30000}, unhandledPromptBehavior: dismiss and notify, webauthn:extension:credBlob: true, webauthn:extension:largeBlob: true, webauthn:extension:minPinLength: true, webauthn:extension:prf: true, webauthn:virtualAuthenticators: true}
Session ID: deef062dee3a8aa2c5846bf2356fea14
	at org.openqa.selenium.remote.ErrorCodec.decode(ErrorCodec.java:167)
	at org.openqa.selenium.remote.codec.w3c.W3CHttpResponseCodec.decode(W3CHttpResponseCodec.java:138)
	at org.openqa.selenium.remote.codec.w3c.W3CHttpResponseCodec.decode(W3CHttpResponseCodec.java:50)
	at org.openqa.selenium.remote.HttpCommandExecutor.execute(HttpCommandExecutor.java:190)
	at org.openqa.selenium.remote.service.DriverCommandExecutor.invokeExecute(DriverCommandExecutor.java:216)
	at org.openqa.selenium.remote.service.DriverCommandExecutor.execute(DriverCommandExecutor.java:174)
	at org.openqa.selenium.remote.RemoteWebDriver.execute(RemoteWebDriver.java:519)
	at org.openqa.selenium.remote.ElementLocation$ElementFinder$2.findElement(ElementLocation.java:165)
	at org.openqa.selenium.remote.ElementLocation.findElement(ElementLocation.java:59)
	at org.openqa.selenium.remote.RemoteWebDriver.findElement(RemoteWebDriver.java:356)
	at org.openqa.selenium.remote.RemoteWebDriver.findElement(RemoteWebDriver.java:350)
	at com.Examcenter.pages.Create_Examinations_pages.Exam_Search_here(Create_Examinations_pages.java:188)
	at StepDefinitions.CreateExaminations_Stepdefinations.user_search_the_examination_in_search_here_field(CreateExaminations_Stepdefinations.java:267)
	at ✽.User Search the Examination in Search here field 0(file:///C:/Users/GopiPagadala/OneDrive%20-%20FocalPointK12,%20Inc/FPK12%20Automation-2024/FPK12-ExamCenter/src/test/resources/Features/CreateExaminations_Schedule.feature:27)
... Removed 3 stack frames]]>
    </failure>
  </testcase> <!-- runScenario -->
  <testcase classname="Runners.Examinations_Schedule_runner" name="runScenario" time="46.128">
    <failure type="org.openqa.selenium.ElementClickInterceptedException" message="element click intercepted: Element &amp;lt;mat-icon role=&amp;quot;img&amp;quot; mattooltipposition=&amp;quot;below&amp;quot; class=&amp;quot;mat-icon notranslate mat-tooltip-trigger material-icons mat-icon-no-color&amp;quot; aria-hidden=&amp;quot;true&amp;quot; data-mat-icon-type=&amp;quot;font&amp;quot;&amp;gt;...&amp;lt;/mat-icon&amp;gt; is not clickable at point (31, 437). Other element would receive the click: &amp;lt;div class=&amp;quot;preloader ng-star-inserted&amp;quot;&amp;gt;...&amp;lt;/div&amp;gt;
  (Session info: chrome=129.0.6668.90)
Build info: version: &amp;apos;4.18.1&amp;apos;, revision: &amp;apos;b1d3319b48&amp;apos;
System info: os.name: &amp;apos;Windows 11&amp;apos;, os.arch: &amp;apos;amd64&amp;apos;, os.version: &amp;apos;10.0&amp;apos;, java.version: &amp;apos;22.0.2&amp;apos;
Driver info: org.openqa.selenium.chrome.ChromeDriver
Command: [53555d65eea7bb50110eff775628e1ae, clickElement {id=f.EAA2622C089097F17BD1EB5725E21E07.d.4E69E8DAF0DB021EBD52C7067B193856.e.87}]
Capabilities {acceptInsecureCerts: false, browserName: chrome, browserVersion: 129.0.6668.90, chrome: {chromedriverVersion: 129.0.6668.89 (951c0b97221f..., userDataDir: C:\Users\GOPIPA~1\AppData\L...}, fedcm:accounts: true, goog:chromeOptions: {debuggerAddress: localhost:63467}, networkConnectionEnabled: false, pageLoadStrategy: normal, platformName: windows, proxy: Proxy(), se:cdp: ws://localhost:63467/devtoo..., se:cdpVersion: 129.0.6668.90, setWindowRect: true, strictFileInteractability: false, timeouts: {implicit: 0, pageLoad: 300000, script: 30000}, unhandledPromptBehavior: dismiss and notify, webauthn:extension:credBlob: true, webauthn:extension:largeBlob: true, webauthn:extension:minPinLength: true, webauthn:extension:prf: true, webauthn:virtualAuthenticators: true}
Element: [[ChromeDriver: chrome on windows (53555d65eea7bb50110eff775628e1ae)] -&amp;gt; xpath: //mat-icon[text()=&amp;apos; settings &amp;apos;]]
Session ID: 53555d65eea7bb50110eff775628e1ae">
      <![CDATA[org.openqa.selenium.ElementClickInterceptedException: element click intercepted: Element <mat-icon role="img" mattooltipposition="below" class="mat-icon notranslate mat-tooltip-trigger material-icons mat-icon-no-color" aria-hidden="true" data-mat-icon-type="font">...</mat-icon> is not clickable at point (31, 437). Other element would receive the click: <div class="preloader ng-star-inserted">...</div>
  (Session info: chrome=129.0.6668.90)
Build info: version: '4.18.1', revision: 'b1d3319b48'
System info: os.name: 'Windows 11', os.arch: 'amd64', os.version: '10.0', java.version: '22.0.2'
Driver info: org.openqa.selenium.chrome.ChromeDriver
Command: [53555d65eea7bb50110eff775628e1ae, clickElement {id=f.EAA2622C089097F17BD1EB5725E21E07.d.4E69E8DAF0DB021EBD52C7067B193856.e.87}]
Capabilities {acceptInsecureCerts: false, browserName: chrome, browserVersion: 129.0.6668.90, chrome: {chromedriverVersion: 129.0.6668.89 (951c0b97221f..., userDataDir: C:\Users\GOPIPA~1\AppData\L...}, fedcm:accounts: true, goog:chromeOptions: {debuggerAddress: localhost:63467}, networkConnectionEnabled: false, pageLoadStrategy: normal, platformName: windows, proxy: Proxy(), se:cdp: ws://localhost:63467/devtoo..., se:cdpVersion: 129.0.6668.90, setWindowRect: true, strictFileInteractability: false, timeouts: {implicit: 0, pageLoad: 300000, script: 30000}, unhandledPromptBehavior: dismiss and notify, webauthn:extension:credBlob: true, webauthn:extension:largeBlob: true, webauthn:extension:minPinLength: true, webauthn:extension:prf: true, webauthn:virtualAuthenticators: true}
Element: [[ChromeDriver: chrome on windows (53555d65eea7bb50110eff775628e1ae)] -> xpath: //mat-icon[text()=' settings ']]
Session ID: 53555d65eea7bb50110eff775628e1ae
	at org.openqa.selenium.remote.ErrorCodec.decode(ErrorCodec.java:167)
	at org.openqa.selenium.remote.codec.w3c.W3CHttpResponseCodec.decode(W3CHttpResponseCodec.java:138)
	at org.openqa.selenium.remote.codec.w3c.W3CHttpResponseCodec.decode(W3CHttpResponseCodec.java:50)
	at org.openqa.selenium.remote.HttpCommandExecutor.execute(HttpCommandExecutor.java:190)
	at org.openqa.selenium.remote.service.DriverCommandExecutor.invokeExecute(DriverCommandExecutor.java:216)
	at org.openqa.selenium.remote.service.DriverCommandExecutor.execute(DriverCommandExecutor.java:174)
	at org.openqa.selenium.remote.RemoteWebDriver.execute(RemoteWebDriver.java:519)
	at org.openqa.selenium.remote.RemoteWebElement.execute(RemoteWebElement.java:223)
	at org.openqa.selenium.remote.RemoteWebElement.click(RemoteWebElement.java:76)
	at com.Examcenter.pages.Create_Examinations_pages.Adminstarationbtn(Create_Examinations_pages.java:85)
	at StepDefinitions.CreateExaminations_Stepdefinations.user_click_on_administration_tab(CreateExaminations_Stepdefinations.java:112)
	at ✽.User click on Administration tab(file:///C:/Users/GopiPagadala/OneDrive%20-%20FocalPointK12,%20Inc/FPK12%20Automation-2024/FPK12-ExamCenter/src/test/resources/Features/CreateExaminations_Schedule.feature:50)
... Removed 3 stack frames]]>
    </failure>
  </testcase> <!-- runScenario -->
  <testcase classname="Runners.Create_Time_Slot_and_Enroll_the_ExamTakerRunner" name="runScenario" time="38.165">
    <failure type="org.openqa.selenium.NoSuchElementException" message="no such element: Unable to locate element: {&amp;quot;method&amp;quot;:&amp;quot;xpath&amp;quot;,&amp;quot;selector&amp;quot;:&amp;quot;//h3[text()=&amp;apos;Change Password&amp;apos;]&amp;quot;}
  (Session info: chrome=129.0.6668.90)
For documentation on this error, please visit: https://www.selenium.dev/documentation/webdriver/troubleshooting/errors#no-such-element-exception
Build info: version: &amp;apos;4.18.1&amp;apos;, revision: &amp;apos;b1d3319b48&amp;apos;
System info: os.name: &amp;apos;Windows 11&amp;apos;, os.arch: &amp;apos;amd64&amp;apos;, os.version: &amp;apos;10.0&amp;apos;, java.version: &amp;apos;22.0.2&amp;apos;
Driver info: org.openqa.selenium.chrome.ChromeDriver
Command: [641ae3887755927d38d4837929f814b0, findElement {using=xpath, value=//h3[text()=&amp;apos;Change Password&amp;apos;]}]
Capabilities {acceptInsecureCerts: false, browserName: chrome, browserVersion: 129.0.6668.90, chrome: {chromedriverVersion: 129.0.6668.89 (951c0b97221f..., userDataDir: C:\Users\GOPIPA~1\AppData\L...}, fedcm:accounts: true, goog:chromeOptions: {debuggerAddress: localhost:63522}, networkConnectionEnabled: false, pageLoadStrategy: normal, platformName: windows, proxy: Proxy(), se:cdp: ws://localhost:63522/devtoo..., se:cdpVersion: 129.0.6668.90, setWindowRect: true, strictFileInteractability: false, timeouts: {implicit: 0, pageLoad: 300000, script: 30000}, unhandledPromptBehavior: dismiss and notify, webauthn:extension:credBlob: true, webauthn:extension:largeBlob: true, webauthn:extension:minPinLength: true, webauthn:extension:prf: true, webauthn:virtualAuthenticators: true}
Session ID: 641ae3887755927d38d4837929f814b0">
      <![CDATA[org.openqa.selenium.NoSuchElementException: no such element: Unable to locate element: {"method":"xpath","selector":"//h3[text()='Change Password']"}
  (Session info: chrome=129.0.6668.90)
For documentation on this error, please visit: https://www.selenium.dev/documentation/webdriver/troubleshooting/errors#no-such-element-exception
Build info: version: '4.18.1', revision: 'b1d3319b48'
System info: os.name: 'Windows 11', os.arch: 'amd64', os.version: '10.0', java.version: '22.0.2'
Driver info: org.openqa.selenium.chrome.ChromeDriver
Command: [641ae3887755927d38d4837929f814b0, findElement {using=xpath, value=//h3[text()='Change Password']}]
Capabilities {acceptInsecureCerts: false, browserName: chrome, browserVersion: 129.0.6668.90, chrome: {chromedriverVersion: 129.0.6668.89 (951c0b97221f..., userDataDir: C:\Users\GOPIPA~1\AppData\L...}, fedcm:accounts: true, goog:chromeOptions: {debuggerAddress: localhost:63522}, networkConnectionEnabled: false, pageLoadStrategy: normal, platformName: windows, proxy: Proxy(), se:cdp: ws://localhost:63522/devtoo..., se:cdpVersion: 129.0.6668.90, setWindowRect: true, strictFileInteractability: false, timeouts: {implicit: 0, pageLoad: 300000, script: 30000}, unhandledPromptBehavior: dismiss and notify, webauthn:extension:credBlob: true, webauthn:extension:largeBlob: true, webauthn:extension:minPinLength: true, webauthn:extension:prf: true, webauthn:virtualAuthenticators: true}
Session ID: 641ae3887755927d38d4837929f814b0
	at org.openqa.selenium.remote.ErrorCodec.decode(ErrorCodec.java:167)
	at org.openqa.selenium.remote.codec.w3c.W3CHttpResponseCodec.decode(W3CHttpResponseCodec.java:138)
	at org.openqa.selenium.remote.codec.w3c.W3CHttpResponseCodec.decode(W3CHttpResponseCodec.java:50)
	at org.openqa.selenium.remote.HttpCommandExecutor.execute(HttpCommandExecutor.java:190)
	at org.openqa.selenium.remote.service.DriverCommandExecutor.invokeExecute(DriverCommandExecutor.java:216)
	at org.openqa.selenium.remote.service.DriverCommandExecutor.execute(DriverCommandExecutor.java:174)
	at org.openqa.selenium.remote.RemoteWebDriver.execute(RemoteWebDriver.java:519)
	at org.openqa.selenium.remote.ElementLocation$ElementFinder$2.findElement(ElementLocation.java:165)
	at org.openqa.selenium.remote.ElementLocation.findElement(ElementLocation.java:59)
	at org.openqa.selenium.remote.RemoteWebDriver.findElement(RemoteWebDriver.java:356)
	at org.openqa.selenium.remote.RemoteWebDriver.findElement(RemoteWebDriver.java:350)
	at com.Examcenter.pages.LoginPage.header(LoginPage.java:52)
	at StepDefinitions.LoginStepdefinintions.user_is_on_homepage(LoginStepdefinintions.java:47)
	at ✽.User is on homepage(file:///C:/Users/GopiPagadala/OneDrive%20-%20FocalPointK12,%20Inc/FPK12%20Automation-2024/FPK12-ExamCenter/src/test/resources/Features/Create_TimeSlot_and_Enroll_the_ExamTaker.feature:7)
... Removed 3 stack frames]]>
    </failure>
  </testcase> <!-- runScenario -->
  <testcase classname="Runners.Create_Time_Slot_and_Enroll_the_ExamTakerRunner" name="runScenario" time="45.033">
    <failure type="org.openqa.selenium.NoSuchElementException" message="no such element: Unable to locate element: {&amp;quot;method&amp;quot;:&amp;quot;xpath&amp;quot;,&amp;quot;selector&amp;quot;:&amp;quot;//h3[text()=&amp;apos;Change Password&amp;apos;]&amp;quot;}
  (Session info: chrome=129.0.6668.90)
For documentation on this error, please visit: https://www.selenium.dev/documentation/webdriver/troubleshooting/errors#no-such-element-exception
Build info: version: &amp;apos;4.18.1&amp;apos;, revision: &amp;apos;b1d3319b48&amp;apos;
System info: os.name: &amp;apos;Windows 11&amp;apos;, os.arch: &amp;apos;amd64&amp;apos;, os.version: &amp;apos;10.0&amp;apos;, java.version: &amp;apos;22.0.2&amp;apos;
Driver info: org.openqa.selenium.chrome.ChromeDriver
Command: [d5c65149bd70a3f1a30abe94888ea1ac, findElement {using=xpath, value=//h3[text()=&amp;apos;Change Password&amp;apos;]}]
Capabilities {acceptInsecureCerts: false, browserName: chrome, browserVersion: 129.0.6668.90, chrome: {chromedriverVersion: 129.0.6668.89 (951c0b97221f..., userDataDir: C:\Users\GOPIPA~1\AppData\L...}, fedcm:accounts: true, goog:chromeOptions: {debuggerAddress: localhost:63562}, networkConnectionEnabled: false, pageLoadStrategy: normal, platformName: windows, proxy: Proxy(), se:cdp: ws://localhost:63562/devtoo..., se:cdpVersion: 129.0.6668.90, setWindowRect: true, strictFileInteractability: false, timeouts: {implicit: 0, pageLoad: 300000, script: 30000}, unhandledPromptBehavior: dismiss and notify, webauthn:extension:credBlob: true, webauthn:extension:largeBlob: true, webauthn:extension:minPinLength: true, webauthn:extension:prf: true, webauthn:virtualAuthenticators: true}
Session ID: d5c65149bd70a3f1a30abe94888ea1ac">
      <![CDATA[org.openqa.selenium.NoSuchElementException: no such element: Unable to locate element: {"method":"xpath","selector":"//h3[text()='Change Password']"}
  (Session info: chrome=129.0.6668.90)
For documentation on this error, please visit: https://www.selenium.dev/documentation/webdriver/troubleshooting/errors#no-such-element-exception
Build info: version: '4.18.1', revision: 'b1d3319b48'
System info: os.name: 'Windows 11', os.arch: 'amd64', os.version: '10.0', java.version: '22.0.2'
Driver info: org.openqa.selenium.chrome.ChromeDriver
Command: [d5c65149bd70a3f1a30abe94888ea1ac, findElement {using=xpath, value=//h3[text()='Change Password']}]
Capabilities {acceptInsecureCerts: false, browserName: chrome, browserVersion: 129.0.6668.90, chrome: {chromedriverVersion: 129.0.6668.89 (951c0b97221f..., userDataDir: C:\Users\GOPIPA~1\AppData\L...}, fedcm:accounts: true, goog:chromeOptions: {debuggerAddress: localhost:63562}, networkConnectionEnabled: false, pageLoadStrategy: normal, platformName: windows, proxy: Proxy(), se:cdp: ws://localhost:63562/devtoo..., se:cdpVersion: 129.0.6668.90, setWindowRect: true, strictFileInteractability: false, timeouts: {implicit: 0, pageLoad: 300000, script: 30000}, unhandledPromptBehavior: dismiss and notify, webauthn:extension:credBlob: true, webauthn:extension:largeBlob: true, webauthn:extension:minPinLength: true, webauthn:extension:prf: true, webauthn:virtualAuthenticators: true}
Session ID: d5c65149bd70a3f1a30abe94888ea1ac
	at org.openqa.selenium.remote.ErrorCodec.decode(ErrorCodec.java:167)
	at org.openqa.selenium.remote.codec.w3c.W3CHttpResponseCodec.decode(W3CHttpResponseCodec.java:138)
	at org.openqa.selenium.remote.codec.w3c.W3CHttpResponseCodec.decode(W3CHttpResponseCodec.java:50)
	at org.openqa.selenium.remote.HttpCommandExecutor.execute(HttpCommandExecutor.java:190)
	at org.openqa.selenium.remote.service.DriverCommandExecutor.invokeExecute(DriverCommandExecutor.java:216)
	at org.openqa.selenium.remote.service.DriverCommandExecutor.execute(DriverCommandExecutor.java:174)
	at org.openqa.selenium.remote.RemoteWebDriver.execute(RemoteWebDriver.java:519)
	at org.openqa.selenium.remote.ElementLocation$ElementFinder$2.findElement(ElementLocation.java:165)
	at org.openqa.selenium.remote.ElementLocation.findElement(ElementLocation.java:59)
	at org.openqa.selenium.remote.RemoteWebDriver.findElement(RemoteWebDriver.java:356)
	at org.openqa.selenium.remote.RemoteWebDriver.findElement(RemoteWebDriver.java:350)
	at com.Examcenter.pages.LoginPage.header(LoginPage.java:52)
	at StepDefinitions.LoginStepdefinintions.user_is_on_homepage(LoginStepdefinintions.java:47)
	at ✽.User is on homepage(file:///C:/Users/GopiPagadala/OneDrive%20-%20FocalPointK12,%20Inc/FPK12%20Automation-2024/FPK12-ExamCenter/src/test/resources/Features/Create_TimeSlot_and_Enroll_the_ExamTaker.feature:34)
... Removed 3 stack frames]]>
    </failure>
  </testcase> <!-- runScenario -->
  <testcase classname="Runners.AssessmentSubmissionRunner" name="runScenario" time="63.036">
    <failure type="org.openqa.selenium.NoSuchElementException" message="no such element: Unable to locate element: {&amp;quot;method&amp;quot;:&amp;quot;xpath&amp;quot;,&amp;quot;selector&amp;quot;:&amp;quot;//span[text()=&amp;apos;Examinations&amp;apos;]&amp;quot;}
  (Session info: chrome=129.0.6668.90)
For documentation on this error, please visit: https://www.selenium.dev/documentation/webdriver/troubleshooting/errors#no-such-element-exception
Build info: version: &amp;apos;4.18.1&amp;apos;, revision: &amp;apos;b1d3319b48&amp;apos;
System info: os.name: &amp;apos;Windows 11&amp;apos;, os.arch: &amp;apos;amd64&amp;apos;, os.version: &amp;apos;10.0&amp;apos;, java.version: &amp;apos;22.0.2&amp;apos;
Driver info: org.openqa.selenium.chrome.ChromeDriver
Command: [e7d86fca447fbb2517152968372ef300, findElement {using=xpath, value=//span[text()=&amp;apos;Examinations&amp;apos;]}]
Capabilities {acceptInsecureCerts: false, browserName: chrome, browserVersion: 129.0.6668.90, chrome: {chromedriverVersion: 129.0.6668.89 (951c0b97221f..., userDataDir: C:\Users\GOPIPA~1\AppData\L...}, fedcm:accounts: true, goog:chromeOptions: {debuggerAddress: localhost:63603}, networkConnectionEnabled: false, pageLoadStrategy: normal, platformName: windows, proxy: Proxy(), se:cdp: ws://localhost:63603/devtoo..., se:cdpVersion: 129.0.6668.90, setWindowRect: true, strictFileInteractability: false, timeouts: {implicit: 0, pageLoad: 300000, script: 30000}, unhandledPromptBehavior: dismiss and notify, webauthn:extension:credBlob: true, webauthn:extension:largeBlob: true, webauthn:extension:minPinLength: true, webauthn:extension:prf: true, webauthn:virtualAuthenticators: true}
Session ID: e7d86fca447fbb2517152968372ef300">
      <![CDATA[org.openqa.selenium.NoSuchElementException: no such element: Unable to locate element: {"method":"xpath","selector":"//span[text()='Examinations']"}
  (Session info: chrome=129.0.6668.90)
For documentation on this error, please visit: https://www.selenium.dev/documentation/webdriver/troubleshooting/errors#no-such-element-exception
Build info: version: '4.18.1', revision: 'b1d3319b48'
System info: os.name: 'Windows 11', os.arch: 'amd64', os.version: '10.0', java.version: '22.0.2'
Driver info: org.openqa.selenium.chrome.ChromeDriver
Command: [e7d86fca447fbb2517152968372ef300, findElement {using=xpath, value=//span[text()='Examinations']}]
Capabilities {acceptInsecureCerts: false, browserName: chrome, browserVersion: 129.0.6668.90, chrome: {chromedriverVersion: 129.0.6668.89 (951c0b97221f..., userDataDir: C:\Users\GOPIPA~1\AppData\L...}, fedcm:accounts: true, goog:chromeOptions: {debuggerAddress: localhost:63603}, networkConnectionEnabled: false, pageLoadStrategy: normal, platformName: windows, proxy: Proxy(), se:cdp: ws://localhost:63603/devtoo..., se:cdpVersion: 129.0.6668.90, setWindowRect: true, strictFileInteractability: false, timeouts: {implicit: 0, pageLoad: 300000, script: 30000}, unhandledPromptBehavior: dismiss and notify, webauthn:extension:credBlob: true, webauthn:extension:largeBlob: true, webauthn:extension:minPinLength: true, webauthn:extension:prf: true, webauthn:virtualAuthenticators: true}
Session ID: e7d86fca447fbb2517152968372ef300
	at org.openqa.selenium.remote.ErrorCodec.decode(ErrorCodec.java:167)
	at org.openqa.selenium.remote.codec.w3c.W3CHttpResponseCodec.decode(W3CHttpResponseCodec.java:138)
	at org.openqa.selenium.remote.codec.w3c.W3CHttpResponseCodec.decode(W3CHttpResponseCodec.java:50)
	at org.openqa.selenium.remote.HttpCommandExecutor.execute(HttpCommandExecutor.java:190)
	at org.openqa.selenium.remote.service.DriverCommandExecutor.invokeExecute(DriverCommandExecutor.java:216)
	at org.openqa.selenium.remote.service.DriverCommandExecutor.execute(DriverCommandExecutor.java:174)
	at org.openqa.selenium.remote.RemoteWebDriver.execute(RemoteWebDriver.java:519)
	at org.openqa.selenium.remote.ElementLocation$ElementFinder$2.findElement(ElementLocation.java:165)
	at org.openqa.selenium.remote.ElementLocation.findElement(ElementLocation.java:59)
	at org.openqa.selenium.remote.RemoteWebDriver.findElement(RemoteWebDriver.java:356)
	at org.openqa.selenium.remote.RemoteWebDriver.findElement(RemoteWebDriver.java:350)
	at com.Examcenter.pages.ExamtakerSubmissionPage.examinationbtn(ExamtakerSubmissionPage.java:71)
	at StepDefinitions.AssessmentSubmission.search_for_particular_exam_and_click_on_it(AssessmentSubmission.java:53)
	at ✽.Search for particular exam and Click on it 0(file:///C:/Users/GopiPagadala/OneDrive%20-%20FocalPointK12,%20Inc/FPK12%20Automation-2024/FPK12-ExamCenter/src/test/resources/Features/AssessmentSubmission.feature:7)
... Removed 3 stack frames]]>
    </failure>
  </testcase> <!-- runScenario -->
  <testcase classname="Runners.Enrolled_ExamTaker_in_a_TimeSlotRunner" name="runScenario" time="49.895">
    <failure type="org.openqa.selenium.NoSuchElementException" message="no such element: Unable to locate element: {&amp;quot;method&amp;quot;:&amp;quot;xpath&amp;quot;,&amp;quot;selector&amp;quot;:&amp;quot;//h3[text()=&amp;apos;Change Password&amp;apos;]&amp;quot;}
  (Session info: chrome=129.0.6668.90)
For documentation on this error, please visit: https://www.selenium.dev/documentation/webdriver/troubleshooting/errors#no-such-element-exception
Build info: version: &amp;apos;4.18.1&amp;apos;, revision: &amp;apos;b1d3319b48&amp;apos;
System info: os.name: &amp;apos;Windows 11&amp;apos;, os.arch: &amp;apos;amd64&amp;apos;, os.version: &amp;apos;10.0&amp;apos;, java.version: &amp;apos;22.0.2&amp;apos;
Driver info: org.openqa.selenium.chrome.ChromeDriver
Command: [f84caaa9fd153a8e302d13136516a72f, findElement {using=xpath, value=//h3[text()=&amp;apos;Change Password&amp;apos;]}]
Capabilities {acceptInsecureCerts: false, browserName: chrome, browserVersion: 129.0.6668.90, chrome: {chromedriverVersion: 129.0.6668.89 (951c0b97221f..., userDataDir: C:\Users\GOPIPA~1\AppData\L...}, fedcm:accounts: true, goog:chromeOptions: {debuggerAddress: localhost:63652}, networkConnectionEnabled: false, pageLoadStrategy: normal, platformName: windows, proxy: Proxy(), se:cdp: ws://localhost:63652/devtoo..., se:cdpVersion: 129.0.6668.90, setWindowRect: true, strictFileInteractability: false, timeouts: {implicit: 0, pageLoad: 300000, script: 30000}, unhandledPromptBehavior: dismiss and notify, webauthn:extension:credBlob: true, webauthn:extension:largeBlob: true, webauthn:extension:minPinLength: true, webauthn:extension:prf: true, webauthn:virtualAuthenticators: true}
Session ID: f84caaa9fd153a8e302d13136516a72f">
      <![CDATA[org.openqa.selenium.NoSuchElementException: no such element: Unable to locate element: {"method":"xpath","selector":"//h3[text()='Change Password']"}
  (Session info: chrome=129.0.6668.90)
For documentation on this error, please visit: https://www.selenium.dev/documentation/webdriver/troubleshooting/errors#no-such-element-exception
Build info: version: '4.18.1', revision: 'b1d3319b48'
System info: os.name: 'Windows 11', os.arch: 'amd64', os.version: '10.0', java.version: '22.0.2'
Driver info: org.openqa.selenium.chrome.ChromeDriver
Command: [f84caaa9fd153a8e302d13136516a72f, findElement {using=xpath, value=//h3[text()='Change Password']}]
Capabilities {acceptInsecureCerts: false, browserName: chrome, browserVersion: 129.0.6668.90, chrome: {chromedriverVersion: 129.0.6668.89 (951c0b97221f..., userDataDir: C:\Users\GOPIPA~1\AppData\L...}, fedcm:accounts: true, goog:chromeOptions: {debuggerAddress: localhost:63652}, networkConnectionEnabled: false, pageLoadStrategy: normal, platformName: windows, proxy: Proxy(), se:cdp: ws://localhost:63652/devtoo..., se:cdpVersion: 129.0.6668.90, setWindowRect: true, strictFileInteractability: false, timeouts: {implicit: 0, pageLoad: 300000, script: 30000}, unhandledPromptBehavior: dismiss and notify, webauthn:extension:credBlob: true, webauthn:extension:largeBlob: true, webauthn:extension:minPinLength: true, webauthn:extension:prf: true, webauthn:virtualAuthenticators: true}
Session ID: f84caaa9fd153a8e302d13136516a72f
	at org.openqa.selenium.remote.ErrorCodec.decode(ErrorCodec.java:167)
	at org.openqa.selenium.remote.codec.w3c.W3CHttpResponseCodec.decode(W3CHttpResponseCodec.java:138)
	at org.openqa.selenium.remote.codec.w3c.W3CHttpResponseCodec.decode(W3CHttpResponseCodec.java:50)
	at org.openqa.selenium.remote.HttpCommandExecutor.execute(HttpCommandExecutor.java:190)
	at org.openqa.selenium.remote.service.DriverCommandExecutor.invokeExecute(DriverCommandExecutor.java:216)
	at org.openqa.selenium.remote.service.DriverCommandExecutor.execute(DriverCommandExecutor.java:174)
	at org.openqa.selenium.remote.RemoteWebDriver.execute(RemoteWebDriver.java:519)
	at org.openqa.selenium.remote.ElementLocation$ElementFinder$2.findElement(ElementLocation.java:165)
	at org.openqa.selenium.remote.ElementLocation.findElement(ElementLocation.java:59)
	at org.openqa.selenium.remote.RemoteWebDriver.findElement(RemoteWebDriver.java:356)
	at org.openqa.selenium.remote.RemoteWebDriver.findElement(RemoteWebDriver.java:350)
	at com.Examcenter.pages.LoginPage.header(LoginPage.java:52)
	at StepDefinitions.LoginStepdefinintions.user_is_on_homepage(LoginStepdefinintions.java:47)
	at ✽.User is on homepage(file:///C:/Users/GopiPagadala/OneDrive%20-%20FocalPointK12,%20Inc/FPK12%20Automation-2024/FPK12-ExamCenter/src/test/resources/Features/Enrolled_Examtaker_in_TimeSlot.feature:8)
... Removed 3 stack frames]]>
    </failure>
  </testcase> <!-- runScenario -->
  <testcase classname="Runners.EnrolleRunner" name="runScenario" time="50.82">
    <failure type="org.openqa.selenium.NoSuchElementException" message="no such element: Unable to locate element: {&amp;quot;method&amp;quot;:&amp;quot;xpath&amp;quot;,&amp;quot;selector&amp;quot;:&amp;quot;//h3[text()=&amp;apos;Change Password&amp;apos;]&amp;quot;}
  (Session info: chrome=129.0.6668.90)
For documentation on this error, please visit: https://www.selenium.dev/documentation/webdriver/troubleshooting/errors#no-such-element-exception
Build info: version: &amp;apos;4.18.1&amp;apos;, revision: &amp;apos;b1d3319b48&amp;apos;
System info: os.name: &amp;apos;Windows 11&amp;apos;, os.arch: &amp;apos;amd64&amp;apos;, os.version: &amp;apos;10.0&amp;apos;, java.version: &amp;apos;22.0.2&amp;apos;
Driver info: org.openqa.selenium.chrome.ChromeDriver
Command: [436e6bd55a1fc80c22aeeabb2f23b9f5, findElement {using=xpath, value=//h3[text()=&amp;apos;Change Password&amp;apos;]}]
Capabilities {acceptInsecureCerts: false, browserName: chrome, browserVersion: 129.0.6668.90, chrome: {chromedriverVersion: 129.0.6668.89 (951c0b97221f..., userDataDir: C:\Users\GOPIPA~1\AppData\L...}, fedcm:accounts: true, goog:chromeOptions: {debuggerAddress: localhost:63700}, networkConnectionEnabled: false, pageLoadStrategy: normal, platformName: windows, proxy: Proxy(), se:cdp: ws://localhost:63700/devtoo..., se:cdpVersion: 129.0.6668.90, setWindowRect: true, strictFileInteractability: false, timeouts: {implicit: 0, pageLoad: 300000, script: 30000}, unhandledPromptBehavior: dismiss and notify, webauthn:extension:credBlob: true, webauthn:extension:largeBlob: true, webauthn:extension:minPinLength: true, webauthn:extension:prf: true, webauthn:virtualAuthenticators: true}
Session ID: 436e6bd55a1fc80c22aeeabb2f23b9f5">
      <![CDATA[org.openqa.selenium.NoSuchElementException: no such element: Unable to locate element: {"method":"xpath","selector":"//h3[text()='Change Password']"}
  (Session info: chrome=129.0.6668.90)
For documentation on this error, please visit: https://www.selenium.dev/documentation/webdriver/troubleshooting/errors#no-such-element-exception
Build info: version: '4.18.1', revision: 'b1d3319b48'
System info: os.name: 'Windows 11', os.arch: 'amd64', os.version: '10.0', java.version: '22.0.2'
Driver info: org.openqa.selenium.chrome.ChromeDriver
Command: [436e6bd55a1fc80c22aeeabb2f23b9f5, findElement {using=xpath, value=//h3[text()='Change Password']}]
Capabilities {acceptInsecureCerts: false, browserName: chrome, browserVersion: 129.0.6668.90, chrome: {chromedriverVersion: 129.0.6668.89 (951c0b97221f..., userDataDir: C:\Users\GOPIPA~1\AppData\L...}, fedcm:accounts: true, goog:chromeOptions: {debuggerAddress: localhost:63700}, networkConnectionEnabled: false, pageLoadStrategy: normal, platformName: windows, proxy: Proxy(), se:cdp: ws://localhost:63700/devtoo..., se:cdpVersion: 129.0.6668.90, setWindowRect: true, strictFileInteractability: false, timeouts: {implicit: 0, pageLoad: 300000, script: 30000}, unhandledPromptBehavior: dismiss and notify, webauthn:extension:credBlob: true, webauthn:extension:largeBlob: true, webauthn:extension:minPinLength: true, webauthn:extension:prf: true, webauthn:virtualAuthenticators: true}
Session ID: 436e6bd55a1fc80c22aeeabb2f23b9f5
	at org.openqa.selenium.remote.ErrorCodec.decode(ErrorCodec.java:167)
	at org.openqa.selenium.remote.codec.w3c.W3CHttpResponseCodec.decode(W3CHttpResponseCodec.java:138)
	at org.openqa.selenium.remote.codec.w3c.W3CHttpResponseCodec.decode(W3CHttpResponseCodec.java:50)
	at org.openqa.selenium.remote.HttpCommandExecutor.execute(HttpCommandExecutor.java:190)
	at org.openqa.selenium.remote.service.DriverCommandExecutor.invokeExecute(DriverCommandExecutor.java:216)
	at org.openqa.selenium.remote.service.DriverCommandExecutor.execute(DriverCommandExecutor.java:174)
	at org.openqa.selenium.remote.RemoteWebDriver.execute(RemoteWebDriver.java:519)
	at org.openqa.selenium.remote.ElementLocation$ElementFinder$2.findElement(ElementLocation.java:165)
	at org.openqa.selenium.remote.ElementLocation.findElement(ElementLocation.java:59)
	at org.openqa.selenium.remote.RemoteWebDriver.findElement(RemoteWebDriver.java:356)
	at org.openqa.selenium.remote.RemoteWebDriver.findElement(RemoteWebDriver.java:350)
	at com.Examcenter.pages.LoginPage.header(LoginPage.java:52)
	at StepDefinitions.LoginStepdefinintions.user_is_on_homepage(LoginStepdefinintions.java:47)
	at ✽.User is on homepage(file:///C:/Users/GopiPagadala/OneDrive%20-%20FocalPointK12,%20Inc/FPK12%20Automation-2024/FPK12-ExamCenter/src/test/resources/Features/ProctorEnrolle.feature:7)
... Removed 3 stack frames]]>
    </failure>
  </testcase> <!-- runScenario -->
  <testcase classname="Runners.BulkUploadRunner" name="runScenario" time="87.074"/>
  <testcase classname="Runners.BulkUploadRunner" name="runScenario" time="79.963"/>
  <testcase classname="Runners.BulkUploadRunner" name="runScenario" time="76.39"/>
</testsuite> <!-- Test1 -->
