<?xml version="1.0" encoding="UTF-8"?>
<!-- Generated by org.testng.reporters.JUnitXMLReporter -->
<testsuite hostname="DESKTOP-AVL4E6C" failures="0" tests="14" name="Test"
	time="650.606" errors="0" timestamp="29 Jan 2024 12:31:55 GMT">
	<testcase classname="Runners.Location_Runner" name="runScenario"
		time="34.907" />
	<testcase classname="Runners.Users_Creation_Runner" name="runScenario"
		time="47.59" />
	<testcase classname="Runners.Users_Creation_Runner" name="runScenario"
		time="51.09" />
	<testcase classname="Runners.Users_Creation_Runner" name="runScenario"
		time="60.51" />
	<testcase classname="Runners.Examinations_Schedule_runner"
		name="runScenario" time="29.267" />
	<testcase classname="Runners.Examinations_Schedule_runner"
		name="runScenario" time="52.961" />
	<testcase classname="Runners.Examinations_Schedule_runner"
		name="runScenario" time="39.361" />
	<testcase
		classname="Runners.Create_Time_Slot_and_Enroll_the_ExamTakerRunner"
		name="runScenario" time="32.572" />
	<testcase
		classname="Runners.Create_Time_Slot_and_Enroll_the_ExamTakerRunner"
		name="runScenario" time="38.481" />
	<testcase classname="Runners.Enrolled_ExamTaker_in_a_TimeSlotRunner"
		name="runScenario" time="45.545" />
	<testcase classname="Runners.AssessmentSubmissionRunner" name="runScenario"
		time="50.014" />
	<testcase classname="Runners.BulkUploadRunner" name="runScenario"
		time="51.038" />
	<testcase classname="Runners.BulkUploadRunner" name="runScenario"
		time="49.562" />
	<testcase classname="Runners.BulkUploadRunner" name="runScenario"
		time="52.104" />
</testsuite> <!-- Test -->
