<?xml version="1.0" encoding="UTF-8"?>
<!-- Generated by org.testng.reporters.JUnitXMLReporter -->
<testsuite hostname="DESKTOP-AVL4E6C" failures="0" tests="3" name="Test2"
	time="164.226" errors="0" timestamp="30 Jan 2024 05:13:02 GMT">
	<testcase classname="Runners.Users_Creation_Runner" name="runScenario"
		time="49.724" />
	<testcase classname="Runners.Users_Creation_Runner" name="runScenario"
		time="53.379" />
	<testcase classname="Runners.Users_Creation_Runner" name="runScenario"
		time="59.003" />
</testsuite> <!-- Test2 -->
