<?xml version="1.0" encoding="UTF-8"?>
<!-- Generated by org.testng.reporters.JUnitXMLReporter -->
<testsuite hostname="DESKTOP-AVL4E6C" failures="0" tests="14" name="Test1" time="665.2" errors="0" timestamp="8 Feb 2024 07:45:29 GMT">
  <testcase classname="Runners.Location_Runner" name="runScenario" time="35.345"/>
  <testcase classname="Runners.Users_Creation_Runner" name="runScenario" time="47.427"/>
  <testcase classname="Runners.Users_Creation_Runner" name="runScenario" time="51.712"/>
  <testcase classname="Runners.Users_Creation_Runner" name="runScenario" time="55.008"/>
  <testcase classname="Runners.Examinations_Schedule_runner" name="runScenario" time="28.274"/>
  <testcase classname="Runners.Examinations_Schedule_runner" name="runScenario" time="52.185"/>
  <testcase classname="Runners.Examinations_Schedule_runner" name="runScenario" time="39.944"/>
  <testcase classname="Runners.Create_Time_Slot_and_Enroll_the_ExamTakerRunner" name="runScenario" time="32.36"/>
  <testcase classname="Runners.Create_Time_Slot_and_Enroll_the_ExamTakerRunner" name="runScenario" time="43.229"/>
  <testcase classname="Runners.Enrolled_ExamTaker_in_a_TimeSlotRunner" name="runScenario" time="49.228"/>
  <testcase classname="Runners.AssessmentSubmissionRunner" name="runScenario" time="53.409"/>
  <testcase classname="Runners.BulkUploadRunner" name="runScenario" time="56.759"/>
  <testcase classname="Runners.BulkUploadRunner" name="runScenario" time="53.067"/>
  <testcase classname="Runners.BulkUploadRunner" name="runScenario" time="54.05"/>
</testsuite> <!-- Test1 -->
