<?xml version="1.0" encoding="UTF-8"?>
<!-- Generated by org.testng.reporters.JUnitXMLReporter -->
<testsuite hostname="DESKTOP-AVL4E6C" failures="0" tests="14" name="Test1" time="650.365" errors="0" timestamp="12 Feb 2024 09:35:32 GMT">
  <testcase classname="Runners.Location_Runner" name="runScenario" time="32.288"/>
  <testcase classname="Runners.Users_Creation_Runner" name="runScenario" time="46.331"/>
  <testcase classname="Runners.Users_Creation_Runner" name="runScenario" time="50.404"/>
  <testcase classname="Runners.Users_Creation_Runner" name="runScenario" time="52.254"/>
  <testcase classname="Runners.Examinations_Schedule_runner" name="runScenario" time="27.018"/>
  <testcase classname="Runners.Examinations_Schedule_runner" name="runScenario" time="48.662"/>
  <testcase classname="Runners.Examinations_Schedule_runner" name="runScenario" time="39.08"/>
  <testcase classname="Runners.Create_Time_Slot_and_Enroll_the_ExamTakerRunner" name="runScenario" time="32.275"/>
  <testcase classname="Runners.Create_Time_Slot_and_Enroll_the_ExamTakerRunner" name="runScenario" time="44.241"/>
  <testcase classname="Runners.Enrolled_ExamTaker_in_a_TimeSlotRunner" name="runScenario" time="43.926"/>
  <testcase classname="Runners.AssessmentSubmissionRunner" name="runScenario" time="64.002"/>
  <testcase classname="Runners.BulkUploadRunner" name="runScenario" time="55.344"/>
  <testcase classname="Runners.BulkUploadRunner" name="runScenario" time="50.78"/>
  <testcase classname="Runners.BulkUploadRunner" name="runScenario" time="50.707"/>
</testsuite> <!-- Test1 -->
