<?xml version="1.0" encoding="UTF-8"?>
<!-- Generated by org.testng.reporters.JUnitXMLReporter -->
<testsuite hostname="Sapphirus-SS141" failures="0" tests="12" name="Test1" time="712.104" errors="0" timestamp="29 Nov 2024 09:12:05 GMT">
  <testcase classname="ExamCenterRunners.BulkUploadRunner" name="@BeforeClass setUpClass" time="0.0">
    <failure type="io.cucumber.core.gherkin.FeatureParserException" message="Failed to parse resource at: file:///C:/Users/GopiPagadala/OneDrive%20-%20FocalPointK12,%20Inc/FPK12%20Automation-2024/FPK12ExamCenter/src/test/resources/ExamCenterFeatures/BulkUpload.feature
(1:1): expected: #EOF, #Language, #TagLine, #FeatureLine, #Comment, #Empty, got &amp;apos;C:\Users\GopiPagadala\OneDrive - FocalPointK12, Inc\FPK12 Automation-2024\FPK12ExamCenter\src\test\resources\Files\ControllerTemplate.xlsx&amp;apos;
(2:1): expected: #EOF, #Language, #TagLine, #FeatureLine, #Comment, #Empty, got &amp;apos;C:\Users\GopiPagadala\OneDrive - FocalPointK12, Inc\FPK12 Automation-2024\FPK12ExamCenter\src\test\resources\Files\Proctor Template.xlsx&amp;apos;
(3:1): expected: #EOF, #Language, #TagLine, #FeatureLine, #Comment, #Empty, got &amp;apos;C:\Users\GopiPagadala\OneDrive - FocalPointK12, Inc\FPK12 Automation-2024\FPK12ExamCenter\src\test\resources\Files\Exam Takers Template.xlsx&amp;apos;">
      <![CDATA[io.cucumber.core.gherkin.FeatureParserException: Failed to parse resource at: file:///C:/Users/GopiPagadala/OneDrive%20-%20FocalPointK12,%20Inc/FPK12%20Automation-2024/FPK12ExamCenter/src/test/resources/ExamCenterFeatures/BulkUpload.feature
(1:1): expected: #EOF, #Language, #TagLine, #FeatureLine, #Comment, #Empty, got 'C:\Users\GopiPagadala\OneDrive - FocalPointK12, Inc\FPK12 Automation-2024\FPK12ExamCenter\src\test\resources\Files\ControllerTemplate.xlsx'
(2:1): expected: #EOF, #Language, #TagLine, #FeatureLine, #Comment, #Empty, got 'C:\Users\GopiPagadala\OneDrive - FocalPointK12, Inc\FPK12 Automation-2024\FPK12ExamCenter\src\test\resources\Files\Proctor Template.xlsx'
(3:1): expected: #EOF, #Language, #TagLine, #FeatureLine, #Comment, #Empty, got 'C:\Users\GopiPagadala\OneDrive - FocalPointK12, Inc\FPK12 Automation-2024\FPK12ExamCenter\src\test\resources\Files\Exam Takers Template.xlsx'
	at io.cucumber.core.gherkin.messages.GherkinMessagesFeatureParser.parse(GherkinMessagesFeatureParser.java:56)
	at io.cucumber.core.feature.FeatureParser.parseResource(FeatureParser.java:46)
	at java.base/java.util.function.BiFunction.lambda$andThen$0(BiFunction.java:70)
	at io.cucumber.core.resource.ResourceScanner.lambda$processResource$1(ResourceScanner.java:79)
	at io.cucumber.core.resource.PathScanner$ResourceFileVisitor.visitFile(PathScanner.java:75)
	at io.cucumber.core.resource.PathScanner$ResourceFileVisitor.visitFile(PathScanner.java:60)
	at java.base/java.nio.file.Files.walkFileTree(Files.java:2791)
	at io.cucumber.core.resource.PathScanner.findResourcesForPath(PathScanner.java:53)
	at io.cucumber.core.resource.PathScanner.findResourcesForUri(PathScanner.java:31)
	at io.cucumber.core.resource.ResourceScanner.findResourcesForUri(ResourceScanner.java:61)
	at io.cucumber.core.resource.ResourceScanner.scanForResourcesUri(ResourceScanner.java:134)
	at io.cucumber.core.runtime.FeaturePathFeatureSupplier.loadFeatures(FeaturePathFeatureSupplier.java:62)
	at io.cucumber.core.runtime.FeaturePathFeatureSupplier.get(FeaturePathFeatureSupplier.java:45)
	at io.cucumber.testng.TestNGCucumberRunner.<init>(TestNGCucumberRunner.java:122)
	at io.cucumber.testng.AbstractTestNGCucumberTests.setUpClass(AbstractTestNGCucumberTests.java:27)
... Removed 22 stack frames]]>
    </failure>
  </testcase> <!-- @BeforeClass setUpClass -->
  <testcase classname="ExamCenterRunners.BulkUploadRunner" name="@BeforeClass beforeClass" time="0.0">
    <skipped/>
  </testcase> <!-- @BeforeClass beforeClass -->
  <testcase classname="ExamCenterRunners.BulkUploadRunner" name="@AfterClass afterClass" time="0.0">
    <skipped/>
  </testcase> <!-- @AfterClass afterClass -->
  <testcase classname="ExamCenterRunners.Location_Runner" name="runScenario" time="45.715"/>
  <testcase classname="ExamCenterRunners.Users_Creation_Runner" name="runScenario" time="63.893"/>
  <testcase classname="ExamCenterRunners.Users_Creation_Runner" name="runScenario" time="66.339"/>
  <testcase classname="ExamCenterRunners.Users_Creation_Runner" name="runScenario" time="64.744"/>
  <testcase classname="ExamCenterRunners.Examinations_Schedule_runner" name="runScenario" time="40.278"/>
  <testcase classname="ExamCenterRunners.Examinations_Schedule_runner" name="runScenario" time="63.537"/>
  <testcase classname="ExamCenterRunners.Examinations_Schedule_runner" name="runScenario" time="51.647"/>
  <testcase classname="ExamCenterRunners.Create_Time_Slot_and_Enroll_the_ExamTakerRunner" name="runScenario" time="55.387"/>
  <testcase classname="ExamCenterRunners.Create_Time_Slot_and_Enroll_the_ExamTakerRunner" name="runScenario" time="59.724"/>
  <testcase classname="ExamCenterRunners.AssessmentSubmissionRunner" name="runScenario" time="63.541"/>
  <testcase classname="ExamCenterRunners.Enrolled_ExamTaker_in_a_TimeSlotRunner" name="runScenario" time="62.215"/>
  <testcase classname="ExamCenterRunners.EnrolleRunner" name="runScenario" time="54.078"/>
</testsuite> <!-- Test1 -->
