<?xml version="1.0" encoding="UTF-8"?>
<!-- Generated by org.testng.reporters.JUnitXMLReporter -->
<testsuite hostname="DESKTOP-AVL4E6C" failures="0" tests="13" name="Test1" time="639.174" errors="0" timestamp="22 Feb 2024 08:01:02 GMT">
  <testcase classname="Runners.Location_Runner" name="runScenario" time="33.429"/>
  <testcase classname="Runners.Users_Creation_Runner" name="runScenario" time="47.295"/>
  <testcase classname="Runners.Users_Creation_Runner" name="runScenario" time="52.006"/>
  <testcase classname="Runners.Users_Creation_Runner" name="runScenario" time="53.729"/>
  <testcase classname="Runners.Examinations_Schedule_runner" name="runScenario" time="28.27"/>
  <testcase classname="Runners.Examinations_Schedule_runner" name="runScenario" time="52.453"/>
  <testcase classname="Runners.Examinations_Schedule_runner" name="runScenario" time="41.979"/>
  <testcase classname="Runners.Create_Time_Slot_and_Enroll_the_ExamTakerRunner" name="runScenario" time="34.289"/>
  <testcase classname="Runners.Create_Time_Slot_and_Enroll_the_ExamTakerRunner" name="runScenario" time="48.433"/>
  <testcase classname="Runners.AssessmentSubmissionRunner" name="runScenario" time="61.864"/>
  <testcase classname="Runners.BulkUploadRunner" name="runScenario" time="61.114"/>
  <testcase classname="Runners.BulkUploadRunner" name="runScenario" time="56.472"/>
  <testcase classname="Runners.BulkUploadRunner" name="runScenario" time="55.98"/>
</testsuite> <!-- Test1 -->
