<?xml version="1.0" encoding="UTF-8"?>
<!-- Generated by org.testng.reporters.JUnitXMLReporter -->
<testsuite hostname="Sapphirus-SS143" failures="0" tests="12" name="Test1" time="643.577" errors="0" timestamp="12 Oct 2024 15:20:55 GMT">
  <testcase classname="Runners.Location_Runner" name="runScenario" time="38.058"/>
  <testcase classname="Runners.Users_Creation_Runner" name="runScenario" time="54.329"/>
  <testcase classname="Runners.Users_Creation_Runner" name="runScenario" time="56.574"/>
  <testcase classname="Runners.Users_Creation_Runner" name="runScenario" time="58.987"/>
  <testcase classname="Runners.Examinations_Schedule_runner" name="runScenario" time="34.144"/>
  <testcase classname="Runners.Examinations_Schedule_runner" name="runScenario" time="64.087"/>
  <testcase classname="Runners.Examinations_Schedule_runner" name="runScenario" time="46.379"/>
  <testcase classname="Runners.Create_Time_Slot_and_Enroll_the_ExamTakerRunner" name="runScenario" time="50.374"/>
  <testcase classname="Runners.Create_Time_Slot_and_Enroll_the_ExamTakerRunner" name="runScenario" time="56.374"/>
  <testcase classname="Runners.AssessmentSubmissionRunner" name="runScenario" time="52.734"/>
  <testcase classname="Runners.Enrolled_ExamTaker_in_a_TimeSlotRunner" name="runScenario" time="66.154"/>
  <testcase classname="Runners.EnrolleRunner" name="runScenario" time="45.705"/>
</testsuite> <!-- Test1 -->
