<?xml version="1.0" encoding="UTF-8"?>
<!-- Generated by org.testng.reporters.JUnitXMLReporter -->
<testsuite hostname="Sapphirus-SS141" failures="1" tests="4" name="Test1" time="249.483" errors="0" timestamp="10 Oct 2024 07:15:46 GMT">
  <testcase classname="Runners.EnrolleRunner" name="runScenario" time="52.223"/>
  <testcase classname="Runners.BulkUploadRunner" name="runScenario" time="31.561">
    <failure type="org.apache.poi.EmptyFileException" message="The supplied file was empty (zero bytes long)">
      <![CDATA[org.apache.poi.EmptyFileException: The supplied file was empty (zero bytes long)
	at org.apache.poi.ss.usermodel.WorkbookFactory.create(WorkbookFactory.java:218)
	at org.apache.poi.ss.usermodel.WorkbookFactory.create(WorkbookFactory.java:185)
	at com.Examcenter.pages.BulkUpload_Pages.Excel_Creation(BulkUpload_Pages.java:91)
	at StepDefinitions.BulkuploadStepDefinitions.Create_Controller_Sheet(BulkuploadStepDefinitions.java:60)
	at ✽.Create the Bulk controller users Excel Sheet(file:///C:/Users/GopiPagadala/OneDrive%20-%20FocalPointK12,%20Inc/FPK12%20Automation-2024/FPK12-ExamCenter/src/test/resources/Features/BulkUpload.feature:10)
]]>
    </failure>
  </testcase> <!-- runScenario -->
  <testcase classname="Runners.BulkUploadRunner" name="runScenario" time="66.699"/>
  <testcase classname="Runners.BulkUploadRunner" name="runScenario" time="91.343"/>
</testsuite> <!-- Test1 -->
