<?xml version="1.0" encoding="UTF-8"?>
<!-- Generated by org.testng.reporters.JUnitXMLReporter -->
<testsuite hostname="DESKTOP-AVL4E6C" failures="0" tests="14" name="Test1" time="729.336" errors="0" timestamp="31 Jan 2024 05:54:30 GMT">
  <testcase classname="Runners.Location_Runner" name="runScenario" time="36.061"/>
  <testcase classname="Runners.Users_Creation_Runner" name="runScenario" time="50.168"/>
  <testcase classname="Runners.Users_Creation_Runner" name="runScenario" time="55.465"/>
  <testcase classname="Runners.Users_Creation_Runner" name="runScenario" time="57.183"/>
  <testcase classname="Runners.Examinations_Schedule_runner" name="runScenario" time="33.449"/>
  <testcase classname="Runners.Examinations_Schedule_runner" name="runScenario" time="57.862"/>
  <testcase classname="Runners.Examinations_Schedule_runner" name="runScenario" time="41.486"/>
  <testcase classname="Runners.Create_Time_Slot_and_Enroll_the_ExamTakerRunner" name="runScenario" time="36.332"/>
  <testcase classname="Runners.Create_Time_Slot_and_Enroll_the_ExamTakerRunner" name="runScenario" time="40.72"/>
  <testcase classname="Runners.Enrolled_ExamTaker_in_a_TimeSlotRunner" name="runScenario" time="48.721"/>
  <testcase classname="Runners.AssessmentSubmissionRunner" name="runScenario" time="58.288"/>
  <testcase classname="Runners.BulkUploadRunner" name="runScenario" time="71.409"/>
  <testcase classname="Runners.BulkUploadRunner" name="runScenario" time="63.802"/>
  <testcase classname="Runners.BulkUploadRunner" name="runScenario" time="61.409"/>
</testsuite> <!-- Test1 -->
