<?xml version="1.0" encoding="UTF-8"?>
<!-- Generated by org.testng.reporters.JUnitXMLReporter -->
<testsuite hostname="Sapphirus-SS141" failures="0" tests="5" name="Test1" time="335.217" errors="0" timestamp="20 Dec 2024 09:30:50 GMT">
  <testcase classname="ExamCenterRunners.Create_Time_Slot_and_Enroll_the_ExamTakerRunner" name="runScenario" time="63.865"/>
  <testcase classname="ExamCenterRunners.AssessmentSubmissionRunner" name="runScenario" time="72.342"/>
  <testcase classname="ExamCenterRunners.Enrolled_ExamTaker_in_a_TimeSlotRunner" name="runScenario" time="59.344"/>
  <testcase classname="ExamCenterRunners.Score_SubmissionRunner" name="runScenario" time="67.078"/>
  <testcase classname="ExamCenterRunners.EnrolleRunner" name="runScenario" time="64.843"/>
</testsuite> <!-- Test1 -->
