<?xml version="1.0" encoding="UTF-8"?>
<!-- Generated by org.testng.reporters.JUnitXMLReporter -->
<testsuite ignored="0" hostname="Sapphirus-SS143" failures="0" tests="4" name="Test" time="843.268" errors="0" timestamp="2025-01-20T14:58:55 IST">
  <testcase classname="io.cucumber.testng.AbstractTestNGCucumberTests" name="@AfterClass tearDownClass" time="3.923">
    <failure type="java.lang.AbstractMethodError" message="Receiver class org.apache.poi.xssf.usermodel.XSSFColor does not define or inherit an implementation of the resolved method &amp;apos;abstract byte[] getStoredRGB()&amp;apos; of abstract class org.apache.poi.ss.usermodel.ExtendedColor.">
      <![CDATA[java.lang.AbstractMethodError: Receiver class org.apache.poi.xssf.usermodel.XSSFColor does not define or inherit an implementation of the resolved method 'abstract byte[] getStoredRGB()' of abstract class org.apache.poi.ss.usermodel.ExtendedColor.
at org.apache.poi.ss.usermodel.ExtendedColor.getRGBOrARGB(ExtendedColor.java:100)
at org.apache.poi.xssf.usermodel.XSSFColor.getRGB(XSSFColor.java:189)
at org.apache.poi.xssf.usermodel.XSSFFont.setColor(XSSFFont.java:421)
at tech.grasshopper.excel.report.cell.CellStyles.lambda$passTextBoldCellStyle$24(CellStyles.java:171)
at tech.grasshopper.excel.report.cell.CellStyles.setFont(CellStyles.java:212)
at tech.grasshopper.excel.report.cell.CellStyles.lambda$passTextBoldCellStyle$25(CellStyles.java:170)
at java.base/java.util.HashMap.computeIfAbsent(HashMap.java:1228)
at tech.grasshopper.excel.report.cell.CellStyles.passTextBoldCellStyle(CellStyles.java:170)
at tech.grasshopper.excel.report.cell.CellStyles.getCellStyle(CellStyles.java:87)
at tech.grasshopper.excel.report.cell.CellOperations.writeValue(CellOperations.java:65)
at tech.grasshopper.excel.report.table.SimpleTableOperations.writeTableCellValues(SimpleTableOperations.java:38)
at tech.grasshopper.excel.report.sheets.scenarios.ScenariosSheet.updateScenariosTableData(ScenariosSheet.java:100)
at tech.grasshopper.excel.report.sheets.scenarios.ScenariosSheet.updateSheet(ScenariosSheet.java:48)
at tech.grasshopper.excel.report.workbook.ReportWorkbook.updateSheets(ReportWorkbook.java:74)
at tech.grasshopper.excel.report.workbook.ExecutionDataReport.updateSheets(ExecutionDataReport.java:20)
at tech.grasshopper.excel.report.workbook.ReportWorkbook.createReport(ReportWorkbook.java:46)
at tech.grasshopper.reporter.ExtentExcelCucumberReporter.flush(ExtentExcelCucumberReporter.java:70)
at tech.grasshopper.reporter.ExtentExcelCucumberReporter.access$100(ExtentExcelCucumberReporter.java:18)
at tech.grasshopper.reporter.ExtentExcelCucumberReporter$1.onNext(ExtentExcelCucumberReporter.java:45)
at tech.grasshopper.reporter.ExtentExcelCucumberReporter$1.onNext(ExtentExcelCucumberReporter.java:37)
at io.reactivex.rxjava3.subjects.PublishSubject$PublishDisposable.onNext(PublishSubject.java:310)
at io.reactivex.rxjava3.subjects.PublishSubject.onNext(PublishSubject.java:226)
at com.aventstack.extentreports.ReactiveSubject.onFlush(ReactiveSubject.java:83)
at com.aventstack.extentreports.AbstractProcessor.onFlush(AbstractProcessor.java:96)
at com.aventstack.extentreports.ExtentReports.flush(ExtentReports.java:279)
at com.aventstack.extentreports.service.ExtentService.flush(ExtentService.java:47)
at com.aventstack.extentreports.cucumber.adapter.ExtentCucumberAdapter.finishReport(ExtentCucumberAdapter.java:301)
at com.aventstack.extentreports.cucumber.adapter.ExtentCucumberAdapter$8.receive(ExtentCucumberAdapter.java:137)
at com.aventstack.extentreports.cucumber.adapter.ExtentCucumberAdapter$8.receive(ExtentCucumberAdapter.java:134)
at io.cucumber.core.eventbus.AbstractEventPublisher.send(AbstractEventPublisher.java:51)
at io.cucumber.core.eventbus.AbstractEventBus.send(AbstractEventBus.java:12)
at io.cucumber.core.runtime.SynchronizedEventBus.send(SynchronizedEventBus.java:47)
at io.cucumber.core.runtime.CucumberExecutionContext.emitTestRunFinished(CucumberExecutionContext.java:118)
at io.cucumber.core.runtime.CucumberExecutionContext.finishTestRun(CucumberExecutionContext.java:105)
at io.cucumber.testng.TestNGCucumberRunner.finish(TestNGCucumberRunner.java:145)
at io.cucumber.testng.AbstractTestNGCucumberTests.tearDownClass(AbstractTestNGCucumberTests.java:57)
at java.base/java.util.ArrayList.forEach(ArrayList.java:1597)
... Removed 23 stack frames]]>
    </failure>
  </testcase> <!-- @AfterClass tearDownClass -->
  <testcase classname="io.cucumber.testng.AbstractTestNGCucumberTests" name="runScenario" time="308.203"/>
  <testcase classname="io.cucumber.testng.AbstractTestNGCucumberTests" name="runScenario" time="60.277"/>
  <testcase classname="io.cucumber.testng.AbstractTestNGCucumberTests" name="runScenario" time="296.359"/>
  <testcase classname="io.cucumber.testng.AbstractTestNGCucumberTests" name="runScenario" time="168.739"/>
</testsuite> <!-- Test -->
