<?xml version="1.0" encoding="UTF-8"?>
<!-- Generated by org.testng.reporters.JUnitXMLReporter -->
<testsuite hostname="DESKTOP-AVL4E6C" failures="0" tests="11" name="Test" time="479.366" errors="0" timestamp="22 Jan 2024 11:18:36 GMT">
  <testcase classname="Runners.Location_Runner" name="runScenario" time="32.626"/>
  <testcase classname="Runners.Users_Creation_Runner" name="runScenario" time="44.773"/>
  <testcase classname="Runners.Users_Creation_Runner" name="runScenario" time="50.064"/>
  <testcase classname="Runners.Users_Creation_Runner" name="runScenario" time="53.476"/>
  <testcase classname="Runners.Examinations_Schedule_runner" name="runScenario" time="28.033"/>
  <testcase classname="Runners.Examinations_Schedule_runner" name="runScenario" time="54.354"/>
  <testcase classname="Runners.Examinations_Schedule_runner" name="runScenario" time="38.344"/>
  <testcase classname="Runners.Create_Time_Slot_and_Enroll_the_ExamTakerRunner" name="runScenario" time="29.547"/>
  <testcase classname="Runners.Create_Time_Slot_and_Enroll_the_ExamTakerRunner" name="runScenario" time="38.365"/>
  <testcase classname="Runners.Enrolled_ExamTaker_in_a_TimeSlotRunner" name="runScenario" time="47.107"/>
  <testcase classname="Runners.AssessmentSubmissionRunner" name="runScenario" time="50.517"/>
</testsuite> <!-- Test -->
