<?xml version="1.0" encoding="UTF-8"?>
<!-- Generated by org.testng.reporters.JUnitXMLReporter -->
<testsuite hostname="Sapphirus-SS141" failures="0" tests="10" name="Test1" time="643.75" errors="0" timestamp="20 Dec 2024 09:55:57 GMT">
  <testcase classname="ExamCenterRunners.Location_Runner" name="runScenario" time="42.544"/>
  <testcase classname="ExamCenterRunners.Users_Creation_Runner" name="runScenario" time="87.484"/>
  <testcase classname="ExamCenterRunners.Exam_Schedule_runner" name="runScenario" time="57.504"/>
  <testcase classname="ExamCenterRunners.Exam_Schedule_runner" name="runScenario" time="63.352"/>
  <testcase classname="ExamCenterRunners.Exam_Schedule_runner" name="runScenario" time="57.819"/>
  <testcase classname="ExamCenterRunners.Create_Time_Slot_and_Enroll_the_ExamTakerRunner" name="runScenario" time="59.152"/>
  <testcase classname="ExamCenterRunners.AssessmentSubmissionRunner" name="runScenario" time="86.031"/>
  <testcase classname="ExamCenterRunners.Enrolled_ExamTaker_in_a_TimeSlotRunner" name="runScenario" time="56.529"/>
  <testcase classname="ExamCenterRunners.Score_SubmissionRunner" name="runScenario" time="69.289"/>
  <testcase classname="ExamCenterRunners.EnrolleRunner" name="runScenario" time="51.624"/>
</testsuite> <!-- Test1 -->
