<?xml version="1.0" encoding="UTF-8"?>
<!-- Generated by org.testng.reporters.JUnitXMLReporter -->
<testsuite hostname="DESKTOP-AVL4E6C" failures="0" tests="15" name="Test1" time="736.779" errors="0" timestamp="1 Mar 2024 11:41:15 GMT">
  <testcase classname="Runners.Location_Runner" name="runScenario" time="33.18"/>
  <testcase classname="Runners.Users_Creation_Runner" name="runScenario" time="48.192"/>
  <testcase classname="Runners.Users_Creation_Runner" name="runScenario" time="59.153"/>
  <testcase classname="Runners.Users_Creation_Runner" name="runScenario" time="53.613"/>
  <testcase classname="Runners.Examinations_Schedule_runner" name="runScenario" time="28.116"/>
  <testcase classname="Runners.Examinations_Schedule_runner" name="runScenario" time="51.463"/>
  <testcase classname="Runners.Examinations_Schedule_runner" name="runScenario" time="42.261"/>
  <testcase classname="Runners.Create_Time_Slot_and_Enroll_the_ExamTakerRunner" name="runScenario" time="38.229"/>
  <testcase classname="Runners.Create_Time_Slot_and_Enroll_the_ExamTakerRunner" name="runScenario" time="51.704"/>
  <testcase classname="Runners.AssessmentSubmissionRunner" name="runScenario" time="55.512"/>
  <testcase classname="Runners.BulkUploadRunner" name="runScenario" time="59.691"/>
  <testcase classname="Runners.BulkUploadRunner" name="runScenario" time="58.906"/>
  <testcase classname="Runners.BulkUploadRunner" name="runScenario" time="56.938"/>
  <testcase classname="Runners.Enrolled_ExamTaker_in_a_TimeSlotRunner" name="runScenario" time="50.271"/>
  <testcase classname="Runners.EnrolleRunner" name="runScenario" time="36.373"/>
</testsuite> <!-- Test1 -->
