<?xml version="1.0" encoding="UTF-8"?>
<!-- Generated by org.testng.reporters.JUnitXMLReporter -->
<testsuite hostname="DESKTOP-AVL4E6C" failures="0" tests="7" name="Test1" time="365.602" errors="0" timestamp="27 Feb 2024 13:21:47 GMT">
  <testcase classname="Runners.Create_Time_Slot_and_Enroll_the_ExamTakerRunner" name="runScenario" time="35.065"/>
  <testcase classname="Runners.Create_Time_Slot_and_Enroll_the_ExamTakerRunner" name="runScenario" time="48.812"/>
  <testcase classname="Runners.AssessmentSubmissionRunner" name="runScenario" time="54.116"/>
  <testcase classname="Runners.BulkUploadRunner" name="runScenario" time="55.466"/>
  <testcase classname="Runners.BulkUploadRunner" name="runScenario" time="57.511"/>
  <testcase classname="Runners.BulkUploadRunner" name="runScenario" time="55.796"/>
  <testcase classname="Runners.Enrolled_ExamTaker_in_a_TimeSlotRunner" name="runScenario" time="50.834"/>
</testsuite> <!-- Test1 -->
