<?xml version="1.0" encoding="UTF-8"?>
<!-- Generated by org.testng.reporters.JUnitXMLReporter -->
<testsuite hostname="DESKTOP-AVL4E6C" failures="0" tests="6" name="Test1" time="391.027" errors="0" timestamp="4 Mar 2024 07:49:47 GMT">
  <testcase classname="Runners.AssessmentSubmissionRunner" name="runScenario" time="63.261"/>
  <testcase classname="Runners.Enrolled_ExamTaker_in_a_TimeSlotRunner" name="runScenario" time="55.11"/>
  <testcase classname="Runners.EnrolleRunner" name="runScenario" time="43.722"/>
  <testcase classname="Runners.BulkUploadRunner" name="runScenario" time="76.2"/>
  <testcase classname="Runners.BulkUploadRunner" name="runScenario" time="73.144"/>
  <testcase classname="Runners.BulkUploadRunner" name="runScenario" time="71.576"/>
</testsuite> <!-- Test1 -->
