<?xml version="1.0" encoding="UTF-8"?>
<!-- Generated by org.testng.reporters.JUnitXMLReporter -->
<testsuite hostname="Sapphirus-SS141" failures="0" tests="9" name="Test3" time="700.369" errors="0" timestamp="7 Jan 2025 12:21:50 GMT">
  <testcase classname="PortfolioCenterRunner.SISprovisioningRunner" name="runScenario" time="94.778"/>
  <testcase classname="PortfolioCenterRunner.SISprovisioningRunner" name="runScenario" time="171.342"/>
  <testcase classname="PortfolioCenterRunner.PortfolioCenterCourseRunner" name="runScenario" time="96.791"/>
  <testcase classname="PortfolioCenterRunner.AssignmentsSubmissionRunner" name="runScenario" time="41.973"/>
  <testcase classname="PortfolioCenterRunner.ScoreSubmissionRunner" name="runScenario" time="57.114"/>
  <testcase classname="PortfolioCenterRunner.MultiScoringPortfolioCourseRuner" name="runScenario" time="65.651"/>
  <testcase classname="PortfolioCenterRunner.MultiScoringAssignmentSubmissionRunner" name="runScenario" time="44.895"/>
  <testcase classname="PortfolioCenterRunner.MultiScoringSubmissionRuner" name="runScenario" time="51.907"/>
  <testcase classname="PortfolioCenterRunner.DeletePortfolioCourseRunner" name="runScenario" time="62.61"/>
</testsuite> <!-- Test3 -->
