<?xml version="1.0" encoding="UTF-8"?>
<!-- Generated by org.testng.reporters.JUnitXMLReporter -->
<testsuite hostname="Sapphirus-SS141" failures="0" tests="4" name="Test1" time="194.693" errors="0" timestamp="17 Dec 2024 10:21:43 GMT">
  <testcase classname="ExamCenterRunners.Exam_Schedule_runner" name="runScenario" time="39.639"/>
  <testcase classname="ExamCenterRunners.Exam_Schedule_runner" name="runScenario" time="49.065"/>
  <testcase classname="ExamCenterRunners.Exam_Schedule_runner" name="runScenario" time="48.273"/>
  <testcase classname="ExamCenterRunners.Create_Time_Slot_and_Enroll_the_ExamTakerRunner" name="runScenario" time="49.598"/>
</testsuite> <!-- Test1 -->
