<?xml version="1.0" encoding="UTF-8"?>
<!-- Generated by org.testng.reporters.JUnitXMLReporter -->
<testsuite ignored="0" hostname="Sapphirus-SS143" failures="2" tests="4" name="Test" time="352.312" errors="0" timestamp="2025-01-19T21:04:09 IST">
  <testcase classname="io.cucumber.testng.AbstractTestNGCucumberTests" name="@AfterClass tearDownClass" time="3.97">
    <failure type="java.lang.AbstractMethodError" message="Receiver class org.apache.poi.xssf.usermodel.XSSFColor does not define or inherit an implementation of the resolved method &amp;apos;abstract byte[] getStoredRGB()&amp;apos; of abstract class org.apache.poi.ss.usermodel.ExtendedColor.">
      <![CDATA[java.lang.AbstractMethodError: Receiver class org.apache.poi.xssf.usermodel.XSSFColor does not define or inherit an implementation of the resolved method 'abstract byte[] getStoredRGB()' of abstract class org.apache.poi.ss.usermodel.ExtendedColor.
at org.apache.poi.ss.usermodel.ExtendedColor.getRGBOrARGB(ExtendedColor.java:100)
at org.apache.poi.xssf.usermodel.XSSFColor.getRGB(XSSFColor.java:189)
at org.apache.poi.xssf.usermodel.XSSFFont.setColor(XSSFFont.java:421)
at tech.grasshopper.excel.report.cell.CellStyles.lambda$passTextBoldCellStyle$24(CellStyles.java:171)
at tech.grasshopper.excel.report.cell.CellStyles.setFont(CellStyles.java:212)
at tech.grasshopper.excel.report.cell.CellStyles.lambda$passTextBoldCellStyle$25(CellStyles.java:170)
at java.base/java.util.HashMap.computeIfAbsent(HashMap.java:1228)
at tech.grasshopper.excel.report.cell.CellStyles.passTextBoldCellStyle(CellStyles.java:170)
at tech.grasshopper.excel.report.cell.CellStyles.getCellStyle(CellStyles.java:87)
at tech.grasshopper.excel.report.cell.CellOperations.writeValue(CellOperations.java:65)
at tech.grasshopper.excel.report.table.SimpleTableOperations.writeTableCellValues(SimpleTableOperations.java:38)
at tech.grasshopper.excel.report.sheets.scenarios.ScenariosSheet.updateScenariosTableData(ScenariosSheet.java:100)
at tech.grasshopper.excel.report.sheets.scenarios.ScenariosSheet.updateSheet(ScenariosSheet.java:48)
at tech.grasshopper.excel.report.workbook.ReportWorkbook.updateSheets(ReportWorkbook.java:74)
at tech.grasshopper.excel.report.workbook.ExecutionDataReport.updateSheets(ExecutionDataReport.java:20)
at tech.grasshopper.excel.report.workbook.ReportWorkbook.createReport(ReportWorkbook.java:46)
at tech.grasshopper.reporter.ExtentExcelCucumberReporter.flush(ExtentExcelCucumberReporter.java:70)
at tech.grasshopper.reporter.ExtentExcelCucumberReporter.access$100(ExtentExcelCucumberReporter.java:18)
at tech.grasshopper.reporter.ExtentExcelCucumberReporter$1.onNext(ExtentExcelCucumberReporter.java:45)
at tech.grasshopper.reporter.ExtentExcelCucumberReporter$1.onNext(ExtentExcelCucumberReporter.java:37)
at io.reactivex.rxjava3.subjects.PublishSubject$PublishDisposable.onNext(PublishSubject.java:310)
at io.reactivex.rxjava3.subjects.PublishSubject.onNext(PublishSubject.java:226)
at com.aventstack.extentreports.ReactiveSubject.onFlush(ReactiveSubject.java:83)
at com.aventstack.extentreports.AbstractProcessor.onFlush(AbstractProcessor.java:96)
at com.aventstack.extentreports.ExtentReports.flush(ExtentReports.java:279)
at com.aventstack.extentreports.service.ExtentService.flush(ExtentService.java:47)
at com.aventstack.extentreports.cucumber.adapter.ExtentCucumberAdapter.finishReport(ExtentCucumberAdapter.java:301)
at com.aventstack.extentreports.cucumber.adapter.ExtentCucumberAdapter$8.receive(ExtentCucumberAdapter.java:137)
at com.aventstack.extentreports.cucumber.adapter.ExtentCucumberAdapter$8.receive(ExtentCucumberAdapter.java:134)
at io.cucumber.core.eventbus.AbstractEventPublisher.send(AbstractEventPublisher.java:51)
at io.cucumber.core.eventbus.AbstractEventBus.send(AbstractEventBus.java:12)
at io.cucumber.core.runtime.SynchronizedEventBus.send(SynchronizedEventBus.java:47)
at io.cucumber.core.runtime.CucumberExecutionContext.emitTestRunFinished(CucumberExecutionContext.java:118)
at io.cucumber.core.runtime.CucumberExecutionContext.finishTestRun(CucumberExecutionContext.java:105)
at io.cucumber.testng.TestNGCucumberRunner.finish(TestNGCucumberRunner.java:145)
at io.cucumber.testng.AbstractTestNGCucumberTests.tearDownClass(AbstractTestNGCucumberTests.java:57)
at java.base/java.util.ArrayList.forEach(ArrayList.java:1597)
... Removed 23 stack frames]]>
    </failure>
  </testcase> <!-- @AfterClass tearDownClass -->
  <testcase classname="io.cucumber.testng.AbstractTestNGCucumberTests" name="runScenario" time="232.024"/>
  <testcase classname="io.cucumber.testng.AbstractTestNGCucumberTests" name="runScenario" time="51.12"/>
  <testcase classname="io.cucumber.testng.AbstractTestNGCucumberTests" name="runScenario" time="47.442">
    <failure type="org.openqa.selenium.NoSuchElementException" message="no such element: Unable to locate element: {&amp;quot;method&amp;quot;:&amp;quot;xpath&amp;quot;,&amp;quot;selector&amp;quot;:&amp;quot;//b[text()=&amp;apos;LearningCourse44276&amp;apos;]&amp;quot;}
  (Session info: chrome=132.0.6834.83)
For documentation on this error, please visit: https://www.selenium.dev/documentation/webdriver/troubleshooting/errors#no-such-element-exception
Build info: version: &amp;apos;4.18.1&amp;apos;, revision: &amp;apos;b1d3319b48&amp;apos;
System info: os.name: &amp;apos;Windows 11&amp;apos;, os.arch: &amp;apos;amd64&amp;apos;, os.version: &amp;apos;10.0&amp;apos;, java.version: &amp;apos;22.0.2&amp;apos;
Driver info: org.openqa.selenium.chrome.ChromeDriver
Command: [22b61738d8a677a1786096ae479cc6b7, findElement {value=//b[text()=&amp;apos;LearningCourse44276&amp;apos;], using=xpath}]
Capabilities {acceptInsecureCerts: false, browserName: chrome, browserVersion: 132.0.6834.83, chrome: {chromedriverVersion: 132.0.6834.83 (03d59cf5ecf1..., userDataDir: C:\Users\SAHOOS~1\AppData\L...}, fedcm:accounts: true, goog:chromeOptions: {debuggerAddress: localhost:63689}, networkConnectionEnabled: false, pageLoadStrategy: normal, platformName: windows, proxy: Proxy(), se:cdp: ws://localhost:63689/devtoo..., se:cdpVersion: 132.0.6834.83, setWindowRect: true, strictFileInteractability: false, timeouts: {implicit: 0, pageLoad: 300000, script: 30000}, unhandledPromptBehavior: dismiss and notify, webauthn:extension:credBlob: true, webauthn:extension:largeBlob: true, webauthn:extension:minPinLength: true, webauthn:extension:prf: true, webauthn:virtualAuthenticators: true}
Session ID: 22b61738d8a677a1786096ae479cc6b7">
      <![CDATA[org.openqa.selenium.NoSuchElementException: no such element: Unable to locate element: {"method":"xpath","selector":"//b[text()='LearningCourse44276']"}
  (Session info: chrome=132.0.6834.83)
For documentation on this error, please visit: https://www.selenium.dev/documentation/webdriver/troubleshooting/errors#no-such-element-exception
Build info: version: '4.18.1', revision: 'b1d3319b48'
System info: os.name: 'Windows 11', os.arch: 'amd64', os.version: '10.0', java.version: '22.0.2'
Driver info: org.openqa.selenium.chrome.ChromeDriver
Command: [22b61738d8a677a1786096ae479cc6b7, findElement {value=//b[text()='LearningCourse44276'], using=xpath}]
Capabilities {acceptInsecureCerts: false, browserName: chrome, browserVersion: 132.0.6834.83, chrome: {chromedriverVersion: 132.0.6834.83 (03d59cf5ecf1..., userDataDir: C:\Users\SAHOOS~1\AppData\L...}, fedcm:accounts: true, goog:chromeOptions: {debuggerAddress: localhost:63689}, networkConnectionEnabled: false, pageLoadStrategy: normal, platformName: windows, proxy: Proxy(), se:cdp: ws://localhost:63689/devtoo..., se:cdpVersion: 132.0.6834.83, setWindowRect: true, strictFileInteractability: false, timeouts: {implicit: 0, pageLoad: 300000, script: 30000}, unhandledPromptBehavior: dismiss and notify, webauthn:extension:credBlob: true, webauthn:extension:largeBlob: true, webauthn:extension:minPinLength: true, webauthn:extension:prf: true, webauthn:virtualAuthenticators: true}
Session ID: 22b61738d8a677a1786096ae479cc6b7
at org.openqa.selenium.remote.ErrorCodec.decode(ErrorCodec.java:167)
at org.openqa.selenium.remote.codec.w3c.W3CHttpResponseCodec.decode(W3CHttpResponseCodec.java:138)
at org.openqa.selenium.remote.codec.w3c.W3CHttpResponseCodec.decode(W3CHttpResponseCodec.java:50)
at org.openqa.selenium.remote.HttpCommandExecutor.execute(HttpCommandExecutor.java:190)
at org.openqa.selenium.remote.service.DriverCommandExecutor.invokeExecute(DriverCommandExecutor.java:216)
at org.openqa.selenium.remote.service.DriverCommandExecutor.execute(DriverCommandExecutor.java:174)
at org.openqa.selenium.remote.RemoteWebDriver.execute(RemoteWebDriver.java:519)
at org.openqa.selenium.remote.ElementLocation$ElementFinder$2.findElement(ElementLocation.java:165)
at org.openqa.selenium.remote.ElementLocation.findElement(ElementLocation.java:59)
at org.openqa.selenium.remote.RemoteWebDriver.findElement(RemoteWebDriver.java:356)
at org.openqa.selenium.remote.RemoteWebDriver.findElement(RemoteWebDriver.java:350)
at com.LearningTree.pages.Student_Activity_Submit_pages.click_on_Course(Student_Activity_Submit_pages.java:103)
at LearningTreeStepdef.Student_Activity_submission_Stepdef.user_click_on_that_course_name(Student_Activity_submission_Stepdef.java:60)
at ✽.User Click on that CourseName0(file:///D:/FPK_Automation_Scripts/LT_Automation/src/test/resources/LearningTreeFeatures/Student_Activitys_Submission.feature:10)
... Removed 3 stack frames]]>
    </failure>
  </testcase> <!-- runScenario -->
  <testcase classname="io.cucumber.testng.AbstractTestNGCucumberTests" name="runScenario" time="11.154">
    <failure type="org.openqa.selenium.NoSuchElementException" message="Unable to find element with locator By.xpath: //input[@id=&amp;apos;Username&amp;apos;]
For documentation on this error, please visit: https://www.selenium.dev/documentation/webdriver/troubleshooting/errors#no-such-element-exception
Build info: version: &amp;apos;4.18.1&amp;apos;, revision: &amp;apos;b1d3319b48&amp;apos;
System info: os.name: &amp;apos;Windows 11&amp;apos;, os.arch: &amp;apos;amd64&amp;apos;, os.version: &amp;apos;10.0&amp;apos;, java.version: &amp;apos;22.0.2&amp;apos;
Driver info: driver.version: RemoteWebDriver">
      <![CDATA[org.openqa.selenium.NoSuchElementException: Unable to find element with locator By.xpath: //input[@id='Username']
For documentation on this error, please visit: https://www.selenium.dev/documentation/webdriver/troubleshooting/errors#no-such-element-exception
Build info: version: '4.18.1', revision: 'b1d3319b48'
System info: os.name: 'Windows 11', os.arch: 'amd64', os.version: '10.0', java.version: '22.0.2'
Driver info: driver.version: RemoteWebDriver
at org.openqa.selenium.remote.ElementLocation$ElementFinder$2.findElement(ElementLocation.java:168)
at org.openqa.selenium.remote.ElementLocation.findElement(ElementLocation.java:59)
at org.openqa.selenium.remote.RemoteWebDriver.findElement(RemoteWebDriver.java:356)
at org.openqa.selenium.remote.RemoteWebDriver.findElement(RemoteWebDriver.java:350)
at com.LearningTree.pages.LoginPage.enterUsername(LoginPage.java:54)
at com.LearningTree.pages.LoginPage.User_login(LoginPage.java:79)
at LearningTreeStepdef.LoginStepdefinintions.user_enters_the_credentials_from_the_excel_sheet_at(LoginStepdefinintions.java:42)
at ✽.User enters the credentials from the excel sheet at 2(file:///D:/FPK_Automation_Scripts/LT_Automation/src/test/resources/LearningTreeFeatures/Provide_Score_in_LT.feature:6)
]]>
    </failure>
  </testcase> <!-- runScenario -->
</testsuite> <!-- Test -->
