<?xml version="1.0" encoding="UTF-8"?>
<!-- Generated by org.testng.reporters.JUnitXMLReporter -->
<testsuite hostname="Sapphirus-SS141" failures="0" tests="12" name="Test1" time="699.885" errors="0" timestamp="10 Oct 2024 11:00:54 GMT">
  <testcase classname="Runners.Location_Runner" name="runScenario" time="47.848"/>
  <testcase classname="Runners.Users_Creation_Runner" name="runScenario" time="55.808"/>
  <testcase classname="Runners.Users_Creation_Runner" name="runScenario" time="64.108"/>
  <testcase classname="Runners.Users_Creation_Runner" name="runScenario" time="64.633"/>
  <testcase classname="Runners.Examinations_Schedule_runner" name="runScenario" time="39.752"/>
  <testcase classname="Runners.Examinations_Schedule_runner" name="runScenario" time="71.375"/>
  <testcase classname="Runners.Examinations_Schedule_runner" name="runScenario" time="58.076"/>
  <testcase classname="Runners.Create_Time_Slot_and_Enroll_the_ExamTakerRunner" name="runScenario" time="53.279"/>
  <testcase classname="Runners.Create_Time_Slot_and_Enroll_the_ExamTakerRunner" name="runScenario" time="56.981"/>
  <testcase classname="Runners.AssessmentSubmissionRunner" name="runScenario" time="60.215"/>
  <testcase classname="Runners.Enrolled_ExamTaker_in_a_TimeSlotRunner" name="runScenario" time="61.412"/>
  <testcase classname="Runners.EnrolleRunner" name="runScenario" time="50.881"/>
</testsuite> <!-- Test1 -->
