<?xml version="1.0" encoding="UTF-8"?>
<!-- Generated by org.testng.reporters.JUnitXMLReporter -->
<testsuite hostname="DESKTOP-AVL4E6C" failures="0" tests="14" name="Test1" time="742.392" errors="0" timestamp="6 Feb 2024 09:48:27 GMT">
  <testcase classname="Runners.Location_Runner" name="runScenario" time="37.332"/>
  <testcase classname="Runners.Users_Creation_Runner" name="runScenario" time="49.766"/>
  <testcase classname="Runners.Users_Creation_Runner" name="runScenario" time="54.596"/>
  <testcase classname="Runners.Users_Creation_Runner" name="runScenario" time="56.674"/>
  <testcase classname="Runners.Examinations_Schedule_runner" name="runScenario" time="32.801"/>
  <testcase classname="Runners.Examinations_Schedule_runner" name="runScenario" time="56.712"/>
  <testcase classname="Runners.Examinations_Schedule_runner" name="runScenario" time="45.698"/>
  <testcase classname="Runners.Create_Time_Slot_and_Enroll_the_ExamTakerRunner" name="runScenario" time="34.092"/>
  <testcase classname="Runners.Create_Time_Slot_and_Enroll_the_ExamTakerRunner" name="runScenario" time="45.642"/>
  <testcase classname="Runners.Enrolled_ExamTaker_in_a_TimeSlotRunner" name="runScenario" time="55.68"/>
  <testcase classname="Runners.AssessmentSubmissionRunner" name="runScenario" time="59.746"/>
  <testcase classname="Runners.BulkUploadRunner" name="runScenario" time="72.423"/>
  <testcase classname="Runners.BulkUploadRunner" name="runScenario" time="58.773"/>
  <testcase classname="Runners.BulkUploadRunner" name="runScenario" time="62.402"/>
</testsuite> <!-- Test1 -->
