<?xml version="1.0" encoding="UTF-8"?>
<testng-results ignored="0" total="1" passed="1" failed="0" skipped="0">
  <reporter-output>
  </reporter-output>
  <suite started-at="2024-12-02T15:21:09 IST" name="Default suite" finished-at="2024-12-02T15:22:57 IST" duration-ms="108180">
    <groups>
      <group name="cucumber">
        <method signature="AbstractTestNGCucumberTests.runScenario(io.cucumber.testng.PickleWrapper,io.cucumber.testng.FeatureWrapper)[pri:0, instance:AssessmentsRunner.AnnouncementsRunner@5a5a729f]" name="runScenario" class="io.cucumber.testng.AbstractTestNGCucumberTests"/>
      </group> <!-- cucumber -->
    </groups>
    <test started-at="2024-12-02T15:21:09 IST" name="Default test" finished-at="2024-12-02T15:22:57 IST" duration-ms="108180">
      <class name="AssessmentsRunner.AnnouncementsRunner">
        <test-method is-config="true" signature="setUpClass(org.testng.ITestContext)[pri:0, instance:AssessmentsRunner.AnnouncementsRunner@5a5a729f]" started-at="2024-12-02T15:21:09 IST" name="setUpClass" finished-at="2024-12-02T15:21:10 IST" duration-ms="1322" status="PASS">
          <params>
            <param index="0">
              <value>
                <![CDATA[org.testng.TestRunner@4b360a82]]>
              </value>
            </param>
          </params>
          <reporter-output>
          </reporter-output>
        </test-method> <!-- setUpClass -->
        <test-method is-config="true" signature="beforeClass()[pri:0, instance:AssessmentsRunner.AnnouncementsRunner@5a5a729f]" started-at="2024-12-02T15:21:10 IST" name="beforeClass" finished-at="2024-12-02T15:21:10 IST" duration-ms="3" status="PASS">
          <reporter-output>
          </reporter-output>
        </test-method> <!-- beforeClass -->
        <test-method signature="runScenario(io.cucumber.testng.PickleWrapper,io.cucumber.testng.FeatureWrapper)[pri:0, instance:AssessmentsRunner.AnnouncementsRunner@5a5a729f]" started-at="2024-12-02T15:21:10 IST" name="runScenario" description="Runs Cucumber Scenarios" data-provider="scenarios" finished-at="2024-12-02T15:22:42 IST" duration-ms="91274" status="PASS">
          <params>
            <param index="0">
              <value>
                <![CDATA["Creating Announcements"]]>
              </value>
            </param>
            <param index="1">
              <value>
                <![CDATA["Verify the Announcements functionality"]]>
              </value>
            </param>
          </params>
          <reporter-output>
          </reporter-output>
        </test-method> <!-- runScenario -->
        <test-method is-config="true" signature="afterClass()[pri:0, instance:AssessmentsRunner.AnnouncementsRunner@5a5a729f]" started-at="2024-12-02T15:22:42 IST" name="afterClass" finished-at="2024-12-02T15:22:42 IST" duration-ms="1" status="PASS">
          <reporter-output>
          </reporter-output>
        </test-method> <!-- afterClass -->
        <test-method is-config="true" signature="tearDownClass()[pri:0, instance:AssessmentsRunner.AnnouncementsRunner@5a5a729f]" started-at="2024-12-02T15:22:42 IST" name="tearDownClass" finished-at="2024-12-02T15:22:57 IST" duration-ms="15522" status="PASS">
          <reporter-output>
          </reporter-output>
        </test-method> <!-- tearDownClass -->
      </class> <!-- AssessmentsRunner.AnnouncementsRunner -->
    </test> <!-- Default test -->
  </suite> <!-- Default suite -->
</testng-results>
