<?xml version="1.0" encoding="UTF-8"?>
<testng-results total="1" passed="1" failed="0" skipped="0">
  <reporter-output>
  </reporter-output>
  <suite started-at="2025-01-09T09:20:12Z" name="Default suite" finished-at="2025-01-09T09:21:25Z" duration-ms="73710">
    <groups>
      <group name="cucumber">
        <method signature="AbstractTestNGCucumberTests.runScenario(io.cucumber.testng.PickleWrapper, io.cucumber.testng.FeatureWrapper)[pri:0, instance:PortfolioCenterRunner.MultiScoringPortfolioCourseRuner@a87f8ec]" name="runScenario" class="io.cucumber.testng.AbstractTestNGCucumberTests"/>
      </group> <!-- cucumber -->
    </groups>
    <test started-at="2025-01-09T09:20:12Z" name="Default test" finished-at="2025-01-09T09:21:25Z" duration-ms="73710">
      <class name="PortfolioCenterRunner.MultiScoringPortfolioCourseRuner">
        <test-method is-config="true" signature="setUpClass(org.testng.ITestContext)[pri:0, instance:PortfolioCenterRunner.MultiScoringPortfolioCourseRuner@a87f8ec]" started-at="2025-01-09T14:50:12Z" name="setUpClass" finished-at="2025-01-09T14:50:12Z" duration-ms="775" status="PASS">
          <params>
            <param index="0">
              <value>
                <![CDATA[org.testng.TestRunner@69fd99c1]]>
              </value>
            </param>
          </params>
          <reporter-output>
          </reporter-output>
        </test-method> <!-- setUpClass -->
        <test-method is-config="true" signature="beforeClass()[pri:0, instance:PortfolioCenterRunner.MultiScoringPortfolioCourseRuner@a87f8ec]" started-at="2025-01-09T14:50:12Z" name="beforeClass" finished-at="2025-01-09T14:50:12Z" duration-ms="3" status="PASS">
          <reporter-output>
          </reporter-output>
        </test-method> <!-- beforeClass -->
        <test-method signature="runScenario(io.cucumber.testng.PickleWrapper, io.cucumber.testng.FeatureWrapper)[pri:0, instance:PortfolioCenterRunner.MultiScoringPortfolioCourseRuner@a87f8ec]" started-at="2025-01-09T14:50:12Z" name="runScenario" description="Runs Cucumber Scenarios" data-provider="scenarios" finished-at="2025-01-09T14:51:23Z" duration-ms="70984" status="PASS">
          <params>
            <param index="0">
              <value>
                <![CDATA["Verifying the Multi Scoring Portfolio Center Course Functionality"]]>
              </value>
            </param>
            <param index="1">
              <value>
                <![CDATA["Checking the Multi Scoring Portfolio Center Course Functionality"]]>
              </value>
            </param>
          </params>
          <reporter-output>
          </reporter-output>
        </test-method> <!-- runScenario -->
        <test-method is-config="true" signature="afterClass()[pri:0, instance:PortfolioCenterRunner.MultiScoringPortfolioCourseRuner@a87f8ec]" started-at="2025-01-09T14:51:23Z" name="afterClass" finished-at="2025-01-09T14:51:23Z" duration-ms="1" status="PASS">
          <reporter-output>
          </reporter-output>
        </test-method> <!-- afterClass -->
        <test-method is-config="true" signature="tearDownClass()[pri:0, instance:PortfolioCenterRunner.MultiScoringPortfolioCourseRuner@a87f8ec]" started-at="2025-01-09T14:51:23Z" name="tearDownClass" finished-at="2025-01-09T14:51:25Z" duration-ms="1930" status="PASS">
          <reporter-output>
          </reporter-output>
        </test-method> <!-- tearDownClass -->
      </class> <!-- PortfolioCenterRunner.MultiScoringPortfolioCourseRuner -->
    </test> <!-- Default test -->
  </suite> <!-- Default suite -->
</testng-results>
