<?xml version="1.0" encoding="UTF-8"?>
<testng-results ignored="0" total="4" passed="0" failed="4" skipped="0">
  <reporter-output>
  </reporter-output>
  <suite started-at="2025-01-20T17:18:43 IST" name="Suite" finished-at="2025-01-20T17:20:11 IST" duration-ms="87843">
    <groups>
      <group name="cucumber">
        <method signature="AbstractTestNGCucumberTests.runScenario(io.cucumber.testng.PickleWrapper,io.cucumber.testng.FeatureWrapper)[pri:0, instance:LearningTreeRunner.Activity_CreationRunner@6b09fb41]" name="runScenario" class="io.cucumber.testng.AbstractTestNGCucumberTests"/>
        <method signature="AbstractTestNGCucumberTests.runScenario(io.cucumber.testng.PickleWrapper,io.cucumber.testng.FeatureWrapper)[pri:0, instance:LearningTreeRunner.Import_Activities_in_LTRunner@20b2475a]" name="runScenario" class="io.cucumber.testng.AbstractTestNGCucumberTests"/>
        <method signature="AbstractTestNGCucumberTests.runScenario(io.cucumber.testng.PickleWrapper,io.cucumber.testng.FeatureWrapper)[pri:0, instance:LearningTreeRunner.Provide_Score_in_LTRunner@6f15d60e]" name="runScenario" class="io.cucumber.testng.AbstractTestNGCucumberTests"/>
        <method signature="AbstractTestNGCucumberTests.runScenario(io.cucumber.testng.PickleWrapper,io.cucumber.testng.FeatureWrapper)[pri:0, instance:LearningTreeRunner.Student_Activities_SubmissionRunner@7857fe2]" name="runScenario" class="io.cucumber.testng.AbstractTestNGCucumberTests"/>
      </group> <!-- cucumber -->
    </groups>
    <test started-at="2025-01-20T17:18:43 IST" name="Test" finished-at="2025-01-20T17:20:11 IST" duration-ms="87843">
      <class name="LearningTreeRunner.Provide_Score_in_LTRunner">
        <test-method is-config="true" signature="setUpClass(org.testng.ITestContext)[pri:0, instance:LearningTreeRunner.Provide_Score_in_LTRunner@6f15d60e]" started-at="2025-01-20T17:20:02 IST" name="setUpClass" finished-at="2025-01-20T17:20:02 IST" duration-ms="14" status="PASS">
          <params>
            <param index="0">
              <value>
                <![CDATA[org.testng.TestRunner@71634e64]]>
              </value>
            </param>
          </params>
          <reporter-output>
          </reporter-output>
        </test-method> <!-- setUpClass -->
        <test-method is-config="true" signature="beforeClass()[pri:0, instance:LearningTreeRunner.Provide_Score_in_LTRunner@6f15d60e]" started-at="2025-01-20T17:20:02 IST" name="beforeClass" finished-at="2025-01-20T17:20:02 IST" duration-ms="1" status="PASS">
          <reporter-output>
          </reporter-output>
        </test-method> <!-- beforeClass -->
        <test-method signature="runScenario(io.cucumber.testng.PickleWrapper,io.cucumber.testng.FeatureWrapper)[pri:0, instance:LearningTreeRunner.Provide_Score_in_LTRunner@6f15d60e]" started-at="2025-01-20T17:20:02 IST" name="runScenario" description="Runs Cucumber Scenarios" data-provider="scenarios" finished-at="2025-01-20T17:20:09 IST" duration-ms="7170" status="FAIL">
          <params>
            <param index="0">
              <value>
                <![CDATA["Provide the Score for all Activities at Speed Grder and Activities to Garde"]]>
              </value>
            </param>
            <param index="1">
              <value>
                <![CDATA["Verify the Scoring in LT"]]>
              </value>
            </param>
          </params>
          <exception class="org.openqa.selenium.NoSuchWindowException">
            <message>
              <![CDATA[no such window: target window already closed
from unknown error: web view not found
  (Session info: chrome=132.0.6834.83)
Build info: version: '4.18.1', revision: 'b1d3319b48'
System info: os.name: 'Windows 11', os.arch: 'amd64', os.version: '10.0', java.version: '22.0.2'
Driver info: org.openqa.selenium.chrome.ChromeDriver
Command: [23fd89014edaad102a8d60c89ab1224a, findElement {using=xpath, value=//input[@id='Username']}]
Capabilities {acceptInsecureCerts: false, browserName: chrome, browserVersion: 132.0.6834.83, chrome: {chromedriverVersion: 132.0.6834.83 (03d59cf5ecf1..., userDataDir: C:\Users\SAHOOS~1\AppData\L...}, fedcm:accounts: true, goog:chromeOptions: {debuggerAddress: localhost:51123}, networkConnectionEnabled: false, pageLoadStrategy: normal, platformName: windows, proxy: Proxy(), se:cdp: ws://localhost:51123/devtoo..., se:cdpVersion: 132.0.6834.83, setWindowRect: true, strictFileInteractability: false, timeouts: {implicit: 0, pageLoad: 300000, script: 30000}, unhandledPromptBehavior: dismiss and notify, webauthn:extension:credBlob: true, webauthn:extension:largeBlob: true, webauthn:extension:minPinLength: true, webauthn:extension:prf: true, webauthn:virtualAuthenticators: true}
Session ID: 23fd89014edaad102a8d60c89ab1224a]]>
            </message>
            <full-stacktrace>
              <![CDATA[org.openqa.selenium.NoSuchWindowException: no such window: target window already closed
from unknown error: web view not found
  (Session info: chrome=132.0.6834.83)
Build info: version: '4.18.1', revision: 'b1d3319b48'
System info: os.name: 'Windows 11', os.arch: 'amd64', os.version: '10.0', java.version: '22.0.2'
Driver info: org.openqa.selenium.chrome.ChromeDriver
Command: [23fd89014edaad102a8d60c89ab1224a, findElement {using=xpath, value=//input[@id='Username']}]
Capabilities {acceptInsecureCerts: false, browserName: chrome, browserVersion: 132.0.6834.83, chrome: {chromedriverVersion: 132.0.6834.83 (03d59cf5ecf1..., userDataDir: C:\Users\SAHOOS~1\AppData\L...}, fedcm:accounts: true, goog:chromeOptions: {debuggerAddress: localhost:51123}, networkConnectionEnabled: false, pageLoadStrategy: normal, platformName: windows, proxy: Proxy(), se:cdp: ws://localhost:51123/devtoo..., se:cdpVersion: 132.0.6834.83, setWindowRect: true, strictFileInteractability: false, timeouts: {implicit: 0, pageLoad: 300000, script: 30000}, unhandledPromptBehavior: dismiss and notify, webauthn:extension:credBlob: true, webauthn:extension:largeBlob: true, webauthn:extension:minPinLength: true, webauthn:extension:prf: true, webauthn:virtualAuthenticators: true}
Session ID: 23fd89014edaad102a8d60c89ab1224a
at java.base/jdk.internal.reflect.DirectConstructorHandleAccessor.newInstance(DirectConstructorHandleAccessor.java:62)
at java.base/java.lang.reflect.Constructor.newInstanceWithCaller(Constructor.java:502)
at java.base/java.lang.reflect.Constructor.newInstance(Constructor.java:486)
at org.openqa.selenium.remote.ErrorCodec.decode(ErrorCodec.java:167)
at org.openqa.selenium.remote.codec.w3c.W3CHttpResponseCodec.decode(W3CHttpResponseCodec.java:138)
at org.openqa.selenium.remote.codec.w3c.W3CHttpResponseCodec.decode(W3CHttpResponseCodec.java:50)
at org.openqa.selenium.remote.HttpCommandExecutor.execute(HttpCommandExecutor.java:190)
at org.openqa.selenium.remote.service.DriverCommandExecutor.invokeExecute(DriverCommandExecutor.java:216)
at org.openqa.selenium.remote.service.DriverCommandExecutor.execute(DriverCommandExecutor.java:174)
at org.openqa.selenium.remote.RemoteWebDriver.execute(RemoteWebDriver.java:519)
at org.openqa.selenium.remote.ElementLocation$ElementFinder$2.findElement(ElementLocation.java:165)
at org.openqa.selenium.remote.ElementLocation.findElement(ElementLocation.java:59)
at org.openqa.selenium.remote.RemoteWebDriver.findElement(RemoteWebDriver.java:356)
at org.openqa.selenium.remote.RemoteWebDriver.findElement(RemoteWebDriver.java:350)
at com.LearningTree.pages.LoginPage.enterUsername(LoginPage.java:54)
at com.LearningTree.pages.LoginPage.User_login(LoginPage.java:79)
at LearningTreeStepdef.LoginStepdefinintions.user_enters_the_credentials_from_the_excel_sheet_at(LoginStepdefinintions.java:42)
at ✽.User enters the credentials from the excel sheet at 2(file:///D:/FPK_Automation_Scripts/LT_Automation/src/test/resources/LearningTreeFeatures/Provide_Score_in_LT.feature:6)
]]>
            </full-stacktrace>
          </exception> <!-- org.openqa.selenium.NoSuchWindowException -->
          <reporter-output>
          </reporter-output>
        </test-method> <!-- runScenario -->
        <test-method is-config="true" signature="afterClass()[pri:0, instance:LearningTreeRunner.Provide_Score_in_LTRunner@6f15d60e]" started-at="2025-01-20T17:20:09 IST" name="afterClass" finished-at="2025-01-20T17:20:09 IST" duration-ms="1" status="PASS">
          <reporter-output>
          </reporter-output>
        </test-method> <!-- afterClass -->
        <test-method is-config="true" signature="tearDownClass()[pri:0, instance:LearningTreeRunner.Provide_Score_in_LTRunner@6f15d60e]" started-at="2025-01-20T17:20:09 IST" name="tearDownClass" finished-at="2025-01-20T17:20:11 IST" duration-ms="1276" status="PASS">
          <reporter-output>
          </reporter-output>
        </test-method> <!-- tearDownClass -->
      </class> <!-- LearningTreeRunner.Provide_Score_in_LTRunner -->
      <class name="LearningTreeRunner.Activity_CreationRunner">
        <test-method is-config="true" signature="setUpClass(org.testng.ITestContext)[pri:0, instance:LearningTreeRunner.Activity_CreationRunner@6b09fb41]" started-at="2025-01-20T17:18:43 IST" name="setUpClass" finished-at="2025-01-20T17:18:44 IST" duration-ms="799" status="PASS">
          <params>
            <param index="0">
              <value>
                <![CDATA[org.testng.TestRunner@71634e64]]>
              </value>
            </param>
          </params>
          <reporter-output>
          </reporter-output>
        </test-method> <!-- setUpClass -->
        <test-method is-config="true" signature="beforeClass()[pri:0, instance:LearningTreeRunner.Activity_CreationRunner@6b09fb41]" started-at="2025-01-20T17:18:44 IST" name="beforeClass" finished-at="2025-01-20T17:18:44 IST" duration-ms="2" status="PASS">
          <reporter-output>
          </reporter-output>
        </test-method> <!-- beforeClass -->
        <test-method signature="runScenario(io.cucumber.testng.PickleWrapper,io.cucumber.testng.FeatureWrapper)[pri:0, instance:LearningTreeRunner.Activity_CreationRunner@6b09fb41]" started-at="2025-01-20T17:18:44 IST" name="runScenario" description="Runs Cucumber Scenarios" data-provider="scenarios" finished-at="2025-01-20T17:19:43 IST" duration-ms="59722" status="FAIL">
          <params>
            <param index="0">
              <value>
                <![CDATA["Creating the Activities"]]>
              </value>
            </param>
            <param index="1">
              <value>
                <![CDATA["Verify the Activities Creation Functionality"]]>
              </value>
            </param>
          </params>
          <exception class="org.openqa.selenium.ElementNotInteractableException">
            <message>
              <![CDATA[element not interactable
  (Session info: chrome=132.0.6834.83)
Build info: version: '4.18.1', revision: 'b1d3319b48'
System info: os.name: 'Windows 11', os.arch: 'amd64', os.version: '10.0', java.version: '22.0.2'
Driver info: org.openqa.selenium.chrome.ChromeDriver
Command: [9e13596ecc07e10dbbd699394d1dd15a, sendKeysToElement {value=[Ljava.lang.CharSequence;@57b63253, id=f.8E28B7706D0618171755C936DAD55662.d.9CCDB9444FED92D4A3A7C901BA32B31A.e.445}]
Capabilities {acceptInsecureCerts: false, browserName: chrome, browserVersion: 132.0.6834.83, chrome: {chromedriverVersion: 132.0.6834.83 (03d59cf5ecf1..., userDataDir: C:\Users\SAHOOS~1\AppData\L...}, fedcm:accounts: true, goog:chromeOptions: {debuggerAddress: localhost:51027}, networkConnectionEnabled: false, pageLoadStrategy: normal, platformName: windows, proxy: Proxy(), se:cdp: ws://localhost:51027/devtoo..., se:cdpVersion: 132.0.6834.83, setWindowRect: true, strictFileInteractability: false, timeouts: {implicit: 0, pageLoad: 300000, script: 30000}, unhandledPromptBehavior: dismiss and notify, webauthn:extension:credBlob: true, webauthn:extension:largeBlob: true, webauthn:extension:minPinLength: true, webauthn:extension:prf: true, webauthn:virtualAuthenticators: true}
Element: [[ChromeDriver: chrome on windows (9e13596ecc07e10dbbd699394d1dd15a)] -> xpath: //input[@type='text']]
Session ID: 9e13596ecc07e10dbbd699394d1dd15a]]>
            </message>
            <full-stacktrace>
              <![CDATA[org.openqa.selenium.ElementNotInteractableException: element not interactable
  (Session info: chrome=132.0.6834.83)
Build info: version: '4.18.1', revision: 'b1d3319b48'
System info: os.name: 'Windows 11', os.arch: 'amd64', os.version: '10.0', java.version: '22.0.2'
Driver info: org.openqa.selenium.chrome.ChromeDriver
Command: [9e13596ecc07e10dbbd699394d1dd15a, sendKeysToElement {value=[Ljava.lang.CharSequence;@57b63253, id=f.8E28B7706D0618171755C936DAD55662.d.9CCDB9444FED92D4A3A7C901BA32B31A.e.445}]
Capabilities {acceptInsecureCerts: false, browserName: chrome, browserVersion: 132.0.6834.83, chrome: {chromedriverVersion: 132.0.6834.83 (03d59cf5ecf1..., userDataDir: C:\Users\SAHOOS~1\AppData\L...}, fedcm:accounts: true, goog:chromeOptions: {debuggerAddress: localhost:51027}, networkConnectionEnabled: false, pageLoadStrategy: normal, platformName: windows, proxy: Proxy(), se:cdp: ws://localhost:51027/devtoo..., se:cdpVersion: 132.0.6834.83, setWindowRect: true, strictFileInteractability: false, timeouts: {implicit: 0, pageLoad: 300000, script: 30000}, unhandledPromptBehavior: dismiss and notify, webauthn:extension:credBlob: true, webauthn:extension:largeBlob: true, webauthn:extension:minPinLength: true, webauthn:extension:prf: true, webauthn:virtualAuthenticators: true}
Element: [[ChromeDriver: chrome on windows (9e13596ecc07e10dbbd699394d1dd15a)] -> xpath: //input[@type='text']]
Session ID: 9e13596ecc07e10dbbd699394d1dd15a
at java.base/jdk.internal.reflect.DirectConstructorHandleAccessor.newInstance(DirectConstructorHandleAccessor.java:62)
at java.base/java.lang.reflect.Constructor.newInstanceWithCaller(Constructor.java:502)
at java.base/java.lang.reflect.Constructor.newInstance(Constructor.java:486)
at org.openqa.selenium.remote.ErrorCodec.decode(ErrorCodec.java:167)
at org.openqa.selenium.remote.codec.w3c.W3CHttpResponseCodec.decode(W3CHttpResponseCodec.java:138)
at org.openqa.selenium.remote.codec.w3c.W3CHttpResponseCodec.decode(W3CHttpResponseCodec.java:50)
at org.openqa.selenium.remote.HttpCommandExecutor.execute(HttpCommandExecutor.java:190)
at org.openqa.selenium.remote.service.DriverCommandExecutor.invokeExecute(DriverCommandExecutor.java:216)
at org.openqa.selenium.remote.service.DriverCommandExecutor.execute(DriverCommandExecutor.java:174)
at org.openqa.selenium.remote.RemoteWebDriver.execute(RemoteWebDriver.java:519)
at org.openqa.selenium.remote.RemoteWebElement.execute(RemoteWebElement.java:223)
at org.openqa.selenium.remote.RemoteWebElement.sendKeys(RemoteWebElement.java:110)
at java.base/jdk.internal.reflect.DirectMethodHandleAccessor.invoke(DirectMethodHandleAccessor.java:103)
at java.base/java.lang.reflect.Method.invoke(Method.java:580)
at org.openqa.selenium.support.pagefactory.internal.LocatingElementHandler.invoke(LocatingElementHandler.java:52)
at jdk.proxy2/jdk.proxy2.$Proxy28.sendKeys(Unknown Source)
at com.LearningTree.pages.Activities_Creation_in_CDPage.add_Assessment_Activity(Activities_Creation_in_CDPage.java:296)
at LearningTreeStepdef.Activities_creation_Stepdefination.User_Add_Activities_in_Virtual_Goal(Activities_creation_Stepdefination.java:114)
at ✽.User Add Activities in Virtual Goal0(file:///D:/FPK_Automation_Scripts/LT_Automation/src/test/resources/LearningTreeFeatures/Activities_Creation.feature:16)
]]>
            </full-stacktrace>
          </exception> <!-- org.openqa.selenium.ElementNotInteractableException -->
          <reporter-output>
          </reporter-output>
        </test-method> <!-- runScenario -->
        <test-method is-config="true" signature="afterClass()[pri:0, instance:LearningTreeRunner.Activity_CreationRunner@6b09fb41]" started-at="2025-01-20T17:19:43 IST" name="afterClass" finished-at="2025-01-20T17:19:43 IST" duration-ms="0" status="PASS">
          <reporter-output>
          </reporter-output>
        </test-method> <!-- afterClass -->
        <test-method is-config="true" signature="tearDownClass()[pri:0, instance:LearningTreeRunner.Activity_CreationRunner@6b09fb41]" started-at="2025-01-20T17:19:43 IST" name="tearDownClass" finished-at="2025-01-20T17:19:45 IST" duration-ms="1287" status="FAIL">
          <exception class="java.lang.AbstractMethodError">
            <message>
              <![CDATA[Receiver class org.apache.poi.xssf.usermodel.XSSFColor does not define or inherit an implementation of the resolved method 'abstract byte[] getStoredRGB()' of abstract class org.apache.poi.ss.usermodel.ExtendedColor.]]>
            </message>
            <full-stacktrace>
              <![CDATA[java.lang.AbstractMethodError: Receiver class org.apache.poi.xssf.usermodel.XSSFColor does not define or inherit an implementation of the resolved method 'abstract byte[] getStoredRGB()' of abstract class org.apache.poi.ss.usermodel.ExtendedColor.
at org.apache.poi.ss.usermodel.ExtendedColor.getRGBOrARGB(ExtendedColor.java:100)
at org.apache.poi.xssf.usermodel.XSSFColor.getRGB(XSSFColor.java:189)
at org.apache.poi.xssf.usermodel.XSSFFont.setColor(XSSFFont.java:421)
at tech.grasshopper.excel.report.cell.CellStyles.lambda$failTextColorCellStyle$32(CellStyles.java:198)
at tech.grasshopper.excel.report.cell.CellStyles.setFont(CellStyles.java:212)
at tech.grasshopper.excel.report.cell.CellStyles.lambda$failTextColorCellStyle$33(CellStyles.java:197)
at java.base/java.util.HashMap.computeIfAbsent(HashMap.java:1228)
at tech.grasshopper.excel.report.cell.CellStyles.failTextColorCellStyle(CellStyles.java:197)
at tech.grasshopper.excel.report.cell.CellStyles.getCellStyle(CellStyles.java:99)
at tech.grasshopper.excel.report.cell.CellOperations.writeValue(CellOperations.java:48)
at tech.grasshopper.excel.report.table.FeatureScenarioFailSkipTable.writeTableValues(FeatureScenarioFailSkipTable.java:53)
at tech.grasshopper.excel.report.sheets.dashboard.components.FeatureScenarioFailSkipDBComponent.updateDBScenarioFeatureFailSkipTableData(FeatureScenarioFailSkipDBComponent.java:176)
at tech.grasshopper.excel.report.sheets.dashboard.components.FeatureScenarioFailSkipDBComponent.createComponent(FeatureScenarioFailSkipDBComponent.java:57)
at tech.grasshopper.excel.report.sheets.dashboard.DashboardBasicAndFailSkipSheet.updateSheet(DashboardBasicAndFailSkipSheet.java:21)
at tech.grasshopper.excel.report.workbook.ExecutionAndFailSkipDataReport.updateSheets(ExecutionAndFailSkipDataReport.java:19)
at tech.grasshopper.excel.report.workbook.ReportWorkbook.createReport(ReportWorkbook.java:46)
at tech.grasshopper.reporter.ExtentExcelCucumberReporter.flush(ExtentExcelCucumberReporter.java:70)
at tech.grasshopper.reporter.ExtentExcelCucumberReporter.access$100(ExtentExcelCucumberReporter.java:18)
at tech.grasshopper.reporter.ExtentExcelCucumberReporter$1.onNext(ExtentExcelCucumberReporter.java:45)
at tech.grasshopper.reporter.ExtentExcelCucumberReporter$1.onNext(ExtentExcelCucumberReporter.java:37)
at io.reactivex.rxjava3.subjects.PublishSubject$PublishDisposable.onNext(PublishSubject.java:310)
at io.reactivex.rxjava3.subjects.PublishSubject.onNext(PublishSubject.java:226)
at com.aventstack.extentreports.ReactiveSubject.onFlush(ReactiveSubject.java:83)
at com.aventstack.extentreports.AbstractProcessor.onFlush(AbstractProcessor.java:96)
at com.aventstack.extentreports.ExtentReports.flush(ExtentReports.java:279)
at com.aventstack.extentreports.service.ExtentService.flush(ExtentService.java:47)
at com.aventstack.extentreports.cucumber.adapter.ExtentCucumberAdapter.finishReport(ExtentCucumberAdapter.java:301)
at com.aventstack.extentreports.cucumber.adapter.ExtentCucumberAdapter$8.receive(ExtentCucumberAdapter.java:137)
at com.aventstack.extentreports.cucumber.adapter.ExtentCucumberAdapter$8.receive(ExtentCucumberAdapter.java:134)
at io.cucumber.core.eventbus.AbstractEventPublisher.send(AbstractEventPublisher.java:51)
at io.cucumber.core.eventbus.AbstractEventBus.send(AbstractEventBus.java:12)
at io.cucumber.core.runtime.SynchronizedEventBus.send(SynchronizedEventBus.java:47)
at io.cucumber.core.runtime.CucumberExecutionContext.emitTestRunFinished(CucumberExecutionContext.java:118)
at io.cucumber.core.runtime.CucumberExecutionContext.finishTestRun(CucumberExecutionContext.java:105)
at io.cucumber.testng.TestNGCucumberRunner.finish(TestNGCucumberRunner.java:145)
at io.cucumber.testng.AbstractTestNGCucumberTests.tearDownClass(AbstractTestNGCucumberTests.java:57)
at java.base/jdk.internal.reflect.DirectMethodHandleAccessor.invoke(DirectMethodHandleAccessor.java:103)
at java.base/java.lang.reflect.Method.invoke(Method.java:580)
at org.testng.internal.invokers.MethodInvocationHelper.invokeMethod(MethodInvocationHelper.java:139)
at org.testng.internal.invokers.MethodInvocationHelper.invokeMethodConsideringTimeout(MethodInvocationHelper.java:69)
at org.testng.internal.invokers.ConfigInvoker.invokeConfigurationMethod(ConfigInvoker.java:361)
at org.testng.internal.invokers.ConfigInvoker.invokeConfigurations(ConfigInvoker.java:296)
at org.testng.internal.invokers.TestMethodWorker.invokeAfterClassMethods(TestMethodWorker.java:222)
at org.testng.internal.invokers.TestMethodWorker.run(TestMethodWorker.java:131)
at java.base/java.util.ArrayList.forEach(ArrayList.java:1597)
at org.testng.TestRunner.privateRun(TestRunner.java:829)
at org.testng.TestRunner.run(TestRunner.java:602)
at org.testng.SuiteRunner.runTest(SuiteRunner.java:437)
at org.testng.SuiteRunner.runSequentially(SuiteRunner.java:431)
at org.testng.SuiteRunner.privateRun(SuiteRunner.java:391)
at org.testng.SuiteRunner.run(SuiteRunner.java:330)
at org.testng.SuiteRunnerWorker.runSuite(SuiteRunnerWorker.java:52)
at org.testng.SuiteRunnerWorker.run(SuiteRunnerWorker.java:95)
at org.testng.TestNG.runSuitesSequentially(TestNG.java:1256)
at org.testng.TestNG.runSuitesLocally(TestNG.java:1176)
at org.testng.TestNG.runSuites(TestNG.java:1099)
at org.testng.TestNG.run(TestNG.java:1067)
at org.testng.remote.AbstractRemoteTestNG.run(AbstractRemoteTestNG.java:115)
at org.testng.remote.RemoteTestNG.initAndRun(RemoteTestNG.java:293)
at org.testng.remote.RemoteTestNG.main(RemoteTestNG.java:91)
]]>
            </full-stacktrace>
          </exception> <!-- java.lang.AbstractMethodError -->
          <reporter-output>
          </reporter-output>
        </test-method> <!-- tearDownClass -->
      </class> <!-- LearningTreeRunner.Activity_CreationRunner -->
      <class name="LearningTreeRunner.Student_Activities_SubmissionRunner">
        <test-method is-config="true" signature="setUpClass(org.testng.ITestContext)[pri:0, instance:LearningTreeRunner.Student_Activities_SubmissionRunner@7857fe2]" started-at="2025-01-20T17:19:54 IST" name="setUpClass" finished-at="2025-01-20T17:19:54 IST" duration-ms="12" status="PASS">
          <params>
            <param index="0">
              <value>
                <![CDATA[org.testng.TestRunner@71634e64]]>
              </value>
            </param>
          </params>
          <reporter-output>
          </reporter-output>
        </test-method> <!-- setUpClass -->
        <test-method is-config="true" signature="beforeClass()[pri:0, instance:LearningTreeRunner.Student_Activities_SubmissionRunner@7857fe2]" started-at="2025-01-20T17:19:54 IST" name="beforeClass" finished-at="2025-01-20T17:19:54 IST" duration-ms="1" status="PASS">
          <reporter-output>
          </reporter-output>
        </test-method> <!-- beforeClass -->
        <test-method signature="runScenario(io.cucumber.testng.PickleWrapper,io.cucumber.testng.FeatureWrapper)[pri:0, instance:LearningTreeRunner.Student_Activities_SubmissionRunner@7857fe2]" started-at="2025-01-20T17:19:54 IST" name="runScenario" description="Runs Cucumber Scenarios" data-provider="scenarios" finished-at="2025-01-20T17:20:01 IST" duration-ms="6740" status="FAIL">
          <params>
            <param index="0">
              <value>
                <![CDATA["Student Activities Submission"]]>
              </value>
            </param>
            <param index="1">
              <value>
                <![CDATA["Verify the Student Activities Submission"]]>
              </value>
            </param>
          </params>
          <exception class="org.openqa.selenium.NoSuchWindowException">
            <message>
              <![CDATA[no such window: target window already closed
from unknown error: web view not found
  (Session info: chrome=132.0.6834.83)
Build info: version: '4.18.1', revision: 'b1d3319b48'
System info: os.name: 'Windows 11', os.arch: 'amd64', os.version: '10.0', java.version: '22.0.2'
Driver info: org.openqa.selenium.chrome.ChromeDriver
Command: [2d0f34d3bd9818b965d0b26f7eaac4c6, findElement {using=xpath, value=//input[@id='Username']}]
Capabilities {acceptInsecureCerts: false, browserName: chrome, browserVersion: 132.0.6834.83, chrome: {chromedriverVersion: 132.0.6834.83 (03d59cf5ecf1..., userDataDir: C:\Users\SAHOOS~1\AppData\L...}, fedcm:accounts: true, goog:chromeOptions: {debuggerAddress: localhost:51093}, networkConnectionEnabled: false, pageLoadStrategy: normal, platformName: windows, proxy: Proxy(), se:cdp: ws://localhost:51093/devtoo..., se:cdpVersion: 132.0.6834.83, setWindowRect: true, strictFileInteractability: false, timeouts: {implicit: 0, pageLoad: 300000, script: 30000}, unhandledPromptBehavior: dismiss and notify, webauthn:extension:credBlob: true, webauthn:extension:largeBlob: true, webauthn:extension:minPinLength: true, webauthn:extension:prf: true, webauthn:virtualAuthenticators: true}
Session ID: 2d0f34d3bd9818b965d0b26f7eaac4c6]]>
            </message>
            <full-stacktrace>
              <![CDATA[org.openqa.selenium.NoSuchWindowException: no such window: target window already closed
from unknown error: web view not found
  (Session info: chrome=132.0.6834.83)
Build info: version: '4.18.1', revision: 'b1d3319b48'
System info: os.name: 'Windows 11', os.arch: 'amd64', os.version: '10.0', java.version: '22.0.2'
Driver info: org.openqa.selenium.chrome.ChromeDriver
Command: [2d0f34d3bd9818b965d0b26f7eaac4c6, findElement {using=xpath, value=//input[@id='Username']}]
Capabilities {acceptInsecureCerts: false, browserName: chrome, browserVersion: 132.0.6834.83, chrome: {chromedriverVersion: 132.0.6834.83 (03d59cf5ecf1..., userDataDir: C:\Users\SAHOOS~1\AppData\L...}, fedcm:accounts: true, goog:chromeOptions: {debuggerAddress: localhost:51093}, networkConnectionEnabled: false, pageLoadStrategy: normal, platformName: windows, proxy: Proxy(), se:cdp: ws://localhost:51093/devtoo..., se:cdpVersion: 132.0.6834.83, setWindowRect: true, strictFileInteractability: false, timeouts: {implicit: 0, pageLoad: 300000, script: 30000}, unhandledPromptBehavior: dismiss and notify, webauthn:extension:credBlob: true, webauthn:extension:largeBlob: true, webauthn:extension:minPinLength: true, webauthn:extension:prf: true, webauthn:virtualAuthenticators: true}
Session ID: 2d0f34d3bd9818b965d0b26f7eaac4c6
at java.base/jdk.internal.reflect.DirectConstructorHandleAccessor.newInstance(DirectConstructorHandleAccessor.java:62)
at java.base/java.lang.reflect.Constructor.newInstanceWithCaller(Constructor.java:502)
at java.base/java.lang.reflect.Constructor.newInstance(Constructor.java:486)
at org.openqa.selenium.remote.ErrorCodec.decode(ErrorCodec.java:167)
at org.openqa.selenium.remote.codec.w3c.W3CHttpResponseCodec.decode(W3CHttpResponseCodec.java:138)
at org.openqa.selenium.remote.codec.w3c.W3CHttpResponseCodec.decode(W3CHttpResponseCodec.java:50)
at org.openqa.selenium.remote.HttpCommandExecutor.execute(HttpCommandExecutor.java:190)
at org.openqa.selenium.remote.service.DriverCommandExecutor.invokeExecute(DriverCommandExecutor.java:216)
at org.openqa.selenium.remote.service.DriverCommandExecutor.execute(DriverCommandExecutor.java:174)
at org.openqa.selenium.remote.RemoteWebDriver.execute(RemoteWebDriver.java:519)
at org.openqa.selenium.remote.ElementLocation$ElementFinder$2.findElement(ElementLocation.java:165)
at org.openqa.selenium.remote.ElementLocation.findElement(ElementLocation.java:59)
at org.openqa.selenium.remote.RemoteWebDriver.findElement(RemoteWebDriver.java:356)
at org.openqa.selenium.remote.RemoteWebDriver.findElement(RemoteWebDriver.java:350)
at com.LearningTree.pages.LoginPage.enterUsername(LoginPage.java:54)
at com.LearningTree.pages.LoginPage.User_login(LoginPage.java:79)
at LearningTreeStepdef.LoginStepdefinintions.user_enters_the_credentials_from_the_excel_sheet_at(LoginStepdefinintions.java:42)
at ✽.User enters the credentials from the excel sheet at 3(file:///D:/FPK_Automation_Scripts/LT_Automation/src/test/resources/LearningTreeFeatures/Student_Activitys_Submission.feature:6)
]]>
            </full-stacktrace>
          </exception> <!-- org.openqa.selenium.NoSuchWindowException -->
          <reporter-output>
          </reporter-output>
        </test-method> <!-- runScenario -->
        <test-method is-config="true" signature="afterClass()[pri:0, instance:LearningTreeRunner.Student_Activities_SubmissionRunner@7857fe2]" started-at="2025-01-20T17:20:01 IST" name="afterClass" finished-at="2025-01-20T17:20:01 IST" duration-ms="1" status="PASS">
          <reporter-output>
          </reporter-output>
        </test-method> <!-- afterClass -->
        <test-method is-config="true" signature="tearDownClass()[pri:0, instance:LearningTreeRunner.Student_Activities_SubmissionRunner@7857fe2]" started-at="2025-01-20T17:20:01 IST" name="tearDownClass" finished-at="2025-01-20T17:20:02 IST" duration-ms="1264" status="PASS">
          <reporter-output>
          </reporter-output>
        </test-method> <!-- tearDownClass -->
      </class> <!-- LearningTreeRunner.Student_Activities_SubmissionRunner -->
      <class name="LearningTreeRunner.Import_Activities_in_LTRunner">
        <test-method is-config="true" signature="setUpClass(org.testng.ITestContext)[pri:0, instance:LearningTreeRunner.Import_Activities_in_LTRunner@20b2475a]" started-at="2025-01-20T17:19:45 IST" name="setUpClass" finished-at="2025-01-20T17:19:45 IST" duration-ms="23" status="PASS">
          <params>
            <param index="0">
              <value>
                <![CDATA[org.testng.TestRunner@71634e64]]>
              </value>
            </param>
          </params>
          <reporter-output>
          </reporter-output>
        </test-method> <!-- setUpClass -->
        <test-method is-config="true" signature="beforeClass()[pri:0, instance:LearningTreeRunner.Import_Activities_in_LTRunner@20b2475a]" started-at="2025-01-20T17:19:45 IST" name="beforeClass" finished-at="2025-01-20T17:19:45 IST" duration-ms="0" status="PASS">
          <reporter-output>
          </reporter-output>
        </test-method> <!-- beforeClass -->
        <test-method signature="runScenario(io.cucumber.testng.PickleWrapper,io.cucumber.testng.FeatureWrapper)[pri:0, instance:LearningTreeRunner.Import_Activities_in_LTRunner@20b2475a]" started-at="2025-01-20T17:19:45 IST" name="runScenario" description="Runs Cucumber Scenarios" data-provider="scenarios" finished-at="2025-01-20T17:19:52 IST" duration-ms="7674" status="FAIL">
          <params>
            <param index="0">
              <value>
                <![CDATA["Import of Activities in LT"]]>
              </value>
            </param>
            <param index="1">
              <value>
                <![CDATA["Verify the import of Activities in LT"]]>
              </value>
            </param>
          </params>
          <exception class="org.openqa.selenium.NoSuchWindowException">
            <message>
              <![CDATA[no such window: target window already closed
from unknown error: web view not found
  (Session info: chrome=132.0.6834.83)
Build info: version: '4.18.1', revision: 'b1d3319b48'
System info: os.name: 'Windows 11', os.arch: 'amd64', os.version: '10.0', java.version: '22.0.2'
Driver info: org.openqa.selenium.chrome.ChromeDriver
Command: [aa0be8aaf04945cd2ced1b28530a1a85, findElement {using=xpath, value=//input[@id='Username']}]
Capabilities {acceptInsecureCerts: false, browserName: chrome, browserVersion: 132.0.6834.83, chrome: {chromedriverVersion: 132.0.6834.83 (03d59cf5ecf1..., userDataDir: C:\Users\SAHOOS~1\AppData\L...}, fedcm:accounts: true, goog:chromeOptions: {debuggerAddress: localhost:51067}, networkConnectionEnabled: false, pageLoadStrategy: normal, platformName: windows, proxy: Proxy(), se:cdp: ws://localhost:51067/devtoo..., se:cdpVersion: 132.0.6834.83, setWindowRect: true, strictFileInteractability: false, timeouts: {implicit: 0, pageLoad: 300000, script: 30000}, unhandledPromptBehavior: dismiss and notify, webauthn:extension:credBlob: true, webauthn:extension:largeBlob: true, webauthn:extension:minPinLength: true, webauthn:extension:prf: true, webauthn:virtualAuthenticators: true}
Session ID: aa0be8aaf04945cd2ced1b28530a1a85]]>
            </message>
            <full-stacktrace>
              <![CDATA[org.openqa.selenium.NoSuchWindowException: no such window: target window already closed
from unknown error: web view not found
  (Session info: chrome=132.0.6834.83)
Build info: version: '4.18.1', revision: 'b1d3319b48'
System info: os.name: 'Windows 11', os.arch: 'amd64', os.version: '10.0', java.version: '22.0.2'
Driver info: org.openqa.selenium.chrome.ChromeDriver
Command: [aa0be8aaf04945cd2ced1b28530a1a85, findElement {using=xpath, value=//input[@id='Username']}]
Capabilities {acceptInsecureCerts: false, browserName: chrome, browserVersion: 132.0.6834.83, chrome: {chromedriverVersion: 132.0.6834.83 (03d59cf5ecf1..., userDataDir: C:\Users\SAHOOS~1\AppData\L...}, fedcm:accounts: true, goog:chromeOptions: {debuggerAddress: localhost:51067}, networkConnectionEnabled: false, pageLoadStrategy: normal, platformName: windows, proxy: Proxy(), se:cdp: ws://localhost:51067/devtoo..., se:cdpVersion: 132.0.6834.83, setWindowRect: true, strictFileInteractability: false, timeouts: {implicit: 0, pageLoad: 300000, script: 30000}, unhandledPromptBehavior: dismiss and notify, webauthn:extension:credBlob: true, webauthn:extension:largeBlob: true, webauthn:extension:minPinLength: true, webauthn:extension:prf: true, webauthn:virtualAuthenticators: true}
Session ID: aa0be8aaf04945cd2ced1b28530a1a85
at java.base/jdk.internal.reflect.DirectConstructorHandleAccessor.newInstance(DirectConstructorHandleAccessor.java:62)
at java.base/java.lang.reflect.Constructor.newInstanceWithCaller(Constructor.java:502)
at java.base/java.lang.reflect.Constructor.newInstance(Constructor.java:486)
at org.openqa.selenium.remote.ErrorCodec.decode(ErrorCodec.java:167)
at org.openqa.selenium.remote.codec.w3c.W3CHttpResponseCodec.decode(W3CHttpResponseCodec.java:138)
at org.openqa.selenium.remote.codec.w3c.W3CHttpResponseCodec.decode(W3CHttpResponseCodec.java:50)
at org.openqa.selenium.remote.HttpCommandExecutor.execute(HttpCommandExecutor.java:190)
at org.openqa.selenium.remote.service.DriverCommandExecutor.invokeExecute(DriverCommandExecutor.java:216)
at org.openqa.selenium.remote.service.DriverCommandExecutor.execute(DriverCommandExecutor.java:174)
at org.openqa.selenium.remote.RemoteWebDriver.execute(RemoteWebDriver.java:519)
at org.openqa.selenium.remote.ElementLocation$ElementFinder$2.findElement(ElementLocation.java:165)
at org.openqa.selenium.remote.ElementLocation.findElement(ElementLocation.java:59)
at org.openqa.selenium.remote.RemoteWebDriver.findElement(RemoteWebDriver.java:356)
at org.openqa.selenium.remote.RemoteWebDriver.findElement(RemoteWebDriver.java:350)
at com.LearningTree.pages.LoginPage.enterUsername(LoginPage.java:54)
at com.LearningTree.pages.LoginPage.User_login(LoginPage.java:79)
at LearningTreeStepdef.LoginStepdefinintions.user_enters_the_credentials_from_the_excel_sheet_at(LoginStepdefinintions.java:42)
at ✽.User enters the credentials from the excel sheet at 2(file:///D:/FPK_Automation_Scripts/LT_Automation/src/test/resources/LearningTreeFeatures/Import_Activities_in_LT.feature:6)
]]>
            </full-stacktrace>
          </exception> <!-- org.openqa.selenium.NoSuchWindowException -->
          <reporter-output>
          </reporter-output>
        </test-method> <!-- runScenario -->
        <test-method is-config="true" signature="tearDownClass()[pri:0, instance:LearningTreeRunner.Import_Activities_in_LTRunner@20b2475a]" started-at="2025-01-20T17:19:52 IST" name="tearDownClass" finished-at="2025-01-20T17:19:54 IST" duration-ms="1802" status="PASS">
          <reporter-output>
          </reporter-output>
        </test-method> <!-- tearDownClass -->
        <test-method is-config="true" signature="afterClass()[pri:0, instance:LearningTreeRunner.Import_Activities_in_LTRunner@20b2475a]" started-at="2025-01-20T17:19:52 IST" name="afterClass" finished-at="2025-01-20T17:19:52 IST" duration-ms="0" status="PASS">
          <reporter-output>
          </reporter-output>
        </test-method> <!-- afterClass -->
      </class> <!-- LearningTreeRunner.Import_Activities_in_LTRunner -->
    </test> <!-- Test -->
  </suite> <!-- Suite -->
</testng-results>
