<?xml version="1.0" encoding="UTF-8"?>
<testng-results total="1" passed="1" failed="0" skipped="0">
  <reporter-output>
  </reporter-output>
  <suite started-at="2025-01-08T09:38:37Z" name="Default suite" finished-at="2025-01-08T09:39:58Z" duration-ms="80800">
    <groups>
      <group name="cucumber">
        <method signature="AbstractTestNGCucumberTests.runScenario(io.cucumber.testng.PickleWrapper, io.cucumber.testng.FeatureWrapper)[pri:0, instance:ExamCenterRunners.Users_Creation_Runner@386f0da3]" name="runScenario" class="io.cucumber.testng.AbstractTestNGCucumberTests"/>
      </group> <!-- cucumber -->
    </groups>
    <test started-at="2025-01-08T09:38:37Z" name="Default test" finished-at="2025-01-08T09:39:58Z" duration-ms="80800">
      <class name="ExamCenterRunners.Users_Creation_Runner">
        <test-method is-config="true" signature="setUpClass(org.testng.ITestContext)[pri:0, instance:ExamCenterRunners.Users_Creation_Runner@386f0da3]" started-at="2025-01-08T15:08:37Z" name="setUpClass" finished-at="2025-01-08T15:08:38Z" duration-ms="972" status="PASS">
          <params>
            <param index="0">
              <value>
                <![CDATA[org.testng.TestRunner@25d23478]]>
              </value>
            </param>
          </params>
          <reporter-output>
          </reporter-output>
        </test-method> <!-- setUpClass -->
        <test-method is-config="true" signature="beforeclass()[pri:0, instance:ExamCenterRunners.Users_Creation_Runner@386f0da3]" started-at="2025-01-08T15:08:38Z" name="beforeclass" finished-at="2025-01-08T15:08:38Z" duration-ms="4" status="PASS">
          <reporter-output>
          </reporter-output>
        </test-method> <!-- beforeclass -->
        <test-method signature="runScenario(io.cucumber.testng.PickleWrapper, io.cucumber.testng.FeatureWrapper)[pri:0, instance:ExamCenterRunners.Users_Creation_Runner@386f0da3]" started-at="2025-01-08T15:08:38Z" name="runScenario" description="Runs Cucumber Scenarios" data-provider="scenarios" finished-at="2025-01-08T15:09:56Z" duration-ms="78280" status="PASS">
          <params>
            <param index="0">
              <value>
                <![CDATA["Verify the Users Creation Functionality with valid Data"]]>
              </value>
            </param>
            <param index="1">
              <value>
                <![CDATA["Checking the Create Users Functionality"]]>
              </value>
            </param>
          </params>
          <reporter-output>
          </reporter-output>
        </test-method> <!-- runScenario -->
        <test-method is-config="true" signature="tearDownClass()[pri:0, instance:ExamCenterRunners.Users_Creation_Runner@386f0da3]" started-at="2025-01-08T15:09:56Z" name="tearDownClass" finished-at="2025-01-08T15:09:58Z" duration-ms="1527" status="PASS">
          <reporter-output>
          </reporter-output>
        </test-method> <!-- tearDownClass -->
        <test-method is-config="true" signature="Afterclass()[pri:0, instance:ExamCenterRunners.Users_Creation_Runner@386f0da3]" started-at="2025-01-08T15:09:56Z" name="Afterclass" finished-at="2025-01-08T15:09:56Z" duration-ms="0" status="PASS">
          <reporter-output>
          </reporter-output>
        </test-method> <!-- Afterclass -->
      </class> <!-- ExamCenterRunners.Users_Creation_Runner -->
    </test> <!-- Default test -->
  </suite> <!-- Default suite -->
</testng-results>
