<?xml version="1.0" encoding="UTF-8"?>
<testng-results ignored="0" total="9" passed="9" failed="0" skipped="0">
  <reporter-output>
  </reporter-output>
  <suite started-at="2024-12-26T16:29:27 IST" name="Suite" finished-at="2024-12-26T16:38:17 IST" duration-ms="529428">
    <groups>
      <group name="cucumber">
        <method signature="AbstractTestNGCucumberTests.runScenario(io.cucumber.testng.PickleWrapper,io.cucumber.testng.FeatureWrapper)[pri:0, instance:PortfolioCenterRunner.AssignmentsSubmissionRunner@4e5ed836]" name="runScenario" class="io.cucumber.testng.AbstractTestNGCucumberTests"/>
        <method signature="AbstractTestNGCucumberTests.runScenario(io.cucumber.testng.PickleWrapper,io.cucumber.testng.FeatureWrapper)[pri:0, instance:PortfolioCenterRunner.DeletePortfolioCourseRunner@3ad83a66]" name="runScenario" class="io.cucumber.testng.AbstractTestNGCucumberTests"/>
        <method signature="AbstractTestNGCucumberTests.runScenario(io.cucumber.testng.PickleWrapper,io.cucumber.testng.FeatureWrapper)[pri:0, instance:PortfolioCenterRunner.MultiScoringAssignmentSubmissionRunner@2a8448fa]" name="runScenario" class="io.cucumber.testng.AbstractTestNGCucumberTests"/>
        <method signature="AbstractTestNGCucumberTests.runScenario(io.cucumber.testng.PickleWrapper,io.cucumber.testng.FeatureWrapper)[pri:0, instance:PortfolioCenterRunner.MultiScoringPortfolioCourseRuner@43f02ef2]" name="runScenario" class="io.cucumber.testng.AbstractTestNGCucumberTests"/>
        <method signature="AbstractTestNGCucumberTests.runScenario(io.cucumber.testng.PickleWrapper,io.cucumber.testng.FeatureWrapper)[pri:0, instance:PortfolioCenterRunner.MultiScoringSubmissionRuner@2de56eb2]" name="runScenario" class="io.cucumber.testng.AbstractTestNGCucumberTests"/>
        <method signature="AbstractTestNGCucumberTests.runScenario(io.cucumber.testng.PickleWrapper,io.cucumber.testng.FeatureWrapper)[pri:0, instance:PortfolioCenterRunner.PortfolioCenterCourseRunner@2ab4bc72]" name="runScenario" class="io.cucumber.testng.AbstractTestNGCucumberTests"/>
        <method signature="AbstractTestNGCucumberTests.runScenario(io.cucumber.testng.PickleWrapper,io.cucumber.testng.FeatureWrapper)[pri:0, instance:PortfolioCenterRunner.SISprovisioningRunner@673fdbce]" name="runScenario" class="io.cucumber.testng.AbstractTestNGCucumberTests"/>
        <method signature="AbstractTestNGCucumberTests.runScenario(io.cucumber.testng.PickleWrapper,io.cucumber.testng.FeatureWrapper)[pri:0, instance:PortfolioCenterRunner.ScoreSubmissionRunner@740fb309]" name="runScenario" class="io.cucumber.testng.AbstractTestNGCucumberTests"/>
      </group> <!-- cucumber -->
    </groups>
    <test started-at="2024-12-26T16:29:27 IST" name="Test" finished-at="2024-12-26T16:38:17 IST" duration-ms="529428">
      <class name="PortfolioCenterRunner.PortfolioCenterCourseRunner">
        <test-method is-config="true" signature="setUpClass(org.testng.ITestContext)[pri:0, instance:PortfolioCenterRunner.PortfolioCenterCourseRunner@2ab4bc72]" started-at="2024-12-26T16:31:52 IST" name="setUpClass" finished-at="2024-12-26T16:31:52 IST" duration-ms="17" status="PASS">
          <params>
            <param index="0">
              <value>
                <![CDATA[org.testng.TestRunner@10c88d11]]>
              </value>
            </param>
          </params>
          <reporter-output>
          </reporter-output>
        </test-method> <!-- setUpClass -->
        <test-method signature="runScenario(io.cucumber.testng.PickleWrapper,io.cucumber.testng.FeatureWrapper)[pri:0, instance:PortfolioCenterRunner.PortfolioCenterCourseRunner@2ab4bc72]" started-at="2024-12-26T16:31:52 IST" name="runScenario" description="Runs Cucumber Scenarios" data-provider="scenarios" finished-at="2024-12-26T16:33:00 IST" duration-ms="67990" status="PASS">
          <params>
            <param index="0">
              <value>
                <![CDATA["Verifying the Portfolio Course Creation Functionality"]]>
              </value>
            </param>
            <param index="1">
              <value>
                <![CDATA["Checking the Portfolio Center Course Functionality"]]>
              </value>
            </param>
          </params>
          <reporter-output>
          </reporter-output>
        </test-method> <!-- runScenario -->
        <test-method is-config="true" signature="beforeClass()[pri:0, instance:PortfolioCenterRunner.PortfolioCenterCourseRunner@2ab4bc72]" started-at="2024-12-26T16:31:52 IST" name="beforeClass" finished-at="2024-12-26T16:31:52 IST" duration-ms="0" status="PASS">
          <reporter-output>
          </reporter-output>
        </test-method> <!-- beforeClass -->
        <test-method is-config="true" signature="afterClass()[pri:0, instance:PortfolioCenterRunner.PortfolioCenterCourseRunner@2ab4bc72]" started-at="2024-12-26T16:33:00 IST" name="afterClass" finished-at="2024-12-26T16:33:00 IST" duration-ms="1" status="PASS">
          <reporter-output>
          </reporter-output>
        </test-method> <!-- afterClass -->
        <test-method is-config="true" signature="tearDownClass()[pri:0, instance:PortfolioCenterRunner.PortfolioCenterCourseRunner@2ab4bc72]" started-at="2024-12-26T16:33:00 IST" name="tearDownClass" finished-at="2024-12-26T16:33:02 IST" duration-ms="1376" status="PASS">
          <reporter-output>
          </reporter-output>
        </test-method> <!-- tearDownClass -->
      </class> <!-- PortfolioCenterRunner.PortfolioCenterCourseRunner -->
      <class name="PortfolioCenterRunner.MultiScoringSubmissionRuner">
        <test-method is-config="true" signature="setUpClass(org.testng.ITestContext)[pri:0, instance:PortfolioCenterRunner.MultiScoringSubmissionRuner@2de56eb2]" started-at="2024-12-26T16:36:40 IST" name="setUpClass" finished-at="2024-12-26T16:36:40 IST" duration-ms="14" status="PASS">
          <params>
            <param index="0">
              <value>
                <![CDATA[org.testng.TestRunner@10c88d11]]>
              </value>
            </param>
          </params>
          <reporter-output>
          </reporter-output>
        </test-method> <!-- setUpClass -->
        <test-method is-config="true" signature="beforeClass()[pri:0, instance:PortfolioCenterRunner.MultiScoringSubmissionRuner@2de56eb2]" started-at="2024-12-26T16:36:40 IST" name="beforeClass" finished-at="2024-12-26T16:36:40 IST" duration-ms="0" status="PASS">
          <reporter-output>
          </reporter-output>
        </test-method> <!-- beforeClass -->
        <test-method signature="runScenario(io.cucumber.testng.PickleWrapper,io.cucumber.testng.FeatureWrapper)[pri:0, instance:PortfolioCenterRunner.MultiScoringSubmissionRuner@2de56eb2]" started-at="2024-12-26T16:36:40 IST" name="runScenario" description="Runs Cucumber Scenarios" data-provider="scenarios" finished-at="2024-12-26T16:37:26 IST" duration-ms="45786" status="PASS">
          <params>
            <param index="0">
              <value>
                <![CDATA["Verify the Multi Scoring Portfolio Center Score Submission at Admin side"]]>
              </value>
            </param>
            <param index="1">
              <value>
                <![CDATA["Checking the Multi Scoring Portfolio Center Score Submission at Admin side"]]>
              </value>
            </param>
          </params>
          <reporter-output>
          </reporter-output>
        </test-method> <!-- runScenario -->
        <test-method is-config="true" signature="afterClass()[pri:0, instance:PortfolioCenterRunner.MultiScoringSubmissionRuner@2de56eb2]" started-at="2024-12-26T16:37:26 IST" name="afterClass" finished-at="2024-12-26T16:37:26 IST" duration-ms="1" status="PASS">
          <reporter-output>
          </reporter-output>
        </test-method> <!-- afterClass -->
        <test-method is-config="true" signature="tearDownClass()[pri:0, instance:PortfolioCenterRunner.MultiScoringSubmissionRuner@2de56eb2]" started-at="2024-12-26T16:37:26 IST" name="tearDownClass" finished-at="2024-12-26T16:37:27 IST" duration-ms="1322" status="PASS">
          <reporter-output>
          </reporter-output>
        </test-method> <!-- tearDownClass -->
      </class> <!-- PortfolioCenterRunner.MultiScoringSubmissionRuner -->
      <class name="PortfolioCenterRunner.MultiScoringPortfolioCourseRuner">
        <test-method is-config="true" signature="setUpClass(org.testng.ITestContext)[pri:0, instance:PortfolioCenterRunner.MultiScoringPortfolioCourseRuner@43f02ef2]" started-at="2024-12-26T16:34:44 IST" name="setUpClass" finished-at="2024-12-26T16:34:44 IST" duration-ms="15" status="PASS">
          <params>
            <param index="0">
              <value>
                <![CDATA[org.testng.TestRunner@10c88d11]]>
              </value>
            </param>
          </params>
          <reporter-output>
          </reporter-output>
        </test-method> <!-- setUpClass -->
        <test-method is-config="true" signature="beforeClass()[pri:0, instance:PortfolioCenterRunner.MultiScoringPortfolioCourseRuner@43f02ef2]" started-at="2024-12-26T16:34:44 IST" name="beforeClass" finished-at="2024-12-26T16:34:44 IST" duration-ms="0" status="PASS">
          <reporter-output>
          </reporter-output>
        </test-method> <!-- beforeClass -->
        <test-method signature="runScenario(io.cucumber.testng.PickleWrapper,io.cucumber.testng.FeatureWrapper)[pri:0, instance:PortfolioCenterRunner.MultiScoringPortfolioCourseRuner@43f02ef2]" started-at="2024-12-26T16:34:44 IST" name="runScenario" description="Runs Cucumber Scenarios" data-provider="scenarios" finished-at="2024-12-26T16:35:50 IST" duration-ms="65957" status="PASS">
          <params>
            <param index="0">
              <value>
                <![CDATA["Verifying the Multi Scoring Portfolio Center Course Functionality"]]>
              </value>
            </param>
            <param index="1">
              <value>
                <![CDATA["Checking the Multi Scoring Portfolio Center Course Functionality"]]>
              </value>
            </param>
          </params>
          <reporter-output>
          </reporter-output>
        </test-method> <!-- runScenario -->
        <test-method is-config="true" signature="afterClass()[pri:0, instance:PortfolioCenterRunner.MultiScoringPortfolioCourseRuner@43f02ef2]" started-at="2024-12-26T16:35:50 IST" name="afterClass" finished-at="2024-12-26T16:35:50 IST" duration-ms="1" status="PASS">
          <reporter-output>
          </reporter-output>
        </test-method> <!-- afterClass -->
        <test-method is-config="true" signature="tearDownClass()[pri:0, instance:PortfolioCenterRunner.MultiScoringPortfolioCourseRuner@43f02ef2]" started-at="2024-12-26T16:35:50 IST" name="tearDownClass" finished-at="2024-12-26T16:35:51 IST" duration-ms="1337" status="PASS">
          <reporter-output>
          </reporter-output>
        </test-method> <!-- tearDownClass -->
      </class> <!-- PortfolioCenterRunner.MultiScoringPortfolioCourseRuner -->
      <class name="PortfolioCenterRunner.SISprovisioningRunner">
        <test-method is-config="true" signature="setUpClass(org.testng.ITestContext)[pri:0, instance:PortfolioCenterRunner.SISprovisioningRunner@673fdbce]" started-at="2024-12-26T16:29:27 IST" name="setUpClass" finished-at="2024-12-26T16:29:28 IST" duration-ms="891" status="PASS">
          <params>
            <param index="0">
              <value>
                <![CDATA[org.testng.TestRunner@10c88d11]]>
              </value>
            </param>
          </params>
          <reporter-output>
          </reporter-output>
        </test-method> <!-- setUpClass -->
        <test-method is-config="true" signature="beforeClass()[pri:0, instance:PortfolioCenterRunner.SISprovisioningRunner@673fdbce]" started-at="2024-12-26T16:29:28 IST" name="beforeClass" finished-at="2024-12-26T16:29:28 IST" duration-ms="3" status="PASS">
          <reporter-output>
          </reporter-output>
        </test-method> <!-- beforeClass -->
        <test-method signature="runScenario(io.cucumber.testng.PickleWrapper,io.cucumber.testng.FeatureWrapper)[pri:0, instance:PortfolioCenterRunner.SISprovisioningRunner@673fdbce]" started-at="2024-12-26T16:29:28 IST" name="runScenario" description="Runs Cucumber Scenarios" data-provider="scenarios" finished-at="2024-12-26T16:30:23 IST" duration-ms="54421" status="PASS">
          <params>
            <param index="0">
              <value>
                <![CDATA["Checking the School, Classroom, Section Creation Functionality With valid Data"]]>
              </value>
            </param>
            <param index="1">
              <value>
                <![CDATA["Verify the SIS Provisioning Creation Functionality"]]>
              </value>
            </param>
          </params>
          <reporter-output>
          </reporter-output>
        </test-method> <!-- runScenario -->
        <test-method signature="runScenario(io.cucumber.testng.PickleWrapper,io.cucumber.testng.FeatureWrapper)[pri:0, instance:PortfolioCenterRunner.SISprovisioningRunner@673fdbce]" started-at="2024-12-26T16:30:23 IST" name="runScenario" description="Runs Cucumber Scenarios" data-provider="scenarios" finished-at="2024-12-26T16:31:50 IST" duration-ms="87881" status="PASS">
          <params>
            <param index="0">
              <value>
                <![CDATA["Verify the Users Creation Functionality with valid Data"]]>
              </value>
            </param>
            <param index="1">
              <value>
                <![CDATA["Verify the SIS Provisioning Creation Functionality"]]>
              </value>
            </param>
          </params>
          <reporter-output>
          </reporter-output>
        </test-method> <!-- runScenario -->
        <test-method is-config="true" signature="afterClass()[pri:0, instance:PortfolioCenterRunner.SISprovisioningRunner@673fdbce]" started-at="2024-12-26T16:31:50 IST" name="afterClass" finished-at="2024-12-26T16:31:50 IST" duration-ms="1" status="PASS">
          <reporter-output>
          </reporter-output>
        </test-method> <!-- afterClass -->
        <test-method is-config="true" signature="tearDownClass()[pri:0, instance:PortfolioCenterRunner.SISprovisioningRunner@673fdbce]" started-at="2024-12-26T16:31:50 IST" name="tearDownClass" finished-at="2024-12-26T16:31:52 IST" duration-ms="1983" status="PASS">
          <reporter-output>
          </reporter-output>
        </test-method> <!-- tearDownClass -->
      </class> <!-- PortfolioCenterRunner.SISprovisioningRunner -->
      <class name="PortfolioCenterRunner.MultiScoringAssignmentSubmissionRunner">
        <test-method is-config="true" signature="setUpClass(org.testng.ITestContext)[pri:0, instance:PortfolioCenterRunner.MultiScoringAssignmentSubmissionRunner@2a8448fa]" started-at="2024-12-26T16:35:51 IST" name="setUpClass" finished-at="2024-12-26T16:35:51 IST" duration-ms="12" status="PASS">
          <params>
            <param index="0">
              <value>
                <![CDATA[org.testng.TestRunner@10c88d11]]>
              </value>
            </param>
          </params>
          <reporter-output>
          </reporter-output>
        </test-method> <!-- setUpClass -->
        <test-method signature="runScenario(io.cucumber.testng.PickleWrapper,io.cucumber.testng.FeatureWrapper)[pri:0, instance:PortfolioCenterRunner.MultiScoringAssignmentSubmissionRunner@2a8448fa]" started-at="2024-12-26T16:35:51 IST" name="runScenario" description="Runs Cucumber Scenarios" data-provider="scenarios" finished-at="2024-12-26T16:36:39 IST" duration-ms="47678" status="PASS">
          <params>
            <param index="0">
              <value>
                <![CDATA["Verifying the Multi Scoring Portfolio Center Assignment Submission Functionality At student side"]]>
              </value>
            </param>
            <param index="1">
              <value>
                <![CDATA["Checking the Multi Scoring Portfolio Center Assignment Submission Functionality"]]>
              </value>
            </param>
          </params>
          <reporter-output>
          </reporter-output>
        </test-method> <!-- runScenario -->
        <test-method is-config="true" signature="beforeClass()[pri:0, instance:PortfolioCenterRunner.MultiScoringAssignmentSubmissionRunner@2a8448fa]" started-at="2024-12-26T16:35:51 IST" name="beforeClass" finished-at="2024-12-26T16:35:51 IST" duration-ms="0" status="PASS">
          <reporter-output>
          </reporter-output>
        </test-method> <!-- beforeClass -->
        <test-method is-config="true" signature="afterClass()[pri:0, instance:PortfolioCenterRunner.MultiScoringAssignmentSubmissionRunner@2a8448fa]" started-at="2024-12-26T16:36:39 IST" name="afterClass" finished-at="2024-12-26T16:36:39 IST" duration-ms="1" status="PASS">
          <reporter-output>
          </reporter-output>
        </test-method> <!-- afterClass -->
        <test-method is-config="true" signature="tearDownClass()[pri:0, instance:PortfolioCenterRunner.MultiScoringAssignmentSubmissionRunner@2a8448fa]" started-at="2024-12-26T16:36:39 IST" name="tearDownClass" finished-at="2024-12-26T16:36:40 IST" duration-ms="1210" status="PASS">
          <reporter-output>
          </reporter-output>
        </test-method> <!-- tearDownClass -->
      </class> <!-- PortfolioCenterRunner.MultiScoringAssignmentSubmissionRunner -->
      <class name="PortfolioCenterRunner.AssignmentsSubmissionRunner">
        <test-method is-config="true" signature="setUpClass(org.testng.ITestContext)[pri:0, instance:PortfolioCenterRunner.AssignmentsSubmissionRunner@4e5ed836]" started-at="2024-12-26T16:33:02 IST" name="setUpClass" finished-at="2024-12-26T16:33:02 IST" duration-ms="16" status="PASS">
          <params>
            <param index="0">
              <value>
                <![CDATA[org.testng.TestRunner@10c88d11]]>
              </value>
            </param>
          </params>
          <reporter-output>
          </reporter-output>
        </test-method> <!-- setUpClass -->
        <test-method is-config="true" signature="beforeClass()[pri:0, instance:PortfolioCenterRunner.AssignmentsSubmissionRunner@4e5ed836]" started-at="2024-12-26T16:33:02 IST" name="beforeClass" finished-at="2024-12-26T16:33:02 IST" duration-ms="0" status="PASS">
          <reporter-output>
          </reporter-output>
        </test-method> <!-- beforeClass -->
        <test-method signature="runScenario(io.cucumber.testng.PickleWrapper,io.cucumber.testng.FeatureWrapper)[pri:0, instance:PortfolioCenterRunner.AssignmentsSubmissionRunner@4e5ed836]" started-at="2024-12-26T16:33:02 IST" name="runScenario" description="Runs Cucumber Scenarios" data-provider="scenarios" finished-at="2024-12-26T16:33:45 IST" duration-ms="43557" status="PASS">
          <params>
            <param index="0">
              <value>
                <![CDATA["Verifying the Assignment Submission Functionality At student side"]]>
              </value>
            </param>
            <param index="1">
              <value>
                <![CDATA["Checking the Assignment Submission Functionality"]]>
              </value>
            </param>
          </params>
          <reporter-output>
          </reporter-output>
        </test-method> <!-- runScenario -->
        <test-method is-config="true" signature="afterClass()[pri:0, instance:PortfolioCenterRunner.AssignmentsSubmissionRunner@4e5ed836]" started-at="2024-12-26T16:33:45 IST" name="afterClass" finished-at="2024-12-26T16:33:45 IST" duration-ms="1" status="PASS">
          <reporter-output>
          </reporter-output>
        </test-method> <!-- afterClass -->
        <test-method is-config="true" signature="tearDownClass()[pri:0, instance:PortfolioCenterRunner.AssignmentsSubmissionRunner@4e5ed836]" started-at="2024-12-26T16:33:45 IST" name="tearDownClass" finished-at="2024-12-26T16:33:47 IST" duration-ms="1258" status="PASS">
          <reporter-output>
          </reporter-output>
        </test-method> <!-- tearDownClass -->
      </class> <!-- PortfolioCenterRunner.AssignmentsSubmissionRunner -->
      <class name="PortfolioCenterRunner.ScoreSubmissionRunner">
        <test-method is-config="true" signature="setUpClass(org.testng.ITestContext)[pri:0, instance:PortfolioCenterRunner.ScoreSubmissionRunner@740fb309]" started-at="2024-12-26T16:33:47 IST" name="setUpClass" finished-at="2024-12-26T16:33:47 IST" duration-ms="19" status="PASS">
          <params>
            <param index="0">
              <value>
                <![CDATA[org.testng.TestRunner@10c88d11]]>
              </value>
            </param>
          </params>
          <reporter-output>
          </reporter-output>
        </test-method> <!-- setUpClass -->
        <test-method is-config="true" signature="beforeClass()[pri:0, instance:PortfolioCenterRunner.ScoreSubmissionRunner@740fb309]" started-at="2024-12-26T16:33:47 IST" name="beforeClass" finished-at="2024-12-26T16:33:47 IST" duration-ms="0" status="PASS">
          <reporter-output>
          </reporter-output>
        </test-method> <!-- beforeClass -->
        <test-method signature="runScenario(io.cucumber.testng.PickleWrapper,io.cucumber.testng.FeatureWrapper)[pri:0, instance:PortfolioCenterRunner.ScoreSubmissionRunner@740fb309]" started-at="2024-12-26T16:33:47 IST" name="runScenario" description="Runs Cucumber Scenarios" data-provider="scenarios" finished-at="2024-12-26T16:34:43 IST" duration-ms="55966" status="PASS">
          <params>
            <param index="0">
              <value>
                <![CDATA["Verify the Score Submission Functionality at Admin side"]]>
              </value>
            </param>
            <param index="1">
              <value>
                <![CDATA["Verify the Score Submission Functionality at Admin side"]]>
              </value>
            </param>
          </params>
          <reporter-output>
          </reporter-output>
        </test-method> <!-- runScenario -->
        <test-method is-config="true" signature="afterClass()[pri:0, instance:PortfolioCenterRunner.ScoreSubmissionRunner@740fb309]" started-at="2024-12-26T16:34:43 IST" name="afterClass" finished-at="2024-12-26T16:34:43 IST" duration-ms="1" status="PASS">
          <reporter-output>
          </reporter-output>
        </test-method> <!-- afterClass -->
        <test-method is-config="true" signature="tearDownClass()[pri:0, instance:PortfolioCenterRunner.ScoreSubmissionRunner@740fb309]" started-at="2024-12-26T16:34:43 IST" name="tearDownClass" finished-at="2024-12-26T16:34:44 IST" duration-ms="1318" status="PASS">
          <reporter-output>
          </reporter-output>
        </test-method> <!-- tearDownClass -->
      </class> <!-- PortfolioCenterRunner.ScoreSubmissionRunner -->
      <class name="PortfolioCenterRunner.DeletePortfolioCourseRunner">
        <test-method is-config="true" signature="setUpClass(org.testng.ITestContext)[pri:0, instance:PortfolioCenterRunner.DeletePortfolioCourseRunner@3ad83a66]" started-at="2024-12-26T16:37:27 IST" name="setUpClass" finished-at="2024-12-26T16:37:27 IST" duration-ms="8" status="PASS">
          <params>
            <param index="0">
              <value>
                <![CDATA[org.testng.TestRunner@10c88d11]]>
              </value>
            </param>
          </params>
          <reporter-output>
          </reporter-output>
        </test-method> <!-- setUpClass -->
        <test-method is-config="true" signature="beforeClass()[pri:0, instance:PortfolioCenterRunner.DeletePortfolioCourseRunner@3ad83a66]" started-at="2024-12-26T16:37:27 IST" name="beforeClass" finished-at="2024-12-26T16:37:27 IST" duration-ms="0" status="PASS">
          <reporter-output>
          </reporter-output>
        </test-method> <!-- beforeClass -->
        <test-method signature="runScenario(io.cucumber.testng.PickleWrapper,io.cucumber.testng.FeatureWrapper)[pri:0, instance:PortfolioCenterRunner.DeletePortfolioCourseRunner@3ad83a66]" started-at="2024-12-26T16:37:27 IST" name="runScenario" description="Runs Cucumber Scenarios" data-provider="scenarios" finished-at="2024-12-26T16:38:15 IST" duration-ms="48073" status="PASS">
          <params>
            <param index="0">
              <value>
                <![CDATA["Verifying the Portfolio Course Creation Functionality"]]>
              </value>
            </param>
            <param index="1">
              <value>
                <![CDATA["Checking the Portfolio Center Course Functionality"]]>
              </value>
            </param>
          </params>
          <reporter-output>
          </reporter-output>
        </test-method> <!-- runScenario -->
        <test-method is-config="true" signature="afterClass()[pri:0, instance:PortfolioCenterRunner.DeletePortfolioCourseRunner@3ad83a66]" started-at="2024-12-26T16:38:15 IST" name="afterClass" finished-at="2024-12-26T16:38:15 IST" duration-ms="0" status="PASS">
          <reporter-output>
          </reporter-output>
        </test-method> <!-- afterClass -->
        <test-method is-config="true" signature="tearDownClass()[pri:0, instance:PortfolioCenterRunner.DeletePortfolioCourseRunner@3ad83a66]" started-at="2024-12-26T16:38:15 IST" name="tearDownClass" finished-at="2024-12-26T16:38:17 IST" duration-ms="1267" status="PASS">
          <reporter-output>
          </reporter-output>
        </test-method> <!-- tearDownClass -->
      </class> <!-- PortfolioCenterRunner.DeletePortfolioCourseRunner -->
    </test> <!-- Test -->
  </suite> <!-- Suite -->
</testng-results>
