<?xml version="1.0" encoding="UTF-8"?>
<testng-results ignored="0" total="9" passed="9" failed="0" skipped="0">
  <reporter-output>
  </reporter-output>
  <suite started-at="2024-12-26T10:56:58 IST" name="Suite" finished-at="2024-12-26T11:06:11 IST" duration-ms="552661">
    <groups>
      <group name="cucumber">
        <method signature="AbstractTestNGCucumberTests.runScenario(io.cucumber.testng.PickleWrapper,io.cucumber.testng.FeatureWrapper)[pri:0, instance:PortfolioCenterRunner.AssignmentsSubmissionRunner@4e5ed836]" name="runScenario" class="io.cucumber.testng.AbstractTestNGCucumberTests"/>
        <method signature="AbstractTestNGCucumberTests.runScenario(io.cucumber.testng.PickleWrapper,io.cucumber.testng.FeatureWrapper)[pri:0, instance:PortfolioCenterRunner.DeletePortfolioCourseRunner@3ad83a66]" name="runScenario" class="io.cucumber.testng.AbstractTestNGCucumberTests"/>
        <method signature="AbstractTestNGCucumberTests.runScenario(io.cucumber.testng.PickleWrapper,io.cucumber.testng.FeatureWrapper)[pri:0, instance:PortfolioCenterRunner.MultiScoringAssignmentSubmissionRunner@2a8448fa]" name="runScenario" class="io.cucumber.testng.AbstractTestNGCucumberTests"/>
        <method signature="AbstractTestNGCucumberTests.runScenario(io.cucumber.testng.PickleWrapper,io.cucumber.testng.FeatureWrapper)[pri:0, instance:PortfolioCenterRunner.MultiScoringPortfolioCourseRuner@43f02ef2]" name="runScenario" class="io.cucumber.testng.AbstractTestNGCucumberTests"/>
        <method signature="AbstractTestNGCucumberTests.runScenario(io.cucumber.testng.PickleWrapper,io.cucumber.testng.FeatureWrapper)[pri:0, instance:PortfolioCenterRunner.MultiScoringSubmissionRuner@2de56eb2]" name="runScenario" class="io.cucumber.testng.AbstractTestNGCucumberTests"/>
        <method signature="AbstractTestNGCucumberTests.runScenario(io.cucumber.testng.PickleWrapper,io.cucumber.testng.FeatureWrapper)[pri:0, instance:PortfolioCenterRunner.PortfolioCenterCourseRunner@2ab4bc72]" name="runScenario" class="io.cucumber.testng.AbstractTestNGCucumberTests"/>
        <method signature="AbstractTestNGCucumberTests.runScenario(io.cucumber.testng.PickleWrapper,io.cucumber.testng.FeatureWrapper)[pri:0, instance:PortfolioCenterRunner.SISprovisioningRunner@673fdbce]" name="runScenario" class="io.cucumber.testng.AbstractTestNGCucumberTests"/>
        <method signature="AbstractTestNGCucumberTests.runScenario(io.cucumber.testng.PickleWrapper,io.cucumber.testng.FeatureWrapper)[pri:0, instance:PortfolioCenterRunner.ScoreSubmissionRunner@740fb309]" name="runScenario" class="io.cucumber.testng.AbstractTestNGCucumberTests"/>
      </group> <!-- cucumber -->
    </groups>
    <test started-at="2024-12-26T10:56:58 IST" name="Test" finished-at="2024-12-26T11:06:11 IST" duration-ms="552661">
      <class name="PortfolioCenterRunner.PortfolioCenterCourseRunner">
        <test-method is-config="true" signature="setUpClass(org.testng.ITestContext)[pri:0, instance:PortfolioCenterRunner.PortfolioCenterCourseRunner@2ab4bc72]" started-at="2024-12-26T10:59:27 IST" name="setUpClass" finished-at="2024-12-26T10:59:27 IST" duration-ms="24" status="PASS">
          <params>
            <param index="0">
              <value>
                <![CDATA[org.testng.TestRunner@6537dc79]]>
              </value>
            </param>
          </params>
          <reporter-output>
          </reporter-output>
        </test-method> <!-- setUpClass -->
        <test-method is-config="true" signature="beforeClass()[pri:0, instance:PortfolioCenterRunner.PortfolioCenterCourseRunner@2ab4bc72]" started-at="2024-12-26T10:59:27 IST" name="beforeClass" finished-at="2024-12-26T10:59:27 IST" duration-ms="1" status="PASS">
          <reporter-output>
          </reporter-output>
        </test-method> <!-- beforeClass -->
        <test-method signature="runScenario(io.cucumber.testng.PickleWrapper,io.cucumber.testng.FeatureWrapper)[pri:0, instance:PortfolioCenterRunner.PortfolioCenterCourseRunner@2ab4bc72]" started-at="2024-12-26T10:59:27 IST" name="runScenario" description="Runs Cucumber Scenarios" data-provider="scenarios" finished-at="2024-12-26T11:00:33 IST" duration-ms="65903" status="PASS">
          <params>
            <param index="0">
              <value>
                <![CDATA["Verifying the Portfolio Course Creation Functionality"]]>
              </value>
            </param>
            <param index="1">
              <value>
                <![CDATA["Checking the Portfolio Center Course Functionality"]]>
              </value>
            </param>
          </params>
          <reporter-output>
          </reporter-output>
        </test-method> <!-- runScenario -->
        <test-method is-config="true" signature="afterClass()[pri:0, instance:PortfolioCenterRunner.PortfolioCenterCourseRunner@2ab4bc72]" started-at="2024-12-26T11:00:33 IST" name="afterClass" finished-at="2024-12-26T11:00:33 IST" duration-ms="2" status="PASS">
          <reporter-output>
          </reporter-output>
        </test-method> <!-- afterClass -->
        <test-method is-config="true" signature="tearDownClass()[pri:0, instance:PortfolioCenterRunner.PortfolioCenterCourseRunner@2ab4bc72]" started-at="2024-12-26T11:00:33 IST" name="tearDownClass" finished-at="2024-12-26T11:00:35 IST" duration-ms="2295" status="PASS">
          <reporter-output>
          </reporter-output>
        </test-method> <!-- tearDownClass -->
      </class> <!-- PortfolioCenterRunner.PortfolioCenterCourseRunner -->
      <class name="PortfolioCenterRunner.MultiScoringSubmissionRuner">
        <test-method is-config="true" signature="setUpClass(org.testng.ITestContext)[pri:0, instance:PortfolioCenterRunner.MultiScoringSubmissionRuner@2de56eb2]" started-at="2024-12-26T11:04:32 IST" name="setUpClass" finished-at="2024-12-26T11:04:32 IST" duration-ms="22" status="PASS">
          <params>
            <param index="0">
              <value>
                <![CDATA[org.testng.TestRunner@6537dc79]]>
              </value>
            </param>
          </params>
          <reporter-output>
          </reporter-output>
        </test-method> <!-- setUpClass -->
        <test-method is-config="true" signature="beforeClass()[pri:0, instance:PortfolioCenterRunner.MultiScoringSubmissionRuner@2de56eb2]" started-at="2024-12-26T11:04:32 IST" name="beforeClass" finished-at="2024-12-26T11:04:32 IST" duration-ms="0" status="PASS">
          <reporter-output>
          </reporter-output>
        </test-method> <!-- beforeClass -->
        <test-method signature="runScenario(io.cucumber.testng.PickleWrapper,io.cucumber.testng.FeatureWrapper)[pri:0, instance:PortfolioCenterRunner.MultiScoringSubmissionRuner@2de56eb2]" started-at="2024-12-26T11:04:32 IST" name="runScenario" description="Runs Cucumber Scenarios" data-provider="scenarios" finished-at="2024-12-26T11:05:20 IST" duration-ms="47579" status="PASS">
          <params>
            <param index="0">
              <value>
                <![CDATA["Verify the Multi Scoring Portfolio Center Score Submission at Admin side"]]>
              </value>
            </param>
            <param index="1">
              <value>
                <![CDATA["Checking the Multi Scoring Portfolio Center Score Submission at Admin side"]]>
              </value>
            </param>
          </params>
          <reporter-output>
          </reporter-output>
        </test-method> <!-- runScenario -->
        <test-method is-config="true" signature="afterClass()[pri:0, instance:PortfolioCenterRunner.MultiScoringSubmissionRuner@2de56eb2]" started-at="2024-12-26T11:05:20 IST" name="afterClass" finished-at="2024-12-26T11:05:20 IST" duration-ms="0" status="PASS">
          <reporter-output>
          </reporter-output>
        </test-method> <!-- afterClass -->
        <test-method is-config="true" signature="tearDownClass()[pri:0, instance:PortfolioCenterRunner.MultiScoringSubmissionRuner@2de56eb2]" started-at="2024-12-26T11:05:20 IST" name="tearDownClass" finished-at="2024-12-26T11:05:21 IST" duration-ms="1360" status="PASS">
          <reporter-output>
          </reporter-output>
        </test-method> <!-- tearDownClass -->
      </class> <!-- PortfolioCenterRunner.MultiScoringSubmissionRuner -->
      <class name="PortfolioCenterRunner.MultiScoringPortfolioCourseRuner">
        <test-method is-config="true" signature="setUpClass(org.testng.ITestContext)[pri:0, instance:PortfolioCenterRunner.MultiScoringPortfolioCourseRuner@43f02ef2]" started-at="2024-12-26T11:02:28 IST" name="setUpClass" finished-at="2024-12-26T11:02:28 IST" duration-ms="24" status="PASS">
          <params>
            <param index="0">
              <value>
                <![CDATA[org.testng.TestRunner@6537dc79]]>
              </value>
            </param>
          </params>
          <reporter-output>
          </reporter-output>
        </test-method> <!-- setUpClass -->
        <test-method is-config="true" signature="beforeClass()[pri:0, instance:PortfolioCenterRunner.MultiScoringPortfolioCourseRuner@43f02ef2]" started-at="2024-12-26T11:02:28 IST" name="beforeClass" finished-at="2024-12-26T11:02:28 IST" duration-ms="1" status="PASS">
          <reporter-output>
          </reporter-output>
        </test-method> <!-- beforeClass -->
        <test-method signature="runScenario(io.cucumber.testng.PickleWrapper,io.cucumber.testng.FeatureWrapper)[pri:0, instance:PortfolioCenterRunner.MultiScoringPortfolioCourseRuner@43f02ef2]" started-at="2024-12-26T11:02:28 IST" name="runScenario" description="Runs Cucumber Scenarios" data-provider="scenarios" finished-at="2024-12-26T11:03:38 IST" duration-ms="70858" status="PASS">
          <params>
            <param index="0">
              <value>
                <![CDATA["Verifying the Multi Scoring Portfolio Center Course Functionality"]]>
              </value>
            </param>
            <param index="1">
              <value>
                <![CDATA["Checking the Multi Scoring Portfolio Center Course Functionality"]]>
              </value>
            </param>
          </params>
          <reporter-output>
          </reporter-output>
        </test-method> <!-- runScenario -->
        <test-method is-config="true" signature="tearDownClass()[pri:0, instance:PortfolioCenterRunner.MultiScoringPortfolioCourseRuner@43f02ef2]" started-at="2024-12-26T11:03:38 IST" name="tearDownClass" finished-at="2024-12-26T11:03:40 IST" duration-ms="1541" status="PASS">
          <reporter-output>
          </reporter-output>
        </test-method> <!-- tearDownClass -->
        <test-method is-config="true" signature="afterClass()[pri:0, instance:PortfolioCenterRunner.MultiScoringPortfolioCourseRuner@43f02ef2]" started-at="2024-12-26T11:03:38 IST" name="afterClass" finished-at="2024-12-26T11:03:38 IST" duration-ms="0" status="PASS">
          <reporter-output>
          </reporter-output>
        </test-method> <!-- afterClass -->
      </class> <!-- PortfolioCenterRunner.MultiScoringPortfolioCourseRuner -->
      <class name="PortfolioCenterRunner.SISprovisioningRunner">
        <test-method is-config="true" signature="setUpClass(org.testng.ITestContext)[pri:0, instance:PortfolioCenterRunner.SISprovisioningRunner@673fdbce]" started-at="2024-12-26T10:56:58 IST" name="setUpClass" finished-at="2024-12-26T10:56:59 IST" duration-ms="736" status="PASS">
          <params>
            <param index="0">
              <value>
                <![CDATA[org.testng.TestRunner@6537dc79]]>
              </value>
            </param>
          </params>
          <reporter-output>
          </reporter-output>
        </test-method> <!-- setUpClass -->
        <test-method is-config="true" signature="beforeClass()[pri:0, instance:PortfolioCenterRunner.SISprovisioningRunner@673fdbce]" started-at="2024-12-26T10:56:59 IST" name="beforeClass" finished-at="2024-12-26T10:56:59 IST" duration-ms="3" status="PASS">
          <reporter-output>
          </reporter-output>
        </test-method> <!-- beforeClass -->
        <test-method signature="runScenario(io.cucumber.testng.PickleWrapper,io.cucumber.testng.FeatureWrapper)[pri:0, instance:PortfolioCenterRunner.SISprovisioningRunner@673fdbce]" started-at="2024-12-26T10:56:59 IST" name="runScenario" description="Runs Cucumber Scenarios" data-provider="scenarios" finished-at="2024-12-26T10:57:50 IST" duration-ms="50970" status="PASS">
          <params>
            <param index="0">
              <value>
                <![CDATA["Checking the School, Classroom, Section Creation Functionality With valid Data"]]>
              </value>
            </param>
            <param index="1">
              <value>
                <![CDATA["Verify the SIS Provisioning Creation Functionality"]]>
              </value>
            </param>
          </params>
          <reporter-output>
          </reporter-output>
        </test-method> <!-- runScenario -->
        <test-method signature="runScenario(io.cucumber.testng.PickleWrapper,io.cucumber.testng.FeatureWrapper)[pri:0, instance:PortfolioCenterRunner.SISprovisioningRunner@673fdbce]" started-at="2024-12-26T10:57:50 IST" name="runScenario" description="Runs Cucumber Scenarios" data-provider="scenarios" finished-at="2024-12-26T10:59:25 IST" duration-ms="94656" status="PASS">
          <params>
            <param index="0">
              <value>
                <![CDATA["Verify the Users Creation Functionality with valid Data"]]>
              </value>
            </param>
            <param index="1">
              <value>
                <![CDATA["Verify the SIS Provisioning Creation Functionality"]]>
              </value>
            </param>
          </params>
          <reporter-output>
          </reporter-output>
        </test-method> <!-- runScenario -->
        <test-method is-config="true" signature="afterClass()[pri:0, instance:PortfolioCenterRunner.SISprovisioningRunner@673fdbce]" started-at="2024-12-26T10:59:25 IST" name="afterClass" finished-at="2024-12-26T10:59:25 IST" duration-ms="1" status="PASS">
          <reporter-output>
          </reporter-output>
        </test-method> <!-- afterClass -->
        <test-method is-config="true" signature="tearDownClass()[pri:0, instance:PortfolioCenterRunner.SISprovisioningRunner@673fdbce]" started-at="2024-12-26T10:59:25 IST" name="tearDownClass" finished-at="2024-12-26T10:59:27 IST" duration-ms="2049" status="PASS">
          <reporter-output>
          </reporter-output>
        </test-method> <!-- tearDownClass -->
      </class> <!-- PortfolioCenterRunner.SISprovisioningRunner -->
      <class name="PortfolioCenterRunner.MultiScoringAssignmentSubmissionRunner">
        <test-method is-config="true" signature="setUpClass(org.testng.ITestContext)[pri:0, instance:PortfolioCenterRunner.MultiScoringAssignmentSubmissionRunner@2a8448fa]" started-at="2024-12-26T11:03:40 IST" name="setUpClass" finished-at="2024-12-26T11:03:40 IST" duration-ms="36" status="PASS">
          <params>
            <param index="0">
              <value>
                <![CDATA[org.testng.TestRunner@6537dc79]]>
              </value>
            </param>
          </params>
          <reporter-output>
          </reporter-output>
        </test-method> <!-- setUpClass -->
        <test-method is-config="true" signature="beforeClass()[pri:0, instance:PortfolioCenterRunner.MultiScoringAssignmentSubmissionRunner@2a8448fa]" started-at="2024-12-26T11:03:40 IST" name="beforeClass" finished-at="2024-12-26T11:03:40 IST" duration-ms="1" status="PASS">
          <reporter-output>
          </reporter-output>
        </test-method> <!-- beforeClass -->
        <test-method signature="runScenario(io.cucumber.testng.PickleWrapper,io.cucumber.testng.FeatureWrapper)[pri:0, instance:PortfolioCenterRunner.MultiScoringAssignmentSubmissionRunner@2a8448fa]" started-at="2024-12-26T11:03:40 IST" name="runScenario" description="Runs Cucumber Scenarios" data-provider="scenarios" finished-at="2024-12-26T11:04:31 IST" duration-ms="50961" status="PASS">
          <params>
            <param index="0">
              <value>
                <![CDATA["Verifying the Multi Scoring Portfolio Center Assignment Submission Functionality At student side"]]>
              </value>
            </param>
            <param index="1">
              <value>
                <![CDATA["Checking the Multi Scoring Portfolio Center Assignment Submission Functionality"]]>
              </value>
            </param>
          </params>
          <reporter-output>
          </reporter-output>
        </test-method> <!-- runScenario -->
        <test-method is-config="true" signature="afterClass()[pri:0, instance:PortfolioCenterRunner.MultiScoringAssignmentSubmissionRunner@2a8448fa]" started-at="2024-12-26T11:04:31 IST" name="afterClass" finished-at="2024-12-26T11:04:31 IST" duration-ms="0" status="PASS">
          <reporter-output>
          </reporter-output>
        </test-method> <!-- afterClass -->
        <test-method is-config="true" signature="tearDownClass()[pri:0, instance:PortfolioCenterRunner.MultiScoringAssignmentSubmissionRunner@2a8448fa]" started-at="2024-12-26T11:04:31 IST" name="tearDownClass" finished-at="2024-12-26T11:04:32 IST" duration-ms="1323" status="PASS">
          <reporter-output>
          </reporter-output>
        </test-method> <!-- tearDownClass -->
      </class> <!-- PortfolioCenterRunner.MultiScoringAssignmentSubmissionRunner -->
      <class name="PortfolioCenterRunner.AssignmentsSubmissionRunner">
        <test-method is-config="true" signature="setUpClass(org.testng.ITestContext)[pri:0, instance:PortfolioCenterRunner.AssignmentsSubmissionRunner@4e5ed836]" started-at="2024-12-26T11:00:35 IST" name="setUpClass" finished-at="2024-12-26T11:00:35 IST" duration-ms="16" status="PASS">
          <params>
            <param index="0">
              <value>
                <![CDATA[org.testng.TestRunner@6537dc79]]>
              </value>
            </param>
          </params>
          <reporter-output>
          </reporter-output>
        </test-method> <!-- setUpClass -->
        <test-method is-config="true" signature="beforeClass()[pri:0, instance:PortfolioCenterRunner.AssignmentsSubmissionRunner@4e5ed836]" started-at="2024-12-26T11:00:35 IST" name="beforeClass" finished-at="2024-12-26T11:00:35 IST" duration-ms="1" status="PASS">
          <reporter-output>
          </reporter-output>
        </test-method> <!-- beforeClass -->
        <test-method signature="runScenario(io.cucumber.testng.PickleWrapper,io.cucumber.testng.FeatureWrapper)[pri:0, instance:PortfolioCenterRunner.AssignmentsSubmissionRunner@4e5ed836]" started-at="2024-12-26T11:00:35 IST" name="runScenario" description="Runs Cucumber Scenarios" data-provider="scenarios" finished-at="2024-12-26T11:01:29 IST" duration-ms="53630" status="PASS">
          <params>
            <param index="0">
              <value>
                <![CDATA["Verifying the Assignment Submission Functionality At student side"]]>
              </value>
            </param>
            <param index="1">
              <value>
                <![CDATA["Checking the Assignment Submission Functionality"]]>
              </value>
            </param>
          </params>
          <reporter-output>
          </reporter-output>
        </test-method> <!-- runScenario -->
        <test-method is-config="true" signature="afterClass()[pri:0, instance:PortfolioCenterRunner.AssignmentsSubmissionRunner@4e5ed836]" started-at="2024-12-26T11:01:29 IST" name="afterClass" finished-at="2024-12-26T11:01:29 IST" duration-ms="0" status="PASS">
          <reporter-output>
          </reporter-output>
        </test-method> <!-- afterClass -->
        <test-method is-config="true" signature="tearDownClass()[pri:0, instance:PortfolioCenterRunner.AssignmentsSubmissionRunner@4e5ed836]" started-at="2024-12-26T11:01:29 IST" name="tearDownClass" finished-at="2024-12-26T11:01:30 IST" duration-ms="1448" status="PASS">
          <reporter-output>
          </reporter-output>
        </test-method> <!-- tearDownClass -->
      </class> <!-- PortfolioCenterRunner.AssignmentsSubmissionRunner -->
      <class name="PortfolioCenterRunner.ScoreSubmissionRunner">
        <test-method is-config="true" signature="setUpClass(org.testng.ITestContext)[pri:0, instance:PortfolioCenterRunner.ScoreSubmissionRunner@740fb309]" started-at="2024-12-26T11:01:30 IST" name="setUpClass" finished-at="2024-12-26T11:01:30 IST" duration-ms="26" status="PASS">
          <params>
            <param index="0">
              <value>
                <![CDATA[org.testng.TestRunner@6537dc79]]>
              </value>
            </param>
          </params>
          <reporter-output>
          </reporter-output>
        </test-method> <!-- setUpClass -->
        <test-method signature="runScenario(io.cucumber.testng.PickleWrapper,io.cucumber.testng.FeatureWrapper)[pri:0, instance:PortfolioCenterRunner.ScoreSubmissionRunner@740fb309]" started-at="2024-12-26T11:01:30 IST" name="runScenario" description="Runs Cucumber Scenarios" data-provider="scenarios" finished-at="2024-12-26T11:02:26 IST" duration-ms="56102" status="PASS">
          <params>
            <param index="0">
              <value>
                <![CDATA["Verify the Score Submission Functionality at Admin side"]]>
              </value>
            </param>
            <param index="1">
              <value>
                <![CDATA["Verify the Score Submission Functionality at Admin side"]]>
              </value>
            </param>
          </params>
          <reporter-output>
          </reporter-output>
        </test-method> <!-- runScenario -->
        <test-method is-config="true" signature="beforeClass()[pri:0, instance:PortfolioCenterRunner.ScoreSubmissionRunner@740fb309]" started-at="2024-12-26T11:01:30 IST" name="beforeClass" finished-at="2024-12-26T11:01:30 IST" duration-ms="0" status="PASS">
          <reporter-output>
          </reporter-output>
        </test-method> <!-- beforeClass -->
        <test-method is-config="true" signature="tearDownClass()[pri:0, instance:PortfolioCenterRunner.ScoreSubmissionRunner@740fb309]" started-at="2024-12-26T11:02:26 IST" name="tearDownClass" finished-at="2024-12-26T11:02:28 IST" duration-ms="1290" status="PASS">
          <reporter-output>
          </reporter-output>
        </test-method> <!-- tearDownClass -->
        <test-method is-config="true" signature="afterClass()[pri:0, instance:PortfolioCenterRunner.ScoreSubmissionRunner@740fb309]" started-at="2024-12-26T11:02:26 IST" name="afterClass" finished-at="2024-12-26T11:02:26 IST" duration-ms="0" status="PASS">
          <reporter-output>
          </reporter-output>
        </test-method> <!-- afterClass -->
      </class> <!-- PortfolioCenterRunner.ScoreSubmissionRunner -->
      <class name="PortfolioCenterRunner.DeletePortfolioCourseRunner">
        <test-method is-config="true" signature="setUpClass(org.testng.ITestContext)[pri:0, instance:PortfolioCenterRunner.DeletePortfolioCourseRunner@3ad83a66]" started-at="2024-12-26T11:05:21 IST" name="setUpClass" finished-at="2024-12-26T11:05:21 IST" duration-ms="31" status="PASS">
          <params>
            <param index="0">
              <value>
                <![CDATA[org.testng.TestRunner@6537dc79]]>
              </value>
            </param>
          </params>
          <reporter-output>
          </reporter-output>
        </test-method> <!-- setUpClass -->
        <test-method signature="runScenario(io.cucumber.testng.PickleWrapper,io.cucumber.testng.FeatureWrapper)[pri:0, instance:PortfolioCenterRunner.DeletePortfolioCourseRunner@3ad83a66]" started-at="2024-12-26T11:05:21 IST" name="runScenario" description="Runs Cucumber Scenarios" data-provider="scenarios" finished-at="2024-12-26T11:06:10 IST" duration-ms="48411" status="PASS">
          <params>
            <param index="0">
              <value>
                <![CDATA["Verifying the Portfolio Course Creation Functionality"]]>
              </value>
            </param>
            <param index="1">
              <value>
                <![CDATA["Checking the Portfolio Center Course Functionality"]]>
              </value>
            </param>
          </params>
          <reporter-output>
          </reporter-output>
        </test-method> <!-- runScenario -->
        <test-method is-config="true" signature="beforeClass()[pri:0, instance:PortfolioCenterRunner.DeletePortfolioCourseRunner@3ad83a66]" started-at="2024-12-26T11:05:21 IST" name="beforeClass" finished-at="2024-12-26T11:05:21 IST" duration-ms="0" status="PASS">
          <reporter-output>
          </reporter-output>
        </test-method> <!-- beforeClass -->
        <test-method is-config="true" signature="tearDownClass()[pri:0, instance:PortfolioCenterRunner.DeletePortfolioCourseRunner@3ad83a66]" started-at="2024-12-26T11:06:10 IST" name="tearDownClass" finished-at="2024-12-26T11:06:11 IST" duration-ms="1319" status="PASS">
          <reporter-output>
          </reporter-output>
        </test-method> <!-- tearDownClass -->
        <test-method is-config="true" signature="afterClass()[pri:0, instance:PortfolioCenterRunner.DeletePortfolioCourseRunner@3ad83a66]" started-at="2024-12-26T11:06:10 IST" name="afterClass" finished-at="2024-12-26T11:06:10 IST" duration-ms="0" status="PASS">
          <reporter-output>
          </reporter-output>
        </test-method> <!-- afterClass -->
      </class> <!-- PortfolioCenterRunner.DeletePortfolioCourseRunner -->
    </test> <!-- Test -->
  </suite> <!-- Suite -->
</testng-results>
