<?xml version="1.0" encoding="UTF-8"?>
<testng-results total="1" passed="1" failed="0" skipped="0">
  <reporter-output>
  </reporter-output>
  <suite started-at="2025-01-17T09:48:40Z" name="Default suite" finished-at="2025-01-17T09:51:41Z" duration-ms="180560">
    <groups>
      <group name="cucumber">
        <method signature="AbstractTestNGCucumberTests.runScenario(io.cucumber.testng.PickleWrapper, io.cucumber.testng.FeatureWrapper)[pri:0, instance:AssessmentsRunner.QuizSubmissionRunner@5443d039]" name="runScenario" class="io.cucumber.testng.AbstractTestNGCucumberTests"/>
      </group> <!-- cucumber -->
    </groups>
    <test started-at="2025-01-17T09:48:40Z" name="Default test" finished-at="2025-01-17T09:51:41Z" duration-ms="180560">
      <class name="AssessmentsRunner.QuizSubmissionRunner">
        <test-method is-config="true" signature="setUpClass(org.testng.ITestContext)[pri:0, instance:AssessmentsRunner.QuizSubmissionRunner@5443d039]" started-at="2025-01-17T15:18:40Z" name="setUpClass" finished-at="2025-01-17T15:18:41Z" duration-ms="749" status="PASS">
          <params>
            <param index="0">
              <value>
                <![CDATA[org.testng.TestRunner@1fa58a48]]>
              </value>
            </param>
          </params>
          <reporter-output>
          </reporter-output>
        </test-method> <!-- setUpClass -->
        <test-method is-config="true" signature="beforeClass()[pri:0, instance:AssessmentsRunner.QuizSubmissionRunner@5443d039]" started-at="2025-01-17T15:18:41Z" name="beforeClass" finished-at="2025-01-17T15:18:41Z" duration-ms="2" status="PASS">
          <reporter-output>
          </reporter-output>
        </test-method> <!-- beforeClass -->
        <test-method signature="runScenario(io.cucumber.testng.PickleWrapper, io.cucumber.testng.FeatureWrapper)[pri:0, instance:AssessmentsRunner.QuizSubmissionRunner@5443d039]" started-at="2025-01-17T15:18:41Z" name="runScenario" description="Runs Cucumber Scenarios" data-provider="scenarios" finished-at="2025-01-17T15:21:39Z" duration-ms="177883" status="PASS">
          <params>
            <param index="0">
              <value>
                <![CDATA["Checking the Quizzes Submission for Student"]]>
              </value>
            </param>
            <param index="1">
              <value>
                <![CDATA["Validating the Quiz Performing at student side"]]>
              </value>
            </param>
          </params>
          <reporter-output>
          </reporter-output>
        </test-method> <!-- runScenario -->
        <test-method is-config="true" signature="afterClass()[pri:0, instance:AssessmentsRunner.QuizSubmissionRunner@5443d039]" started-at="2025-01-17T15:21:39Z" name="afterClass" finished-at="2025-01-17T15:21:39Z" duration-ms="0" status="PASS">
          <reporter-output>
          </reporter-output>
        </test-method> <!-- afterClass -->
        <test-method is-config="true" signature="tearDownClass()[pri:0, instance:AssessmentsRunner.QuizSubmissionRunner@5443d039]" started-at="2025-01-17T15:21:39Z" name="tearDownClass" finished-at="2025-01-17T15:21:41Z" duration-ms="1907" status="PASS">
          <reporter-output>
          </reporter-output>
        </test-method> <!-- tearDownClass -->
      </class> <!-- AssessmentsRunner.QuizSubmissionRunner -->
    </test> <!-- Default test -->
  </suite> <!-- Default suite -->
</testng-results>
