<?xml version="1.0" encoding="UTF-8"?>
<testng-results total="0" passed="0" failed="0" skipped="0">
  <reporter-output>
  </reporter-output>
  <suite started-at="2025-01-06T06:00:20Z" name="Suite" finished-at="2025-01-06T06:00:20Z" duration-ms="17">
    <groups>
    </groups>
    <test started-at="2025-01-06T06:00:20Z" name="Test1" finished-at="2025-01-06T06:00:20Z" duration-ms="17">
    </test> <!-- Test1 -->
    <test started-at="2025-01-06T06:00:20Z" name="Test" finished-at="2025-01-06T06:00:20Z" duration-ms="17">
    </test> <!-- Test -->
  </suite> <!-- Suite -->
</testng-results>
