<?xml version="1.0" encoding="UTF-8"?>
<testng-results ignored="0" total="2" passed="2" failed="0" skipped="0">
  <reporter-output>
  </reporter-output>
  <suite started-at="2023-12-15T17:17:15 IST" name="Default suite" finished-at="2023-12-15T17:18:39 IST" duration-ms="84506">
    <groups>
      <group name="cucumber">
        <method signature="AbstractTestNGCucumberTests.runScenario(io.cucumber.testng.PickleWrapper,io.cucumber.testng.FeatureWrapper)[pri:0, instance:com.Focalpoint_EC.runner.Create_Time_Slot_and_Enroll_the_ExamTakerRunner@7a5ceedd]" name="runScenario" class="io.cucumber.testng.AbstractTestNGCucumberTests"/>
      </group> <!-- cucumber -->
    </groups>
    <test started-at="2023-12-15T17:17:15 IST" name="Default test" finished-at="2023-12-15T17:18:39 IST" duration-ms="84506">
      <class name="com.Focalpoint_EC.runner.Create_Time_Slot_and_Enroll_the_ExamTakerRunner">
        <test-method is-config="true" signature="setUpClass(org.testng.ITestContext)[pri:0, instance:com.Focalpoint_EC.runner.Create_Time_Slot_and_Enroll_the_ExamTakerRunner@7a5ceedd]" started-at="2023-12-15T17:17:15 IST" name="setUpClass" finished-at="2023-12-15T17:17:15 IST" duration-ms="657" status="PASS">
          <params>
            <param index="0">
              <value>
                <![CDATA[org.testng.TestRunner@7533923b]]>
              </value>
            </param>
          </params>
          <reporter-output>
          </reporter-output>
        </test-method> <!-- setUpClass -->
        <test-method is-config="true" signature="beforeclass()[pri:0, instance:com.Focalpoint_EC.runner.Create_Time_Slot_and_Enroll_the_ExamTakerRunner@7a5ceedd]" started-at="2023-12-15T17:17:15 IST" name="beforeclass" finished-at="2023-12-15T17:17:15 IST" duration-ms="1" status="PASS">
          <reporter-output>
          </reporter-output>
        </test-method> <!-- beforeclass -->
        <test-method signature="runScenario(io.cucumber.testng.PickleWrapper,io.cucumber.testng.FeatureWrapper)[pri:0, instance:com.Focalpoint_EC.runner.Create_Time_Slot_and_Enroll_the_ExamTakerRunner@7a5ceedd]" started-at="2023-12-15T17:17:15 IST" name="runScenario" description="Runs Cucumber Scenarios" data-provider="scenarios" finished-at="2023-12-15T17:17:48 IST" duration-ms="32600" status="PASS">
          <params>
            <param index="0">
              <value>
                <![CDATA["Create a Time_Slot for the Examination"]]>
              </value>
            </param>
            <param index="1">
              <value>
                <![CDATA["FocalPointk12 Exam_Center Create a Time_Slot"]]>
              </value>
            </param>
          </params>
          <reporter-output>
          </reporter-output>
        </test-method> <!-- runScenario -->
        <test-method signature="runScenario(io.cucumber.testng.PickleWrapper,io.cucumber.testng.FeatureWrapper)[pri:0, instance:com.Focalpoint_EC.runner.Create_Time_Slot_and_Enroll_the_ExamTakerRunner@7a5ceedd]" started-at="2023-12-15T17:17:48 IST" name="runScenario" description="Runs Cucumber Scenarios" data-provider="scenarios" finished-at="2023-12-15T17:18:35 IST" duration-ms="47258" status="PASS">
          <params>
            <param index="0">
              <value>
                <![CDATA["Add the Examataker in a Particular TimeSlot"]]>
              </value>
            </param>
            <param index="1">
              <value>
                <![CDATA["FocalPointk12 Exam_Center Create a Time_Slot"]]>
              </value>
            </param>
          </params>
          <reporter-output>
          </reporter-output>
        </test-method> <!-- runScenario -->
        <test-method is-config="true" signature="testDownClass()[pri:0, instance:com.Focalpoint_EC.runner.Create_Time_Slot_and_Enroll_the_ExamTakerRunner@7a5ceedd]" started-at="2023-12-15T17:18:35 IST" name="testDownClass" finished-at="2023-12-15T17:18:35 IST" duration-ms="1" status="PASS">
          <reporter-output>
          </reporter-output>
        </test-method> <!-- testDownClass -->
        <test-method is-config="true" signature="tearDownClass()[pri:0, instance:com.Focalpoint_EC.runner.Create_Time_Slot_and_Enroll_the_ExamTakerRunner@7a5ceedd]" started-at="2023-12-15T17:18:35 IST" name="tearDownClass" finished-at="2023-12-15T17:18:39 IST" duration-ms="3949" status="PASS">
          <reporter-output>
          </reporter-output>
        </test-method> <!-- tearDownClass -->
      </class> <!-- com.Focalpoint_EC.runner.Create_Time_Slot_and_Enroll_the_ExamTakerRunner -->
    </test> <!-- Default test -->
  </suite> <!-- Default suite -->
</testng-results>
