<?xml version="1.0" encoding="UTF-8"?>
<testng-results total="1" passed="1" failed="0" skipped="0">
  <reporter-output>
  </reporter-output>
  <suite started-at="2024-12-26T11:45:03Z" name="Default suite" finished-at="2024-12-26T11:46:00Z" duration-ms="56856">
    <groups>
      <group name="cucumber">
        <method signature="AbstractTestNGCucumberTests.runScenario(io.cucumber.testng.PickleWrapper, io.cucumber.testng.FeatureWrapper)[pri:0, instance:AssessmentsRunner.LaunchValidationRunner@5443d039]" name="runScenario" class="io.cucumber.testng.AbstractTestNGCucumberTests"/>
      </group> <!-- cucumber -->
    </groups>
    <test started-at="2024-12-26T11:45:03Z" name="Default test" finished-at="2024-12-26T11:46:00Z" duration-ms="56856">
      <class name="AssessmentsRunner.LaunchValidationRunner">
        <test-method is-config="true" signature="setUpClass(org.testng.ITestContext)[pri:0, instance:AssessmentsRunner.LaunchValidationRunner@5443d039]" started-at="2024-12-26T17:15:03Z" name="setUpClass" finished-at="2024-12-26T17:15:04Z" duration-ms="711" status="PASS">
          <params>
            <param index="0">
              <value>
                <![CDATA[org.testng.TestRunner@211da640]]>
              </value>
            </param>
          </params>
          <reporter-output>
          </reporter-output>
        </test-method> <!-- setUpClass -->
        <test-method is-config="true" signature="beforeClass()[pri:0, instance:AssessmentsRunner.LaunchValidationRunner@5443d039]" started-at="2024-12-26T17:15:04Z" name="beforeClass" finished-at="2024-12-26T17:15:04Z" duration-ms="1" status="PASS">
          <reporter-output>
          </reporter-output>
        </test-method> <!-- beforeClass -->
        <test-method signature="runScenario(io.cucumber.testng.PickleWrapper, io.cucumber.testng.FeatureWrapper)[pri:0, instance:AssessmentsRunner.LaunchValidationRunner@5443d039]" started-at="2024-12-26T17:15:04Z" name="runScenario" description="Runs Cucumber Scenarios" data-provider="scenarios" finished-at="2024-12-26T17:15:59Z" duration-ms="54658" status="PASS">
          <params>
            <param index="0">
              <value>
                <![CDATA["Validating Quiz/Exams Through Home Tab"]]>
              </value>
            </param>
            <param index="1">
              <value>
                <![CDATA["Validating the Quiz/Exams at student side"]]>
              </value>
            </param>
          </params>
          <reporter-output>
          </reporter-output>
        </test-method> <!-- runScenario -->
        <test-method is-config="true" signature="afterClass()[pri:0, instance:AssessmentsRunner.LaunchValidationRunner@5443d039]" started-at="2024-12-26T17:15:59Z" name="afterClass" finished-at="2024-12-26T17:15:59Z" duration-ms="1" status="PASS">
          <reporter-output>
          </reporter-output>
        </test-method> <!-- afterClass -->
        <test-method is-config="true" signature="tearDownClass()[pri:0, instance:AssessmentsRunner.LaunchValidationRunner@5443d039]" started-at="2024-12-26T17:15:59Z" name="tearDownClass" finished-at="2024-12-26T17:16:00Z" duration-ms="1465" status="PASS">
          <reporter-output>
          </reporter-output>
        </test-method> <!-- tearDownClass -->
      </class> <!-- AssessmentsRunner.LaunchValidationRunner -->
    </test> <!-- Default test -->
  </suite> <!-- Default suite -->
</testng-results>
