<?xml version="1.0" encoding="UTF-8"?>
<testng-results ignored="0" total="4" passed="4" failed="0" skipped="0">
  <reporter-output>
  </reporter-output>
  <suite started-at="2024-01-11T13:37:49 IST" name="Suite" finished-at="2024-01-11T13:40:07 IST" duration-ms="137696">
    <groups>
      <group name="cucumber">
        <method signature="AbstractTestNGCucumberTests.runScenario(io.cucumber.testng.PickleWrapper,io.cucumber.testng.FeatureWrapper)[pri:0, instance:com.Focalpoint_EC.runner.Create_Time_Slot_and_Enroll_the_ExamTakerRunner@740fb309]" name="runScenario" class="io.cucumber.testng.AbstractTestNGCucumberTests"/>
        <method signature="AbstractTestNGCucumberTests.runScenario(io.cucumber.testng.PickleWrapper,io.cucumber.testng.FeatureWrapper)[pri:0, instance:com.Focalpoint_EC.runner.Enrolled_ExamTaker_in_a_TimeSlotRunner@7bd7d6d6]" name="runScenario" class="io.cucumber.testng.AbstractTestNGCucumberTests"/>
        <method signature="AbstractTestNGCucumberTests.runScenario(io.cucumber.testng.PickleWrapper,io.cucumber.testng.FeatureWrapper)[pri:0, instance:com.Focalpoint_EC.runner.Login_pageRunner@5965d37]" name="runScenario" class="io.cucumber.testng.AbstractTestNGCucumberTests"/>
      </group> <!-- cucumber -->
    </groups>
    <test started-at="2024-01-11T13:37:49 IST" name="Test" finished-at="2024-01-11T13:40:07 IST" duration-ms="137696">
      <class name="com.Focalpoint_EC.runner.Create_Time_Slot_and_Enroll_the_ExamTakerRunner">
        <test-method is-config="true" signature="setUpClass(org.testng.ITestContext)[pri:0, instance:com.Focalpoint_EC.runner.Create_Time_Slot_and_Enroll_the_ExamTakerRunner@740fb309]" started-at="2024-01-11T13:38:03 IST" name="setUpClass" finished-at="2024-01-11T13:38:03 IST" duration-ms="13" status="PASS">
          <params>
            <param index="0">
              <value>
                <![CDATA[org.testng.TestRunner@435e224d]]>
              </value>
            </param>
          </params>
          <reporter-output>
          </reporter-output>
        </test-method> <!-- setUpClass -->
        <test-method is-config="true" signature="beforeclass()[pri:0, instance:com.Focalpoint_EC.runner.Create_Time_Slot_and_Enroll_the_ExamTakerRunner@740fb309]" started-at="2024-01-11T13:38:03 IST" name="beforeclass" finished-at="2024-01-11T13:38:03 IST" duration-ms="1" status="PASS">
          <reporter-output>
          </reporter-output>
        </test-method> <!-- beforeclass -->
        <test-method signature="runScenario(io.cucumber.testng.PickleWrapper,io.cucumber.testng.FeatureWrapper)[pri:0, instance:com.Focalpoint_EC.runner.Create_Time_Slot_and_Enroll_the_ExamTakerRunner@740fb309]" started-at="2024-01-11T13:38:03 IST" name="runScenario" description="Runs Cucumber Scenarios" data-provider="scenarios" finished-at="2024-01-11T13:38:34 IST" duration-ms="30625" status="PASS">
          <params>
            <param index="0">
              <value>
                <![CDATA["Create a Time_Slot for the Examination"]]>
              </value>
            </param>
            <param index="1">
              <value>
                <![CDATA["FocalPointk12 Exam_Center Create a Time_Slot and Enrolled the Exam Taker to the Time slot"]]>
              </value>
            </param>
          </params>
          <reporter-output>
          </reporter-output>
        </test-method> <!-- runScenario -->
        <test-method signature="runScenario(io.cucumber.testng.PickleWrapper,io.cucumber.testng.FeatureWrapper)[pri:0, instance:com.Focalpoint_EC.runner.Create_Time_Slot_and_Enroll_the_ExamTakerRunner@740fb309]" started-at="2024-01-11T13:38:34 IST" name="runScenario" description="Runs Cucumber Scenarios" data-provider="scenarios" finished-at="2024-01-11T13:39:09 IST" duration-ms="35597" status="PASS">
          <params>
            <param index="0">
              <value>
                <![CDATA["Add the Examataker in a Particular TimeSlot"]]>
              </value>
            </param>
            <param index="1">
              <value>
                <![CDATA["FocalPointk12 Exam_Center Create a Time_Slot and Enrolled the Exam Taker to the Time slot"]]>
              </value>
            </param>
          </params>
          <reporter-output>
          </reporter-output>
        </test-method> <!-- runScenario -->
        <test-method is-config="true" signature="testDownClass()[pri:0, instance:com.Focalpoint_EC.runner.Create_Time_Slot_and_Enroll_the_ExamTakerRunner@740fb309]" started-at="2024-01-11T13:39:09 IST" name="testDownClass" finished-at="2024-01-11T13:39:09 IST" duration-ms="0" status="PASS">
          <reporter-output>
          </reporter-output>
        </test-method> <!-- testDownClass -->
        <test-method is-config="true" signature="tearDownClass()[pri:0, instance:com.Focalpoint_EC.runner.Create_Time_Slot_and_Enroll_the_ExamTakerRunner@740fb309]" started-at="2024-01-11T13:39:09 IST" name="tearDownClass" finished-at="2024-01-11T13:39:11 IST" duration-ms="1731" status="PASS">
          <reporter-output>
          </reporter-output>
        </test-method> <!-- tearDownClass -->
      </class> <!-- com.Focalpoint_EC.runner.Create_Time_Slot_and_Enroll_the_ExamTakerRunner -->
      <class name="com.Focalpoint_EC.runner.Login_pageRunner">
        <test-method is-config="true" signature="setUpClass(org.testng.ITestContext)[pri:0, instance:com.Focalpoint_EC.runner.Login_pageRunner@5965d37]" started-at="2024-01-11T13:37:49 IST" name="setUpClass" finished-at="2024-01-11T13:37:50 IST" duration-ms="674" status="PASS">
          <params>
            <param index="0">
              <value>
                <![CDATA[org.testng.TestRunner@435e224d]]>
              </value>
            </param>
          </params>
          <reporter-output>
          </reporter-output>
        </test-method> <!-- setUpClass -->
        <test-method is-config="true" signature="beforeclass()[pri:0, instance:com.Focalpoint_EC.runner.Login_pageRunner@5965d37]" started-at="2024-01-11T13:37:50 IST" name="beforeclass" finished-at="2024-01-11T13:37:50 IST" duration-ms="1" status="PASS">
          <reporter-output>
          </reporter-output>
        </test-method> <!-- beforeclass -->
        <test-method signature="runScenario(io.cucumber.testng.PickleWrapper,io.cucumber.testng.FeatureWrapper)[pri:0, instance:com.Focalpoint_EC.runner.Login_pageRunner@5965d37]" started-at="2024-01-11T13:37:50 IST" name="runScenario" description="Runs Cucumber Scenarios" data-provider="scenarios" finished-at="2024-01-11T13:38:00 IST" duration-ms="10661" status="PASS">
          <params>
            <param index="0">
              <value>
                <![CDATA["FocalPointk12 Exam_Center login test with valid credentials scenario"]]>
              </value>
            </param>
            <param index="1">
              <value>
                <![CDATA["FocalPointk12 Exam_Center Login"]]>
              </value>
            </param>
          </params>
          <reporter-output>
          </reporter-output>
        </test-method> <!-- runScenario -->
        <test-method is-config="true" signature="tearDownClass()[pri:0, instance:com.Focalpoint_EC.runner.Login_pageRunner@5965d37]" started-at="2024-01-11T13:38:00 IST" name="tearDownClass" finished-at="2024-01-11T13:38:03 IST" duration-ms="2570" status="PASS">
          <reporter-output>
          </reporter-output>
        </test-method> <!-- tearDownClass -->
        <test-method is-config="true" signature="testDownClass()[pri:0, instance:com.Focalpoint_EC.runner.Login_pageRunner@5965d37]" started-at="2024-01-11T13:38:00 IST" name="testDownClass" finished-at="2024-01-11T13:38:00 IST" duration-ms="0" status="PASS">
          <reporter-output>
          </reporter-output>
        </test-method> <!-- testDownClass -->
      </class> <!-- com.Focalpoint_EC.runner.Login_pageRunner -->
      <class name="com.Focalpoint_EC.runner.Enrolled_ExamTaker_in_a_TimeSlotRunner">
        <test-method is-config="true" signature="setUpClass(org.testng.ITestContext)[pri:0, instance:com.Focalpoint_EC.runner.Enrolled_ExamTaker_in_a_TimeSlotRunner@7bd7d6d6]" started-at="2024-01-11T13:39:11 IST" name="setUpClass" finished-at="2024-01-11T13:39:11 IST" duration-ms="14" status="PASS">
          <params>
            <param index="0">
              <value>
                <![CDATA[org.testng.TestRunner@435e224d]]>
              </value>
            </param>
          </params>
          <reporter-output>
          </reporter-output>
        </test-method> <!-- setUpClass -->
        <test-method is-config="true" signature="beforeclass()[pri:0, instance:com.Focalpoint_EC.runner.Enrolled_ExamTaker_in_a_TimeSlotRunner@7bd7d6d6]" started-at="2024-01-11T13:39:11 IST" name="beforeclass" finished-at="2024-01-11T13:39:11 IST" duration-ms="0" status="PASS">
          <reporter-output>
          </reporter-output>
        </test-method> <!-- beforeclass -->
        <test-method signature="runScenario(io.cucumber.testng.PickleWrapper,io.cucumber.testng.FeatureWrapper)[pri:0, instance:com.Focalpoint_EC.runner.Enrolled_ExamTaker_in_a_TimeSlotRunner@7bd7d6d6]" started-at="2024-01-11T13:39:11 IST" name="runScenario" description="Runs Cucumber Scenarios" data-provider="scenarios" finished-at="2024-01-11T13:40:05 IST" duration-ms="53578" status="PASS">
          <params>
            <param index="0">
              <value>
                <![CDATA["Provide the Procter Comment to a ExamTaker"]]>
              </value>
            </param>
            <param index="1">
              <value>
                <![CDATA["FocalPointk12 Exam_Center Procter Comment, Reset the Examination"]]>
              </value>
            </param>
          </params>
          <reporter-output>
          </reporter-output>
        </test-method> <!-- runScenario -->
        <test-method is-config="true" signature="testDownClass()[pri:0, instance:com.Focalpoint_EC.runner.Enrolled_ExamTaker_in_a_TimeSlotRunner@7bd7d6d6]" started-at="2024-01-11T13:40:05 IST" name="testDownClass" finished-at="2024-01-11T13:40:05 IST" duration-ms="1" status="PASS">
          <reporter-output>
          </reporter-output>
        </test-method> <!-- testDownClass -->
        <test-method is-config="true" signature="tearDownClass()[pri:0, instance:com.Focalpoint_EC.runner.Enrolled_ExamTaker_in_a_TimeSlotRunner@7bd7d6d6]" started-at="2024-01-11T13:40:05 IST" name="tearDownClass" finished-at="2024-01-11T13:40:07 IST" duration-ms="2194" status="PASS">
          <reporter-output>
          </reporter-output>
        </test-method> <!-- tearDownClass -->
      </class> <!-- com.Focalpoint_EC.runner.Enrolled_ExamTaker_in_a_TimeSlotRunner -->
    </test> <!-- Test -->
  </suite> <!-- Suite -->
</testng-results>
