<?xml version="1.0" encoding="UTF-8"?>
<testng-results total="1" passed="1" failed="0" skipped="0">
  <reporter-output>
  </reporter-output>
  <suite started-at="2025-01-07T11:09:22Z" name="Default suite" finished-at="2025-01-07T11:10:44Z" duration-ms="82124">
    <groups>
      <group name="cucumber">
        <method signature="AbstractTestNGCucumberTests.runScenario(io.cucumber.testng.PickleWrapper, io.cucumber.testng.FeatureWrapper)[pri:0, instance:ExamCenterRunners.EnrolleRunner@63787180]" name="runScenario" class="io.cucumber.testng.AbstractTestNGCucumberTests"/>
      </group> <!-- cucumber -->
    </groups>
    <test started-at="2025-01-07T11:09:22Z" name="Default test" finished-at="2025-01-07T11:10:44Z" duration-ms="82124">
      <class name="ExamCenterRunners.EnrolleRunner">
        <test-method is-config="true" signature="setUpClass(org.testng.ITestContext)[pri:0, instance:ExamCenterRunners.EnrolleRunner@63787180]" started-at="2025-01-07T16:39:22Z" name="setUpClass" finished-at="2025-01-07T16:39:22Z" duration-ms="805" status="PASS">
          <params>
            <param index="0">
              <value>
                <![CDATA[org.testng.TestRunner@6fe5da76]]>
              </value>
            </param>
          </params>
          <reporter-output>
          </reporter-output>
        </test-method> <!-- setUpClass -->
        <test-method is-config="true" signature="beforeClass()[pri:0, instance:ExamCenterRunners.EnrolleRunner@63787180]" started-at="2025-01-07T16:39:22Z" name="beforeClass" finished-at="2025-01-07T16:39:22Z" duration-ms="3" status="PASS">
          <reporter-output>
          </reporter-output>
        </test-method> <!-- beforeClass -->
        <test-method signature="runScenario(io.cucumber.testng.PickleWrapper, io.cucumber.testng.FeatureWrapper)[pri:0, instance:ExamCenterRunners.EnrolleRunner@63787180]" started-at="2025-01-07T16:39:22Z" name="runScenario" description="Runs Cucumber Scenarios" data-provider="scenarios" finished-at="2025-01-07T16:40:40Z" duration-ms="77829" status="PASS">
          <params>
            <param index="0">
              <value>
                <![CDATA["Testing the Test Analytics popup at proctor Enrolle side"]]>
              </value>
            </param>
            <param index="1">
              <value>
                <![CDATA["Checking the Test Analytics under Enroller tab at Proctor side"]]>
              </value>
            </param>
          </params>
          <reporter-output>
          </reporter-output>
        </test-method> <!-- runScenario -->
        <test-method is-config="true" signature="afterClass()[pri:0, instance:ExamCenterRunners.EnrolleRunner@63787180]" started-at="2025-01-07T16:40:40Z" name="afterClass" finished-at="2025-01-07T16:40:40Z" duration-ms="0" status="PASS">
          <reporter-output>
          </reporter-output>
        </test-method> <!-- afterClass -->
        <test-method is-config="true" signature="tearDownClass()[pri:0, instance:ExamCenterRunners.EnrolleRunner@63787180]" started-at="2025-01-07T16:40:40Z" name="tearDownClass" finished-at="2025-01-07T16:40:44Z" duration-ms="3468" status="PASS">
          <reporter-output>
          </reporter-output>
        </test-method> <!-- tearDownClass -->
      </class> <!-- ExamCenterRunners.EnrolleRunner -->
    </test> <!-- Default test -->
  </suite> <!-- Default suite -->
</testng-results>
