<?xml version="1.0" encoding="UTF-8"?>
<testng-results total="1" passed="1" failed="0" skipped="0">
  <reporter-output>
  </reporter-output>
  <suite started-at="2025-01-31T10:07:43Z" name="Default suite" finished-at="2025-01-31T10:08:26Z" duration-ms="42493">
    <groups>
      <group name="cucumber">
        <method signature="AbstractTestNGCucumberTests.runScenario(io.cucumber.testng.PickleWrapper, io.cucumber.testng.FeatureWrapper)[pri:0, instance:LearningTreeRunner.ReportcardRunner@42039326]" name="runScenario" class="io.cucumber.testng.AbstractTestNGCucumberTests"/>
      </group> <!-- cucumber -->
    </groups>
    <test started-at="2025-01-31T10:07:43Z" name="Default test" finished-at="2025-01-31T10:08:26Z" duration-ms="42493">
      <class name="LearningTreeRunner.ReportcardRunner">
        <test-method is-config="true" signature="setUpClass(org.testng.ITestContext)[pri:0, instance:LearningTreeRunner.ReportcardRunner@42039326]" started-at="2025-01-31T15:37:43Z" name="setUpClass" finished-at="2025-01-31T15:37:44Z" duration-ms="784" status="PASS">
          <params>
            <param index="0">
              <value>
                <![CDATA[org.testng.TestRunner@ca10069]]>
              </value>
            </param>
          </params>
          <reporter-output>
          </reporter-output>
        </test-method> <!-- setUpClass -->
        <test-method is-config="true" signature="beforeClass()[pri:0, instance:LearningTreeRunner.ReportcardRunner@42039326]" started-at="2025-01-31T15:37:44Z" name="beforeClass" finished-at="2025-01-31T15:37:44Z" duration-ms="2" status="PASS">
          <reporter-output>
          </reporter-output>
        </test-method> <!-- beforeClass -->
        <test-method signature="runScenario(io.cucumber.testng.PickleWrapper, io.cucumber.testng.FeatureWrapper)[pri:0, instance:LearningTreeRunner.ReportcardRunner@42039326]" started-at="2025-01-31T15:37:44Z" name="runScenario" description="Runs Cucumber Scenarios" data-provider="scenarios" finished-at="2025-01-31T15:38:24Z" duration-ms="39651" status="PASS">
          <params>
            <param index="0">
              <value>
                <![CDATA["Verify the Report Card"]]>
              </value>
            </param>
            <param index="1">
              <value>
                <![CDATA["Verify the Report Card"]]>
              </value>
            </param>
          </params>
          <reporter-output>
          </reporter-output>
        </test-method> <!-- runScenario -->
        <test-method is-config="true" signature="afterClass()[pri:0, instance:LearningTreeRunner.ReportcardRunner@42039326]" started-at="2025-01-31T15:38:24Z" name="afterClass" finished-at="2025-01-31T15:38:24Z" duration-ms="1" status="PASS">
          <reporter-output>
          </reporter-output>
        </test-method> <!-- afterClass -->
        <test-method is-config="true" signature="tearDownClass()[pri:0, instance:LearningTreeRunner.ReportcardRunner@42039326]" started-at="2025-01-31T15:38:24Z" name="tearDownClass" finished-at="2025-01-31T15:38:26Z" duration-ms="2034" status="PASS">
          <reporter-output>
          </reporter-output>
        </test-method> <!-- tearDownClass -->
      </class> <!-- LearningTreeRunner.ReportcardRunner -->
    </test> <!-- Default test -->
  </suite> <!-- Default suite -->
</testng-results>
