<?xml version="1.0" encoding="UTF-8"?>
<testng-results ignored="0" total="12" passed="11" failed="1" skipped="0">
  <reporter-output>
  </reporter-output>
  <suite started-at="2024-11-25T23:41:52 IST" name="Suite" finished-at="2024-11-25T23:59:26 IST" duration-ms="1054610">
    <groups>
      <group name="cucumber">
        <method signature="AbstractTestNGCucumberTests.runScenario(io.cucumber.testng.PickleWrapper,io.cucumber.testng.FeatureWrapper)[pri:0, instance:AssessmentsRunner.AnnouncementsRunner@72bc6553]" name="runScenario" class="io.cucumber.testng.AbstractTestNGCucumberTests"/>
        <method signature="AbstractTestNGCucumberTests.runScenario(io.cucumber.testng.PickleWrapper,io.cucumber.testng.FeatureWrapper)[pri:0, instance:AssessmentsRunner.Benchmark_TeacherRunner@536f2a7e]" name="runScenario" class="io.cucumber.testng.AbstractTestNGCucumberTests"/>
        <method signature="AbstractTestNGCucumberTests.runScenario(io.cucumber.testng.PickleWrapper,io.cucumber.testng.FeatureWrapper)[pri:0, instance:AssessmentsRunner.BenchmarksRunner@c430e6c]" name="runScenario" class="io.cucumber.testng.AbstractTestNGCucumberTests"/>
        <method signature="AbstractTestNGCucumberTests.runScenario(io.cucumber.testng.PickleWrapper,io.cucumber.testng.FeatureWrapper)[pri:0, instance:AssessmentsRunner.PerformingExamRunner@70cf32e3]" name="runScenario" class="io.cucumber.testng.AbstractTestNGCucumberTests"/>
        <method signature="AbstractTestNGCucumberTests.runScenario(io.cucumber.testng.PickleWrapper,io.cucumber.testng.FeatureWrapper)[pri:0, instance:AssessmentsRunner.Provide_ScoreRunner@5a59ca5e]" name="runScenario" class="io.cucumber.testng.AbstractTestNGCucumberTests"/>
        <method signature="AbstractTestNGCucumberTests.runScenario(io.cucumber.testng.PickleWrapper,io.cucumber.testng.FeatureWrapper)[pri:0, instance:AssessmentsRunner.QuizCreationRunner@312aa7c]" name="runScenario" class="io.cucumber.testng.AbstractTestNGCucumberTests"/>
        <method signature="AbstractTestNGCucumberTests.runScenario(io.cucumber.testng.PickleWrapper,io.cucumber.testng.FeatureWrapper)[pri:0, instance:AssessmentsRunner.QuizSubmissionRunner@66982506]" name="runScenario" class="io.cucumber.testng.AbstractTestNGCucumberTests"/>
        <method signature="AbstractTestNGCucumberTests.runScenario(io.cucumber.testng.PickleWrapper,io.cucumber.testng.FeatureWrapper)[pri:0, instance:AssessmentsRunner.SISprovisioningRunner@533bda92]" name="runScenario" class="io.cucumber.testng.AbstractTestNGCucumberTests"/>
        <method signature="AbstractTestNGCucumberTests.runScenario(io.cucumber.testng.PickleWrapper,io.cucumber.testng.FeatureWrapper)[pri:0, instance:AssessmentsRunner.Teacher_ActivityprogressRunner@4bdeaabb]" name="runScenario" class="io.cucumber.testng.AbstractTestNGCucumberTests"/>
      </group> <!-- cucumber -->
    </groups>
    <test started-at="2024-11-25T23:41:52 IST" name="Test" finished-at="2024-11-25T23:59:26 IST" duration-ms="1054610">
      <class name="AssessmentsRunner.Teacher_ActivityprogressRunner">
        <test-method is-config="true" signature="setUpClass(org.testng.ITestContext)[pri:0, instance:AssessmentsRunner.Teacher_ActivityprogressRunner@4bdeaabb]" started-at="2024-11-25T23:58:15 IST" name="setUpClass" finished-at="2024-11-25T23:58:15 IST" duration-ms="57" status="PASS">
          <params>
            <param index="0">
              <value>
                <![CDATA[org.testng.TestRunner@596c189f]]>
              </value>
            </param>
          </params>
          <reporter-output>
          </reporter-output>
        </test-method> <!-- setUpClass -->
        <test-method signature="runScenario(io.cucumber.testng.PickleWrapper,io.cucumber.testng.FeatureWrapper)[pri:0, instance:AssessmentsRunner.Teacher_ActivityprogressRunner@4bdeaabb]" started-at="2024-11-25T23:58:15 IST" name="runScenario" description="Runs Cucumber Scenarios" data-provider="scenarios" finished-at="2024-11-25T23:59:25 IST" duration-ms="69172" status="PASS">
          <params>
            <param index="0">
              <value>
                <![CDATA["Validating the Activity progress screen from AC Home tab"]]>
              </value>
            </param>
            <param index="1">
              <value>
                <![CDATA["Verify the Activity progress from ToDo List at teacher"]]>
              </value>
            </param>
          </params>
          <reporter-output>
          </reporter-output>
        </test-method> <!-- runScenario -->
        <test-method is-config="true" signature="beforeClass()[pri:0, instance:AssessmentsRunner.Teacher_ActivityprogressRunner@4bdeaabb]" started-at="2024-11-25T23:58:15 IST" name="beforeClass" finished-at="2024-11-25T23:58:15 IST" duration-ms="0" status="PASS">
          <reporter-output>
          </reporter-output>
        </test-method> <!-- beforeClass -->
        <test-method is-config="true" signature="afterClass()[pri:0, instance:AssessmentsRunner.Teacher_ActivityprogressRunner@4bdeaabb]" started-at="2024-11-25T23:59:25 IST" name="afterClass" finished-at="2024-11-25T23:59:25 IST" duration-ms="4" status="PASS">
          <reporter-output>
          </reporter-output>
        </test-method> <!-- afterClass -->
        <test-method is-config="true" signature="tearDownClass()[pri:0, instance:AssessmentsRunner.Teacher_ActivityprogressRunner@4bdeaabb]" started-at="2024-11-25T23:59:25 IST" name="tearDownClass" finished-at="2024-11-25T23:59:26 IST" duration-ms="1764" status="PASS">
          <reporter-output>
          </reporter-output>
        </test-method> <!-- tearDownClass -->
      </class> <!-- AssessmentsRunner.Teacher_ActivityprogressRunner -->
      <class name="AssessmentsRunner.AnnouncementsRunner">
        <test-method is-config="true" signature="setUpClass(org.testng.ITestContext)[pri:0, instance:AssessmentsRunner.AnnouncementsRunner@72bc6553]" started-at="2024-11-25T23:50:53 IST" name="setUpClass" finished-at="2024-11-25T23:50:53 IST" duration-ms="64" status="PASS">
          <params>
            <param index="0">
              <value>
                <![CDATA[org.testng.TestRunner@596c189f]]>
              </value>
            </param>
          </params>
          <reporter-output>
          </reporter-output>
        </test-method> <!-- setUpClass -->
        <test-method signature="runScenario(io.cucumber.testng.PickleWrapper,io.cucumber.testng.FeatureWrapper)[pri:0, instance:AssessmentsRunner.AnnouncementsRunner@72bc6553]" started-at="2024-11-25T23:50:53 IST" name="runScenario" description="Runs Cucumber Scenarios" data-provider="scenarios" finished-at="2024-11-25T23:52:26 IST" duration-ms="93730" status="PASS">
          <params>
            <param index="0">
              <value>
                <![CDATA["Creating Announcements"]]>
              </value>
            </param>
            <param index="1">
              <value>
                <![CDATA["Verify the Announcements functionality"]]>
              </value>
            </param>
          </params>
          <reporter-output>
          </reporter-output>
        </test-method> <!-- runScenario -->
        <test-method is-config="true" signature="beforeClass()[pri:0, instance:AssessmentsRunner.AnnouncementsRunner@72bc6553]" started-at="2024-11-25T23:50:53 IST" name="beforeClass" finished-at="2024-11-25T23:50:53 IST" duration-ms="0" status="PASS">
          <reporter-output>
          </reporter-output>
        </test-method> <!-- beforeClass -->
        <test-method is-config="true" signature="tearDownClass()[pri:0, instance:AssessmentsRunner.AnnouncementsRunner@72bc6553]" started-at="2024-11-25T23:52:26 IST" name="tearDownClass" finished-at="2024-11-25T23:52:28 IST" duration-ms="1644" status="PASS">
          <reporter-output>
          </reporter-output>
        </test-method> <!-- tearDownClass -->
        <test-method is-config="true" signature="afterClass()[pri:0, instance:AssessmentsRunner.AnnouncementsRunner@72bc6553]" started-at="2024-11-25T23:52:26 IST" name="afterClass" finished-at="2024-11-25T23:52:26 IST" duration-ms="0" status="PASS">
          <reporter-output>
          </reporter-output>
        </test-method> <!-- afterClass -->
      </class> <!-- AssessmentsRunner.AnnouncementsRunner -->
      <class name="AssessmentsRunner.Provide_ScoreRunner">
        <test-method is-config="true" signature="setUpClass(org.testng.ITestContext)[pri:0, instance:AssessmentsRunner.Provide_ScoreRunner@5a59ca5e]" started-at="2024-11-25T23:56:36 IST" name="setUpClass" finished-at="2024-11-25T23:56:36 IST" duration-ms="60" status="PASS">
          <params>
            <param index="0">
              <value>
                <![CDATA[org.testng.TestRunner@596c189f]]>
              </value>
            </param>
          </params>
          <reporter-output>
          </reporter-output>
        </test-method> <!-- setUpClass -->
        <test-method is-config="true" signature="beforeClass()[pri:0, instance:AssessmentsRunner.Provide_ScoreRunner@5a59ca5e]" started-at="2024-11-25T23:56:36 IST" name="beforeClass" finished-at="2024-11-25T23:56:36 IST" duration-ms="0" status="PASS">
          <reporter-output>
          </reporter-output>
        </test-method> <!-- beforeClass -->
        <test-method signature="runScenario(io.cucumber.testng.PickleWrapper,io.cucumber.testng.FeatureWrapper)[pri:0, instance:AssessmentsRunner.Provide_ScoreRunner@5a59ca5e]" started-at="2024-11-25T23:56:36 IST" name="runScenario" description="Runs Cucumber Scenarios" data-provider="scenarios" finished-at="2024-11-25T23:57:29 IST" duration-ms="52962" status="FAIL">
          <params>
            <param index="0">
              <value>
                <![CDATA["Validate the Score from Overall SpeedGrader"]]>
              </value>
            </param>
            <param index="1">
              <value>
                <![CDATA["Verify the Score Submission at Teacher side"]]>
              </value>
            </param>
          </params>
          <exception class="org.openqa.selenium.NoSuchElementException">
            <message>
              <![CDATA[no such element: Unable to locate element: {"method":"xpath","selector":"//mat-icon[contains(text(), ' score')]"}
  (Session info: chrome=131.0.6778.86)
For documentation on this error, please visit: https://www.selenium.dev/documentation/webdriver/troubleshooting/errors#no-such-element-exception
Build info: version: '4.18.1', revision: 'b1d3319b48'
System info: os.name: 'Windows 11', os.arch: 'amd64', os.version: '10.0', java.version: '17.0.11'
Driver info: org.openqa.selenium.chrome.ChromeDriver
Command: [a3fb2401d8bd7bcfa340ccbdedc1b924, findElement {value=//mat-icon[contains(text(), ' score')], using=xpath}]
Capabilities {acceptInsecureCerts: false, browserName: chrome, browserVersion: 131.0.6778.86, chrome: {chromedriverVersion: 131.0.6778.85 (3d81e41b6f3a..., userDataDir: C:\Users\SURESH~1\AppData\L...}, fedcm:accounts: true, goog:chromeOptions: {debuggerAddress: localhost:63617}, networkConnectionEnabled: false, pageLoadStrategy: normal, platformName: windows, proxy: Proxy(), se:cdp: ws://localhost:63617/devtoo..., se:cdpVersion: 131.0.6778.86, setWindowRect: true, strictFileInteractability: false, timeouts: {implicit: 0, pageLoad: 300000, script: 30000}, unhandledPromptBehavior: dismiss and notify, webauthn:extension:credBlob: true, webauthn:extension:largeBlob: true, webauthn:extension:minPinLength: true, webauthn:extension:prf: true, webauthn:virtualAuthenticators: true}
Session ID: a3fb2401d8bd7bcfa340ccbdedc1b924]]>
            </message>
            <full-stacktrace>
              <![CDATA[org.openqa.selenium.NoSuchElementException: no such element: Unable to locate element: {"method":"xpath","selector":"//mat-icon[contains(text(), ' score')]"}
  (Session info: chrome=131.0.6778.86)
For documentation on this error, please visit: https://www.selenium.dev/documentation/webdriver/troubleshooting/errors#no-such-element-exception
Build info: version: '4.18.1', revision: 'b1d3319b48'
System info: os.name: 'Windows 11', os.arch: 'amd64', os.version: '10.0', java.version: '17.0.11'
Driver info: org.openqa.selenium.chrome.ChromeDriver
Command: [a3fb2401d8bd7bcfa340ccbdedc1b924, findElement {value=//mat-icon[contains(text(), ' score')], using=xpath}]
Capabilities {acceptInsecureCerts: false, browserName: chrome, browserVersion: 131.0.6778.86, chrome: {chromedriverVersion: 131.0.6778.85 (3d81e41b6f3a..., userDataDir: C:\Users\SURESH~1\AppData\L...}, fedcm:accounts: true, goog:chromeOptions: {debuggerAddress: localhost:63617}, networkConnectionEnabled: false, pageLoadStrategy: normal, platformName: windows, proxy: Proxy(), se:cdp: ws://localhost:63617/devtoo..., se:cdpVersion: 131.0.6778.86, setWindowRect: true, strictFileInteractability: false, timeouts: {implicit: 0, pageLoad: 300000, script: 30000}, unhandledPromptBehavior: dismiss and notify, webauthn:extension:credBlob: true, webauthn:extension:largeBlob: true, webauthn:extension:minPinLength: true, webauthn:extension:prf: true, webauthn:virtualAuthenticators: true}
Session ID: a3fb2401d8bd7bcfa340ccbdedc1b924
at java.base/jdk.internal.reflect.NativeConstructorAccessorImpl.newInstance0(Native Method)
at java.base/jdk.internal.reflect.NativeConstructorAccessorImpl.newInstance(NativeConstructorAccessorImpl.java:77)
at java.base/jdk.internal.reflect.DelegatingConstructorAccessorImpl.newInstance(DelegatingConstructorAccessorImpl.java:45)
at java.base/java.lang.reflect.Constructor.newInstanceWithCaller(Constructor.java:499)
at java.base/java.lang.reflect.Constructor.newInstance(Constructor.java:480)
at org.openqa.selenium.remote.ErrorCodec.decode(ErrorCodec.java:167)
at org.openqa.selenium.remote.codec.w3c.W3CHttpResponseCodec.decode(W3CHttpResponseCodec.java:138)
at org.openqa.selenium.remote.codec.w3c.W3CHttpResponseCodec.decode(W3CHttpResponseCodec.java:50)
at org.openqa.selenium.remote.HttpCommandExecutor.execute(HttpCommandExecutor.java:190)
at org.openqa.selenium.remote.service.DriverCommandExecutor.invokeExecute(DriverCommandExecutor.java:216)
at org.openqa.selenium.remote.service.DriverCommandExecutor.execute(DriverCommandExecutor.java:174)
at org.openqa.selenium.remote.RemoteWebDriver.execute(RemoteWebDriver.java:519)
at org.openqa.selenium.remote.ElementLocation$ElementFinder$2.findElement(ElementLocation.java:165)
at org.openqa.selenium.remote.ElementLocation.findElement(ElementLocation.java:59)
at org.openqa.selenium.remote.RemoteWebDriver.findElement(RemoteWebDriver.java:356)
at org.openqa.selenium.remote.RemoteWebDriver.findElement(RemoteWebDriver.java:350)
at org.openqa.selenium.support.pagefactory.DefaultElementLocator.findElement(DefaultElementLocator.java:68)
at org.openqa.selenium.support.pagefactory.internal.LocatingElementHandler.invoke(LocatingElementHandler.java:38)
at jdk.proxy2/jdk.proxy2.$Proxy28.click(Unknown Source)
at com.Assessments.pages.Score_SubmissionPage.click_On_Score(Score_SubmissionPage.java:101)
at AssessmentsStepdef.Score_SubmissionStepdefination.clicks_on_score_button(Score_SubmissionStepdefination.java:57)
at ✽.clicks on Score button(file:///C:/Users/SureshRajaboina/OneDrive%20-%20FocalPointK12,%20Inc/Focalpoint%20Automation/Benchmarks_AC/src/test/resources/AssessmentsFeatures/Provide_Score.feature:11)
]]>
            </full-stacktrace>
          </exception> <!-- org.openqa.selenium.NoSuchElementException -->
          <reporter-output>
          </reporter-output>
        </test-method> <!-- runScenario -->
        <test-method signature="runScenario(io.cucumber.testng.PickleWrapper,io.cucumber.testng.FeatureWrapper)[pri:0, instance:AssessmentsRunner.Provide_ScoreRunner@5a59ca5e]" started-at="2024-11-25T23:57:29 IST" name="runScenario" description="Runs Cucumber Scenarios" data-provider="scenarios" finished-at="2024-11-25T23:58:13 IST" duration-ms="44840" status="PASS">
          <params>
            <param index="0">
              <value>
                <![CDATA["Validate the Score In Assessment SpeedGrader screen"]]>
              </value>
            </param>
            <param index="1">
              <value>
                <![CDATA["Verify the Score Submission at Teacher side"]]>
              </value>
            </param>
          </params>
          <reporter-output>
          </reporter-output>
        </test-method> <!-- runScenario -->
        <test-method is-config="true" signature="afterClass()[pri:0, instance:AssessmentsRunner.Provide_ScoreRunner@5a59ca5e]" started-at="2024-11-25T23:58:13 IST" name="afterClass" finished-at="2024-11-25T23:58:13 IST" duration-ms="0" status="PASS">
          <reporter-output>
          </reporter-output>
        </test-method> <!-- afterClass -->
        <test-method is-config="true" signature="tearDownClass()[pri:0, instance:AssessmentsRunner.Provide_ScoreRunner@5a59ca5e]" started-at="2024-11-25T23:58:13 IST" name="tearDownClass" finished-at="2024-11-25T23:58:15 IST" duration-ms="1878" status="PASS">
          <reporter-output>
          </reporter-output>
        </test-method> <!-- tearDownClass -->
      </class> <!-- AssessmentsRunner.Provide_ScoreRunner -->
      <class name="AssessmentsRunner.PerformingExamRunner">
        <test-method is-config="true" signature="setUpClass(org.testng.ITestContext)[pri:0, instance:AssessmentsRunner.PerformingExamRunner@70cf32e3]" started-at="2024-11-25T23:55:20 IST" name="setUpClass" finished-at="2024-11-25T23:55:20 IST" duration-ms="33" status="PASS">
          <params>
            <param index="0">
              <value>
                <![CDATA[org.testng.TestRunner@596c189f]]>
              </value>
            </param>
          </params>
          <reporter-output>
          </reporter-output>
        </test-method> <!-- setUpClass -->
        <test-method is-config="true" signature="beforeClass()[pri:0, instance:AssessmentsRunner.PerformingExamRunner@70cf32e3]" started-at="2024-11-25T23:55:20 IST" name="beforeClass" finished-at="2024-11-25T23:55:20 IST" duration-ms="8" status="PASS">
          <reporter-output>
          </reporter-output>
        </test-method> <!-- beforeClass -->
        <test-method signature="runScenario(io.cucumber.testng.PickleWrapper,io.cucumber.testng.FeatureWrapper)[pri:0, instance:AssessmentsRunner.PerformingExamRunner@70cf32e3]" started-at="2024-11-25T23:55:20 IST" name="runScenario" description="Runs Cucumber Scenarios" data-provider="scenarios" finished-at="2024-11-25T23:56:34 IST" duration-ms="73939" status="PASS">
          <params>
            <param index="0">
              <value>
                <![CDATA["Submitting Exam"]]>
              </value>
            </param>
            <param index="1">
              <value>
                <![CDATA["Performing Exam at student side"]]>
              </value>
            </param>
          </params>
          <reporter-output>
          </reporter-output>
        </test-method> <!-- runScenario -->
        <test-method is-config="true" signature="afterClass()[pri:0, instance:AssessmentsRunner.PerformingExamRunner@70cf32e3]" started-at="2024-11-25T23:56:34 IST" name="afterClass" finished-at="2024-11-25T23:56:34 IST" duration-ms="0" status="PASS">
          <reporter-output>
          </reporter-output>
        </test-method> <!-- afterClass -->
        <test-method is-config="true" signature="tearDownClass()[pri:0, instance:AssessmentsRunner.PerformingExamRunner@70cf32e3]" started-at="2024-11-25T23:56:34 IST" name="tearDownClass" finished-at="2024-11-25T23:56:36 IST" duration-ms="1469" status="PASS">
          <reporter-output>
          </reporter-output>
        </test-method> <!-- tearDownClass -->
      </class> <!-- AssessmentsRunner.PerformingExamRunner -->
      <class name="AssessmentsRunner.BenchmarksRunner">
        <test-method is-config="true" signature="setUpClass(org.testng.ITestContext)[pri:0, instance:AssessmentsRunner.BenchmarksRunner@c430e6c]" started-at="2024-11-25T23:44:14 IST" name="setUpClass" finished-at="2024-11-25T23:44:14 IST" duration-ms="80" status="PASS">
          <params>
            <param index="0">
              <value>
                <![CDATA[org.testng.TestRunner@596c189f]]>
              </value>
            </param>
          </params>
          <reporter-output>
          </reporter-output>
        </test-method> <!-- setUpClass -->
        <test-method signature="runScenario(io.cucumber.testng.PickleWrapper,io.cucumber.testng.FeatureWrapper)[pri:0, instance:AssessmentsRunner.BenchmarksRunner@c430e6c]" started-at="2024-11-25T23:44:14 IST" name="runScenario" description="Runs Cucumber Scenarios" data-provider="scenarios" finished-at="2024-11-25T23:45:18 IST" duration-ms="64606" status="PASS">
          <params>
            <param index="0">
              <value>
                <![CDATA["Creating Benchmarks and activating"]]>
              </value>
            </param>
            <param index="1">
              <value>
                <![CDATA["Verify the Benchmarks functionality"]]>
              </value>
            </param>
          </params>
          <reporter-output>
          </reporter-output>
        </test-method> <!-- runScenario -->
        <test-method is-config="true" signature="beforeClass()[pri:0, instance:AssessmentsRunner.BenchmarksRunner@c430e6c]" started-at="2024-11-25T23:44:14 IST" name="beforeClass" finished-at="2024-11-25T23:44:14 IST" duration-ms="0" status="PASS">
          <reporter-output>
          </reporter-output>
        </test-method> <!-- beforeClass -->
        <test-method signature="runScenario(io.cucumber.testng.PickleWrapper,io.cucumber.testng.FeatureWrapper)[pri:0, instance:AssessmentsRunner.BenchmarksRunner@c430e6c]" started-at="2024-11-25T23:45:18 IST" name="runScenario" description="Runs Cucumber Scenarios" data-provider="scenarios" finished-at="2024-11-25T23:46:13 IST" duration-ms="54741" status="PASS">
          <params>
            <param index="0">
              <value>
                <![CDATA["Activating Benchmark Through Test Administration"]]>
              </value>
            </param>
            <param index="1">
              <value>
                <![CDATA["Verify the Benchmarks functionality"]]>
              </value>
            </param>
          </params>
          <reporter-output>
          </reporter-output>
        </test-method> <!-- runScenario -->
        <test-method is-config="true" signature="tearDownClass()[pri:0, instance:AssessmentsRunner.BenchmarksRunner@c430e6c]" started-at="2024-11-25T23:46:13 IST" name="tearDownClass" finished-at="2024-11-25T23:46:15 IST" duration-ms="2458" status="PASS">
          <reporter-output>
          </reporter-output>
        </test-method> <!-- tearDownClass -->
        <test-method is-config="true" signature="afterClass()[pri:0, instance:AssessmentsRunner.BenchmarksRunner@c430e6c]" started-at="2024-11-25T23:46:13 IST" name="afterClass" finished-at="2024-11-25T23:46:13 IST" duration-ms="0" status="PASS">
          <reporter-output>
          </reporter-output>
        </test-method> <!-- afterClass -->
      </class> <!-- AssessmentsRunner.BenchmarksRunner -->
      <class name="AssessmentsRunner.Benchmark_TeacherRunner">
        <test-method is-config="true" signature="setUpClass(org.testng.ITestContext)[pri:0, instance:AssessmentsRunner.Benchmark_TeacherRunner@536f2a7e]" started-at="2024-11-25T23:49:08 IST" name="setUpClass" finished-at="2024-11-25T23:49:08 IST" duration-ms="31" status="PASS">
          <params>
            <param index="0">
              <value>
                <![CDATA[org.testng.TestRunner@596c189f]]>
              </value>
            </param>
          </params>
          <reporter-output>
          </reporter-output>
        </test-method> <!-- setUpClass -->
        <test-method is-config="true" signature="beforeClass()[pri:0, instance:AssessmentsRunner.Benchmark_TeacherRunner@536f2a7e]" started-at="2024-11-25T23:49:08 IST" name="beforeClass" finished-at="2024-11-25T23:49:08 IST" duration-ms="16" status="PASS">
          <reporter-output>
          </reporter-output>
        </test-method> <!-- beforeClass -->
        <test-method signature="runScenario(io.cucumber.testng.PickleWrapper,io.cucumber.testng.FeatureWrapper)[pri:0, instance:AssessmentsRunner.Benchmark_TeacherRunner@536f2a7e]" started-at="2024-11-25T23:49:08 IST" name="runScenario" description="Runs Cucumber Scenarios" data-provider="scenarios" finished-at="2024-11-25T23:50:51 IST" duration-ms="103370" status="PASS">
          <params>
            <param index="0">
              <value>
                <![CDATA["Activating and Deactivating toggles against Benchmark names"]]>
              </value>
            </param>
            <param index="1">
              <value>
                <![CDATA["Verify the Benchmark Management process for Teacher"]]>
              </value>
            </param>
          </params>
          <reporter-output>
          </reporter-output>
        </test-method> <!-- runScenario -->
        <test-method is-config="true" signature="afterClass()[pri:0, instance:AssessmentsRunner.Benchmark_TeacherRunner@536f2a7e]" started-at="2024-11-25T23:50:51 IST" name="afterClass" finished-at="2024-11-25T23:50:51 IST" duration-ms="0" status="PASS">
          <reporter-output>
          </reporter-output>
        </test-method> <!-- afterClass -->
        <test-method is-config="true" signature="tearDownClass()[pri:0, instance:AssessmentsRunner.Benchmark_TeacherRunner@536f2a7e]" started-at="2024-11-25T23:50:51 IST" name="tearDownClass" finished-at="2024-11-25T23:50:53 IST" duration-ms="1580" status="PASS">
          <reporter-output>
          </reporter-output>
        </test-method> <!-- tearDownClass -->
      </class> <!-- AssessmentsRunner.Benchmark_TeacherRunner -->
      <class name="AssessmentsRunner.QuizCreationRunner">
        <test-method is-config="true" signature="setUpClass(org.testng.ITestContext)[pri:0, instance:AssessmentsRunner.QuizCreationRunner@312aa7c]" started-at="2024-11-25T23:46:15 IST" name="setUpClass" finished-at="2024-11-25T23:46:15 IST" duration-ms="31" status="PASS">
          <params>
            <param index="0">
              <value>
                <![CDATA[org.testng.TestRunner@596c189f]]>
              </value>
            </param>
          </params>
          <reporter-output>
          </reporter-output>
        </test-method> <!-- setUpClass -->
        <test-method signature="runScenario(io.cucumber.testng.PickleWrapper,io.cucumber.testng.FeatureWrapper)[pri:0, instance:AssessmentsRunner.QuizCreationRunner@312aa7c]" started-at="2024-11-25T23:46:15 IST" name="runScenario" description="Runs Cucumber Scenarios" data-provider="scenarios" finished-at="2024-11-25T23:49:06 IST" duration-ms="170668" status="PASS">
          <params>
            <param index="0">
              <value>
                <![CDATA["Checking the Quiz Creation Functionality"]]>
              </value>
            </param>
            <param index="1">
              <value>
                <![CDATA["Validate the Quiz Creation for Teacher"]]>
              </value>
            </param>
          </params>
          <reporter-output>
          </reporter-output>
        </test-method> <!-- runScenario -->
        <test-method is-config="true" signature="beforeClass()[pri:0, instance:AssessmentsRunner.QuizCreationRunner@312aa7c]" started-at="2024-11-25T23:46:15 IST" name="beforeClass" finished-at="2024-11-25T23:46:15 IST" duration-ms="0" status="PASS">
          <reporter-output>
          </reporter-output>
        </test-method> <!-- beforeClass -->
        <test-method is-config="true" signature="afterClass()[pri:0, instance:AssessmentsRunner.QuizCreationRunner@312aa7c]" started-at="2024-11-25T23:49:06 IST" name="afterClass" finished-at="2024-11-25T23:49:06 IST" duration-ms="0" status="PASS">
          <reporter-output>
          </reporter-output>
        </test-method> <!-- afterClass -->
        <test-method is-config="true" signature="tearDownClass()[pri:0, instance:AssessmentsRunner.QuizCreationRunner@312aa7c]" started-at="2024-11-25T23:49:06 IST" name="tearDownClass" finished-at="2024-11-25T23:49:08 IST" duration-ms="1407" status="PASS">
          <reporter-output>
          </reporter-output>
        </test-method> <!-- tearDownClass -->
      </class> <!-- AssessmentsRunner.QuizCreationRunner -->
      <class name="AssessmentsRunner.QuizSubmissionRunner">
        <test-method is-config="true" signature="setUpClass(org.testng.ITestContext)[pri:0, instance:AssessmentsRunner.QuizSubmissionRunner@66982506]" started-at="2024-11-25T23:52:28 IST" name="setUpClass" finished-at="2024-11-25T23:52:28 IST" duration-ms="41" status="PASS">
          <params>
            <param index="0">
              <value>
                <![CDATA[org.testng.TestRunner@596c189f]]>
              </value>
            </param>
          </params>
          <reporter-output>
          </reporter-output>
        </test-method> <!-- setUpClass -->
        <test-method signature="runScenario(io.cucumber.testng.PickleWrapper,io.cucumber.testng.FeatureWrapper)[pri:0, instance:AssessmentsRunner.QuizSubmissionRunner@66982506]" started-at="2024-11-25T23:52:28 IST" name="runScenario" description="Runs Cucumber Scenarios" data-provider="scenarios" finished-at="2024-11-25T23:55:19 IST" duration-ms="170486" status="PASS">
          <params>
            <param index="0">
              <value>
                <![CDATA["Submitting Quiz"]]>
              </value>
            </param>
            <param index="1">
              <value>
                <![CDATA["Performing Quiz at student side"]]>
              </value>
            </param>
          </params>
          <reporter-output>
          </reporter-output>
        </test-method> <!-- runScenario -->
        <test-method is-config="true" signature="beforeClass()[pri:0, instance:AssessmentsRunner.QuizSubmissionRunner@66982506]" started-at="2024-11-25T23:52:28 IST" name="beforeClass" finished-at="2024-11-25T23:52:28 IST" duration-ms="0" status="PASS">
          <reporter-output>
          </reporter-output>
        </test-method> <!-- beforeClass -->
        <test-method is-config="true" signature="afterClass()[pri:0, instance:AssessmentsRunner.QuizSubmissionRunner@66982506]" started-at="2024-11-25T23:55:19 IST" name="afterClass" finished-at="2024-11-25T23:55:19 IST" duration-ms="5" status="PASS">
          <reporter-output>
          </reporter-output>
        </test-method> <!-- afterClass -->
        <test-method is-config="true" signature="tearDownClass()[pri:0, instance:AssessmentsRunner.QuizSubmissionRunner@66982506]" started-at="2024-11-25T23:55:19 IST" name="tearDownClass" finished-at="2024-11-25T23:55:20 IST" duration-ms="1563" status="PASS">
          <reporter-output>
          </reporter-output>
        </test-method> <!-- tearDownClass -->
      </class> <!-- AssessmentsRunner.QuizSubmissionRunner -->
      <class name="AssessmentsRunner.SISprovisioningRunner">
        <test-method is-config="true" signature="setUpClass(org.testng.ITestContext)[pri:0, instance:AssessmentsRunner.SISprovisioningRunner@533bda92]" started-at="2024-11-25T23:41:52 IST" name="setUpClass" finished-at="2024-11-25T23:41:53 IST" duration-ms="1285" status="PASS">
          <params>
            <param index="0">
              <value>
                <![CDATA[org.testng.TestRunner@596c189f]]>
              </value>
            </param>
          </params>
          <reporter-output>
          </reporter-output>
        </test-method> <!-- setUpClass -->
        <test-method is-config="true" signature="beforeClass()[pri:0, instance:AssessmentsRunner.SISprovisioningRunner@533bda92]" started-at="2024-11-25T23:41:53 IST" name="beforeClass" finished-at="2024-11-25T23:41:53 IST" duration-ms="1" status="PASS">
          <reporter-output>
          </reporter-output>
        </test-method> <!-- beforeClass -->
        <test-method signature="runScenario(io.cucumber.testng.PickleWrapper,io.cucumber.testng.FeatureWrapper)[pri:0, instance:AssessmentsRunner.SISprovisioningRunner@533bda92]" started-at="2024-11-25T23:41:53 IST" name="runScenario" description="Runs Cucumber Scenarios" data-provider="scenarios" finished-at="2024-11-25T23:42:44 IST" duration-ms="51052" status="PASS">
          <params>
            <param index="0">
              <value>
                <![CDATA["Checking the School, Classroom, Section Creation Functionality With valid Data"]]>
              </value>
            </param>
            <param index="1">
              <value>
                <![CDATA["Verify the SIS Provisioning Creation Functionality"]]>
              </value>
            </param>
          </params>
          <reporter-output>
          </reporter-output>
        </test-method> <!-- runScenario -->
        <test-method signature="runScenario(io.cucumber.testng.PickleWrapper,io.cucumber.testng.FeatureWrapper)[pri:0, instance:AssessmentsRunner.SISprovisioningRunner@533bda92]" started-at="2024-11-25T23:42:44 IST" name="runScenario" description="Runs Cucumber Scenarios" data-provider="scenarios" finished-at="2024-11-25T23:44:07 IST" duration-ms="83028" status="PASS">
          <params>
            <param index="0">
              <value>
                <![CDATA["Verify the Users Creation Functionality with valid Data"]]>
              </value>
            </param>
            <param index="1">
              <value>
                <![CDATA["Verify the SIS Provisioning Creation Functionality"]]>
              </value>
            </param>
          </params>
          <reporter-output>
          </reporter-output>
        </test-method> <!-- runScenario -->
        <test-method is-config="true" signature="afterClass()[pri:0, instance:AssessmentsRunner.SISprovisioningRunner@533bda92]" started-at="2024-11-25T23:44:07 IST" name="afterClass" finished-at="2024-11-25T23:44:07 IST" duration-ms="2" status="PASS">
          <reporter-output>
          </reporter-output>
        </test-method> <!-- afterClass -->
        <test-method is-config="true" signature="tearDownClass()[pri:0, instance:AssessmentsRunner.SISprovisioningRunner@533bda92]" started-at="2024-11-25T23:44:07 IST" name="tearDownClass" finished-at="2024-11-25T23:44:14 IST" duration-ms="6430" status="PASS">
          <reporter-output>
          </reporter-output>
        </test-method> <!-- tearDownClass -->
      </class> <!-- AssessmentsRunner.SISprovisioningRunner -->
    </test> <!-- Test -->
  </suite> <!-- Suite -->
</testng-results>
