<?xml version="1.0" encoding="UTF-8"?>
<testng-results total="14" passed="14" failed="0" skipped="0">
	<reporter-output>
	</reporter-output>
	<suite started-at="2024-01-29T12:21:05Z" name="Suite"
		finished-at="2024-01-29T12:31:55Z" duration-ms="650606">
		<groups>
			<group name="cucumber">
				<method
					signature="AbstractTestNGCucumberTests.runScenario(io.cucumber.testng.PickleWrapper, io.cucumber.testng.FeatureWrapper)[pri:0, instance:Runners.AssessmentSubmissionRunner@4b40f651]"
					name="runScenario"
					class="io.cucumber.testng.AbstractTestNGCucumberTests" />
				<method
					signature="AbstractTestNGCucumberTests.runScenario(io.cucumber.testng.PickleWrapper, io.cucumber.testng.FeatureWrapper)[pri:0, instance:Runners.BulkUploadRunner@42b02722]"
					name="runScenario"
					class="io.cucumber.testng.AbstractTestNGCucumberTests" />
				<method
					signature="AbstractTestNGCucumberTests.runScenario(io.cucumber.testng.PickleWrapper, io.cucumber.testng.FeatureWrapper)[pri:0, instance:Runners.Create_Time_Slot_and_Enroll_the_ExamTakerRunner@3d3e5463]"
					name="runScenario"
					class="io.cucumber.testng.AbstractTestNGCucumberTests" />
				<method
					signature="AbstractTestNGCucumberTests.runScenario(io.cucumber.testng.PickleWrapper, io.cucumber.testng.FeatureWrapper)[pri:0, instance:Runners.Enrolled_ExamTaker_in_a_TimeSlotRunner@64a40280]"
					name="runScenario"
					class="io.cucumber.testng.AbstractTestNGCucumberTests" />
				<method
					signature="AbstractTestNGCucumberTests.runScenario(io.cucumber.testng.PickleWrapper, io.cucumber.testng.FeatureWrapper)[pri:0, instance:Runners.Examinations_Schedule_runner@e70f13a]"
					name="runScenario"
					class="io.cucumber.testng.AbstractTestNGCucumberTests" />
				<method
					signature="AbstractTestNGCucumberTests.runScenario(io.cucumber.testng.PickleWrapper, io.cucumber.testng.FeatureWrapper)[pri:0, instance:Runners.Location_Runner@50d13246]"
					name="runScenario"
					class="io.cucumber.testng.AbstractTestNGCucumberTests" />
				<method
					signature="AbstractTestNGCucumberTests.runScenario(io.cucumber.testng.PickleWrapper, io.cucumber.testng.FeatureWrapper)[pri:0, instance:Runners.Users_Creation_Runner@2bd08376]"
					name="runScenario"
					class="io.cucumber.testng.AbstractTestNGCucumberTests" />
			</group> <!--
			cucumber -->
		</groups>
		<test started-at="2024-01-29T12:21:05Z" name="Test"
			finished-at="2024-01-29T12:31:55Z" duration-ms="650606">
			<class name="Runners.Enrolled_ExamTaker_in_a_TimeSlotRunner">
				<test-method is-config="true"
					signature="setUpClass(org.testng.ITestContext)[pri:0, instance:Runners.Enrolled_ExamTaker_in_a_TimeSlotRunner@64a40280]"
					started-at="2024-01-29T17:57:42Z" name="setUpClass"
					finished-at="2024-01-29T17:57:42Z" duration-ms="13"
					status="PASS">
					<params>
						<param index="0">
							<value>
                <![CDATA[org.testng.TestRunner@4ba6b5eb]]>
              </value>
						</param>
					</params>
					<reporter-output>
					</reporter-output>
				</test-method> <!--
				setUpClass -->
				<test-method is-config="true"
					signature="beforeclass(java.lang.String)[pri:0, instance:Runners.Enrolled_ExamTaker_in_a_TimeSlotRunner@64a40280]"
					started-at="2024-01-29T17:57:42Z" name="beforeclass"
					finished-at="2024-01-29T17:57:42Z" duration-ms="1"
					status="PASS">
					<params>
						<param index="0">
							<value>
                <![CDATA[chrome]]>
              </value>
						</param>
					</params>
					<reporter-output>
					</reporter-output>
				</test-method> <!--
				beforeclass -->
				<test-method
					signature="runScenario(io.cucumber.testng.PickleWrapper, io.cucumber.testng.FeatureWrapper)[pri:0, instance:Runners.Enrolled_ExamTaker_in_a_TimeSlotRunner@64a40280]"
					started-at="2024-01-29T17:57:42Z" name="runScenario"
					description="Runs Cucumber Scenarios"
					data-provider="scenarios" finished-at="2024-01-29T17:58:28Z"
					duration-ms="45545" status="PASS">
					<params>
						<param index="0">
							<value>
                <![CDATA["Provide the Procter Comment to a ExamTaker"]]>
              </value>
						</param>
						<param index="1">
							<value>
                <![CDATA["FocalPointk12 Exam_Center Procter Comment, Reset the Examination"]]>
              </value>
						</param>
					</params>
					<reporter-output>
					</reporter-output>
				</test-method> <!--
				runScenario -->
				<test-method is-config="true"
					signature="testDownClass()[pri:0, instance:Runners.Enrolled_ExamTaker_in_a_TimeSlotRunner@64a40280]"
					started-at="2024-01-29T17:58:28Z" name="testDownClass"
					finished-at="2024-01-29T17:58:28Z" duration-ms="0"
					status="PASS">
					<reporter-output>
					</reporter-output>
				</test-method> <!--
				testDownClass -->
				<test-method is-config="true"
					signature="tearDownClass()[pri:0, instance:Runners.Enrolled_ExamTaker_in_a_TimeSlotRunner@64a40280]"
					started-at="2024-01-29T17:58:28Z" name="tearDownClass"
					finished-at="2024-01-29T17:58:29Z" duration-ms="1405"
					status="PASS">
					<reporter-output>
					</reporter-output>
				</test-method> <!--
				tearDownClass -->
			</class> <!--
			Runners.Enrolled_ExamTaker_in_a_TimeSlotRunner -->
			<class name="Runners.BulkUploadRunner">
				<test-method is-config="true"
					signature="setUpClass(org.testng.ITestContext)[pri:0, instance:Runners.BulkUploadRunner@42b02722]"
					started-at="2024-01-29T17:59:21Z" name="setUpClass"
					finished-at="2024-01-29T17:59:21Z" duration-ms="8"
					status="PASS">
					<params>
						<param index="0">
							<value>
                <![CDATA[org.testng.TestRunner@4ba6b5eb]]>
              </value>
						</param>
					</params>
					<reporter-output>
					</reporter-output>
				</test-method> <!--
				setUpClass -->
				<test-method
					signature="runScenario(io.cucumber.testng.PickleWrapper, io.cucumber.testng.FeatureWrapper)[pri:0, instance:Runners.BulkUploadRunner@42b02722]"
					started-at="2024-01-29T17:59:21Z" name="runScenario"
					description="Runs Cucumber Scenarios"
					data-provider="scenarios" finished-at="2024-01-29T18:00:12Z"
					duration-ms="51038" status="PASS">
					<params>
						<param index="0">
							<value>
                <![CDATA["Testing the Controller Bulk Upload Functionality"]]>
              </value>
						</param>
						<param index="1">
							<value>
                <![CDATA["Checking the bulk upload functionality for All Users"]]>
              </value>
						</param>
					</params>
					<reporter-output>
					</reporter-output>
				</test-method> <!--
				runScenario -->
				<test-method is-config="true"
					signature="beforeClass()[pri:0, instance:Runners.BulkUploadRunner@42b02722]"
					started-at="2024-01-29T17:59:21Z" name="beforeClass"
					finished-at="2024-01-29T17:59:21Z" duration-ms="0"
					status="PASS">
					<reporter-output>
					</reporter-output>
				</test-method> <!--
				beforeClass -->
				<test-method
					signature="runScenario(io.cucumber.testng.PickleWrapper, io.cucumber.testng.FeatureWrapper)[pri:0, instance:Runners.BulkUploadRunner@42b02722]"
					started-at="2024-01-29T18:00:12Z" name="runScenario"
					description="Runs Cucumber Scenarios"
					data-provider="scenarios" finished-at="2024-01-29T18:01:01Z"
					duration-ms="49562" status="PASS">
					<params>
						<param index="0">
							<value>
                <![CDATA["Testing the proctor Bulk Upload Functionality"]]>
              </value>
						</param>
						<param index="1">
							<value>
                <![CDATA["Checking the bulk upload functionality for All Users"]]>
              </value>
						</param>
					</params>
					<reporter-output>
					</reporter-output>
				</test-method> <!--
				runScenario -->
				<test-method
					signature="runScenario(io.cucumber.testng.PickleWrapper, io.cucumber.testng.FeatureWrapper)[pri:0, instance:Runners.BulkUploadRunner@42b02722]"
					started-at="2024-01-29T18:01:01Z" name="runScenario"
					description="Runs Cucumber Scenarios"
					data-provider="scenarios" finished-at="2024-01-29T18:01:53Z"
					duration-ms="52104" status="PASS">
					<params>
						<param index="0">
							<value>
                <![CDATA["Testing the Examtaker Bulk Upload Functionality"]]>
              </value>
						</param>
						<param index="1">
							<value>
                <![CDATA["Checking the bulk upload functionality for All Users"]]>
              </value>
						</param>
					</params>
					<reporter-output>
					</reporter-output>
				</test-method> <!--
				runScenario -->
				<test-method is-config="true"
					signature="tearDownClass()[pri:0, instance:Runners.BulkUploadRunner@42b02722]"
					started-at="2024-01-29T18:01:53Z" name="tearDownClass"
					finished-at="2024-01-29T18:01:55Z" duration-ms="1768"
					status="PASS">
					<reporter-output>
					</reporter-output>
				</test-method> <!--
				tearDownClass -->
				<test-method is-config="true"
					signature="afterClass()[pri:0, instance:Runners.BulkUploadRunner@42b02722]"
					started-at="2024-01-29T18:01:53Z" name="afterClass"
					finished-at="2024-01-29T18:01:53Z" duration-ms="0"
					status="PASS">
					<reporter-output>
					</reporter-output>
				</test-method> <!--
				afterClass -->
			</class> <!--
			Runners.BulkUploadRunner -->
			<class
				name="Runners.Create_Time_Slot_and_Enroll_the_ExamTakerRunner">
				<test-method is-config="true"
					signature="setUpClass(org.testng.ITestContext)[pri:0, instance:Runners.Create_Time_Slot_and_Enroll_the_ExamTakerRunner@3d3e5463]"
					started-at="2024-01-29T17:56:30Z" name="setUpClass"
					finished-at="2024-01-29T17:56:30Z" duration-ms="14"
					status="PASS">
					<params>
						<param index="0">
							<value>
                <![CDATA[org.testng.TestRunner@4ba6b5eb]]>
              </value>
						</param>
					</params>
					<reporter-output>
					</reporter-output>
				</test-method> <!--
				setUpClass -->
				<test-method is-config="true"
					signature="beforeclass(java.lang.String)[pri:0, instance:Runners.Create_Time_Slot_and_Enroll_the_ExamTakerRunner@3d3e5463]"
					started-at="2024-01-29T17:56:30Z" name="beforeclass"
					finished-at="2024-01-29T17:56:30Z" duration-ms="1"
					status="PASS">
					<params>
						<param index="0">
							<value>
                <![CDATA[chrome]]>
              </value>
						</param>
					</params>
					<reporter-output>
					</reporter-output>
				</test-method> <!--
				beforeclass -->
				<test-method
					signature="runScenario(io.cucumber.testng.PickleWrapper, io.cucumber.testng.FeatureWrapper)[pri:0, instance:Runners.Create_Time_Slot_and_Enroll_the_ExamTakerRunner@3d3e5463]"
					started-at="2024-01-29T17:56:30Z" name="runScenario"
					description="Runs Cucumber Scenarios"
					data-provider="scenarios" finished-at="2024-01-29T17:57:02Z"
					duration-ms="32572" status="PASS">
					<params>
						<param index="0">
							<value>
                <![CDATA["Create a Time_Slot for the Examination"]]>
              </value>
						</param>
						<param index="1">
							<value>
                <![CDATA["FocalPointk12 Exam_Center Create a Time_Slot and Enrolled the Exam Taker to the Time slot"]]>
              </value>
						</param>
					</params>
					<reporter-output>
					</reporter-output>
				</test-method> <!--
				runScenario -->
				<test-method
					signature="runScenario(io.cucumber.testng.PickleWrapper, io.cucumber.testng.FeatureWrapper)[pri:0, instance:Runners.Create_Time_Slot_and_Enroll_the_ExamTakerRunner@3d3e5463]"
					started-at="2024-01-29T17:57:02Z" name="runScenario"
					description="Runs Cucumber Scenarios"
					data-provider="scenarios" finished-at="2024-01-29T17:57:41Z"
					duration-ms="38481" status="PASS">
					<params>
						<param index="0">
							<value>
                <![CDATA["Add the Examataker in a Particular TimeSlot"]]>
              </value>
						</param>
						<param index="1">
							<value>
                <![CDATA["FocalPointk12 Exam_Center Create a Time_Slot and Enrolled the Exam Taker to the Time slot"]]>
              </value>
						</param>
					</params>
					<reporter-output>
					</reporter-output>
				</test-method> <!--
				runScenario -->
				<test-method is-config="true"
					signature="testDownClass()[pri:0, instance:Runners.Create_Time_Slot_and_Enroll_the_ExamTakerRunner@3d3e5463]"
					started-at="2024-01-29T17:57:41Z" name="testDownClass"
					finished-at="2024-01-29T17:57:41Z" duration-ms="0"
					status="PASS">
					<reporter-output>
					</reporter-output>
				</test-method> <!--
				testDownClass -->
				<test-method is-config="true"
					signature="tearDownClass()[pri:0, instance:Runners.Create_Time_Slot_and_Enroll_the_ExamTakerRunner@3d3e5463]"
					started-at="2024-01-29T17:57:41Z" name="tearDownClass"
					finished-at="2024-01-29T17:57:42Z" duration-ms="1562"
					status="PASS">
					<reporter-output>
					</reporter-output>
				</test-method> <!--
				tearDownClass -->
			</class> <!--
			Runners.Create_Time_Slot_and_Enroll_the_ExamTakerRunner -->
			<class name="Runners.Users_Creation_Runner">
				<test-method is-config="true"
					signature="setUpClass(org.testng.ITestContext)[pri:0, instance:Runners.Users_Creation_Runner@2bd08376]"
					started-at="2024-01-29T17:51:45Z" name="setUpClass"
					finished-at="2024-01-29T17:51:45Z" duration-ms="73"
					status="PASS">
					<params>
						<param index="0">
							<value>
                <![CDATA[org.testng.TestRunner@4ba6b5eb]]>
              </value>
						</param>
					</params>
					<reporter-output>
					</reporter-output>
				</test-method> <!--
				setUpClass -->
				<test-method is-config="true"
					signature="beforeclass()[pri:0, instance:Runners.Users_Creation_Runner@2bd08376]"
					started-at="2024-01-29T17:51:45Z" name="beforeclass"
					finished-at="2024-01-29T17:51:45Z" duration-ms="1"
					status="PASS">
					<reporter-output>
					</reporter-output>
				</test-method> <!--
				beforeclass -->
				<test-method
					signature="runScenario(io.cucumber.testng.PickleWrapper, io.cucumber.testng.FeatureWrapper)[pri:0, instance:Runners.Users_Creation_Runner@2bd08376]"
					started-at="2024-01-29T17:51:45Z" name="runScenario"
					description="Runs Cucumber Scenarios"
					data-provider="scenarios" finished-at="2024-01-29T17:52:33Z"
					duration-ms="47590" status="PASS">
					<params>
						<param index="0">
							<value>
                <![CDATA["Checking the Creation of controller User"]]>
              </value>
						</param>
						<param index="1">
							<value>
                <![CDATA["Checking the Create Users Functionality"]]>
              </value>
						</param>
					</params>
					<reporter-output>
					</reporter-output>
				</test-method> <!--
				runScenario -->
				<test-method
					signature="runScenario(io.cucumber.testng.PickleWrapper, io.cucumber.testng.FeatureWrapper)[pri:0, instance:Runners.Users_Creation_Runner@2bd08376]"
					started-at="2024-01-29T17:52:33Z" name="runScenario"
					description="Runs Cucumber Scenarios"
					data-provider="scenarios" finished-at="2024-01-29T17:53:24Z"
					duration-ms="51090" status="PASS">
					<params>
						<param index="0">
							<value>
                <![CDATA["Checking the Creation of Proctor User"]]>
              </value>
						</param>
						<param index="1">
							<value>
                <![CDATA["Checking the Create Users Functionality"]]>
              </value>
						</param>
					</params>
					<reporter-output>
					</reporter-output>
				</test-method> <!--
				runScenario -->
				<test-method
					signature="runScenario(io.cucumber.testng.PickleWrapper, io.cucumber.testng.FeatureWrapper)[pri:0, instance:Runners.Users_Creation_Runner@2bd08376]"
					started-at="2024-01-29T17:53:24Z" name="runScenario"
					description="Runs Cucumber Scenarios"
					data-provider="scenarios" finished-at="2024-01-29T17:54:24Z"
					duration-ms="60510" status="PASS">
					<params>
						<param index="0">
							<value>
                <![CDATA["Checking the Creation of Examtaker User"]]>
              </value>
						</param>
						<param index="1">
							<value>
                <![CDATA["Checking the Create Users Functionality"]]>
              </value>
						</param>
					</params>
					<reporter-output>
					</reporter-output>
				</test-method> <!--
				runScenario -->
				<test-method is-config="true"
					signature="tearDownClass()[pri:0, instance:Runners.Users_Creation_Runner@2bd08376]"
					started-at="2024-01-29T17:54:24Z" name="tearDownClass"
					finished-at="2024-01-29T17:54:27Z" duration-ms="2299"
					status="PASS">
					<reporter-output>
					</reporter-output>
				</test-method> <!--
				tearDownClass -->
				<test-method is-config="true"
					signature="Afterclass()[pri:0, instance:Runners.Users_Creation_Runner@2bd08376]"
					started-at="2024-01-29T17:54:24Z" name="Afterclass"
					finished-at="2024-01-29T17:54:24Z" duration-ms="0"
					status="PASS">
					<reporter-output>
					</reporter-output>
				</test-method> <!--
				Afterclass -->
			</class> <!--
			Runners.Users_Creation_Runner -->
			<class name="Runners.Location_Runner">
				<test-method is-config="true"
					signature="setUpClass(org.testng.ITestContext)[pri:0, instance:Runners.Location_Runner@50d13246]"
					started-at="2024-01-29T17:51:05Z" name="setUpClass"
					finished-at="2024-01-29T17:51:05Z" duration-ms="714"
					status="PASS">
					<params>
						<param index="0">
							<value>
                <![CDATA[org.testng.TestRunner@4ba6b5eb]]>
              </value>
						</param>
					</params>
					<reporter-output>
					</reporter-output>
				</test-method> <!--
				setUpClass -->
				<test-method is-config="true"
					signature="beforeclass(java.lang.String)[pri:0, instance:Runners.Location_Runner@50d13246]"
					started-at="2024-01-29T17:51:05Z" name="beforeclass"
					finished-at="2024-01-29T17:51:05Z" duration-ms="1"
					status="PASS">
					<params>
						<param index="0">
							<value>
                <![CDATA[chrome]]>
              </value>
						</param>
					</params>
					<reporter-output>
					</reporter-output>
				</test-method> <!--
				beforeclass -->
				<test-method
					signature="runScenario(io.cucumber.testng.PickleWrapper, io.cucumber.testng.FeatureWrapper)[pri:0, instance:Runners.Location_Runner@50d13246]"
					started-at="2024-01-29T17:51:05Z" name="runScenario"
					description="Runs Cucumber Scenarios"
					data-provider="scenarios" finished-at="2024-01-29T17:51:40Z"
					duration-ms="34907" status="PASS">
					<params>
						<param index="0">
							<value>
                <![CDATA["Exam_Center AddEdit Location scenario"]]>
              </value>
						</param>
						<param index="1">
							<value>
                <![CDATA["Exam_Center Location feature"]]>
              </value>
						</param>
					</params>
					<reporter-output>
					</reporter-output>
				</test-method> <!--
				runScenario -->
				<test-method is-config="true"
					signature="tearDownClass()[pri:0, instance:Runners.Location_Runner@50d13246]"
					started-at="2024-01-29T17:51:40Z" name="tearDownClass"
					finished-at="2024-01-29T17:51:45Z" duration-ms="4694"
					status="PASS">
					<reporter-output>
					</reporter-output>
				</test-method> <!--
				tearDownClass -->
				<test-method is-config="true"
					signature="testDownClass()[pri:0, instance:Runners.Location_Runner@50d13246]"
					started-at="2024-01-29T17:51:40Z" name="testDownClass"
					finished-at="2024-01-29T17:51:40Z" duration-ms="0"
					status="PASS">
					<reporter-output>
					</reporter-output>
				</test-method> <!--
				testDownClass -->
			</class> <!--
			Runners.Location_Runner -->
			<class name="Runners.Examinations_Schedule_runner">
				<test-method is-config="true"
					signature="setUpClass(org.testng.ITestContext)[pri:0, instance:Runners.Examinations_Schedule_runner@e70f13a]"
					started-at="2024-01-29T17:54:27Z" name="setUpClass"
					finished-at="2024-01-29T17:54:27Z" duration-ms="23"
					status="PASS">
					<params>
						<param index="0">
							<value>
                <![CDATA[org.testng.TestRunner@4ba6b5eb]]>
              </value>
						</param>
					</params>
					<reporter-output>
					</reporter-output>
				</test-method> <!--
				setUpClass -->
				<test-method
					signature="runScenario(io.cucumber.testng.PickleWrapper, io.cucumber.testng.FeatureWrapper)[pri:0, instance:Runners.Examinations_Schedule_runner@e70f13a]"
					started-at="2024-01-29T17:54:27Z" name="runScenario"
					description="Runs Cucumber Scenarios"
					data-provider="scenarios" finished-at="2024-01-29T17:54:56Z"
					duration-ms="29267" status="PASS">
					<params>
						<param index="0">
							<value>
                <![CDATA["Controller Creating Examinations in Examcenter"]]>
              </value>
						</param>
						<param index="1">
							<value>
                <![CDATA["Examcenter Creation of Examinations Schedules and Examtaker Enrollments feature"]]>
              </value>
						</param>
					</params>
					<reporter-output>
					</reporter-output>
				</test-method> <!--
				runScenario -->
				<test-method is-config="true"
					signature="beforeclass()[pri:0, instance:Runners.Examinations_Schedule_runner@e70f13a]"
					started-at="2024-01-29T17:54:27Z" name="beforeclass"
					finished-at="2024-01-29T17:54:27Z" duration-ms="0"
					status="PASS">
					<reporter-output>
					</reporter-output>
				</test-method> <!--
				beforeclass -->
				<test-method
					signature="runScenario(io.cucumber.testng.PickleWrapper, io.cucumber.testng.FeatureWrapper)[pri:0, instance:Runners.Examinations_Schedule_runner@e70f13a]"
					started-at="2024-01-29T17:54:56Z" name="runScenario"
					description="Runs Cucumber Scenarios"
					data-provider="scenarios" finished-at="2024-01-29T17:55:49Z"
					duration-ms="52961" status="PASS">
					<params>
						<param index="0">
							<value>
                <![CDATA["Creating Schedule for an Examinations"]]>
              </value>
						</param>
						<param index="1">
							<value>
                <![CDATA["Examcenter Creation of Examinations Schedules and Examtaker Enrollments feature"]]>
              </value>
						</param>
					</params>
					<reporter-output>
					</reporter-output>
				</test-method> <!--
				runScenario -->
				<test-method
					signature="runScenario(io.cucumber.testng.PickleWrapper, io.cucumber.testng.FeatureWrapper)[pri:0, instance:Runners.Examinations_Schedule_runner@e70f13a]"
					started-at="2024-01-29T17:55:49Z" name="runScenario"
					description="Runs Cucumber Scenarios"
					data-provider="scenarios" finished-at="2024-01-29T17:56:28Z"
					duration-ms="39361" status="PASS">
					<params>
						<param index="0">
							<value>
                <![CDATA["Enroll the Examination and schedule to the Examtaker"]]>
              </value>
						</param>
						<param index="1">
							<value>
                <![CDATA["Examcenter Creation of Examinations Schedules and Examtaker Enrollments feature"]]>
              </value>
						</param>
					</params>
					<reporter-output>
					</reporter-output>
				</test-method> <!--
				runScenario -->
				<test-method is-config="true"
					signature="tearDownClass()[pri:0, instance:Runners.Examinations_Schedule_runner@e70f13a]"
					started-at="2024-01-29T17:56:28Z" name="tearDownClass"
					finished-at="2024-01-29T17:56:30Z" duration-ms="1577"
					status="PASS">
					<reporter-output>
					</reporter-output>
				</test-method> <!--
				tearDownClass -->
				<test-method is-config="true"
					signature="testDownClass()[pri:0, instance:Runners.Examinations_Schedule_runner@e70f13a]"
					started-at="2024-01-29T17:56:28Z" name="testDownClass"
					finished-at="2024-01-29T17:56:28Z" duration-ms="0"
					status="PASS">
					<reporter-output>
					</reporter-output>
				</test-method> <!--
				testDownClass -->
			</class> <!--
			Runners.Examinations_Schedule_runner -->
			<class name="Runners.AssessmentSubmissionRunner">
				<test-method is-config="true"
					signature="setUpClass(org.testng.ITestContext)[pri:0, instance:Runners.AssessmentSubmissionRunner@4b40f651]"
					started-at="2024-01-29T17:58:29Z" name="setUpClass"
					finished-at="2024-01-29T17:58:29Z" duration-ms="14"
					status="PASS">
					<params>
						<param index="0">
							<value>
                <![CDATA[org.testng.TestRunner@4ba6b5eb]]>
              </value>
						</param>
					</params>
					<reporter-output>
					</reporter-output>
				</test-method> <!--
				setUpClass -->
				<test-method is-config="true"
					signature="beforeClass(java.lang.String)[pri:0, instance:Runners.AssessmentSubmissionRunner@4b40f651]"
					started-at="2024-01-29T17:58:29Z" name="beforeClass"
					finished-at="2024-01-29T17:58:29Z" duration-ms="1"
					status="PASS">
					<params>
						<param index="0">
							<value>
                <![CDATA[chrome]]>
              </value>
						</param>
					</params>
					<reporter-output>
					</reporter-output>
				</test-method> <!--
				beforeClass -->
				<test-method
					signature="runScenario(io.cucumber.testng.PickleWrapper, io.cucumber.testng.FeatureWrapper)[pri:0, instance:Runners.AssessmentSubmissionRunner@4b40f651]"
					started-at="2024-01-29T17:58:29Z" name="runScenario"
					description="Runs Cucumber Scenarios"
					data-provider="scenarios" finished-at="2024-01-29T17:59:19Z"
					duration-ms="50014" status="PASS">
					<params>
						<param index="0">
							<value>
                <![CDATA["Checking the Examcenter Examtaker Assessment Submission Functionality"]]>
              </value>
						</param>
						<param index="1">
							<value>
                <![CDATA["Checking the Examtaker Assessment Submission"]]>
              </value>
						</param>
					</params>
					<reporter-output>
					</reporter-output>
				</test-method> <!--
				runScenario -->
				<test-method is-config="true"
					signature="afterClass()[pri:0, instance:Runners.AssessmentSubmissionRunner@4b40f651]"
					started-at="2024-01-29T17:59:19Z" name="afterClass"
					finished-at="2024-01-29T17:59:19Z" duration-ms="1"
					status="PASS">
					<reporter-output>
					</reporter-output>
				</test-method> <!--
				afterClass -->
				<test-method is-config="true"
					signature="tearDownClass()[pri:0, instance:Runners.AssessmentSubmissionRunner@4b40f651]"
					started-at="2024-01-29T17:59:19Z" name="tearDownClass"
					finished-at="2024-01-29T17:59:21Z" duration-ms="1392"
					status="PASS">
					<reporter-output>
					</reporter-output>
				</test-method> <!--
				tearDownClass -->
			</class> <!--
			Runners.AssessmentSubmissionRunner -->
		</test> <!--
		Test -->
	</suite> <!--
	Suite -->
</testng-results>
