<?xml version="1.0" encoding="UTF-8"?>
<testng-results total="2" passed="0" failed="2" skipped="0">
  <reporter-output>
  </reporter-output>
  <suite started-at="2025-01-22T05:12:41Z" name="Default suite" finished-at="2025-01-22T05:14:19Z" duration-ms="97646">
    <groups>
      <group name="cucumber">
        <method signature="AbstractTestNGCucumberTests.runScenario(io.cucumber.testng.PickleWrapper, io.cucumber.testng.FeatureWrapper)[pri:0, instance:AssessmentsRunner.SISprovisioningRunner@5443d039]" name="runScenario" class="io.cucumber.testng.AbstractTestNGCucumberTests"/>
      </group> <!-- cucumber -->
    </groups>
    <test started-at="2025-01-22T05:12:41Z" name="Default test" finished-at="2025-01-22T05:14:19Z" duration-ms="97646">
      <class name="AssessmentsRunner.SISprovisioningRunner">
        <test-method is-config="true" signature="setUpClass(org.testng.ITestContext)[pri:0, instance:AssessmentsRunner.SISprovisioningRunner@5443d039]" started-at="2025-01-22T10:42:41Z" name="setUpClass" finished-at="2025-01-22T10:42:42Z" duration-ms="762" status="PASS">
          <params>
            <param index="0">
              <value>
                <![CDATA[org.testng.TestRunner@4fd92289]]>
              </value>
            </param>
          </params>
          <reporter-output>
          </reporter-output>
        </test-method> <!-- setUpClass -->
        <test-method is-config="true" signature="beforeClass()[pri:0, instance:AssessmentsRunner.SISprovisioningRunner@5443d039]" started-at="2025-01-22T10:42:42Z" name="beforeClass" finished-at="2025-01-22T10:42:42Z" duration-ms="2" status="PASS">
          <reporter-output>
          </reporter-output>
        </test-method> <!-- beforeClass -->
        <test-method signature="runScenario(io.cucumber.testng.PickleWrapper, io.cucumber.testng.FeatureWrapper)[pri:0, instance:AssessmentsRunner.SISprovisioningRunner@5443d039]" started-at="2025-01-22T10:42:42Z" name="runScenario" description="Runs Cucumber Scenarios" data-provider="scenarios" finished-at="2025-01-22T10:43:14Z" duration-ms="31605" status="FAIL">
          <params>
            <param index="0">
              <value>
                <![CDATA["Checking the School, Classroom, Section Creation Functionality With valid Data"]]>
              </value>
            </param>
            <param index="1">
              <value>
                <![CDATA["Verify the SIS Provisioning Creation Functionality"]]>
              </value>
            </param>
          </params>
          <exception class="java.io.FileNotFoundException">
            <message>
              <![CDATA[D:\Focalpoint Automation\FPK12AutomationProject\src\test\resources\ExcelFiles\PortfolioCenter.xlsx (The system cannot find the file specified)]]>
            </message>
            <full-stacktrace>
              <![CDATA[java.io.FileNotFoundException: D:\Focalpoint Automation\FPK12AutomationProject\src\test\resources\ExcelFiles\PortfolioCenter.xlsx (The system cannot find the file specified)
	at java.base/java.io.FileInputStream.open0(Native Method)
	at java.base/java.io.FileInputStream.open(FileInputStream.java:213)
	at java.base/java.io.FileInputStream.<init>(FileInputStream.java:152)
	at java.base/java.io.FileInputStream.<init>(FileInputStream.java:106)
	at com.Utils.CommonPages.InsertdataIntoExcel(CommonPages.java:163)
	at com.Utils.CommonPages.insertData(CommonPages.java:194)
	at com.PortfolioCenter.pages.SISProvisioningPage.SchoolDetails(SISProvisioningPage.java:236)
	at AssessmentsStepdef.SISProvisioningStepdefinitions.user_enter_the_name_and_description(SISProvisioningStepdefinitions.java:41)
	at ✽.User Enter the Name and Description(file:///D:/Focalpoint%20Automation/FPK12AutomationProject/src/test/resources/AssessmentsFeatures/SIS%20Provisioning.feature:12)
]]>
            </full-stacktrace>
          </exception> <!-- java.io.FileNotFoundException -->
          <reporter-output>
          </reporter-output>
        </test-method> <!-- runScenario -->
        <test-method signature="runScenario(io.cucumber.testng.PickleWrapper, io.cucumber.testng.FeatureWrapper)[pri:0, instance:AssessmentsRunner.SISprovisioningRunner@5443d039]" started-at="2025-01-22T10:43:14Z" name="runScenario" description="Runs Cucumber Scenarios" data-provider="scenarios" finished-at="2025-01-22T10:44:16Z" duration-ms="62473" status="FAIL">
          <params>
            <param index="0">
              <value>
                <![CDATA["Verify the Users Creation Functionality with valid Data"]]>
              </value>
            </param>
            <param index="1">
              <value>
                <![CDATA["Verify the SIS Provisioning Creation Functionality"]]>
              </value>
            </param>
          </params>
          <exception class="java.io.FileNotFoundException">
            <message>
              <![CDATA[D:\Focalpoint Automation\FPK12AutomationProject\src\test\resources\ExcelFiles\PortfolioCenter.xlsx (The system cannot find the file specified)]]>
            </message>
            <full-stacktrace>
              <![CDATA[java.io.FileNotFoundException: D:\Focalpoint Automation\FPK12AutomationProject\src\test\resources\ExcelFiles\PortfolioCenter.xlsx (The system cannot find the file specified)
	at java.base/java.io.FileInputStream.open0(Native Method)
	at java.base/java.io.FileInputStream.open(FileInputStream.java:213)
	at java.base/java.io.FileInputStream.<init>(FileInputStream.java:152)
	at java.base/java.io.FileInputStream.<init>(FileInputStream.java:106)
	at com.Utils.CommonPages.InsertmultipledataIntoExcel(CommonPages.java:204)
	at com.PortfolioCenter.pages.SISProvisioningPage.insertUsersData(SISProvisioningPage.java:573)
	at AssessmentsStepdef.SISProvisioningStepdefinitions.store_the_users_data_in_excel(SISProvisioningStepdefinitions.java:240)
	at ✽.Store the users data in Excel(file:///D:/Focalpoint%20Automation/FPK12AutomationProject/src/test/resources/AssessmentsFeatures/SIS%20Provisioning.feature:45)
]]>
            </full-stacktrace>
          </exception> <!-- java.io.FileNotFoundException -->
          <reporter-output>
          </reporter-output>
        </test-method> <!-- runScenario -->
        <test-method is-config="true" signature="afterClass()[pri:0, instance:AssessmentsRunner.SISprovisioningRunner@5443d039]" started-at="2025-01-22T10:44:16Z" name="afterClass" finished-at="2025-01-22T10:44:16Z" duration-ms="1" status="PASS">
          <reporter-output>
          </reporter-output>
        </test-method> <!-- afterClass -->
        <test-method is-config="true" signature="tearDownClass()[pri:0, instance:AssessmentsRunner.SISprovisioningRunner@5443d039]" started-at="2025-01-22T10:44:16Z" name="tearDownClass" finished-at="2025-01-22T10:44:19Z" duration-ms="2772" status="PASS">
          <reporter-output>
          </reporter-output>
        </test-method> <!-- tearDownClass -->
      </class> <!-- AssessmentsRunner.SISprovisioningRunner -->
    </test> <!-- Default test -->
  </suite> <!-- Default suite -->
</testng-results>
