<?xml version="1.0" encoding="UTF-8"?>
<testng-results ignored="0" total="1" passed="1" failed="0" skipped="0">
  <reporter-output>
  </reporter-output>
  <suite started-at="2023-12-26T15:43:58 IST" name="Default suite" finished-at="2023-12-26T15:44:40 IST" duration-ms="42515">
    <groups>
      <group name="cucumber">
        <method signature="AbstractTestNGCucumberTests.runScenario(io.cucumber.testng.PickleWrapper,io.cucumber.testng.FeatureWrapper)[pri:0, instance:Runners.MyProfileRunner@333d4a8c]" name="runScenario" class="io.cucumber.testng.AbstractTestNGCucumberTests"/>
      </group> <!-- cucumber -->
    </groups>
    <test started-at="2023-12-26T15:43:58 IST" name="Default test" finished-at="2023-12-26T15:44:40 IST" duration-ms="42515">
      <class name="Runners.MyProfileRunner">
        <test-method is-config="true" signature="setUpClass(org.testng.ITestContext)[pri:0, instance:Runners.MyProfileRunner@333d4a8c]" started-at="2023-12-26T15:43:58 IST" name="setUpClass" finished-at="2023-12-26T15:43:59 IST" duration-ms="706" status="PASS">
          <params>
            <param index="0">
              <value>
                <![CDATA[org.testng.TestRunner@602b7944]]>
              </value>
            </param>
          </params>
          <reporter-output>
          </reporter-output>
        </test-method> <!-- setUpClass -->
        <test-method is-config="true" signature="beforeclass()[pri:0, instance:Runners.MyProfileRunner@333d4a8c]" started-at="2023-12-26T15:43:59 IST" name="beforeclass" finished-at="2023-12-26T15:43:59 IST" duration-ms="0" status="PASS">
          <reporter-output>
          </reporter-output>
        </test-method> <!-- beforeclass -->
        <test-method signature="runScenario(io.cucumber.testng.PickleWrapper,io.cucumber.testng.FeatureWrapper)[pri:0, instance:Runners.MyProfileRunner@333d4a8c]" started-at="2023-12-26T15:43:59 IST" name="runScenario" description="Runs Cucumber Scenarios" data-provider="scenarios" finished-at="2023-12-26T15:44:38 IST" duration-ms="39057" status="PASS">
          <params>
            <param index="0">
              <value>
                <![CDATA["Checking the My profile Page Functionality"]]>
              </value>
            </param>
            <param index="1">
              <value>
                <![CDATA["Checking the My profile Page Functionality"]]>
              </value>
            </param>
          </params>
          <reporter-output>
          </reporter-output>
        </test-method> <!-- runScenario -->
        <test-method is-config="true" signature="afterClass()[pri:0, instance:Runners.MyProfileRunner@333d4a8c]" started-at="2023-12-26T15:44:38 IST" name="afterClass" finished-at="2023-12-26T15:44:38 IST" duration-ms="1" status="PASS">
          <reporter-output>
          </reporter-output>
        </test-method> <!-- afterClass -->
        <test-method is-config="true" signature="tearDownClass()[pri:0, instance:Runners.MyProfileRunner@333d4a8c]" started-at="2023-12-26T15:44:38 IST" name="tearDownClass" finished-at="2023-12-26T15:44:40 IST" duration-ms="2711" status="PASS">
          <reporter-output>
          </reporter-output>
        </test-method> <!-- tearDownClass -->
      </class> <!-- Runners.MyProfileRunner -->
    </test> <!-- Default test -->
  </suite> <!-- Default suite -->
</testng-results>
