<?xml version="1.0" encoding="UTF-8"?>
<testng-results total="1" passed="1" failed="0" skipped="0">
  <reporter-output>
  </reporter-output>
  <suite started-at="2025-01-20T06:36:05Z" name="Default suite" finished-at="2025-01-20T06:40:50Z" duration-ms="284763">
    <groups>
      <group name="cucumber">
        <method signature="AbstractTestNGCucumberTests.runScenario(io.cucumber.testng.PickleWrapper, io.cucumber.testng.FeatureWrapper)[pri:0, instance:AssessmentsRunner.AnnouncementsRunner@7d1cfb8b]" name="runScenario" class="io.cucumber.testng.AbstractTestNGCucumberTests"/>
      </group> <!-- cucumber -->
    </groups>
    <test started-at="2025-01-20T06:36:05Z" name="Default test" finished-at="2025-01-20T06:40:50Z" duration-ms="284763">
      <class name="AssessmentsRunner.AnnouncementsRunner">
        <test-method is-config="true" signature="setUpClass(org.testng.ITestContext)[pri:0, instance:AssessmentsRunner.AnnouncementsRunner@7d1cfb8b]" started-at="2025-01-20T12:06:05Z" name="setUpClass" finished-at="2025-01-20T12:06:06Z" duration-ms="720" status="PASS">
          <params>
            <param index="0">
              <value>
                <![CDATA[org.testng.TestRunner@2b5a659f]]>
              </value>
            </param>
          </params>
          <reporter-output>
          </reporter-output>
        </test-method> <!-- setUpClass -->
        <test-method is-config="true" signature="beforeClass()[pri:0, instance:AssessmentsRunner.AnnouncementsRunner@7d1cfb8b]" started-at="2025-01-20T12:06:06Z" name="beforeClass" finished-at="2025-01-20T12:06:06Z" duration-ms="2" status="PASS">
          <reporter-output>
          </reporter-output>
        </test-method> <!-- beforeClass -->
        <test-method signature="runScenario(io.cucumber.testng.PickleWrapper, io.cucumber.testng.FeatureWrapper)[pri:0, instance:AssessmentsRunner.AnnouncementsRunner@7d1cfb8b]" started-at="2025-01-20T12:06:06Z" name="runScenario" description="Runs Cucumber Scenarios" data-provider="scenarios" finished-at="2025-01-20T12:10:48Z" duration-ms="282256" status="PASS">
          <params>
            <param index="0">
              <value>
                <![CDATA["Creating Announcements"]]>
              </value>
            </param>
            <param index="1">
              <value>
                <![CDATA["Verify the Announcements functionality"]]>
              </value>
            </param>
          </params>
          <reporter-output>
          </reporter-output>
        </test-method> <!-- runScenario -->
        <test-method is-config="true" signature="afterClass()[pri:0, instance:AssessmentsRunner.AnnouncementsRunner@7d1cfb8b]" started-at="2025-01-20T12:10:48Z" name="afterClass" finished-at="2025-01-20T12:10:48Z" duration-ms="8" status="PASS">
          <reporter-output>
          </reporter-output>
        </test-method> <!-- afterClass -->
        <test-method is-config="true" signature="tearDownClass()[pri:0, instance:AssessmentsRunner.AnnouncementsRunner@7d1cfb8b]" started-at="2025-01-20T12:10:48Z" name="tearDownClass" finished-at="2025-01-20T12:10:50Z" duration-ms="1768" status="PASS">
          <reporter-output>
          </reporter-output>
        </test-method> <!-- tearDownClass -->
      </class> <!-- AssessmentsRunner.AnnouncementsRunner -->
    </test> <!-- Default test -->
  </suite> <!-- Default suite -->
</testng-results>
