<?xml version="1.0" encoding="UTF-8"?>
<testng-results total="2" passed="2" failed="0" skipped="0">
  <reporter-output>
  </reporter-output>
  <suite started-at="2025-01-22T05:31:28Z" name="Default suite" finished-at="2025-01-22T05:34:52Z" duration-ms="204237">
    <groups>
      <group name="cucumber">
        <method signature="AbstractTestNGCucumberTests.runScenario(io.cucumber.testng.PickleWrapper, io.cucumber.testng.FeatureWrapper)[pri:0, instance:AssessmentsRunner.SISprovisioningAssessmentCenterRunner@a87f8ec]" name="runScenario" class="io.cucumber.testng.AbstractTestNGCucumberTests"/>
      </group> <!-- cucumber -->
    </groups>
    <test started-at="2025-01-22T05:31:28Z" name="Default test" finished-at="2025-01-22T05:34:52Z" duration-ms="204237">
      <class name="AssessmentsRunner.SISprovisioningAssessmentCenterRunner">
        <test-method is-config="true" signature="setUpClass(org.testng.ITestContext)[pri:0, instance:AssessmentsRunner.SISprovisioningAssessmentCenterRunner@a87f8ec]" started-at="2025-01-22T11:01:28Z" name="setUpClass" finished-at="2025-01-22T11:01:29Z" duration-ms="983" status="PASS">
          <params>
            <param index="0">
              <value>
                <![CDATA[org.testng.TestRunner@4d0e6424]]>
              </value>
            </param>
          </params>
          <reporter-output>
          </reporter-output>
        </test-method> <!-- setUpClass -->
        <test-method is-config="true" signature="beforeClass()[pri:0, instance:AssessmentsRunner.SISprovisioningAssessmentCenterRunner@a87f8ec]" started-at="2025-01-22T11:01:29Z" name="beforeClass" finished-at="2025-01-22T11:01:29Z" duration-ms="4" status="PASS">
          <reporter-output>
          </reporter-output>
        </test-method> <!-- beforeClass -->
        <test-method signature="runScenario(io.cucumber.testng.PickleWrapper, io.cucumber.testng.FeatureWrapper)[pri:0, instance:AssessmentsRunner.SISprovisioningAssessmentCenterRunner@a87f8ec]" started-at="2025-01-22T11:01:29Z" name="runScenario" description="Runs Cucumber Scenarios" data-provider="scenarios" finished-at="2025-01-22T11:02:44Z" duration-ms="74674" status="PASS">
          <params>
            <param index="0">
              <value>
                <![CDATA["Checking the School, Classroom, Section Creation Functionality With valid Data"]]>
              </value>
            </param>
            <param index="1">
              <value>
                <![CDATA["Verify the SIS Provisioning Creation Functionality"]]>
              </value>
            </param>
          </params>
          <reporter-output>
          </reporter-output>
        </test-method> <!-- runScenario -->
        <test-method signature="runScenario(io.cucumber.testng.PickleWrapper, io.cucumber.testng.FeatureWrapper)[pri:0, instance:AssessmentsRunner.SISprovisioningAssessmentCenterRunner@a87f8ec]" started-at="2025-01-22T11:02:44Z" name="runScenario" description="Runs Cucumber Scenarios" data-provider="scenarios" finished-at="2025-01-22T11:04:48Z" duration-ms="124429" status="PASS">
          <params>
            <param index="0">
              <value>
                <![CDATA["Verify the Users Creation Functionality with valid Data"]]>
              </value>
            </param>
            <param index="1">
              <value>
                <![CDATA["Verify the SIS Provisioning Creation Functionality"]]>
              </value>
            </param>
          </params>
          <reporter-output>
          </reporter-output>
        </test-method> <!-- runScenario -->
        <test-method is-config="true" signature="afterClass()[pri:0, instance:AssessmentsRunner.SISprovisioningAssessmentCenterRunner@a87f8ec]" started-at="2025-01-22T11:04:48Z" name="afterClass" finished-at="2025-01-22T11:04:48Z" duration-ms="1" status="PASS">
          <reporter-output>
          </reporter-output>
        </test-method> <!-- afterClass -->
        <test-method is-config="true" signature="tearDownClass()[pri:0, instance:AssessmentsRunner.SISprovisioningAssessmentCenterRunner@a87f8ec]" started-at="2025-01-22T11:04:48Z" name="tearDownClass" finished-at="2025-01-22T11:04:52Z" duration-ms="4125" status="PASS">
          <reporter-output>
          </reporter-output>
        </test-method> <!-- tearDownClass -->
      </class> <!-- AssessmentsRunner.SISprovisioningAssessmentCenterRunner -->
    </test> <!-- Default test -->
  </suite> <!-- Default suite -->
</testng-results>
