<?xml version="1.0" encoding="UTF-8"?>
<testng-results ignored="0" total="1" passed="1" failed="0" skipped="0">
  <reporter-output>
  </reporter-output>
  <suite started-at="2024-12-03T10:12:05 IST" name="Default suite" finished-at="2024-12-03T10:15:24 IST" duration-ms="198086">
    <groups>
      <group name="cucumber">
        <method signature="AbstractTestNGCucumberTests.runScenario(io.cucumber.testng.PickleWrapper,io.cucumber.testng.FeatureWrapper)[pri:0, instance:AssessmentsRunner.QuizCreationRunner@97e93f1]" name="runScenario" class="io.cucumber.testng.AbstractTestNGCucumberTests"/>
      </group> <!-- cucumber -->
    </groups>
    <test started-at="2024-12-03T10:12:05 IST" name="Default test" finished-at="2024-12-03T10:15:24 IST" duration-ms="198086">
      <class name="AssessmentsRunner.QuizCreationRunner">
        <test-method is-config="true" signature="setUpClass(org.testng.ITestContext)[pri:0, instance:AssessmentsRunner.QuizCreationRunner@97e93f1]" started-at="2024-12-03T10:12:05 IST" name="setUpClass" finished-at="2024-12-03T10:12:07 IST" duration-ms="1021" status="PASS">
          <params>
            <param index="0">
              <value>
                <![CDATA[org.testng.TestRunner@453e1bba]]>
              </value>
            </param>
          </params>
          <reporter-output>
          </reporter-output>
        </test-method> <!-- setUpClass -->
        <test-method is-config="true" signature="beforeClass()[pri:0, instance:AssessmentsRunner.QuizCreationRunner@97e93f1]" started-at="2024-12-03T10:12:07 IST" name="beforeClass" finished-at="2024-12-03T10:12:07 IST" duration-ms="1" status="PASS">
          <reporter-output>
          </reporter-output>
        </test-method> <!-- beforeClass -->
        <test-method signature="runScenario(io.cucumber.testng.PickleWrapper,io.cucumber.testng.FeatureWrapper)[pri:0, instance:AssessmentsRunner.QuizCreationRunner@97e93f1]" started-at="2024-12-03T10:12:07 IST" name="runScenario" description="Runs Cucumber Scenarios" data-provider="scenarios" finished-at="2024-12-03T10:15:19 IST" duration-ms="192914" status="PASS">
          <params>
            <param index="0">
              <value>
                <![CDATA["Checking the Quiz Creation Functionality"]]>
              </value>
            </param>
            <param index="1">
              <value>
                <![CDATA["Validate the Quiz Creation for Teacher"]]>
              </value>
            </param>
          </params>
          <reporter-output>
          </reporter-output>
        </test-method> <!-- runScenario -->
        <test-method is-config="true" signature="afterClass()[pri:0, instance:AssessmentsRunner.QuizCreationRunner@97e93f1]" started-at="2024-12-03T10:15:19 IST" name="afterClass" finished-at="2024-12-03T10:15:19 IST" duration-ms="1" status="PASS">
          <reporter-output>
          </reporter-output>
        </test-method> <!-- afterClass -->
        <test-method is-config="true" signature="tearDownClass()[pri:0, instance:AssessmentsRunner.QuizCreationRunner@97e93f1]" started-at="2024-12-03T10:15:19 IST" name="tearDownClass" finished-at="2024-12-03T10:15:24 IST" duration-ms="4110" status="PASS">
          <reporter-output>
          </reporter-output>
        </test-method> <!-- tearDownClass -->
      </class> <!-- AssessmentsRunner.QuizCreationRunner -->
    </test> <!-- Default test -->
  </suite> <!-- Default suite -->
</testng-results>
