<?xml version="1.0" encoding="UTF-8"?>
<testng-results total="1" passed="1" failed="0" skipped="0">
  <reporter-output>
  </reporter-output>
  <suite started-at="2025-02-21T10:58:40Z" name="Default suite" finished-at="2025-02-21T10:59:53Z" duration-ms="73001">
    <groups>
      <group name="cucumber">
        <method signature="AbstractTestNGCucumberTests.runScenario(io.cucumber.testng.PickleWrapper, io.cucumber.testng.FeatureWrapper)[pri:0, instance:AssessmentsRunner.PerformingExamRunner@42039326]" name="runScenario" class="io.cucumber.testng.AbstractTestNGCucumberTests"/>
      </group> <!-- cucumber -->
    </groups>
    <test started-at="2025-02-21T10:58:40Z" name="Default test" finished-at="2025-02-21T10:59:53Z" duration-ms="73001">
      <class name="AssessmentsRunner.PerformingExamRunner">
        <test-method is-config="true" signature="setUpClass(org.testng.ITestContext)[pri:0, instance:AssessmentsRunner.PerformingExamRunner@42039326]" started-at="2025-02-21T16:28:40Z" name="setUpClass" finished-at="2025-02-21T16:28:41Z" duration-ms="1177" status="PASS">
          <params>
            <param index="0">
              <value>
                <![CDATA[org.testng.TestRunner@26f480c6]]>
              </value>
            </param>
          </params>
          <reporter-output>
          </reporter-output>
        </test-method> <!-- setUpClass -->
        <test-method is-config="true" signature="beforeClass()[pri:0, instance:AssessmentsRunner.PerformingExamRunner@42039326]" started-at="2025-02-21T16:28:41Z" name="beforeClass" finished-at="2025-02-21T16:28:41Z" duration-ms="5" status="PASS">
          <reporter-output>
          </reporter-output>
        </test-method> <!-- beforeClass -->
        <test-method signature="runScenario(io.cucumber.testng.PickleWrapper, io.cucumber.testng.FeatureWrapper)[pri:0, instance:AssessmentsRunner.PerformingExamRunner@42039326]" started-at="2025-02-21T16:28:41Z" name="runScenario" description="Runs Cucumber Scenarios" data-provider="scenarios" finished-at="2025-02-21T16:29:51Z" duration-ms="70005" status="PASS">
          <params>
            <param index="0">
              <value>
                <![CDATA["Submitting Exam"]]>
              </value>
            </param>
            <param index="1">
              <value>
                <![CDATA["Performing Exam at student side"]]>
              </value>
            </param>
          </params>
          <reporter-output>
          </reporter-output>
        </test-method> <!-- runScenario -->
        <test-method is-config="true" signature="tearDownClass()[pri:0, instance:AssessmentsRunner.PerformingExamRunner@42039326]" started-at="2025-02-21T16:29:51Z" name="tearDownClass" finished-at="2025-02-21T16:29:53Z" duration-ms="1795" status="PASS">
          <reporter-output>
          </reporter-output>
        </test-method> <!-- tearDownClass -->
        <test-method is-config="true" signature="afterClass()[pri:0, instance:AssessmentsRunner.PerformingExamRunner@42039326]" started-at="2025-02-21T16:29:51Z" name="afterClass" finished-at="2025-02-21T16:29:51Z" duration-ms="0" status="PASS">
          <reporter-output>
          </reporter-output>
        </test-method> <!-- afterClass -->
      </class> <!-- AssessmentsRunner.PerformingExamRunner -->
    </test> <!-- Default test -->
  </suite> <!-- Default suite -->
</testng-results>
