<?xml version="1.0" encoding="UTF-8"?>
<testng-results total="2" passed="2" failed="0" skipped="0">
  <reporter-output>
  </reporter-output>
  <suite started-at="2025-02-03T13:30:39Z" name="Default suite" finished-at="2025-02-03T13:32:41Z" duration-ms="122151">
    <groups>
      <group name="cucumber">
        <method signature="AbstractTestNGCucumberTests.runScenario(io.cucumber.testng.PickleWrapper, io.cucumber.testng.FeatureWrapper)[pri:0, instance:AssessmentsRunner.BenchmarksRunner@42039326]" name="runScenario" class="io.cucumber.testng.AbstractTestNGCucumberTests"/>
      </group> <!-- cucumber -->
    </groups>
    <test started-at="2025-02-03T13:30:39Z" name="Default test" finished-at="2025-02-03T13:32:41Z" duration-ms="122151">
      <class name="AssessmentsRunner.BenchmarksRunner">
        <test-method is-config="true" signature="setUpClass(org.testng.ITestContext)[pri:0, instance:AssessmentsRunner.BenchmarksRunner@42039326]" started-at="2025-02-03T19:00:39Z" name="setUpClass" finished-at="2025-02-03T19:00:39Z" duration-ms="718" status="PASS">
          <params>
            <param index="0">
              <value>
                <![CDATA[org.testng.TestRunner@165454f7]]>
              </value>
            </param>
          </params>
          <reporter-output>
          </reporter-output>
        </test-method> <!-- setUpClass -->
        <test-method is-config="true" signature="beforeClass()[pri:0, instance:AssessmentsRunner.BenchmarksRunner@42039326]" started-at="2025-02-03T19:00:39Z" name="beforeClass" finished-at="2025-02-03T19:00:39Z" duration-ms="3" status="PASS">
          <reporter-output>
          </reporter-output>
        </test-method> <!-- beforeClass -->
        <test-method signature="runScenario(io.cucumber.testng.PickleWrapper, io.cucumber.testng.FeatureWrapper)[pri:0, instance:AssessmentsRunner.BenchmarksRunner@42039326]" started-at="2025-02-03T19:00:39Z" name="runScenario" description="Runs Cucumber Scenarios" data-provider="scenarios" finished-at="2025-02-03T19:01:40Z" duration-ms="60748" status="PASS">
          <params>
            <param index="0">
              <value>
                <![CDATA["Creating Benchmarks and activating"]]>
              </value>
            </param>
            <param index="1">
              <value>
                <![CDATA["Verify the Benchmarks functionality"]]>
              </value>
            </param>
          </params>
          <reporter-output>
          </reporter-output>
        </test-method> <!-- runScenario -->
        <test-method signature="runScenario(io.cucumber.testng.PickleWrapper, io.cucumber.testng.FeatureWrapper)[pri:0, instance:AssessmentsRunner.BenchmarksRunner@42039326]" started-at="2025-02-03T19:01:40Z" name="runScenario" description="Runs Cucumber Scenarios" data-provider="scenarios" finished-at="2025-02-03T19:02:39Z" duration-ms="58622" status="PASS">
          <params>
            <param index="0">
              <value>
                <![CDATA["Activating Benchmark Through Test Administration"]]>
              </value>
            </param>
            <param index="1">
              <value>
                <![CDATA["Verify the Benchmarks functionality"]]>
              </value>
            </param>
          </params>
          <reporter-output>
          </reporter-output>
        </test-method> <!-- runScenario -->
        <test-method is-config="true" signature="afterClass()[pri:0, instance:AssessmentsRunner.BenchmarksRunner@42039326]" started-at="2025-02-03T19:02:39Z" name="afterClass" finished-at="2025-02-03T19:02:39Z" duration-ms="0" status="PASS">
          <reporter-output>
          </reporter-output>
        </test-method> <!-- afterClass -->
        <test-method is-config="true" signature="tearDownClass()[pri:0, instance:AssessmentsRunner.BenchmarksRunner@42039326]" started-at="2025-02-03T19:02:39Z" name="tearDownClass" finished-at="2025-02-03T19:02:41Z" duration-ms="2036" status="PASS">
          <reporter-output>
          </reporter-output>
        </test-method> <!-- tearDownClass -->
      </class> <!-- AssessmentsRunner.BenchmarksRunner -->
    </test> <!-- Default test -->
  </suite> <!-- Default suite -->
</testng-results>
