<?xml version="1.0" encoding="UTF-8"?>
<testng-results total="1" passed="1" failed="0" skipped="0">
  <reporter-output>
  </reporter-output>
  <suite started-at="2024-02-14T09:46:47Z" name="Default suite" finished-at="2024-02-14T09:47:44Z" duration-ms="57737">
    <groups>
      <group name="cucumber">
        <method signature="AbstractTestNGCucumberTests.runScenario(io.cucumber.testng.PickleWrapper, io.cucumber.testng.FeatureWrapper)[pri:0, instance:Runners.Enrolled_ExamTaker_in_a_TimeSlotRunner@2f62ea70]" name="runScenario" class="io.cucumber.testng.AbstractTestNGCucumberTests"/>
      </group> <!-- cucumber -->
    </groups>
    <test started-at="2024-02-14T09:46:47Z" name="Default test" finished-at="2024-02-14T09:47:44Z" duration-ms="57737">
      <class name="Runners.Enrolled_ExamTaker_in_a_TimeSlotRunner">
        <test-method is-config="true" signature="setUpClass(org.testng.ITestContext)[pri:0, instance:Runners.Enrolled_ExamTaker_in_a_TimeSlotRunner@2f62ea70]" started-at="2024-02-14T15:16:47Z" name="setUpClass" finished-at="2024-02-14T15:16:47Z" duration-ms="705" status="PASS">
          <params>
            <param index="0">
              <value>
                <![CDATA[org.testng.TestRunner@41ec4271]]>
              </value>
            </param>
          </params>
          <reporter-output>
          </reporter-output>
        </test-method> <!-- setUpClass -->
        <test-method is-config="true" signature="beforeclass()[pri:0, instance:Runners.Enrolled_ExamTaker_in_a_TimeSlotRunner@2f62ea70]" started-at="2024-02-14T15:16:47Z" name="beforeclass" finished-at="2024-02-14T15:16:47Z" duration-ms="0" status="PASS">
          <reporter-output>
          </reporter-output>
        </test-method> <!-- beforeclass -->
        <test-method signature="runScenario(io.cucumber.testng.PickleWrapper, io.cucumber.testng.FeatureWrapper)[pri:0, instance:Runners.Enrolled_ExamTaker_in_a_TimeSlotRunner@2f62ea70]" started-at="2024-02-14T15:16:47Z" name="runScenario" description="Runs Cucumber Scenarios" data-provider="scenarios" finished-at="2024-02-14T15:17:42Z" duration-ms="54994" status="PASS">
          <params>
            <param index="0">
              <value>
                <![CDATA["Provide the Procter Comment to a ExamTaker"]]>
              </value>
            </param>
            <param index="1">
              <value>
                <![CDATA["FocalPointk12 Exam_Center Procter Comment, Reset the Examination"]]>
              </value>
            </param>
          </params>
          <reporter-output>
          </reporter-output>
        </test-method> <!-- runScenario -->
        <test-method is-config="true" signature="tearDownClass()[pri:0, instance:Runners.Enrolled_ExamTaker_in_a_TimeSlotRunner@2f62ea70]" started-at="2024-02-14T15:17:42Z" name="tearDownClass" finished-at="2024-02-14T15:17:44Z" duration-ms="2025" status="PASS">
          <reporter-output>
          </reporter-output>
        </test-method> <!-- tearDownClass -->
        <test-method is-config="true" signature="testDownClass()[pri:0, instance:Runners.Enrolled_ExamTaker_in_a_TimeSlotRunner@2f62ea70]" started-at="2024-02-14T15:17:42Z" name="testDownClass" finished-at="2024-02-14T15:17:42Z" duration-ms="0" status="PASS">
          <reporter-output>
          </reporter-output>
        </test-method> <!-- testDownClass -->
      </class> <!-- Runners.Enrolled_ExamTaker_in_a_TimeSlotRunner -->
    </test> <!-- Default test -->
  </suite> <!-- Default suite -->
</testng-results>
