<?xml version="1.0" encoding="UTF-8"?>
<testng-results total="7" passed="7" failed="0" skipped="0">
  <reporter-output>
  </reporter-output>
  <suite started-at="2024-02-27T13:15:41Z" name="Suite" finished-at="2024-02-27T13:21:47Z" duration-ms="365602">
    <groups>
      <group name="cucumber">
        <method signature="AbstractTestNGCucumberTests.runScenario(io.cucumber.testng.PickleWrapper, io.cucumber.testng.FeatureWrapper)[pri:0, instance:Runners.AssessmentSubmissionRunner@4331d187]" name="runScenario" class="io.cucumber.testng.AbstractTestNGCucumberTests"/>
        <method signature="AbstractTestNGCucumberTests.runScenario(io.cucumber.testng.PickleWrapper, io.cucumber.testng.FeatureWrapper)[pri:0, instance:Runners.BulkUploadRunner@6f63b475]" name="runScenario" class="io.cucumber.testng.AbstractTestNGCucumberTests"/>
        <method signature="AbstractTestNGCucumberTests.runScenario(io.cucumber.testng.PickleWrapper, io.cucumber.testng.FeatureWrapper)[pri:0, instance:Runners.Create_Time_Slot_and_Enroll_the_ExamTakerRunner@8c3619e]" name="runScenario" class="io.cucumber.testng.AbstractTestNGCucumberTests"/>
        <method signature="AbstractTestNGCucumberTests.runScenario(io.cucumber.testng.PickleWrapper, io.cucumber.testng.FeatureWrapper)[pri:0, instance:Runners.Enrolled_ExamTaker_in_a_TimeSlotRunner@554e218]" name="runScenario" class="io.cucumber.testng.AbstractTestNGCucumberTests"/>
      </group> <!-- cucumber -->
    </groups>
    <test started-at="2024-02-27T13:15:41Z" name="Test1" finished-at="2024-02-27T13:21:47Z" duration-ms="365602">
      <class name="Runners.Enrolled_ExamTaker_in_a_TimeSlotRunner">
        <test-method is-config="true" signature="setUpClass(org.testng.ITestContext)[pri:0, instance:Runners.Enrolled_ExamTaker_in_a_TimeSlotRunner@554e218]" started-at="2024-02-27T18:50:54Z" name="setUpClass" finished-at="2024-02-27T18:50:54Z" duration-ms="18" status="PASS">
          <params>
            <param index="0">
              <value>
                <![CDATA[org.testng.TestRunner@2a10407e]]>
              </value>
            </param>
          </params>
          <reporter-output>
          </reporter-output>
        </test-method> <!-- setUpClass -->
        <test-method is-config="true" signature="beforeclass()[pri:0, instance:Runners.Enrolled_ExamTaker_in_a_TimeSlotRunner@554e218]" started-at="2024-02-27T18:50:54Z" name="beforeclass" finished-at="2024-02-27T18:50:54Z" duration-ms="1" status="PASS">
          <reporter-output>
          </reporter-output>
        </test-method> <!-- beforeclass -->
        <test-method signature="runScenario(io.cucumber.testng.PickleWrapper, io.cucumber.testng.FeatureWrapper)[pri:0, instance:Runners.Enrolled_ExamTaker_in_a_TimeSlotRunner@554e218]" started-at="2024-02-27T18:50:54Z" name="runScenario" description="Runs Cucumber Scenarios" data-provider="scenarios" finished-at="2024-02-27T18:51:45Z" duration-ms="50834" status="PASS">
          <params>
            <param index="0">
              <value>
                <![CDATA["Provide the Procter Comment to a ExamTaker"]]>
              </value>
            </param>
            <param index="1">
              <value>
                <![CDATA["FocalPointk12 Exam_Center Procter Comment, Reset the Examination"]]>
              </value>
            </param>
          </params>
          <reporter-output>
          </reporter-output>
        </test-method> <!-- runScenario -->
        <test-method is-config="true" signature="testDownClass()[pri:0, instance:Runners.Enrolled_ExamTaker_in_a_TimeSlotRunner@554e218]" started-at="2024-02-27T18:51:45Z" name="testDownClass" finished-at="2024-02-27T18:51:45Z" duration-ms="1" status="PASS">
          <reporter-output>
          </reporter-output>
        </test-method> <!-- testDownClass -->
        <test-method is-config="true" signature="tearDownClass()[pri:0, instance:Runners.Enrolled_ExamTaker_in_a_TimeSlotRunner@554e218]" started-at="2024-02-27T18:51:45Z" name="tearDownClass" finished-at="2024-02-27T18:51:47Z" duration-ms="1547" status="PASS">
          <reporter-output>
          </reporter-output>
        </test-method> <!-- tearDownClass -->
      </class> <!-- Runners.Enrolled_ExamTaker_in_a_TimeSlotRunner -->
      <class name="Runners.BulkUploadRunner">
        <test-method is-config="true" signature="setUpClass(org.testng.ITestContext)[pri:0, instance:Runners.BulkUploadRunner@6f63b475]" started-at="2024-02-27T18:48:04Z" name="setUpClass" finished-at="2024-02-27T18:48:04Z" duration-ms="11" status="PASS">
          <params>
            <param index="0">
              <value>
                <![CDATA[org.testng.TestRunner@2a10407e]]>
              </value>
            </param>
          </params>
          <reporter-output>
          </reporter-output>
        </test-method> <!-- setUpClass -->
        <test-method is-config="true" signature="beforeClass()[pri:0, instance:Runners.BulkUploadRunner@6f63b475]" started-at="2024-02-27T18:48:04Z" name="beforeClass" finished-at="2024-02-27T18:48:04Z" duration-ms="0" status="PASS">
          <reporter-output>
          </reporter-output>
        </test-method> <!-- beforeClass -->
        <test-method signature="runScenario(io.cucumber.testng.PickleWrapper, io.cucumber.testng.FeatureWrapper)[pri:0, instance:Runners.BulkUploadRunner@6f63b475]" started-at="2024-02-27T18:48:04Z" name="runScenario" description="Runs Cucumber Scenarios" data-provider="scenarios" finished-at="2024-02-27T18:48:59Z" duration-ms="55466" status="PASS">
          <params>
            <param index="0">
              <value>
                <![CDATA["Testing the Controller Bulk Upload Functionality"]]>
              </value>
            </param>
            <param index="1">
              <value>
                <![CDATA["Checking the bulk upload functionality for All Users"]]>
              </value>
            </param>
          </params>
          <reporter-output>
          </reporter-output>
        </test-method> <!-- runScenario -->
        <test-method signature="runScenario(io.cucumber.testng.PickleWrapper, io.cucumber.testng.FeatureWrapper)[pri:0, instance:Runners.BulkUploadRunner@6f63b475]" started-at="2024-02-27T18:48:59Z" name="runScenario" description="Runs Cucumber Scenarios" data-provider="scenarios" finished-at="2024-02-27T18:49:57Z" duration-ms="57511" status="PASS">
          <params>
            <param index="0">
              <value>
                <![CDATA["Testing the proctor Bulk Upload Functionality"]]>
              </value>
            </param>
            <param index="1">
              <value>
                <![CDATA["Checking the bulk upload functionality for All Users"]]>
              </value>
            </param>
          </params>
          <reporter-output>
          </reporter-output>
        </test-method> <!-- runScenario -->
        <test-method signature="runScenario(io.cucumber.testng.PickleWrapper, io.cucumber.testng.FeatureWrapper)[pri:0, instance:Runners.BulkUploadRunner@6f63b475]" started-at="2024-02-27T18:49:57Z" name="runScenario" description="Runs Cucumber Scenarios" data-provider="scenarios" finished-at="2024-02-27T18:50:53Z" duration-ms="55796" status="PASS">
          <params>
            <param index="0">
              <value>
                <![CDATA["Testing the Examtaker Bulk Upload Functionality"]]>
              </value>
            </param>
            <param index="1">
              <value>
                <![CDATA["Checking the bulk upload functionality for All Users"]]>
              </value>
            </param>
          </params>
          <reporter-output>
          </reporter-output>
        </test-method> <!-- runScenario -->
        <test-method is-config="true" signature="afterClass()[pri:0, instance:Runners.BulkUploadRunner@6f63b475]" started-at="2024-02-27T18:50:53Z" name="afterClass" finished-at="2024-02-27T18:50:53Z" duration-ms="0" status="PASS">
          <reporter-output>
          </reporter-output>
        </test-method> <!-- afterClass -->
        <test-method is-config="true" signature="tearDownClass()[pri:0, instance:Runners.BulkUploadRunner@6f63b475]" started-at="2024-02-27T18:50:53Z" name="tearDownClass" finished-at="2024-02-27T18:50:54Z" duration-ms="1740" status="PASS">
          <reporter-output>
          </reporter-output>
        </test-method> <!-- tearDownClass -->
      </class> <!-- Runners.BulkUploadRunner -->
      <class name="Runners.Create_Time_Slot_and_Enroll_the_ExamTakerRunner">
        <test-method is-config="true" signature="setUpClass(org.testng.ITestContext)[pri:0, instance:Runners.Create_Time_Slot_and_Enroll_the_ExamTakerRunner@8c3619e]" started-at="2024-02-27T18:45:41Z" name="setUpClass" finished-at="2024-02-27T18:45:42Z" duration-ms="631" status="PASS">
          <params>
            <param index="0">
              <value>
                <![CDATA[org.testng.TestRunner@2a10407e]]>
              </value>
            </param>
          </params>
          <reporter-output>
          </reporter-output>
        </test-method> <!-- setUpClass -->
        <test-method is-config="true" signature="beforeclass()[pri:0, instance:Runners.Create_Time_Slot_and_Enroll_the_ExamTakerRunner@8c3619e]" started-at="2024-02-27T18:45:42Z" name="beforeclass" finished-at="2024-02-27T18:45:42Z" duration-ms="0" status="PASS">
          <reporter-output>
          </reporter-output>
        </test-method> <!-- beforeclass -->
        <test-method signature="runScenario(io.cucumber.testng.PickleWrapper, io.cucumber.testng.FeatureWrapper)[pri:0, instance:Runners.Create_Time_Slot_and_Enroll_the_ExamTakerRunner@8c3619e]" started-at="2024-02-27T18:45:42Z" name="runScenario" description="Runs Cucumber Scenarios" data-provider="scenarios" finished-at="2024-02-27T18:46:17Z" duration-ms="35065" status="PASS">
          <params>
            <param index="0">
              <value>
                <![CDATA["Create a Time_Slot for the Examination"]]>
              </value>
            </param>
            <param index="1">
              <value>
                <![CDATA["FocalPointk12 Exam_Center Create a Time_Slot and Enrolled the Exam Taker to the Time slot"]]>
              </value>
            </param>
          </params>
          <reporter-output>
          </reporter-output>
        </test-method> <!-- runScenario -->
        <test-method signature="runScenario(io.cucumber.testng.PickleWrapper, io.cucumber.testng.FeatureWrapper)[pri:0, instance:Runners.Create_Time_Slot_and_Enroll_the_ExamTakerRunner@8c3619e]" started-at="2024-02-27T18:46:17Z" name="runScenario" description="Runs Cucumber Scenarios" data-provider="scenarios" finished-at="2024-02-27T18:47:06Z" duration-ms="48812" status="PASS">
          <params>
            <param index="0">
              <value>
                <![CDATA["Add the Examataker in a Particular TimeSlot"]]>
              </value>
            </param>
            <param index="1">
              <value>
                <![CDATA["FocalPointk12 Exam_Center Create a Time_Slot and Enrolled the Exam Taker to the Time slot"]]>
              </value>
            </param>
          </params>
          <reporter-output>
          </reporter-output>
        </test-method> <!-- runScenario -->
        <test-method is-config="true" signature="testDownClass()[pri:0, instance:Runners.Create_Time_Slot_and_Enroll_the_ExamTakerRunner@8c3619e]" started-at="2024-02-27T18:47:06Z" name="testDownClass" finished-at="2024-02-27T18:47:06Z" duration-ms="1" status="PASS">
          <reporter-output>
          </reporter-output>
        </test-method> <!-- testDownClass -->
        <test-method is-config="true" signature="tearDownClass()[pri:0, instance:Runners.Create_Time_Slot_and_Enroll_the_ExamTakerRunner@8c3619e]" started-at="2024-02-27T18:47:06Z" name="tearDownClass" finished-at="2024-02-27T18:47:08Z" duration-ms="2351" status="PASS">
          <reporter-output>
          </reporter-output>
        </test-method> <!-- tearDownClass -->
      </class> <!-- Runners.Create_Time_Slot_and_Enroll_the_ExamTakerRunner -->
      <class name="Runners.AssessmentSubmissionRunner">
        <test-method is-config="true" signature="setUpClass(org.testng.ITestContext)[pri:0, instance:Runners.AssessmentSubmissionRunner@4331d187]" started-at="2024-02-27T18:47:08Z" name="setUpClass" finished-at="2024-02-27T18:47:08Z" duration-ms="12" status="PASS">
          <params>
            <param index="0">
              <value>
                <![CDATA[org.testng.TestRunner@2a10407e]]>
              </value>
            </param>
          </params>
          <reporter-output>
          </reporter-output>
        </test-method> <!-- setUpClass -->
        <test-method is-config="true" signature="beforeClass()[pri:0, instance:Runners.AssessmentSubmissionRunner@4331d187]" started-at="2024-02-27T18:47:08Z" name="beforeClass" finished-at="2024-02-27T18:47:08Z" duration-ms="0" status="PASS">
          <reporter-output>
          </reporter-output>
        </test-method> <!-- beforeClass -->
        <test-method signature="runScenario(io.cucumber.testng.PickleWrapper, io.cucumber.testng.FeatureWrapper)[pri:0, instance:Runners.AssessmentSubmissionRunner@4331d187]" started-at="2024-02-27T18:47:08Z" name="runScenario" description="Runs Cucumber Scenarios" data-provider="scenarios" finished-at="2024-02-27T18:48:02Z" duration-ms="54116" status="PASS">
          <params>
            <param index="0">
              <value>
                <![CDATA["Checking the Examcenter Examtaker Assessment Submission Functionality"]]>
              </value>
            </param>
            <param index="1">
              <value>
                <![CDATA["Checking the Examtaker Assessment Submission"]]>
              </value>
            </param>
          </params>
          <reporter-output>
          </reporter-output>
        </test-method> <!-- runScenario -->
        <test-method is-config="true" signature="afterClass()[pri:0, instance:Runners.AssessmentSubmissionRunner@4331d187]" started-at="2024-02-27T18:48:02Z" name="afterClass" finished-at="2024-02-27T18:48:02Z" duration-ms="0" status="PASS">
          <reporter-output>
          </reporter-output>
        </test-method> <!-- afterClass -->
        <test-method is-config="true" signature="tearDownClass()[pri:0, instance:Runners.AssessmentSubmissionRunner@4331d187]" started-at="2024-02-27T18:48:02Z" name="tearDownClass" finished-at="2024-02-27T18:48:04Z" duration-ms="1670" status="PASS">
          <reporter-output>
          </reporter-output>
        </test-method> <!-- tearDownClass -->
      </class> <!-- Runners.AssessmentSubmissionRunner -->
    </test> <!-- Test1 -->
  </suite> <!-- Suite -->
</testng-results>
