<?xml version="1.0" encoding="UTF-8"?>
<testng-results total="2" passed="2" failed="0" skipped="0">
  <reporter-output>
  </reporter-output>
  <suite started-at="2025-01-03T07:56:27Z" name="Default suite" finished-at="2025-01-03T07:58:28Z" duration-ms="121378">
    <groups>
      <group name="cucumber">
        <method signature="AbstractTestNGCucumberTests.runScenario(io.cucumber.testng.PickleWrapper, io.cucumber.testng.FeatureWrapper)[pri:0, instance:AssessmentsRunner.BenchmarksRunner@5443d039]" name="runScenario" class="io.cucumber.testng.AbstractTestNGCucumberTests"/>
      </group> <!-- cucumber -->
    </groups>
    <test started-at="2025-01-03T07:56:27Z" name="Default test" finished-at="2025-01-03T07:58:28Z" duration-ms="121378">
      <class name="AssessmentsRunner.BenchmarksRunner">
        <test-method is-config="true" signature="setUpClass(org.testng.ITestContext)[pri:0, instance:AssessmentsRunner.BenchmarksRunner@5443d039]" started-at="2025-01-03T13:26:27Z" name="setUpClass" finished-at="2025-01-03T13:26:28Z" duration-ms="784" status="PASS">
          <params>
            <param index="0">
              <value>
                <![CDATA[org.testng.TestRunner@3731e8b6]]>
              </value>
            </param>
          </params>
          <reporter-output>
          </reporter-output>
        </test-method> <!-- setUpClass -->
        <test-method is-config="true" signature="beforeClass()[pri:0, instance:AssessmentsRunner.BenchmarksRunner@5443d039]" started-at="2025-01-03T13:26:28Z" name="beforeClass" finished-at="2025-01-03T13:26:28Z" duration-ms="3" status="PASS">
          <reporter-output>
          </reporter-output>
        </test-method> <!-- beforeClass -->
        <test-method signature="runScenario(io.cucumber.testng.PickleWrapper, io.cucumber.testng.FeatureWrapper)[pri:0, instance:AssessmentsRunner.BenchmarksRunner@5443d039]" started-at="2025-01-03T13:26:28Z" name="runScenario" description="Runs Cucumber Scenarios" data-provider="scenarios" finished-at="2025-01-03T13:27:32Z" duration-ms="64223" status="PASS">
          <params>
            <param index="0">
              <value>
                <![CDATA["Creating Benchmarks and activating"]]>
              </value>
            </param>
            <param index="1">
              <value>
                <![CDATA["Verify the Benchmarks functionality"]]>
              </value>
            </param>
          </params>
          <reporter-output>
          </reporter-output>
        </test-method> <!-- runScenario -->
        <test-method signature="runScenario(io.cucumber.testng.PickleWrapper, io.cucumber.testng.FeatureWrapper)[pri:0, instance:AssessmentsRunner.BenchmarksRunner@5443d039]" started-at="2025-01-03T13:27:32Z" name="runScenario" description="Runs Cucumber Scenarios" data-provider="scenarios" finished-at="2025-01-03T13:28:26Z" duration-ms="54052" status="PASS">
          <params>
            <param index="0">
              <value>
                <![CDATA["Activating Benchmark Through Test Administration"]]>
              </value>
            </param>
            <param index="1">
              <value>
                <![CDATA["Verify the Benchmarks functionality"]]>
              </value>
            </param>
          </params>
          <reporter-output>
          </reporter-output>
        </test-method> <!-- runScenario -->
        <test-method is-config="true" signature="afterClass()[pri:0, instance:AssessmentsRunner.BenchmarksRunner@5443d039]" started-at="2025-01-03T13:28:26Z" name="afterClass" finished-at="2025-01-03T13:28:26Z" duration-ms="1" status="PASS">
          <reporter-output>
          </reporter-output>
        </test-method> <!-- afterClass -->
        <test-method is-config="true" signature="tearDownClass()[pri:0, instance:AssessmentsRunner.BenchmarksRunner@5443d039]" started-at="2025-01-03T13:28:26Z" name="tearDownClass" finished-at="2025-01-03T13:28:28Z" duration-ms="2289" status="PASS">
          <reporter-output>
          </reporter-output>
        </test-method> <!-- tearDownClass -->
      </class> <!-- AssessmentsRunner.BenchmarksRunner -->
    </test> <!-- Default test -->
  </suite> <!-- Default suite -->
</testng-results>
