<?xml version="1.0" encoding="UTF-8"?>
<testng-results ignored="0" total="3" passed="3" failed="0" skipped="0">
  <reporter-output>
  </reporter-output>
  <suite started-at="2023-12-19T17:08:50 IST" name="Suite" finished-at="2023-12-19T17:09:49 IST" duration-ms="59410">
    <groups>
      <group name="cucumber">
        <method signature="AbstractTestNGCucumberTests.runScenario(io.cucumber.testng.PickleWrapper,io.cucumber.testng.FeatureWrapper)[pri:0, instance:Runners.LoginPageRunner@66982506]" name="runScenario" class="io.cucumber.testng.AbstractTestNGCucumberTests"/>
      </group> <!-- cucumber -->
    </groups>
    <test started-at="2023-12-19T17:08:50 IST" name="Chrome test" finished-at="2023-12-19T17:09:49 IST" duration-ms="59410">
      <class name="Runners.LoginPageRunner">
        <test-method is-config="true" signature="setUpClass(org.testng.ITestContext)[pri:0, instance:Runners.LoginPageRunner@66982506]" started-at="2023-12-19T17:08:50 IST" name="setUpClass" finished-at="2023-12-19T17:08:50 IST" duration-ms="446" status="PASS">
          <params>
            <param index="0">
              <value>
                <![CDATA[org.testng.TestRunner@4f9980e1]]>
              </value>
            </param>
          </params>
          <reporter-output>
          </reporter-output>
        </test-method> <!-- setUpClass -->
        <test-method is-config="true" signature="beforeclass(java.lang.String)[pri:0, instance:Runners.LoginPageRunner@66982506]" started-at="2023-12-19T17:08:50 IST" name="beforeclass" finished-at="2023-12-19T17:08:50 IST" duration-ms="1" status="PASS">
          <params>
            <param index="0">
              <value>
                <![CDATA[chrome]]>
              </value>
            </param>
          </params>
          <reporter-output>
          </reporter-output>
        </test-method> <!-- beforeclass -->
        <test-method signature="runScenario(io.cucumber.testng.PickleWrapper,io.cucumber.testng.FeatureWrapper)[pri:0, instance:Runners.LoginPageRunner@66982506]" started-at="2023-12-19T17:08:50 IST" name="runScenario" description="Runs Cucumber Scenarios" data-provider="scenarios" finished-at="2023-12-19T17:09:10 IST" duration-ms="19635" status="PASS">
          <params>
            <param index="0">
              <value>
                <![CDATA["Examcenter login test with valid credentials scenario"]]>
              </value>
            </param>
            <param index="1">
              <value>
                <![CDATA["Checking the Examcenter Login Functionality"]]>
              </value>
            </param>
          </params>
          <reporter-output>
          </reporter-output>
        </test-method> <!-- runScenario -->
        <test-method signature="runScenario(io.cucumber.testng.PickleWrapper,io.cucumber.testng.FeatureWrapper)[pri:0, instance:Runners.LoginPageRunner@66982506]" started-at="2023-12-19T17:09:10 IST" name="runScenario" description="Runs Cucumber Scenarios" data-provider="scenarios" finished-at="2023-12-19T17:09:29 IST" duration-ms="19113" status="PASS">
          <params>
            <param index="0">
              <value>
                <![CDATA["Examcenter login test with valid credentials scenario"]]>
              </value>
            </param>
            <param index="1">
              <value>
                <![CDATA["Checking the Examcenter Login Functionality"]]>
              </value>
            </param>
          </params>
          <reporter-output>
          </reporter-output>
        </test-method> <!-- runScenario -->
        <test-method signature="runScenario(io.cucumber.testng.PickleWrapper,io.cucumber.testng.FeatureWrapper)[pri:0, instance:Runners.LoginPageRunner@66982506]" started-at="2023-12-19T17:09:29 IST" name="runScenario" description="Runs Cucumber Scenarios" data-provider="scenarios" finished-at="2023-12-19T17:09:48 IST" duration-ms="18601" status="PASS">
          <params>
            <param index="0">
              <value>
                <![CDATA["Examcenter login test with valid credentials scenario"]]>
              </value>
            </param>
            <param index="1">
              <value>
                <![CDATA["Checking the Examcenter Login Functionality"]]>
              </value>
            </param>
          </params>
          <reporter-output>
          </reporter-output>
        </test-method> <!-- runScenario -->
        <test-method is-config="true" signature="testDownClass()[pri:0, instance:Runners.LoginPageRunner@66982506]" started-at="2023-12-19T17:09:48 IST" name="testDownClass" finished-at="2023-12-19T17:09:48 IST" duration-ms="0" status="PASS">
          <reporter-output>
          </reporter-output>
        </test-method> <!-- testDownClass -->
        <test-method is-config="true" signature="tearDownClass()[pri:0, instance:Runners.LoginPageRunner@66982506]" started-at="2023-12-19T17:09:48 IST" name="tearDownClass" finished-at="2023-12-19T17:09:49 IST" duration-ms="1570" status="PASS">
          <reporter-output>
          </reporter-output>
        </test-method> <!-- tearDownClass -->
      </class> <!-- Runners.LoginPageRunner -->
    </test> <!-- Chrome test -->
  </suite> <!-- Suite -->
</testng-results>
