<?xml version="1.0" encoding="UTF-8"?>
<testng-results ignored="0" total="1" passed="1" failed="0" skipped="0">
  <reporter-output>
  </reporter-output>
  <suite started-at="2024-12-12T17:49:51 IST" name="Default suite" finished-at="2024-12-12T17:50:42 IST" duration-ms="50963">
    <groups>
      <group name="cucumber">
        <method signature="AbstractTestNGCucumberTests.runScenario(io.cucumber.testng.PickleWrapper,io.cucumber.testng.FeatureWrapper)[pri:0, instance:AssessmentsRunner.Reportcard_TeacherRunner@624ea235]" name="runScenario" class="io.cucumber.testng.AbstractTestNGCucumberTests"/>
      </group> <!-- cucumber -->
    </groups>
    <test started-at="2024-12-12T17:49:51 IST" name="Default test" finished-at="2024-12-12T17:50:42 IST" duration-ms="50963">
      <class name="AssessmentsRunner.Reportcard_TeacherRunner">
        <test-method is-config="true" signature="setUpClass(org.testng.ITestContext)[pri:0, instance:AssessmentsRunner.Reportcard_TeacherRunner@624ea235]" started-at="2024-12-12T17:49:51 IST" name="setUpClass" finished-at="2024-12-12T17:49:52 IST" duration-ms="776" status="PASS">
          <params>
            <param index="0">
              <value>
                <![CDATA[org.testng.TestRunner@2833c093]]>
              </value>
            </param>
          </params>
          <reporter-output>
          </reporter-output>
        </test-method> <!-- setUpClass -->
        <test-method is-config="true" signature="beforeClass()[pri:0, instance:AssessmentsRunner.Reportcard_TeacherRunner@624ea235]" started-at="2024-12-12T17:49:52 IST" name="beforeClass" finished-at="2024-12-12T17:49:52 IST" duration-ms="1" status="PASS">
          <reporter-output>
          </reporter-output>
        </test-method> <!-- beforeClass -->
        <test-method signature="runScenario(io.cucumber.testng.PickleWrapper,io.cucumber.testng.FeatureWrapper)[pri:0, instance:AssessmentsRunner.Reportcard_TeacherRunner@624ea235]" started-at="2024-12-12T17:49:52 IST" name="runScenario" description="Runs Cucumber Scenarios" data-provider="scenarios" finished-at="2024-12-12T17:50:40 IST" duration-ms="48183" status="PASS">
          <params>
            <param index="0">
              <value>
                <![CDATA["Checking the Student Reports by Grades"]]>
              </value>
            </param>
            <param index="1">
              <value>
                <![CDATA["Verify the Grades for Teacher"]]>
              </value>
            </param>
          </params>
          <reporter-output>
          </reporter-output>
        </test-method> <!-- runScenario -->
        <test-method is-config="true" signature="afterClass()[pri:0, instance:AssessmentsRunner.Reportcard_TeacherRunner@624ea235]" started-at="2024-12-12T17:50:40 IST" name="afterClass" finished-at="2024-12-12T17:50:40 IST" duration-ms="1" status="PASS">
          <reporter-output>
          </reporter-output>
        </test-method> <!-- afterClass -->
        <test-method is-config="true" signature="tearDownClass()[pri:0, instance:AssessmentsRunner.Reportcard_TeacherRunner@624ea235]" started-at="2024-12-12T17:50:40 IST" name="tearDownClass" finished-at="2024-12-12T17:50:42 IST" duration-ms="1953" status="PASS">
          <reporter-output>
          </reporter-output>
        </test-method> <!-- tearDownClass -->
      </class> <!-- AssessmentsRunner.Reportcard_TeacherRunner -->
    </test> <!-- Default test -->
  </suite> <!-- Default suite -->
</testng-results>
