<?xml version="1.0" encoding="UTF-8"?>
<testng-results ignored="0" total="7" passed="7" failed="0" skipped="0">
  <reporter-output>
  </reporter-output>
  <suite started-at="2025-01-28T10:29:03 IST" name="Suite" finished-at="2025-01-28T10:45:40 IST" duration-ms="996642">
    <groups>
      <group name="cucumber">
        <method signature="AbstractTestNGCucumberTests.runScenario(io.cucumber.testng.PickleWrapper,io.cucumber.testng.FeatureWrapper)[pri:0, instance:LearningTreeRunner.Activity_CreationRunner@3932c79a]" name="runScenario" class="io.cucumber.testng.AbstractTestNGCucumberTests"/>
        <method signature="AbstractTestNGCucumberTests.runScenario(io.cucumber.testng.PickleWrapper,io.cucumber.testng.FeatureWrapper)[pri:0, instance:LearningTreeRunner.DocumentsRunner@58e1d9d]" name="runScenario" class="io.cucumber.testng.AbstractTestNGCucumberTests"/>
        <method signature="AbstractTestNGCucumberTests.runScenario(io.cucumber.testng.PickleWrapper,io.cucumber.testng.FeatureWrapper)[pri:0, instance:LearningTreeRunner.Import_Activities_in_LTRunner@6f15d60e]" name="runScenario" class="io.cucumber.testng.AbstractTestNGCucumberTests"/>
        <method signature="AbstractTestNGCucumberTests.runScenario(io.cucumber.testng.PickleWrapper,io.cucumber.testng.FeatureWrapper)[pri:0, instance:LearningTreeRunner.Provide_Score_in_LTRunner@29d80d2b]" name="runScenario" class="io.cucumber.testng.AbstractTestNGCucumberTests"/>
        <method signature="AbstractTestNGCucumberTests.runScenario(io.cucumber.testng.PickleWrapper,io.cucumber.testng.FeatureWrapper)[pri:0, instance:LearningTreeRunner.ReportcardRunner@446a1e84]" name="runScenario" class="io.cucumber.testng.AbstractTestNGCucumberTests"/>
        <method signature="AbstractTestNGCucumberTests.runScenario(io.cucumber.testng.PickleWrapper,io.cucumber.testng.FeatureWrapper)[pri:0, instance:LearningTreeRunner.Student_Activities_SubmissionRunner@1be2019a]" name="runScenario" class="io.cucumber.testng.AbstractTestNGCucumberTests"/>
      </group> <!-- cucumber -->
    </groups>
    <test started-at="2025-01-28T10:29:03 IST" name="Test" finished-at="2025-01-28T10:45:40 IST" duration-ms="996642">
      <class name="LearningTreeRunner.Provide_Score_in_LTRunner">
        <test-method is-config="true" signature="setUpClass(org.testng.ITestContext)[pri:0, instance:LearningTreeRunner.Provide_Score_in_LTRunner@29d80d2b]" started-at="2025-01-28T10:39:29 IST" name="setUpClass" finished-at="2025-01-28T10:39:29 IST" duration-ms="401" status="PASS">
          <params>
            <param index="0">
              <value>
                <![CDATA[org.testng.TestRunner@3210454]]>
              </value>
            </param>
          </params>
          <reporter-output>
          </reporter-output>
        </test-method> <!-- setUpClass -->
        <test-method is-config="true" signature="beforeClass()[pri:0, instance:LearningTreeRunner.Provide_Score_in_LTRunner@29d80d2b]" started-at="2025-01-28T10:39:29 IST" name="beforeClass" finished-at="2025-01-28T10:39:29 IST" duration-ms="2" status="PASS">
          <reporter-output>
          </reporter-output>
        </test-method> <!-- beforeClass -->
        <test-method signature="runScenario(io.cucumber.testng.PickleWrapper,io.cucumber.testng.FeatureWrapper)[pri:0, instance:LearningTreeRunner.Provide_Score_in_LTRunner@29d80d2b]" started-at="2025-01-28T10:39:29 IST" name="runScenario" description="Runs Cucumber Scenarios" data-provider="scenarios" finished-at="2025-01-28T10:43:19 IST" duration-ms="229822" status="PASS">
          <params>
            <param index="0">
              <value>
                <![CDATA["Provide the Score for all Activities at Speed Grder and Activities to Garde"]]>
              </value>
            </param>
            <param index="1">
              <value>
                <![CDATA["Verify the Scoring in LT"]]>
              </value>
            </param>
          </params>
          <reporter-output>
          </reporter-output>
        </test-method> <!-- runScenario -->
        <test-method is-config="true" signature="afterClass()[pri:0, instance:LearningTreeRunner.Provide_Score_in_LTRunner@29d80d2b]" started-at="2025-01-28T10:43:19 IST" name="afterClass" finished-at="2025-01-28T10:43:19 IST" duration-ms="10" status="PASS">
          <reporter-output>
          </reporter-output>
        </test-method> <!-- afterClass -->
        <test-method is-config="true" signature="tearDownClass()[pri:0, instance:LearningTreeRunner.Provide_Score_in_LTRunner@29d80d2b]" started-at="2025-01-28T10:43:19 IST" name="tearDownClass" finished-at="2025-01-28T10:43:21 IST" duration-ms="1592" status="PASS">
          <reporter-output>
          </reporter-output>
        </test-method> <!-- tearDownClass -->
      </class> <!-- LearningTreeRunner.Provide_Score_in_LTRunner -->
      <class name="LearningTreeRunner.ReportcardRunner">
        <test-method is-config="true" signature="setUpClass(org.testng.ITestContext)[pri:0, instance:LearningTreeRunner.ReportcardRunner@446a1e84]" started-at="2025-01-28T10:44:55 IST" name="setUpClass" finished-at="2025-01-28T10:44:55 IST" duration-ms="356" status="PASS">
          <params>
            <param index="0">
              <value>
                <![CDATA[org.testng.TestRunner@3210454]]>
              </value>
            </param>
          </params>
          <reporter-output>
          </reporter-output>
        </test-method> <!-- setUpClass -->
        <test-method is-config="true" signature="beforeClass()[pri:0, instance:LearningTreeRunner.ReportcardRunner@446a1e84]" started-at="2025-01-28T10:44:55 IST" name="beforeClass" finished-at="2025-01-28T10:44:55 IST" duration-ms="2" status="PASS">
          <reporter-output>
          </reporter-output>
        </test-method> <!-- beforeClass -->
        <test-method signature="runScenario(io.cucumber.testng.PickleWrapper,io.cucumber.testng.FeatureWrapper)[pri:0, instance:LearningTreeRunner.ReportcardRunner@446a1e84]" started-at="2025-01-28T10:44:55 IST" name="runScenario" description="Runs Cucumber Scenarios" data-provider="scenarios" finished-at="2025-01-28T10:45:38 IST" duration-ms="42582" status="PASS">
          <params>
            <param index="0">
              <value>
                <![CDATA["Verify the Report Card"]]>
              </value>
            </param>
            <param index="1">
              <value>
                <![CDATA["Verify the Report Card"]]>
              </value>
            </param>
          </params>
          <reporter-output>
          </reporter-output>
        </test-method> <!-- runScenario -->
        <test-method is-config="true" signature="afterClass()[pri:0, instance:LearningTreeRunner.ReportcardRunner@446a1e84]" started-at="2025-01-28T10:45:38 IST" name="afterClass" finished-at="2025-01-28T10:45:38 IST" duration-ms="2" status="PASS">
          <reporter-output>
          </reporter-output>
        </test-method> <!-- afterClass -->
        <test-method is-config="true" signature="tearDownClass()[pri:0, instance:LearningTreeRunner.ReportcardRunner@446a1e84]" started-at="2025-01-28T10:45:38 IST" name="tearDownClass" finished-at="2025-01-28T10:45:40 IST" duration-ms="2117" status="PASS">
          <reporter-output>
          </reporter-output>
        </test-method> <!-- tearDownClass -->
      </class> <!-- LearningTreeRunner.ReportcardRunner -->
      <class name="LearningTreeRunner.Activity_CreationRunner">
        <test-method is-config="true" signature="setUpClass(org.testng.ITestContext)[pri:0, instance:LearningTreeRunner.Activity_CreationRunner@3932c79a]" started-at="2025-01-28T10:29:03 IST" name="setUpClass" finished-at="2025-01-28T10:29:04 IST" duration-ms="843" status="PASS">
          <params>
            <param index="0">
              <value>
                <![CDATA[org.testng.TestRunner@3210454]]>
              </value>
            </param>
          </params>
          <reporter-output>
          </reporter-output>
        </test-method> <!-- setUpClass -->
        <test-method is-config="true" signature="beforeClass()[pri:0, instance:LearningTreeRunner.Activity_CreationRunner@3932c79a]" started-at="2025-01-28T10:29:04 IST" name="beforeClass" finished-at="2025-01-28T10:29:04 IST" duration-ms="2" status="PASS">
          <reporter-output>
          </reporter-output>
        </test-method> <!-- beforeClass -->
        <test-method signature="runScenario(io.cucumber.testng.PickleWrapper,io.cucumber.testng.FeatureWrapper)[pri:0, instance:LearningTreeRunner.Activity_CreationRunner@3932c79a]" started-at="2025-01-28T10:29:04 IST" name="runScenario" description="Runs Cucumber Scenarios" data-provider="scenarios" finished-at="2025-01-28T10:33:47 IST" duration-ms="283030" status="PASS">
          <params>
            <param index="0">
              <value>
                <![CDATA["Creating the Activities"]]>
              </value>
            </param>
            <param index="1">
              <value>
                <![CDATA["Verify the Activities Creation Functionality"]]>
              </value>
            </param>
          </params>
          <reporter-output>
          </reporter-output>
        </test-method> <!-- runScenario -->
        <test-method is-config="true" signature="afterClass()[pri:0, instance:LearningTreeRunner.Activity_CreationRunner@3932c79a]" started-at="2025-01-28T10:33:47 IST" name="afterClass" finished-at="2025-01-28T10:33:47 IST" duration-ms="1" status="PASS">
          <reporter-output>
          </reporter-output>
        </test-method> <!-- afterClass -->
        <test-method is-config="true" signature="tearDownClass()[pri:0, instance:LearningTreeRunner.Activity_CreationRunner@3932c79a]" started-at="2025-01-28T10:33:47 IST" name="tearDownClass" finished-at="2025-01-28T10:33:50 IST" duration-ms="2724" status="PASS">
          <reporter-output>
          </reporter-output>
        </test-method> <!-- tearDownClass -->
      </class> <!-- LearningTreeRunner.Activity_CreationRunner -->
      <class name="LearningTreeRunner.DocumentsRunner">
        <test-method is-config="true" signature="setUpClass(org.testng.ITestContext)[pri:0, instance:LearningTreeRunner.DocumentsRunner@58e1d9d]" started-at="2025-01-28T10:43:21 IST" name="setUpClass" finished-at="2025-01-28T10:43:21 IST" duration-ms="127" status="PASS">
          <params>
            <param index="0">
              <value>
                <![CDATA[org.testng.TestRunner@3210454]]>
              </value>
            </param>
          </params>
          <reporter-output>
          </reporter-output>
        </test-method> <!-- setUpClass -->
        <test-method is-config="true" signature="beforeClass()[pri:0, instance:LearningTreeRunner.DocumentsRunner@58e1d9d]" started-at="2025-01-28T10:43:21 IST" name="beforeClass" finished-at="2025-01-28T10:43:21 IST" duration-ms="5" status="PASS">
          <reporter-output>
          </reporter-output>
        </test-method> <!-- beforeClass -->
        <test-method signature="runScenario(io.cucumber.testng.PickleWrapper,io.cucumber.testng.FeatureWrapper)[pri:0, instance:LearningTreeRunner.DocumentsRunner@58e1d9d]" started-at="2025-01-28T10:43:21 IST" name="runScenario" description="Runs Cucumber Scenarios" data-provider="scenarios" finished-at="2025-01-28T10:44:05 IST" duration-ms="44608" status="PASS">
          <params>
            <param index="0">
              <value>
                <![CDATA["Creating folders and uploading Documents"]]>
              </value>
            </param>
            <param index="1">
              <value>
                <![CDATA["Verify the Documents functionality"]]>
              </value>
            </param>
          </params>
          <reporter-output>
          </reporter-output>
        </test-method> <!-- runScenario -->
        <test-method signature="runScenario(io.cucumber.testng.PickleWrapper,io.cucumber.testng.FeatureWrapper)[pri:0, instance:LearningTreeRunner.DocumentsRunner@58e1d9d]" started-at="2025-01-28T10:44:05 IST" name="runScenario" description="Runs Cucumber Scenarios" data-provider="scenarios" finished-at="2025-01-28T10:44:52 IST" duration-ms="46581" status="PASS">
          <params>
            <param index="0">
              <value>
                <![CDATA["Verifying Documents At Student side"]]>
              </value>
            </param>
            <param index="1">
              <value>
                <![CDATA["Verify the Documents functionality"]]>
              </value>
            </param>
          </params>
          <reporter-output>
          </reporter-output>
        </test-method> <!-- runScenario -->
        <test-method is-config="true" signature="afterClass()[pri:0, instance:LearningTreeRunner.DocumentsRunner@58e1d9d]" started-at="2025-01-28T10:44:52 IST" name="afterClass" finished-at="2025-01-28T10:44:52 IST" duration-ms="1" status="PASS">
          <reporter-output>
          </reporter-output>
        </test-method> <!-- afterClass -->
        <test-method is-config="true" signature="tearDownClass()[pri:0, instance:LearningTreeRunner.DocumentsRunner@58e1d9d]" started-at="2025-01-28T10:44:52 IST" name="tearDownClass" finished-at="2025-01-28T10:44:55 IST" duration-ms="2746" status="PASS">
          <reporter-output>
          </reporter-output>
        </test-method> <!-- tearDownClass -->
      </class> <!-- LearningTreeRunner.DocumentsRunner -->
      <class name="LearningTreeRunner.Student_Activities_SubmissionRunner">
        <test-method is-config="true" signature="setUpClass(org.testng.ITestContext)[pri:0, instance:LearningTreeRunner.Student_Activities_SubmissionRunner@1be2019a]" started-at="2025-01-28T10:34:43 IST" name="setUpClass" finished-at="2025-01-28T10:34:43 IST" duration-ms="125" status="PASS">
          <params>
            <param index="0">
              <value>
                <![CDATA[org.testng.TestRunner@3210454]]>
              </value>
            </param>
          </params>
          <reporter-output>
          </reporter-output>
        </test-method> <!-- setUpClass -->
        <test-method is-config="true" signature="beforeClass()[pri:0, instance:LearningTreeRunner.Student_Activities_SubmissionRunner@1be2019a]" started-at="2025-01-28T10:34:43 IST" name="beforeClass" finished-at="2025-01-28T10:34:43 IST" duration-ms="0" status="PASS">
          <reporter-output>
          </reporter-output>
        </test-method> <!-- beforeClass -->
        <test-method signature="runScenario(io.cucumber.testng.PickleWrapper,io.cucumber.testng.FeatureWrapper)[pri:0, instance:LearningTreeRunner.Student_Activities_SubmissionRunner@1be2019a]" started-at="2025-01-28T10:34:43 IST" name="runScenario" description="Runs Cucumber Scenarios" data-provider="scenarios" finished-at="2025-01-28T10:39:27 IST" duration-ms="284067" status="PASS">
          <params>
            <param index="0">
              <value>
                <![CDATA["Student Activities Submission"]]>
              </value>
            </param>
            <param index="1">
              <value>
                <![CDATA["Verify the Student Activities Submission"]]>
              </value>
            </param>
          </params>
          <reporter-output>
          </reporter-output>
        </test-method> <!-- runScenario -->
        <test-method is-config="true" signature="afterClass()[pri:0, instance:LearningTreeRunner.Student_Activities_SubmissionRunner@1be2019a]" started-at="2025-01-28T10:39:27 IST" name="afterClass" finished-at="2025-01-28T10:39:27 IST" duration-ms="2" status="PASS">
          <reporter-output>
          </reporter-output>
        </test-method> <!-- afterClass -->
        <test-method is-config="true" signature="tearDownClass()[pri:0, instance:LearningTreeRunner.Student_Activities_SubmissionRunner@1be2019a]" started-at="2025-01-28T10:39:27 IST" name="tearDownClass" finished-at="2025-01-28T10:39:29 IST" duration-ms="1432" status="PASS">
          <reporter-output>
          </reporter-output>
        </test-method> <!-- tearDownClass -->
      </class> <!-- LearningTreeRunner.Student_Activities_SubmissionRunner -->
      <class name="LearningTreeRunner.Import_Activities_in_LTRunner">
        <test-method is-config="true" signature="setUpClass(org.testng.ITestContext)[pri:0, instance:LearningTreeRunner.Import_Activities_in_LTRunner@6f15d60e]" started-at="2025-01-28T10:33:50 IST" name="setUpClass" finished-at="2025-01-28T10:33:50 IST" duration-ms="80" status="PASS">
          <params>
            <param index="0">
              <value>
                <![CDATA[org.testng.TestRunner@3210454]]>
              </value>
            </param>
          </params>
          <reporter-output>
          </reporter-output>
        </test-method> <!-- setUpClass -->
        <test-method signature="runScenario(io.cucumber.testng.PickleWrapper,io.cucumber.testng.FeatureWrapper)[pri:0, instance:LearningTreeRunner.Import_Activities_in_LTRunner@6f15d60e]" started-at="2025-01-28T10:33:50 IST" name="runScenario" description="Runs Cucumber Scenarios" data-provider="scenarios" finished-at="2025-01-28T10:34:41 IST" duration-ms="51504" status="PASS">
          <params>
            <param index="0">
              <value>
                <![CDATA["Import of Activities in LT"]]>
              </value>
            </param>
            <param index="1">
              <value>
                <![CDATA["Verify the import of Activities in LT"]]>
              </value>
            </param>
          </params>
          <reporter-output>
          </reporter-output>
        </test-method> <!-- runScenario -->
        <test-method is-config="true" signature="beforeClass()[pri:0, instance:LearningTreeRunner.Import_Activities_in_LTRunner@6f15d60e]" started-at="2025-01-28T10:33:50 IST" name="beforeClass" finished-at="2025-01-28T10:33:50 IST" duration-ms="0" status="PASS">
          <reporter-output>
          </reporter-output>
        </test-method> <!-- beforeClass -->
        <test-method is-config="true" signature="afterClass()[pri:0, instance:LearningTreeRunner.Import_Activities_in_LTRunner@6f15d60e]" started-at="2025-01-28T10:34:41 IST" name="afterClass" finished-at="2025-01-28T10:34:41 IST" duration-ms="2" status="PASS">
          <reporter-output>
          </reporter-output>
        </test-method> <!-- afterClass -->
        <test-method is-config="true" signature="tearDownClass()[pri:0, instance:LearningTreeRunner.Import_Activities_in_LTRunner@6f15d60e]" started-at="2025-01-28T10:34:41 IST" name="tearDownClass" finished-at="2025-01-28T10:34:43 IST" duration-ms="1790" status="PASS">
          <reporter-output>
          </reporter-output>
        </test-method> <!-- tearDownClass -->
      </class> <!-- LearningTreeRunner.Import_Activities_in_LTRunner -->
    </test> <!-- Test -->
  </suite> <!-- Suite -->
</testng-results>
