<?xml version="1.0" encoding="UTF-8"?>
<testng-results total="14" passed="14" failed="0" skipped="0">
  <reporter-output>
  </reporter-output>
  <suite started-at="2024-01-31T05:42:21Z" name="Suite" finished-at="2024-01-31T05:54:30Z" duration-ms="729336">
    <groups>
      <group name="cucumber">
        <method signature="AbstractTestNGCucumberTests.runScenario(io.cucumber.testng.PickleWrapper, io.cucumber.testng.FeatureWrapper)[pri:0, instance:Runners.AssessmentSubmissionRunner@4b40f651]" name="runScenario" class="io.cucumber.testng.AbstractTestNGCucumberTests"/>
        <method signature="AbstractTestNGCucumberTests.runScenario(io.cucumber.testng.PickleWrapper, io.cucumber.testng.FeatureWrapper)[pri:0, instance:Runners.BulkUploadRunner@42b02722]" name="runScenario" class="io.cucumber.testng.AbstractTestNGCucumberTests"/>
        <method signature="AbstractTestNGCucumberTests.runScenario(io.cucumber.testng.PickleWrapper, io.cucumber.testng.FeatureWrapper)[pri:0, instance:Runners.Create_Time_Slot_and_Enroll_the_ExamTakerRunner@3d3e5463]" name="runScenario" class="io.cucumber.testng.AbstractTestNGCucumberTests"/>
        <method signature="AbstractTestNGCucumberTests.runScenario(io.cucumber.testng.PickleWrapper, io.cucumber.testng.FeatureWrapper)[pri:0, instance:Runners.Enrolled_ExamTaker_in_a_TimeSlotRunner@64a40280]" name="runScenario" class="io.cucumber.testng.AbstractTestNGCucumberTests"/>
        <method signature="AbstractTestNGCucumberTests.runScenario(io.cucumber.testng.PickleWrapper, io.cucumber.testng.FeatureWrapper)[pri:0, instance:Runners.Examinations_Schedule_runner@e70f13a]" name="runScenario" class="io.cucumber.testng.AbstractTestNGCucumberTests"/>
        <method signature="AbstractTestNGCucumberTests.runScenario(io.cucumber.testng.PickleWrapper, io.cucumber.testng.FeatureWrapper)[pri:0, instance:Runners.Location_Runner@50d13246]" name="runScenario" class="io.cucumber.testng.AbstractTestNGCucumberTests"/>
        <method signature="AbstractTestNGCucumberTests.runScenario(io.cucumber.testng.PickleWrapper, io.cucumber.testng.FeatureWrapper)[pri:0, instance:Runners.Users_Creation_Runner@2bd08376]" name="runScenario" class="io.cucumber.testng.AbstractTestNGCucumberTests"/>
      </group> <!-- cucumber -->
    </groups>
    <test started-at="2024-01-31T05:42:21Z" name="Test1" finished-at="2024-01-31T05:54:30Z" duration-ms="729336">
      <class name="Runners.BulkUploadRunner">
        <test-method is-config="true" signature="setUpClass(org.testng.ITestContext)[pri:0, instance:Runners.BulkUploadRunner@42b02722]" started-at="2024-01-31T11:21:11Z" name="setUpClass" finished-at="2024-01-31T11:21:11Z" duration-ms="62" status="PASS">
          <params>
            <param index="0">
              <value>
                <![CDATA[org.testng.TestRunner@6bd0047f]]>
              </value>
            </param>
          </params>
          <reporter-output>
          </reporter-output>
        </test-method> <!-- setUpClass -->
        <test-method is-config="true" signature="beforeClass()[pri:0, instance:Runners.BulkUploadRunner@42b02722]" started-at="2024-01-31T11:21:11Z" name="beforeClass" finished-at="2024-01-31T11:21:11Z" duration-ms="0" status="PASS">
          <reporter-output>
          </reporter-output>
        </test-method> <!-- beforeClass -->
        <test-method signature="runScenario(io.cucumber.testng.PickleWrapper, io.cucumber.testng.FeatureWrapper)[pri:0, instance:Runners.BulkUploadRunner@42b02722]" started-at="2024-01-31T11:21:11Z" name="runScenario" description="Runs Cucumber Scenarios" data-provider="scenarios" finished-at="2024-01-31T11:22:22Z" duration-ms="71409" status="PASS">
          <params>
            <param index="0">
              <value>
                <![CDATA["Testing the Controller Bulk Upload Functionality"]]>
              </value>
            </param>
            <param index="1">
              <value>
                <![CDATA["Checking the bulk upload functionality for All Users"]]>
              </value>
            </param>
          </params>
          <reporter-output>
          </reporter-output>
        </test-method> <!-- runScenario -->
        <test-method signature="runScenario(io.cucumber.testng.PickleWrapper, io.cucumber.testng.FeatureWrapper)[pri:0, instance:Runners.BulkUploadRunner@42b02722]" started-at="2024-01-31T11:22:22Z" name="runScenario" description="Runs Cucumber Scenarios" data-provider="scenarios" finished-at="2024-01-31T11:23:26Z" duration-ms="63802" status="PASS">
          <params>
            <param index="0">
              <value>
                <![CDATA["Testing the proctor Bulk Upload Functionality"]]>
              </value>
            </param>
            <param index="1">
              <value>
                <![CDATA["Checking the bulk upload functionality for All Users"]]>
              </value>
            </param>
          </params>
          <reporter-output>
          </reporter-output>
        </test-method> <!-- runScenario -->
        <test-method signature="runScenario(io.cucumber.testng.PickleWrapper, io.cucumber.testng.FeatureWrapper)[pri:0, instance:Runners.BulkUploadRunner@42b02722]" started-at="2024-01-31T11:23:26Z" name="runScenario" description="Runs Cucumber Scenarios" data-provider="scenarios" finished-at="2024-01-31T11:24:27Z" duration-ms="61409" status="PASS">
          <params>
            <param index="0">
              <value>
                <![CDATA["Testing the Examtaker Bulk Upload Functionality"]]>
              </value>
            </param>
            <param index="1">
              <value>
                <![CDATA["Checking the bulk upload functionality for All Users"]]>
              </value>
            </param>
          </params>
          <reporter-output>
          </reporter-output>
        </test-method> <!-- runScenario -->
        <test-method is-config="true" signature="tearDownClass()[pri:0, instance:Runners.BulkUploadRunner@42b02722]" started-at="2024-01-31T11:24:27Z" name="tearDownClass" finished-at="2024-01-31T11:24:30Z" duration-ms="2695" status="PASS">
          <reporter-output>
          </reporter-output>
        </test-method> <!-- tearDownClass -->
        <test-method is-config="true" signature="afterClass()[pri:0, instance:Runners.BulkUploadRunner@42b02722]" started-at="2024-01-31T11:24:27Z" name="afterClass" finished-at="2024-01-31T11:24:27Z" duration-ms="0" status="PASS">
          <reporter-output>
          </reporter-output>
        </test-method> <!-- afterClass -->
      </class> <!-- Runners.BulkUploadRunner -->
      <class name="Runners.Enrolled_ExamTaker_in_a_TimeSlotRunner">
        <test-method is-config="true" signature="setUpClass(org.testng.ITestContext)[pri:0, instance:Runners.Enrolled_ExamTaker_in_a_TimeSlotRunner@64a40280]" started-at="2024-01-31T11:19:20Z" name="setUpClass" finished-at="2024-01-31T11:19:20Z" duration-ms="21" status="PASS">
          <params>
            <param index="0">
              <value>
                <![CDATA[org.testng.TestRunner@6bd0047f]]>
              </value>
            </param>
          </params>
          <reporter-output>
          </reporter-output>
        </test-method> <!-- setUpClass -->
        <test-method is-config="true" signature="beforeclass(java.lang.String)[pri:0, instance:Runners.Enrolled_ExamTaker_in_a_TimeSlotRunner@64a40280]" started-at="2024-01-31T11:19:20Z" name="beforeclass" finished-at="2024-01-31T11:19:20Z" duration-ms="1" status="PASS">
          <params>
            <param index="0">
              <value>
                <![CDATA[chrome]]>
              </value>
            </param>
          </params>
          <reporter-output>
          </reporter-output>
        </test-method> <!-- beforeclass -->
        <test-method signature="runScenario(io.cucumber.testng.PickleWrapper, io.cucumber.testng.FeatureWrapper)[pri:0, instance:Runners.Enrolled_ExamTaker_in_a_TimeSlotRunner@64a40280]" started-at="2024-01-31T11:19:20Z" name="runScenario" description="Runs Cucumber Scenarios" data-provider="scenarios" finished-at="2024-01-31T11:20:08Z" duration-ms="48721" status="PASS">
          <params>
            <param index="0">
              <value>
                <![CDATA["Provide the Procter Comment to a ExamTaker"]]>
              </value>
            </param>
            <param index="1">
              <value>
                <![CDATA["FocalPointk12 Exam_Center Procter Comment, Reset the Examination"]]>
              </value>
            </param>
          </params>
          <reporter-output>
          </reporter-output>
        </test-method> <!-- runScenario -->
        <test-method is-config="true" signature="testDownClass()[pri:0, instance:Runners.Enrolled_ExamTaker_in_a_TimeSlotRunner@64a40280]" started-at="2024-01-31T11:20:08Z" name="testDownClass" finished-at="2024-01-31T11:20:08Z" duration-ms="1" status="PASS">
          <reporter-output>
          </reporter-output>
        </test-method> <!-- testDownClass -->
        <test-method is-config="true" signature="tearDownClass()[pri:0, instance:Runners.Enrolled_ExamTaker_in_a_TimeSlotRunner@64a40280]" started-at="2024-01-31T11:20:08Z" name="tearDownClass" finished-at="2024-01-31T11:20:11Z" duration-ms="2248" status="PASS">
          <reporter-output>
          </reporter-output>
        </test-method> <!-- tearDownClass -->
      </class> <!-- Runners.Enrolled_ExamTaker_in_a_TimeSlotRunner -->
      <class name="Runners.Create_Time_Slot_and_Enroll_the_ExamTakerRunner">
        <test-method is-config="true" signature="setUpClass(org.testng.ITestContext)[pri:0, instance:Runners.Create_Time_Slot_and_Enroll_the_ExamTakerRunner@3d3e5463]" started-at="2024-01-31T11:18:00Z" name="setUpClass" finished-at="2024-01-31T11:18:00Z" duration-ms="24" status="PASS">
          <params>
            <param index="0">
              <value>
                <![CDATA[org.testng.TestRunner@6bd0047f]]>
              </value>
            </param>
          </params>
          <reporter-output>
          </reporter-output>
        </test-method> <!-- setUpClass -->
        <test-method is-config="true" signature="beforeclass(java.lang.String)[pri:0, instance:Runners.Create_Time_Slot_and_Enroll_the_ExamTakerRunner@3d3e5463]" started-at="2024-01-31T11:18:00Z" name="beforeclass" finished-at="2024-01-31T11:18:00Z" duration-ms="0" status="PASS">
          <params>
            <param index="0">
              <value>
                <![CDATA[chrome]]>
              </value>
            </param>
          </params>
          <reporter-output>
          </reporter-output>
        </test-method> <!-- beforeclass -->
        <test-method signature="runScenario(io.cucumber.testng.PickleWrapper, io.cucumber.testng.FeatureWrapper)[pri:0, instance:Runners.Create_Time_Slot_and_Enroll_the_ExamTakerRunner@3d3e5463]" started-at="2024-01-31T11:18:00Z" name="runScenario" description="Runs Cucumber Scenarios" data-provider="scenarios" finished-at="2024-01-31T11:18:37Z" duration-ms="36332" status="PASS">
          <params>
            <param index="0">
              <value>
                <![CDATA["Create a Time_Slot for the Examination"]]>
              </value>
            </param>
            <param index="1">
              <value>
                <![CDATA["FocalPointk12 Exam_Center Create a Time_Slot and Enrolled the Exam Taker to the Time slot"]]>
              </value>
            </param>
          </params>
          <reporter-output>
          </reporter-output>
        </test-method> <!-- runScenario -->
        <test-method signature="runScenario(io.cucumber.testng.PickleWrapper, io.cucumber.testng.FeatureWrapper)[pri:0, instance:Runners.Create_Time_Slot_and_Enroll_the_ExamTakerRunner@3d3e5463]" started-at="2024-01-31T11:18:37Z" name="runScenario" description="Runs Cucumber Scenarios" data-provider="scenarios" finished-at="2024-01-31T11:19:17Z" duration-ms="40720" status="PASS">
          <params>
            <param index="0">
              <value>
                <![CDATA["Add the Examataker in a Particular TimeSlot"]]>
              </value>
            </param>
            <param index="1">
              <value>
                <![CDATA["FocalPointk12 Exam_Center Create a Time_Slot and Enrolled the Exam Taker to the Time slot"]]>
              </value>
            </param>
          </params>
          <reporter-output>
          </reporter-output>
        </test-method> <!-- runScenario -->
        <test-method is-config="true" signature="testDownClass()[pri:0, instance:Runners.Create_Time_Slot_and_Enroll_the_ExamTakerRunner@3d3e5463]" started-at="2024-01-31T11:19:17Z" name="testDownClass" finished-at="2024-01-31T11:19:17Z" duration-ms="1" status="PASS">
          <reporter-output>
          </reporter-output>
        </test-method> <!-- testDownClass -->
        <test-method is-config="true" signature="tearDownClass()[pri:0, instance:Runners.Create_Time_Slot_and_Enroll_the_ExamTakerRunner@3d3e5463]" started-at="2024-01-31T11:19:17Z" name="tearDownClass" finished-at="2024-01-31T11:19:20Z" duration-ms="2274" status="PASS">
          <reporter-output>
          </reporter-output>
        </test-method> <!-- tearDownClass -->
      </class> <!-- Runners.Create_Time_Slot_and_Enroll_the_ExamTakerRunner -->
      <class name="Runners.Users_Creation_Runner">
        <test-method is-config="true" signature="setUpClass(org.testng.ITestContext)[pri:0, instance:Runners.Users_Creation_Runner@2bd08376]" started-at="2024-01-31T11:13:00Z" name="setUpClass" finished-at="2024-01-31T11:13:00Z" duration-ms="30" status="PASS">
          <params>
            <param index="0">
              <value>
                <![CDATA[org.testng.TestRunner@6bd0047f]]>
              </value>
            </param>
          </params>
          <reporter-output>
          </reporter-output>
        </test-method> <!-- setUpClass -->
        <test-method is-config="true" signature="beforeclass()[pri:0, instance:Runners.Users_Creation_Runner@2bd08376]" started-at="2024-01-31T11:13:00Z" name="beforeclass" finished-at="2024-01-31T11:13:00Z" duration-ms="1" status="PASS">
          <reporter-output>
          </reporter-output>
        </test-method> <!-- beforeclass -->
        <test-method signature="runScenario(io.cucumber.testng.PickleWrapper, io.cucumber.testng.FeatureWrapper)[pri:0, instance:Runners.Users_Creation_Runner@2bd08376]" started-at="2024-01-31T11:13:00Z" name="runScenario" description="Runs Cucumber Scenarios" data-provider="scenarios" finished-at="2024-01-31T11:13:50Z" duration-ms="50168" status="PASS">
          <params>
            <param index="0">
              <value>
                <![CDATA["Checking the Creation of controller User"]]>
              </value>
            </param>
            <param index="1">
              <value>
                <![CDATA["Checking the Create Users Functionality"]]>
              </value>
            </param>
          </params>
          <reporter-output>
          </reporter-output>
        </test-method> <!-- runScenario -->
        <test-method signature="runScenario(io.cucumber.testng.PickleWrapper, io.cucumber.testng.FeatureWrapper)[pri:0, instance:Runners.Users_Creation_Runner@2bd08376]" started-at="2024-01-31T11:13:50Z" name="runScenario" description="Runs Cucumber Scenarios" data-provider="scenarios" finished-at="2024-01-31T11:14:46Z" duration-ms="55465" status="PASS">
          <params>
            <param index="0">
              <value>
                <![CDATA["Checking the Creation of Proctor User"]]>
              </value>
            </param>
            <param index="1">
              <value>
                <![CDATA["Checking the Create Users Functionality"]]>
              </value>
            </param>
          </params>
          <reporter-output>
          </reporter-output>
        </test-method> <!-- runScenario -->
        <test-method signature="runScenario(io.cucumber.testng.PickleWrapper, io.cucumber.testng.FeatureWrapper)[pri:0, instance:Runners.Users_Creation_Runner@2bd08376]" started-at="2024-01-31T11:14:46Z" name="runScenario" description="Runs Cucumber Scenarios" data-provider="scenarios" finished-at="2024-01-31T11:15:43Z" duration-ms="57183" status="PASS">
          <params>
            <param index="0">
              <value>
                <![CDATA["Checking the Creation of Examtaker User"]]>
              </value>
            </param>
            <param index="1">
              <value>
                <![CDATA["Checking the Create Users Functionality"]]>
              </value>
            </param>
          </params>
          <reporter-output>
          </reporter-output>
        </test-method> <!-- runScenario -->
        <test-method is-config="true" signature="Afterclass()[pri:0, instance:Runners.Users_Creation_Runner@2bd08376]" started-at="2024-01-31T11:15:43Z" name="Afterclass" finished-at="2024-01-31T11:15:43Z" duration-ms="1" status="PASS">
          <reporter-output>
          </reporter-output>
        </test-method> <!-- Afterclass -->
        <test-method is-config="true" signature="tearDownClass()[pri:0, instance:Runners.Users_Creation_Runner@2bd08376]" started-at="2024-01-31T11:15:43Z" name="tearDownClass" finished-at="2024-01-31T11:15:45Z" duration-ms="2102" status="PASS">
          <reporter-output>
          </reporter-output>
        </test-method> <!-- tearDownClass -->
      </class> <!-- Runners.Users_Creation_Runner -->
      <class name="Runners.Examinations_Schedule_runner">
        <test-method is-config="true" signature="setUpClass(org.testng.ITestContext)[pri:0, instance:Runners.Examinations_Schedule_runner@e70f13a]" started-at="2024-01-31T11:15:45Z" name="setUpClass" finished-at="2024-01-31T11:15:45Z" duration-ms="22" status="PASS">
          <params>
            <param index="0">
              <value>
                <![CDATA[org.testng.TestRunner@6bd0047f]]>
              </value>
            </param>
          </params>
          <reporter-output>
          </reporter-output>
        </test-method> <!-- setUpClass -->
        <test-method signature="runScenario(io.cucumber.testng.PickleWrapper, io.cucumber.testng.FeatureWrapper)[pri:0, instance:Runners.Examinations_Schedule_runner@e70f13a]" started-at="2024-01-31T11:15:45Z" name="runScenario" description="Runs Cucumber Scenarios" data-provider="scenarios" finished-at="2024-01-31T11:16:19Z" duration-ms="33449" status="PASS">
          <params>
            <param index="0">
              <value>
                <![CDATA["Controller Creating Examinations in Examcenter"]]>
              </value>
            </param>
            <param index="1">
              <value>
                <![CDATA["Examcenter Creation of Examinations Schedules and Examtaker Enrollments feature"]]>
              </value>
            </param>
          </params>
          <reporter-output>
          </reporter-output>
        </test-method> <!-- runScenario -->
        <test-method is-config="true" signature="beforeclass()[pri:0, instance:Runners.Examinations_Schedule_runner@e70f13a]" started-at="2024-01-31T11:15:45Z" name="beforeclass" finished-at="2024-01-31T11:15:45Z" duration-ms="0" status="PASS">
          <reporter-output>
          </reporter-output>
        </test-method> <!-- beforeclass -->
        <test-method signature="runScenario(io.cucumber.testng.PickleWrapper, io.cucumber.testng.FeatureWrapper)[pri:0, instance:Runners.Examinations_Schedule_runner@e70f13a]" started-at="2024-01-31T11:16:19Z" name="runScenario" description="Runs Cucumber Scenarios" data-provider="scenarios" finished-at="2024-01-31T11:17:17Z" duration-ms="57862" status="PASS">
          <params>
            <param index="0">
              <value>
                <![CDATA["Creating Schedule for an Examinations"]]>
              </value>
            </param>
            <param index="1">
              <value>
                <![CDATA["Examcenter Creation of Examinations Schedules and Examtaker Enrollments feature"]]>
              </value>
            </param>
          </params>
          <reporter-output>
          </reporter-output>
        </test-method> <!-- runScenario -->
        <test-method signature="runScenario(io.cucumber.testng.PickleWrapper, io.cucumber.testng.FeatureWrapper)[pri:0, instance:Runners.Examinations_Schedule_runner@e70f13a]" started-at="2024-01-31T11:17:17Z" name="runScenario" description="Runs Cucumber Scenarios" data-provider="scenarios" finished-at="2024-01-31T11:17:58Z" duration-ms="41486" status="PASS">
          <params>
            <param index="0">
              <value>
                <![CDATA["Enroll the Examination and schedule to the Examtaker"]]>
              </value>
            </param>
            <param index="1">
              <value>
                <![CDATA["Examcenter Creation of Examinations Schedules and Examtaker Enrollments feature"]]>
              </value>
            </param>
          </params>
          <reporter-output>
          </reporter-output>
        </test-method> <!-- runScenario -->
        <test-method is-config="true" signature="tearDownClass()[pri:0, instance:Runners.Examinations_Schedule_runner@e70f13a]" started-at="2024-01-31T11:17:58Z" name="tearDownClass" finished-at="2024-01-31T11:18:00Z" duration-ms="2237" status="PASS">
          <reporter-output>
          </reporter-output>
        </test-method> <!-- tearDownClass -->
        <test-method is-config="true" signature="testDownClass()[pri:0, instance:Runners.Examinations_Schedule_runner@e70f13a]" started-at="2024-01-31T11:17:58Z" name="testDownClass" finished-at="2024-01-31T11:17:58Z" duration-ms="0" status="PASS">
          <reporter-output>
          </reporter-output>
        </test-method> <!-- testDownClass -->
      </class> <!-- Runners.Examinations_Schedule_runner -->
      <class name="Runners.Location_Runner">
        <test-method is-config="true" signature="setUpClass(org.testng.ITestContext)[pri:0, instance:Runners.Location_Runner@50d13246]" started-at="2024-01-31T11:12:21Z" name="setUpClass" finished-at="2024-01-31T11:12:21Z" duration-ms="810" status="PASS">
          <params>
            <param index="0">
              <value>
                <![CDATA[org.testng.TestRunner@6bd0047f]]>
              </value>
            </param>
          </params>
          <reporter-output>
          </reporter-output>
        </test-method> <!-- setUpClass -->
        <test-method is-config="true" signature="beforeclass(java.lang.String)[pri:0, instance:Runners.Location_Runner@50d13246]" started-at="2024-01-31T11:12:21Z" name="beforeclass" finished-at="2024-01-31T11:12:21Z" duration-ms="0" status="PASS">
          <params>
            <param index="0">
              <value>
                <![CDATA[chrome]]>
              </value>
            </param>
          </params>
          <reporter-output>
          </reporter-output>
        </test-method> <!-- beforeclass -->
        <test-method signature="runScenario(io.cucumber.testng.PickleWrapper, io.cucumber.testng.FeatureWrapper)[pri:0, instance:Runners.Location_Runner@50d13246]" started-at="2024-01-31T11:12:21Z" name="runScenario" description="Runs Cucumber Scenarios" data-provider="scenarios" finished-at="2024-01-31T11:12:58Z" duration-ms="36061" status="PASS">
          <params>
            <param index="0">
              <value>
                <![CDATA["Exam_Center AddEdit Location scenario"]]>
              </value>
            </param>
            <param index="1">
              <value>
                <![CDATA["Exam_Center Location feature"]]>
              </value>
            </param>
          </params>
          <reporter-output>
          </reporter-output>
        </test-method> <!-- runScenario -->
        <test-method is-config="true" signature="testDownClass()[pri:0, instance:Runners.Location_Runner@50d13246]" started-at="2024-01-31T11:12:58Z" name="testDownClass" finished-at="2024-01-31T11:12:58Z" duration-ms="1" status="PASS">
          <reporter-output>
          </reporter-output>
        </test-method> <!-- testDownClass -->
        <test-method is-config="true" signature="tearDownClass()[pri:0, instance:Runners.Location_Runner@50d13246]" started-at="2024-01-31T11:12:58Z" name="tearDownClass" finished-at="2024-01-31T11:13:00Z" duration-ms="2671" status="PASS">
          <reporter-output>
          </reporter-output>
        </test-method> <!-- tearDownClass -->
      </class> <!-- Runners.Location_Runner -->
      <class name="Runners.AssessmentSubmissionRunner">
        <test-method is-config="true" signature="setUpClass(org.testng.ITestContext)[pri:0, instance:Runners.AssessmentSubmissionRunner@4b40f651]" started-at="2024-01-31T11:20:11Z" name="setUpClass" finished-at="2024-01-31T11:20:11Z" duration-ms="16" status="PASS">
          <params>
            <param index="0">
              <value>
                <![CDATA[org.testng.TestRunner@6bd0047f]]>
              </value>
            </param>
          </params>
          <reporter-output>
          </reporter-output>
        </test-method> <!-- setUpClass -->
        <test-method is-config="true" signature="beforeClass(java.lang.String)[pri:0, instance:Runners.AssessmentSubmissionRunner@4b40f651]" started-at="2024-01-31T11:20:11Z" name="beforeClass" finished-at="2024-01-31T11:20:11Z" duration-ms="0" status="PASS">
          <params>
            <param index="0">
              <value>
                <![CDATA[chrome]]>
              </value>
            </param>
          </params>
          <reporter-output>
          </reporter-output>
        </test-method> <!-- beforeClass -->
        <test-method signature="runScenario(io.cucumber.testng.PickleWrapper, io.cucumber.testng.FeatureWrapper)[pri:0, instance:Runners.AssessmentSubmissionRunner@4b40f651]" started-at="2024-01-31T11:20:11Z" name="runScenario" description="Runs Cucumber Scenarios" data-provider="scenarios" finished-at="2024-01-31T11:21:09Z" duration-ms="58288" status="PASS">
          <params>
            <param index="0">
              <value>
                <![CDATA["Checking the Examcenter Examtaker Assessment Submission Functionality"]]>
              </value>
            </param>
            <param index="1">
              <value>
                <![CDATA["Checking the Examtaker Assessment Submission"]]>
              </value>
            </param>
          </params>
          <reporter-output>
          </reporter-output>
        </test-method> <!-- runScenario -->
        <test-method is-config="true" signature="afterClass()[pri:0, instance:Runners.AssessmentSubmissionRunner@4b40f651]" started-at="2024-01-31T11:21:09Z" name="afterClass" finished-at="2024-01-31T11:21:09Z" duration-ms="0" status="PASS">
          <reporter-output>
          </reporter-output>
        </test-method> <!-- afterClass -->
        <test-method is-config="true" signature="tearDownClass()[pri:0, instance:Runners.AssessmentSubmissionRunner@4b40f651]" started-at="2024-01-31T11:21:09Z" name="tearDownClass" finished-at="2024-01-31T11:21:11Z" duration-ms="1731" status="PASS">
          <reporter-output>
          </reporter-output>
        </test-method> <!-- tearDownClass -->
      </class> <!-- Runners.AssessmentSubmissionRunner -->
    </test> <!-- Test1 -->
  </suite> <!-- Suite -->
</testng-results>
