<?xml version="1.0" encoding="UTF-8"?>
<testng-results ignored="0" total="1" passed="1" failed="0" skipped="0">
  <reporter-output>
  </reporter-output>
  <suite started-at="2024-11-12T17:09:32 IST" name="Default suite" finished-at="2024-11-12T17:10:29 IST" duration-ms="56951">
    <groups>
      <group name="cucumber">
        <method signature="AbstractTestNGCucumberTests.runScenario(io.cucumber.testng.PickleWrapper,io.cucumber.testng.FeatureWrapper)[pri:0, instance:AssessmentsRunner.Provide_ScoreRunner@1573f9fc]" name="runScenario" class="io.cucumber.testng.AbstractTestNGCucumberTests"/>
      </group> <!-- cucumber -->
    </groups>
    <test started-at="2024-11-12T17:09:32 IST" name="Default test" finished-at="2024-11-12T17:10:29 IST" duration-ms="56951">
      <class name="AssessmentsRunner.Provide_ScoreRunner">
        <test-method is-config="true" signature="setUpClass(org.testng.ITestContext)[pri:0, instance:AssessmentsRunner.Provide_ScoreRunner@1573f9fc]" started-at="2024-11-12T17:09:32 IST" name="setUpClass" finished-at="2024-11-12T17:09:33 IST" duration-ms="906" status="PASS">
          <params>
            <param index="0">
              <value>
                <![CDATA[org.testng.TestRunner@1818d00b]]>
              </value>
            </param>
          </params>
          <reporter-output>
          </reporter-output>
        </test-method> <!-- setUpClass -->
        <test-method is-config="true" signature="beforeClass()[pri:0, instance:AssessmentsRunner.Provide_ScoreRunner@1573f9fc]" started-at="2024-11-12T17:09:33 IST" name="beforeClass" finished-at="2024-11-12T17:09:33 IST" duration-ms="2" status="PASS">
          <reporter-output>
          </reporter-output>
        </test-method> <!-- beforeClass -->
        <test-method signature="runScenario(io.cucumber.testng.PickleWrapper,io.cucumber.testng.FeatureWrapper)[pri:0, instance:AssessmentsRunner.Provide_ScoreRunner@1573f9fc]" started-at="2024-11-12T17:09:33 IST" name="runScenario" description="Runs Cucumber Scenarios" data-provider="scenarios" finished-at="2024-11-12T17:10:25 IST" duration-ms="52220" status="PASS">
          <params>
            <param index="0">
              <value>
                <![CDATA["Validate the Score In Assessment SpeedGrader screen"]]>
              </value>
            </param>
            <param index="1">
              <value>
                <![CDATA["Verify the Score Submission at Teacher side"]]>
              </value>
            </param>
          </params>
          <reporter-output>
          </reporter-output>
        </test-method> <!-- runScenario -->
        <test-method is-config="true" signature="afterClass()[pri:0, instance:AssessmentsRunner.Provide_ScoreRunner@1573f9fc]" started-at="2024-11-12T17:10:25 IST" name="afterClass" finished-at="2024-11-12T17:10:25 IST" duration-ms="1" status="PASS">
          <reporter-output>
          </reporter-output>
        </test-method> <!-- afterClass -->
        <test-method is-config="true" signature="tearDownClass()[pri:0, instance:AssessmentsRunner.Provide_ScoreRunner@1573f9fc]" started-at="2024-11-12T17:10:25 IST" name="tearDownClass" finished-at="2024-11-12T17:10:29 IST" duration-ms="3783" status="PASS">
          <reporter-output>
          </reporter-output>
        </test-method> <!-- tearDownClass -->
      </class> <!-- AssessmentsRunner.Provide_ScoreRunner -->
    </test> <!-- Default test -->
  </suite> <!-- Default suite -->
</testng-results>
