<?xml version="1.0" encoding="UTF-8"?>
<testng-results total="1" passed="1" failed="0" skipped="0">
  <reporter-output>
  </reporter-output>
  <suite started-at="2025-02-05T09:23:33Z" name="Default suite" finished-at="2025-02-05T09:24:22Z" duration-ms="49253">
    <groups>
      <group name="cucumber">
        <method signature="AbstractTestNGCucumberTests.runScenario(io.cucumber.testng.PickleWrapper, io.cucumber.testng.FeatureWrapper)[pri:0, instance:AssessmentsRunner.LaunchValidationRunner@42039326]" name="runScenario" class="io.cucumber.testng.AbstractTestNGCucumberTests"/>
      </group> <!-- cucumber -->
    </groups>
    <test started-at="2025-02-05T09:23:33Z" name="Default test" finished-at="2025-02-05T09:24:22Z" duration-ms="49253">
      <class name="AssessmentsRunner.LaunchValidationRunner">
        <test-method is-config="true" signature="setUpClass(org.testng.ITestContext)[pri:0, instance:AssessmentsRunner.LaunchValidationRunner@42039326]" started-at="2025-02-05T14:53:33Z" name="setUpClass" finished-at="2025-02-05T14:53:34Z" duration-ms="699" status="PASS">
          <params>
            <param index="0">
              <value>
                <![CDATA[org.testng.TestRunner@d978ab9]]>
              </value>
            </param>
          </params>
          <reporter-output>
          </reporter-output>
        </test-method> <!-- setUpClass -->
        <test-method is-config="true" signature="beforeClass()[pri:0, instance:AssessmentsRunner.LaunchValidationRunner@42039326]" started-at="2025-02-05T14:53:34Z" name="beforeClass" finished-at="2025-02-05T14:53:34Z" duration-ms="3" status="PASS">
          <reporter-output>
          </reporter-output>
        </test-method> <!-- beforeClass -->
        <test-method signature="runScenario(io.cucumber.testng.PickleWrapper, io.cucumber.testng.FeatureWrapper)[pri:0, instance:AssessmentsRunner.LaunchValidationRunner@42039326]" started-at="2025-02-05T14:53:34Z" name="runScenario" description="Runs Cucumber Scenarios" data-provider="scenarios" finished-at="2025-02-05T14:54:20Z" duration-ms="46600" status="PASS">
          <params>
            <param index="0">
              <value>
                <![CDATA["Validating Quiz/Exams Through Home Tab"]]>
              </value>
            </param>
            <param index="1">
              <value>
                <![CDATA["Validating the Quiz/Exams at student side"]]>
              </value>
            </param>
          </params>
          <reporter-output>
          </reporter-output>
        </test-method> <!-- runScenario -->
        <test-method is-config="true" signature="tearDownClass()[pri:0, instance:AssessmentsRunner.LaunchValidationRunner@42039326]" started-at="2025-02-05T14:54:20Z" name="tearDownClass" finished-at="2025-02-05T14:54:22Z" duration-ms="1930" status="PASS">
          <reporter-output>
          </reporter-output>
        </test-method> <!-- tearDownClass -->
        <test-method is-config="true" signature="afterClass()[pri:0, instance:AssessmentsRunner.LaunchValidationRunner@42039326]" started-at="2025-02-05T14:54:20Z" name="afterClass" finished-at="2025-02-05T14:54:20Z" duration-ms="0" status="PASS">
          <reporter-output>
          </reporter-output>
        </test-method> <!-- afterClass -->
      </class> <!-- AssessmentsRunner.LaunchValidationRunner -->
    </test> <!-- Default test -->
  </suite> <!-- Default suite -->
</testng-results>
