<?xml version="1.0" encoding="UTF-8"?>
<testng-results ignored="0" total="1" passed="0" failed="1" skipped="0">
  <reporter-output>
  </reporter-output>
  <suite started-at="2024-12-16T09:56:38 IST" name="Default suite" finished-at="2024-12-16T09:58:24 IST" duration-ms="105872">
    <groups>
      <group name="cucumber">
        <method signature="AbstractTestNGCucumberTests.runScenario(io.cucumber.testng.PickleWrapper,io.cucumber.testng.FeatureWrapper)[pri:0, instance:ExamCenterRunners.Create_Time_Slot_and_Enroll_the_ExamTakerRunner@7c137fd5]" name="runScenario" class="io.cucumber.testng.AbstractTestNGCucumberTests"/>
      </group> <!-- cucumber -->
    </groups>
    <test started-at="2024-12-16T09:56:38 IST" name="Default test" finished-at="2024-12-16T09:58:24 IST" duration-ms="105872">
      <class name="ExamCenterRunners.Create_Time_Slot_and_Enroll_the_ExamTakerRunner">
        <test-method is-config="true" signature="setUpClass(org.testng.ITestContext)[pri:0, instance:ExamCenterRunners.Create_Time_Slot_and_Enroll_the_ExamTakerRunner@7c137fd5]" started-at="2024-12-16T09:56:38 IST" name="setUpClass" finished-at="2024-12-16T09:56:42 IST" duration-ms="3932" status="PASS">
          <params>
            <param index="0">
              <value>
                <![CDATA[org.testng.TestRunner@1e000a17]]>
              </value>
            </param>
          </params>
          <reporter-output>
          </reporter-output>
        </test-method> <!-- setUpClass -->
        <test-method is-config="true" signature="beforeclass()[pri:0, instance:ExamCenterRunners.Create_Time_Slot_and_Enroll_the_ExamTakerRunner@7c137fd5]" started-at="2024-12-16T09:56:42 IST" name="beforeclass" finished-at="2024-12-16T09:56:42 IST" duration-ms="8" status="PASS">
          <reporter-output>
          </reporter-output>
        </test-method> <!-- beforeclass -->
        <test-method signature="runScenario(io.cucumber.testng.PickleWrapper,io.cucumber.testng.FeatureWrapper)[pri:0, instance:ExamCenterRunners.Create_Time_Slot_and_Enroll_the_ExamTakerRunner@7c137fd5]" started-at="2024-12-16T09:56:42 IST" name="runScenario" description="Runs Cucumber Scenarios" data-provider="scenarios" finished-at="2024-12-16T09:58:21 IST" duration-ms="98425" status="FAIL">
          <params>
            <param index="0">
              <value>
                <![CDATA["Create a Time_Slot for the Examination"]]>
              </value>
            </param>
            <param index="1">
              <value>
                <![CDATA["FocalPointk12 Exam_Center Create a Time_Slot and Enrolled the Exam Taker to the Time slot"]]>
              </value>
            </param>
          </params>
          <exception class="java.lang.RuntimeException">
            <message>
              <![CDATA[Failed to select the current date after 3 attempts.]]>
            </message>
            <full-stacktrace>
              <![CDATA[java.lang.RuntimeException: Failed to select the current date after 3 attempts.
at com.Examcenter.pages.CommonPages.selectCurrentDate(CommonPages.java:320)
at com.Examcenter.pages.TimeSlotCreation_and_enrollExamataker_Page.click_on_ChooseMonthandYear(TimeSlotCreation_and_enrollExamataker_Page.java:178)
at ExamCenterStepDefinitions.Create_TimeSlot_and_Enroll_the_Examtaker_Stepdefination.user_select_the_exam_date_from_calendar(Create_TimeSlot_and_Enroll_the_Examtaker_Stepdefination.java:96)
at ✽.User select the Exam date from calendar(file:///C:/Users/RavaliManthena/OneDrive/Eclipse-EC/src/test/resources/ExamCenterFeatures/Create_TimeSlot_and_Enroll_the_ExamTaker.feature:16)
]]>
            </full-stacktrace>
          </exception> <!-- java.lang.RuntimeException -->
          <reporter-output>
          </reporter-output>
        </test-method> <!-- runScenario -->
        <test-method is-config="true" signature="testDownClass()[pri:0, instance:ExamCenterRunners.Create_Time_Slot_and_Enroll_the_ExamTakerRunner@7c137fd5]" started-at="2024-12-16T09:58:21 IST" name="testDownClass" finished-at="2024-12-16T09:58:21 IST" duration-ms="1" status="PASS">
          <reporter-output>
          </reporter-output>
        </test-method> <!-- testDownClass -->
        <test-method is-config="true" signature="tearDownClass()[pri:0, instance:ExamCenterRunners.Create_Time_Slot_and_Enroll_the_ExamTakerRunner@7c137fd5]" started-at="2024-12-16T09:58:21 IST" name="tearDownClass" finished-at="2024-12-16T09:58:24 IST" duration-ms="3382" status="PASS">
          <reporter-output>
          </reporter-output>
        </test-method> <!-- tearDownClass -->
      </class> <!-- ExamCenterRunners.Create_Time_Slot_and_Enroll_the_ExamTakerRunner -->
    </test> <!-- Default test -->
  </suite> <!-- Default suite -->
</testng-results>
