<?xml version="1.0" encoding="UTF-8"?>
<testng-results total="1" passed="1" failed="0" skipped="0">
  <reporter-output>
  </reporter-output>
  <suite started-at="2024-12-31T10:53:19Z" name="Default suite" finished-at="2024-12-31T10:54:38Z" duration-ms="78757">
    <groups>
      <group name="cucumber">
        <method signature="AbstractTestNGCucumberTests.runScenario(io.cucumber.testng.PickleWrapper, io.cucumber.testng.FeatureWrapper)[pri:0, instance:ExamCenterRunners.Users_Creation_Runner@63787180]" name="runScenario" class="io.cucumber.testng.AbstractTestNGCucumberTests"/>
      </group> <!-- cucumber -->
    </groups>
    <test started-at="2024-12-31T10:53:19Z" name="Default test" finished-at="2024-12-31T10:54:38Z" duration-ms="78757">
      <class name="ExamCenterRunners.Users_Creation_Runner">
        <test-method is-config="true" signature="setUpClass(org.testng.ITestContext)[pri:0, instance:ExamCenterRunners.Users_Creation_Runner@63787180]" started-at="2024-12-31T16:23:19Z" name="setUpClass" finished-at="2024-12-31T16:23:20Z" duration-ms="655" status="PASS">
          <params>
            <param index="0">
              <value>
                <![CDATA[org.testng.TestRunner@2f2f92f]]>
              </value>
            </param>
          </params>
          <reporter-output>
          </reporter-output>
        </test-method> <!-- setUpClass -->
        <test-method is-config="true" signature="beforeclass()[pri:0, instance:ExamCenterRunners.Users_Creation_Runner@63787180]" started-at="2024-12-31T16:23:20Z" name="beforeclass" finished-at="2024-12-31T16:23:20Z" duration-ms="2" status="PASS">
          <reporter-output>
          </reporter-output>
        </test-method> <!-- beforeclass -->
        <test-method signature="runScenario(io.cucumber.testng.PickleWrapper, io.cucumber.testng.FeatureWrapper)[pri:0, instance:ExamCenterRunners.Users_Creation_Runner@63787180]" started-at="2024-12-31T16:23:20Z" name="runScenario" description="Runs Cucumber Scenarios" data-provider="scenarios" finished-at="2024-12-31T16:24:35Z" duration-ms="75242" status="PASS">
          <params>
            <param index="0">
              <value>
                <![CDATA["Verify the Users Creation Functionality with valid Data"]]>
              </value>
            </param>
            <param index="1">
              <value>
                <![CDATA["Checking the Create Users Functionality"]]>
              </value>
            </param>
          </params>
          <reporter-output>
          </reporter-output>
        </test-method> <!-- runScenario -->
        <test-method is-config="true" signature="tearDownClass()[pri:0, instance:ExamCenterRunners.Users_Creation_Runner@63787180]" started-at="2024-12-31T16:24:35Z" name="tearDownClass" finished-at="2024-12-31T16:24:38Z" duration-ms="2846" status="PASS">
          <reporter-output>
          </reporter-output>
        </test-method> <!-- tearDownClass -->
        <test-method is-config="true" signature="Afterclass()[pri:0, instance:ExamCenterRunners.Users_Creation_Runner@63787180]" started-at="2024-12-31T16:24:35Z" name="Afterclass" finished-at="2024-12-31T16:24:35Z" duration-ms="0" status="PASS">
          <reporter-output>
          </reporter-output>
        </test-method> <!-- Afterclass -->
      </class> <!-- ExamCenterRunners.Users_Creation_Runner -->
    </test> <!-- Default test -->
  </suite> <!-- Default suite -->
</testng-results>
