<?xml version="1.0" encoding="UTF-8"?>
<testng-results total="1" passed="1" failed="0" skipped="0">
  <reporter-output>
  </reporter-output>
  <suite started-at="2024-02-13T10:57:26Z" name="Default suite" finished-at="2024-02-13T10:58:12Z" duration-ms="45823">
    <groups>
      <group name="cucumber">
        <method signature="AbstractTestNGCucumberTests.runScenario(io.cucumber.testng.PickleWrapper, io.cucumber.testng.FeatureWrapper)[pri:0, instance:Runners.Enrolled_ExamTaker_in_a_TimeSlotRunner@2f62ea70]" name="runScenario" class="io.cucumber.testng.AbstractTestNGCucumberTests"/>
      </group> <!-- cucumber -->
    </groups>
    <test started-at="2024-02-13T10:57:26Z" name="Default test" finished-at="2024-02-13T10:58:12Z" duration-ms="45823">
      <class name="Runners.Enrolled_ExamTaker_in_a_TimeSlotRunner">
        <test-method is-config="true" signature="setUpClass(org.testng.ITestContext)[pri:0, instance:Runners.Enrolled_ExamTaker_in_a_TimeSlotRunner@2f62ea70]" started-at="2024-02-13T16:27:26Z" name="setUpClass" finished-at="2024-02-13T16:27:27Z" duration-ms="680" status="PASS">
          <params>
            <param index="0">
              <value>
                <![CDATA[org.testng.TestRunner@417bfebd]]>
              </value>
            </param>
          </params>
          <reporter-output>
          </reporter-output>
        </test-method> <!-- setUpClass -->
        <test-method is-config="true" signature="beforeclass()[pri:0, instance:Runners.Enrolled_ExamTaker_in_a_TimeSlotRunner@2f62ea70]" started-at="2024-02-13T16:27:27Z" name="beforeclass" finished-at="2024-02-13T16:27:27Z" duration-ms="0" status="PASS">
          <reporter-output>
          </reporter-output>
        </test-method> <!-- beforeclass -->
        <test-method signature="runScenario(io.cucumber.testng.PickleWrapper, io.cucumber.testng.FeatureWrapper)[pri:0, instance:Runners.Enrolled_ExamTaker_in_a_TimeSlotRunner@2f62ea70]" started-at="2024-02-13T16:27:27Z" name="runScenario" description="Runs Cucumber Scenarios" data-provider="scenarios" finished-at="2024-02-13T16:28:10Z" duration-ms="43076" status="PASS">
          <params>
            <param index="0">
              <value>
                <![CDATA["Provide the Procter Comment to a ExamTaker"]]>
              </value>
            </param>
            <param index="1">
              <value>
                <![CDATA["FocalPointk12 Exam_Center Procter Comment, Reset the Examination"]]>
              </value>
            </param>
          </params>
          <reporter-output>
          </reporter-output>
        </test-method> <!-- runScenario -->
        <test-method is-config="true" signature="testDownClass()[pri:0, instance:Runners.Enrolled_ExamTaker_in_a_TimeSlotRunner@2f62ea70]" started-at="2024-02-13T16:28:10Z" name="testDownClass" finished-at="2024-02-13T16:28:10Z" duration-ms="0" status="PASS">
          <reporter-output>
          </reporter-output>
        </test-method> <!-- testDownClass -->
        <test-method is-config="true" signature="tearDownClass()[pri:0, instance:Runners.Enrolled_ExamTaker_in_a_TimeSlotRunner@2f62ea70]" started-at="2024-02-13T16:28:10Z" name="tearDownClass" finished-at="2024-02-13T16:28:12Z" duration-ms="2052" status="PASS">
          <reporter-output>
          </reporter-output>
        </test-method> <!-- tearDownClass -->
      </class> <!-- Runners.Enrolled_ExamTaker_in_a_TimeSlotRunner -->
    </test> <!-- Default test -->
  </suite> <!-- Default suite -->
</testng-results>
