<?xml version="1.0" encoding="UTF-8"?>
<testng-results total="1" passed="1" failed="0" skipped="0">
  <reporter-output>
  </reporter-output>
  <suite started-at="2025-02-21T07:31:50Z" name="Default suite" finished-at="2025-02-21T07:33:54Z" duration-ms="123307">
    <groups>
      <group name="cucumber">
        <method signature="AbstractTestNGCucumberTests.runScenario(io.cucumber.testng.PickleWrapper, io.cucumber.testng.FeatureWrapper)[pri:0, instance:PortfolioCenterRunner.PortfolioCenterCourseRunner@33308786]" name="runScenario" class="io.cucumber.testng.AbstractTestNGCucumberTests"/>
      </group> <!-- cucumber -->
    </groups>
    <test started-at="2025-02-21T07:31:50Z" name="Default test" finished-at="2025-02-21T07:33:54Z" duration-ms="123307">
      <class name="PortfolioCenterRunner.PortfolioCenterCourseRunner">
        <test-method is-config="true" signature="setUpClass(org.testng.ITestContext)[pri:0, instance:PortfolioCenterRunner.PortfolioCenterCourseRunner@33308786]" started-at="2025-02-21T13:01:50Z" name="setUpClass" finished-at="2025-02-21T13:01:51Z" duration-ms="675" status="PASS">
          <params>
            <param index="0">
              <value>
                <![CDATA[org.testng.TestRunner@5b2ff4df]]>
              </value>
            </param>
          </params>
          <reporter-output>
          </reporter-output>
        </test-method> <!-- setUpClass -->
        <test-method is-config="true" signature="beforeClass()[pri:0, instance:PortfolioCenterRunner.PortfolioCenterCourseRunner@33308786]" started-at="2025-02-21T13:01:51Z" name="beforeClass" finished-at="2025-02-21T13:01:51Z" duration-ms="2" status="PASS">
          <reporter-output>
          </reporter-output>
        </test-method> <!-- beforeClass -->
        <test-method signature="runScenario(io.cucumber.testng.PickleWrapper, io.cucumber.testng.FeatureWrapper)[pri:0, instance:PortfolioCenterRunner.PortfolioCenterCourseRunner@33308786]" started-at="2025-02-21T13:01:51Z" name="runScenario" description="Runs Cucumber Scenarios" data-provider="scenarios" finished-at="2025-02-21T13:03:52Z" duration-ms="120857" status="PASS">
          <params>
            <param index="0">
              <value>
                <![CDATA["Verifying the Portfolio Course Creation Functionality"]]>
              </value>
            </param>
            <param index="1">
              <value>
                <![CDATA["Checking the Portfolio Center Course Functionality"]]>
              </value>
            </param>
          </params>
          <reporter-output>
          </reporter-output>
        </test-method> <!-- runScenario -->
        <test-method is-config="true" signature="afterClass()[pri:0, instance:PortfolioCenterRunner.PortfolioCenterCourseRunner@33308786]" started-at="2025-02-21T13:03:52Z" name="afterClass" finished-at="2025-02-21T13:03:52Z" duration-ms="1" status="PASS">
          <reporter-output>
          </reporter-output>
        </test-method> <!-- afterClass -->
        <test-method is-config="true" signature="tearDownClass()[pri:0, instance:PortfolioCenterRunner.PortfolioCenterCourseRunner@33308786]" started-at="2025-02-21T13:03:52Z" name="tearDownClass" finished-at="2025-02-21T13:03:54Z" duration-ms="1756" status="PASS">
          <reporter-output>
          </reporter-output>
        </test-method> <!-- tearDownClass -->
      </class> <!-- PortfolioCenterRunner.PortfolioCenterCourseRunner -->
    </test> <!-- Default test -->
  </suite> <!-- Default suite -->
</testng-results>
