<?xml version="1.0" encoding="UTF-8"?>
<testng-results total="2" passed="2" failed="0" skipped="0">
  <reporter-output>
  </reporter-output>
  <suite started-at="2024-02-15T13:46:28Z" name="Default suite" finished-at="2024-02-15T13:48:09Z" duration-ms="101459">
    <groups>
      <group name="cucumber">
        <method signature="AbstractTestNGCucumberTests.runScenario(io.cucumber.testng.PickleWrapper, io.cucumber.testng.FeatureWrapper)[pri:0, instance:Runners.Create_Time_Slot_and_Enroll_the_ExamTakerRunner@2f62ea70]" name="runScenario" class="io.cucumber.testng.AbstractTestNGCucumberTests"/>
      </group> <!-- cucumber -->
    </groups>
    <test started-at="2024-02-15T13:46:28Z" name="Default test" finished-at="2024-02-15T13:48:09Z" duration-ms="101459">
      <class name="Runners.Create_Time_Slot_and_Enroll_the_ExamTakerRunner">
        <test-method is-config="true" signature="setUpClass(org.testng.ITestContext)[pri:0, instance:Runners.Create_Time_Slot_and_Enroll_the_ExamTakerRunner@2f62ea70]" started-at="2024-02-15T19:16:28Z" name="setUpClass" finished-at="2024-02-15T19:16:29Z" duration-ms="632" status="PASS">
          <params>
            <param index="0">
              <value>
                <![CDATA[org.testng.TestRunner@7474196]]>
              </value>
            </param>
          </params>
          <reporter-output>
          </reporter-output>
        </test-method> <!-- setUpClass -->
        <test-method is-config="true" signature="beforeclass()[pri:0, instance:Runners.Create_Time_Slot_and_Enroll_the_ExamTakerRunner@2f62ea70]" started-at="2024-02-15T19:16:29Z" name="beforeclass" finished-at="2024-02-15T19:16:29Z" duration-ms="0" status="PASS">
          <reporter-output>
          </reporter-output>
        </test-method> <!-- beforeclass -->
        <test-method signature="runScenario(io.cucumber.testng.PickleWrapper, io.cucumber.testng.FeatureWrapper)[pri:0, instance:Runners.Create_Time_Slot_and_Enroll_the_ExamTakerRunner@2f62ea70]" started-at="2024-02-15T19:16:29Z" name="runScenario" description="Runs Cucumber Scenarios" data-provider="scenarios" finished-at="2024-02-15T19:17:04Z" duration-ms="35503" status="PASS">
          <params>
            <param index="0">
              <value>
                <![CDATA["Create a Time_Slot for the Examination"]]>
              </value>
            </param>
            <param index="1">
              <value>
                <![CDATA["FocalPointk12 Exam_Center Create a Time_Slot and Enrolled the Exam Taker to the Time slot"]]>
              </value>
            </param>
          </params>
          <reporter-output>
          </reporter-output>
        </test-method> <!-- runScenario -->
        <test-method signature="runScenario(io.cucumber.testng.PickleWrapper, io.cucumber.testng.FeatureWrapper)[pri:0, instance:Runners.Create_Time_Slot_and_Enroll_the_ExamTakerRunner@2f62ea70]" started-at="2024-02-15T19:17:04Z" name="runScenario" description="Runs Cucumber Scenarios" data-provider="scenarios" finished-at="2024-02-15T19:18:07Z" duration-ms="63139" status="PASS">
          <params>
            <param index="0">
              <value>
                <![CDATA["Add the Examataker in a Particular TimeSlot"]]>
              </value>
            </param>
            <param index="1">
              <value>
                <![CDATA["FocalPointk12 Exam_Center Create a Time_Slot and Enrolled the Exam Taker to the Time slot"]]>
              </value>
            </param>
          </params>
          <reporter-output>
          </reporter-output>
        </test-method> <!-- runScenario -->
        <test-method is-config="true" signature="tearDownClass()[pri:0, instance:Runners.Create_Time_Slot_and_Enroll_the_ExamTakerRunner@2f62ea70]" started-at="2024-02-15T19:18:07Z" name="tearDownClass" finished-at="2024-02-15T19:18:09Z" duration-ms="2171" status="PASS">
          <reporter-output>
          </reporter-output>
        </test-method> <!-- tearDownClass -->
        <test-method is-config="true" signature="testDownClass()[pri:0, instance:Runners.Create_Time_Slot_and_Enroll_the_ExamTakerRunner@2f62ea70]" started-at="2024-02-15T19:18:07Z" name="testDownClass" finished-at="2024-02-15T19:18:07Z" duration-ms="0" status="PASS">
          <reporter-output>
          </reporter-output>
        </test-method> <!-- testDownClass -->
      </class> <!-- Runners.Create_Time_Slot_and_Enroll_the_ExamTakerRunner -->
    </test> <!-- Default test -->
  </suite> <!-- Default suite -->
</testng-results>
