<?xml version="1.0" encoding="UTF-8"?>
<testng-results total="1" passed="1" failed="0" skipped="0">
  <reporter-output>
  </reporter-output>
  <suite started-at="2024-12-12T19:30:09Z" name="Default suite" finished-at="2024-12-12T19:30:55Z" duration-ms="45990">
    <groups>
      <group name="cucumber">
        <method signature="AbstractTestNGCucumberTests.runScenario(io.cucumber.testng.PickleWrapper, io.cucumber.testng.FeatureWrapper)[pri:0, instance:ExamCenterRunners.Users_Creation_Runner@33308786]" name="runScenario" class="io.cucumber.testng.AbstractTestNGCucumberTests"/>
      </group> <!-- cucumber -->
    </groups>
    <test started-at="2024-12-12T19:30:09Z" name="Default test" finished-at="2024-12-12T19:30:55Z" duration-ms="45990">
      <class name="ExamCenterRunners.Users_Creation_Runner">
        <test-method is-config="true" signature="setUpClass(org.testng.ITestContext)[pri:0, instance:ExamCenterRunners.Users_Creation_Runner@33308786]" started-at="2024-12-13T01:00:09Z" name="setUpClass" finished-at="2024-12-13T01:00:10Z" duration-ms="812" status="PASS">
          <params>
            <param index="0">
              <value>
                <![CDATA[org.testng.TestRunner@2b1d1a5]]>
              </value>
            </param>
          </params>
          <reporter-output>
          </reporter-output>
        </test-method> <!-- setUpClass -->
        <test-method is-config="true" signature="beforeclass()[pri:0, instance:ExamCenterRunners.Users_Creation_Runner@33308786]" started-at="2024-12-13T01:00:10Z" name="beforeclass" finished-at="2024-12-13T01:00:10Z" duration-ms="3" status="PASS">
          <reporter-output>
          </reporter-output>
        </test-method> <!-- beforeclass -->
        <test-method signature="runScenario(io.cucumber.testng.PickleWrapper, io.cucumber.testng.FeatureWrapper)[pri:0, instance:ExamCenterRunners.Users_Creation_Runner@33308786]" started-at="2024-12-13T01:00:10Z" name="runScenario" description="Runs Cucumber Scenarios" data-provider="scenarios" finished-at="2024-12-13T01:00:53Z" duration-ms="43574" status="PASS">
          <params>
            <param index="0">
              <value>
                <![CDATA["Checking the Creation of controller User"]]>
              </value>
            </param>
            <param index="1">
              <value>
                <![CDATA["Checking the Create Users Functionality"]]>
              </value>
            </param>
          </params>
          <reporter-output>
          </reporter-output>
        </test-method> <!-- runScenario -->
        <test-method is-config="true" signature="tearDownClass()[pri:0, instance:ExamCenterRunners.Users_Creation_Runner@33308786]" started-at="2024-12-13T01:00:53Z" name="tearDownClass" finished-at="2024-12-13T01:00:55Z" duration-ms="1587" status="PASS">
          <reporter-output>
          </reporter-output>
        </test-method> <!-- tearDownClass -->
        <test-method is-config="true" signature="Afterclass()[pri:0, instance:ExamCenterRunners.Users_Creation_Runner@33308786]" started-at="2024-12-13T01:00:53Z" name="Afterclass" finished-at="2024-12-13T01:00:53Z" duration-ms="0" status="PASS">
          <reporter-output>
          </reporter-output>
        </test-method> <!-- Afterclass -->
      </class> <!-- ExamCenterRunners.Users_Creation_Runner -->
    </test> <!-- Default test -->
  </suite> <!-- Default suite -->
</testng-results>
