<?xml version="1.0" encoding="UTF-8"?>
<testng-results total="1" passed="0" failed="1" skipped="0">
  <reporter-output>
  </reporter-output>
  <suite started-at="2024-12-30T07:05:45Z" name="Default suite" finished-at="2024-12-30T07:07:11Z" duration-ms="86383">
    <groups>
      <group name="cucumber">
        <method signature="AbstractTestNGCucumberTests.runScenario(io.cucumber.testng.PickleWrapper, io.cucumber.testng.FeatureWrapper)[pri:0, instance:ExamCenterRunners.Create_Time_Slot_and_Enroll_the_ExamTakerRunner@7d1cfb8b]" name="runScenario" class="io.cucumber.testng.AbstractTestNGCucumberTests"/>
      </group> <!-- cucumber -->
    </groups>
    <test started-at="2024-12-30T07:05:45Z" name="Default test" finished-at="2024-12-30T07:07:11Z" duration-ms="86383">
      <class name="ExamCenterRunners.Create_Time_Slot_and_Enroll_the_ExamTakerRunner">
        <test-method is-config="true" signature="setUpClass(org.testng.ITestContext)[pri:0, instance:ExamCenterRunners.Create_Time_Slot_and_Enroll_the_ExamTakerRunner@7d1cfb8b]" started-at="2024-12-30T12:35:45Z" name="setUpClass" finished-at="2024-12-30T12:35:46Z" duration-ms="729" status="PASS">
          <params>
            <param index="0">
              <value>
                <![CDATA[org.testng.TestRunner@86377d5]]>
              </value>
            </param>
          </params>
          <reporter-output>
          </reporter-output>
        </test-method> <!-- setUpClass -->
        <test-method is-config="true" signature="beforeclass()[pri:0, instance:ExamCenterRunners.Create_Time_Slot_and_Enroll_the_ExamTakerRunner@7d1cfb8b]" started-at="2024-12-30T12:35:46Z" name="beforeclass" finished-at="2024-12-30T12:35:46Z" duration-ms="2" status="PASS">
          <reporter-output>
          </reporter-output>
        </test-method> <!-- beforeclass -->
        <test-method signature="runScenario(io.cucumber.testng.PickleWrapper, io.cucumber.testng.FeatureWrapper)[pri:0, instance:ExamCenterRunners.Create_Time_Slot_and_Enroll_the_ExamTakerRunner@7d1cfb8b]" started-at="2024-12-30T12:35:46Z" name="runScenario" description="Runs Cucumber Scenarios" data-provider="scenarios" finished-at="2024-12-30T12:36:56Z" duration-ms="70650" status="FAIL">
          <params>
            <param index="0">
              <value>
                <![CDATA["Create a Time_Slot for the Examination"]]>
              </value>
            </param>
            <param index="1">
              <value>
                <![CDATA["FocalPointk12 Exam_Center Create a Time_Slot and Enrolled the Exam Taker to the Time slot"]]>
              </value>
            </param>
          </params>
          <exception class="org.openqa.selenium.NoSuchElementException">
            <message>
              <![CDATA[no such element: Unable to locate element: {"method":"xpath","selector":"//mat-icon[text()='add']"}
  (Session info: chrome=131.0.6778.205)
For documentation on this error, please visit: https://www.selenium.dev/documentation/webdriver/troubleshooting/errors#no-such-element-exception
Build info: version: '4.18.1', revision: 'b1d3319b48'
System info: os.name: 'Windows 11', os.arch: 'amd64', os.version: '10.0', java.version: '22.0.2'
Driver info: org.openqa.selenium.chrome.ChromeDriver
Command: [83e56404381c8b4b222929fc16020c7c, findElement {using=xpath, value=//mat-icon[text()='add']}]
Capabilities {acceptInsecureCerts: false, browserName: chrome, browserVersion: 131.0.6778.205, chrome: {chromedriverVersion: 131.0.6778.204 (52183f9e99a..., userDataDir: C:\Users\GOPIPA~1\AppData\L...}, fedcm:accounts: true, goog:chromeOptions: {debuggerAddress: localhost:54318}, networkConnectionEnabled: false, pageLoadStrategy: normal, platformName: windows, proxy: Proxy(), se:cdp: ws://localhost:54318/devtoo..., se:cdpVersion: 131.0.6778.205, setWindowRect: true, strictFileInteractability: false, timeouts: {implicit: 0, pageLoad: 300000, script: 30000}, unhandledPromptBehavior: dismiss and notify, webauthn:extension:credBlob: true, webauthn:extension:largeBlob: true, webauthn:extension:minPinLength: true, webauthn:extension:prf: true, webauthn:virtualAuthenticators: true}
Session ID: 83e56404381c8b4b222929fc16020c7c]]>
            </message>
            <full-stacktrace>
              <![CDATA[org.openqa.selenium.NoSuchElementException: no such element: Unable to locate element: {"method":"xpath","selector":"//mat-icon[text()='add']"}
  (Session info: chrome=131.0.6778.205)
For documentation on this error, please visit: https://www.selenium.dev/documentation/webdriver/troubleshooting/errors#no-such-element-exception
Build info: version: '4.18.1', revision: 'b1d3319b48'
System info: os.name: 'Windows 11', os.arch: 'amd64', os.version: '10.0', java.version: '22.0.2'
Driver info: org.openqa.selenium.chrome.ChromeDriver
Command: [83e56404381c8b4b222929fc16020c7c, findElement {using=xpath, value=//mat-icon[text()='add']}]
Capabilities {acceptInsecureCerts: false, browserName: chrome, browserVersion: 131.0.6778.205, chrome: {chromedriverVersion: 131.0.6778.204 (52183f9e99a..., userDataDir: C:\Users\GOPIPA~1\AppData\L...}, fedcm:accounts: true, goog:chromeOptions: {debuggerAddress: localhost:54318}, networkConnectionEnabled: false, pageLoadStrategy: normal, platformName: windows, proxy: Proxy(), se:cdp: ws://localhost:54318/devtoo..., se:cdpVersion: 131.0.6778.205, setWindowRect: true, strictFileInteractability: false, timeouts: {implicit: 0, pageLoad: 300000, script: 30000}, unhandledPromptBehavior: dismiss and notify, webauthn:extension:credBlob: true, webauthn:extension:largeBlob: true, webauthn:extension:minPinLength: true, webauthn:extension:prf: true, webauthn:virtualAuthenticators: true}
Session ID: 83e56404381c8b4b222929fc16020c7c
	at java.base/jdk.internal.reflect.DirectConstructorHandleAccessor.newInstance(DirectConstructorHandleAccessor.java:62)
	at java.base/java.lang.reflect.Constructor.newInstanceWithCaller(Constructor.java:502)
	at java.base/java.lang.reflect.Constructor.newInstance(Constructor.java:486)
	at org.openqa.selenium.remote.ErrorCodec.decode(ErrorCodec.java:167)
	at org.openqa.selenium.remote.codec.w3c.W3CHttpResponseCodec.decode(W3CHttpResponseCodec.java:138)
	at org.openqa.selenium.remote.codec.w3c.W3CHttpResponseCodec.decode(W3CHttpResponseCodec.java:50)
	at org.openqa.selenium.remote.HttpCommandExecutor.execute(HttpCommandExecutor.java:190)
	at org.openqa.selenium.remote.service.DriverCommandExecutor.invokeExecute(DriverCommandExecutor.java:216)
	at org.openqa.selenium.remote.service.DriverCommandExecutor.execute(DriverCommandExecutor.java:174)
	at org.openqa.selenium.remote.RemoteWebDriver.execute(RemoteWebDriver.java:519)
	at org.openqa.selenium.remote.ElementLocation$ElementFinder$2.findElement(ElementLocation.java:165)
	at org.openqa.selenium.remote.ElementLocation.findElement(ElementLocation.java:59)
	at org.openqa.selenium.remote.RemoteWebDriver.findElement(RemoteWebDriver.java:356)
	at org.openqa.selenium.remote.RemoteWebDriver.findElement(RemoteWebDriver.java:350)
	at org.openqa.selenium.support.pagefactory.DefaultElementLocator.findElement(DefaultElementLocator.java:68)
	at org.openqa.selenium.support.pagefactory.internal.LocatingElementHandler.invoke(LocatingElementHandler.java:38)
	at jdk.proxy2/jdk.proxy2.$Proxy29.click(Unknown Source)
	at com.Examcenter.pages.TimeSlotCreation_and_enrollExamataker_Page.addExamtaker(TimeSlotCreation_and_enrollExamataker_Page.java:235)
	at ExamCenterStepDefinitions.Create_TimeSlot_and_Enroll_the_Examtaker_Stepdefination.user_add_the_examtaker_in_the_timeslot(Create_TimeSlot_and_Enroll_the_Examtaker_Stepdefination.java:151)
	at ✽.User add the Examtaker in the Timeslot(file:///D:/Focalpoint%20Automation/FPK12AutomationProject/src/test/resources/ExamCenterFeatures/Create_TimeSlot_and_Enroll_the_ExamTaker.feature:23)
]]>
            </full-stacktrace>
          </exception> <!-- org.openqa.selenium.NoSuchElementException -->
          <reporter-output>
          </reporter-output>
        </test-method> <!-- runScenario -->
        <test-method is-config="true" signature="testDownClass()[pri:0, instance:ExamCenterRunners.Create_Time_Slot_and_Enroll_the_ExamTakerRunner@7d1cfb8b]" started-at="2024-12-30T12:36:56Z" name="testDownClass" finished-at="2024-12-30T12:36:56Z" duration-ms="0" status="PASS">
          <reporter-output>
          </reporter-output>
        </test-method> <!-- testDownClass -->
        <test-method is-config="true" signature="tearDownClass()[pri:0, instance:ExamCenterRunners.Create_Time_Slot_and_Enroll_the_ExamTakerRunner@7d1cfb8b]" started-at="2024-12-30T12:36:56Z" name="tearDownClass" finished-at="2024-12-30T12:36:56Z" duration-ms="0" status="FAIL">
          <exception class="java.lang.RuntimeException">
            <message>
              <![CDATA[java.io.IOException: HTTP request failed:
> PUT https://cucumber-messages-app-s3bucket-61aropwgu4ox.s3.eu-west-3.amazonaws.com/reports/51d980d5-befb-438d-a9e1-ee5c15cf1cc2?X-Amz-Algorithm=AWS4-HMAC-SHA256&X-Amz-Credential=ASIAWE4HTFKNW2AFNHPJ%2F20241230%2Feu-west-3%2Fs3%2Faws4_request&X-Amz-Date=20241230T070657Z&X-Amz-Expires=900&X-Amz-Security-Token=IQoJb3JpZ2luX2VjEK%2F%2F%2F%2F%2F%2F%2F%2F%2F%2F%2FwEaCWV1LXdlc3QtMyJHMEUCIQCOLz7OQ1LTLfsaKbF0uktFLTD3jmh1vj09WoqDpN0zbAIgZNQTGKpB64mmhxYJuaVhpZ9na4%2FMFBlN9jk1FSDDX58qxgMIiP%2F%2F%2F%2F%2F%2F%2F%2F%2F%2FARADGgw0MjI4MDE3NzkzNTUiDKs2IdGEOJAb7WhoByqaA9Z6vlZLiTs%2FqN%2BANS8hoqQfyTPsgpafRYLKzYg9bPdRtfL2rqk4Ej4Kl9Lo6oWV7LaJ38AzTMlCbVKh6u%2BrKkKuXxuzM9wHJPL965FYYnUv93SyhToEwyPnoN4QzzT8lxbrsUtNbJv3f9%2FyddB18TxpOTWtmMBRvIvUGC%2BcITkzto8PoUqF6BZLRw8oRMcOBy3p3uCOG5ys3kIvua%2B1AFgj34GZJNGm9IIhynbzCWdF60jLpn9IQq7Lx2rlMPOySSX6FvxszBRIx5Q7yxDNqVtf0CVotAzQzQ6Pr3HkkVpA1rQ%2BY9TgbDn2xmU7O09E20OkXvuhM7cQSn2s2fBGK84RBwPu4WAiRjGL1yCm5j6%2F6tF6mRIOUiKS8G4ZH0udmItX96pdPZK%2FscP9%2BvdDcxf5vxcMU6NmqHZF4jr%2B3oefex92MgAx6NCc5UpN5%2BJ01%2BXQzM0yRQNMUze%2B%2FNPMxWr9pcte0TCnLCT9fjpTIY99kUKQSGEqacII%2BftEu9H7XViZQatF0Ub7tCL6dmZP%2FL%2FLgP9PvoG8RIx1MJ%2BIybsGOp4B89xJghIPaUidL9dqJtdDjUhUANnkBELMI4C6IFtILWK4E0um3Nw5t10vWeuPu0la3HEyt65kvaTo0IR%2BiiliGRb8K4L35Qr0xPQvbysE1vZvt8rIv1qU2JO3R5fLSe%2B%2BWIFZyoZY4m1W2Zo2Q5gMCXtEGVIDVH2ysrCoZSMNheJCApc2yDjyaxsJLrVE%2B54Oc5EIFnHKNrDqFAa%2BOSA%3D&X-Amz-Signature=7bf8a2f0db9b16a6e8446ce6cbb5ea31990e4926d2cd80ad486e7bd6ba547775&X-Amz-SignedHeaders=host

]]>
            </message>
            <full-stacktrace>
              <![CDATA[java.lang.RuntimeException: java.io.IOException: HTTP request failed:
> PUT https://cucumber-messages-app-s3bucket-61aropwgu4ox.s3.eu-west-3.amazonaws.com/reports/51d980d5-befb-438d-a9e1-ee5c15cf1cc2?X-Amz-Algorithm=AWS4-HMAC-SHA256&X-Amz-Credential=ASIAWE4HTFKNW2AFNHPJ%2F20241230%2Feu-west-3%2Fs3%2Faws4_request&X-Amz-Date=20241230T070657Z&X-Amz-Expires=900&X-Amz-Security-Token=IQoJb3JpZ2luX2VjEK%2F%2F%2F%2F%2F%2F%2F%2F%2F%2F%2FwEaCWV1LXdlc3QtMyJHMEUCIQCOLz7OQ1LTLfsaKbF0uktFLTD3jmh1vj09WoqDpN0zbAIgZNQTGKpB64mmhxYJuaVhpZ9na4%2FMFBlN9jk1FSDDX58qxgMIiP%2F%2F%2F%2F%2F%2F%2F%2F%2F%2FARADGgw0MjI4MDE3NzkzNTUiDKs2IdGEOJAb7WhoByqaA9Z6vlZLiTs%2FqN%2BANS8hoqQfyTPsgpafRYLKzYg9bPdRtfL2rqk4Ej4Kl9Lo6oWV7LaJ38AzTMlCbVKh6u%2BrKkKuXxuzM9wHJPL965FYYnUv93SyhToEwyPnoN4QzzT8lxbrsUtNbJv3f9%2FyddB18TxpOTWtmMBRvIvUGC%2BcITkzto8PoUqF6BZLRw8oRMcOBy3p3uCOG5ys3kIvua%2B1AFgj34GZJNGm9IIhynbzCWdF60jLpn9IQq7Lx2rlMPOySSX6FvxszBRIx5Q7yxDNqVtf0CVotAzQzQ6Pr3HkkVpA1rQ%2BY9TgbDn2xmU7O09E20OkXvuhM7cQSn2s2fBGK84RBwPu4WAiRjGL1yCm5j6%2F6tF6mRIOUiKS8G4ZH0udmItX96pdPZK%2FscP9%2BvdDcxf5vxcMU6NmqHZF4jr%2B3oefex92MgAx6NCc5UpN5%2BJ01%2BXQzM0yRQNMUze%2B%2FNPMxWr9pcte0TCnLCT9fjpTIY99kUKQSGEqacII%2BftEu9H7XViZQatF0Ub7tCL6dmZP%2FL%2FLgP9PvoG8RIx1MJ%2BIybsGOp4B89xJghIPaUidL9dqJtdDjUhUANnkBELMI4C6IFtILWK4E0um3Nw5t10vWeuPu0la3HEyt65kvaTo0IR%2BiiliGRb8K4L35Qr0xPQvbysE1vZvt8rIv1qU2JO3R5fLSe%2B%2BWIFZyoZY4m1W2Zo2Q5gMCXtEGVIDVH2ysrCoZSMNheJCApc2yDjyaxsJLrVE%2B54Oc5EIFnHKNrDqFAa%2BOSA%3D&X-Amz-Signature=7bf8a2f0db9b16a6e8446ce6cbb5ea31990e4926d2cd80ad486e7bd6ba547775&X-Amz-SignedHeaders=host


	at io.cucumber.core.plugin.MessageFormatter.writeMessage(MessageFormatter.java:32)
	at io.cucumber.core.eventbus.AbstractEventPublisher.send(AbstractEventPublisher.java:51)
	at io.cucumber.core.eventbus.AbstractEventBus.send(AbstractEventBus.java:12)
	at io.cucumber.core.runtime.SynchronizedEventBus.send(SynchronizedEventBus.java:47)
	at io.cucumber.core.runtime.CucumberExecutionContext.emitTestRunFinished(CucumberExecutionContext.java:125)
	at io.cucumber.core.runtime.CucumberExecutionContext.finishTestRun(CucumberExecutionContext.java:105)
	at io.cucumber.testng.TestNGCucumberRunner.finish(TestNGCucumberRunner.java:145)
	at io.cucumber.testng.AbstractTestNGCucumberTests.tearDownClass(AbstractTestNGCucumberTests.java:57)
	at java.base/jdk.internal.reflect.DirectMethodHandleAccessor.invoke(DirectMethodHandleAccessor.java:103)
	at java.base/java.lang.reflect.Method.invoke(Method.java:580)
	at org.testng.internal.MethodInvocationHelper.invokeMethod(MethodInvocationHelper.java:86)
	at org.testng.internal.Invoker.invokeConfigurationMethod(Invoker.java:514)
	at org.testng.internal.Invoker.invokeConfigurations(Invoker.java:215)
	at org.testng.internal.Invoker.invokeConfigurations(Invoker.java:142)
	at org.testng.internal.TestMethodWorker.invokeAfterClassMethods(TestMethodWorker.java:232)
	at org.testng.internal.TestMethodWorker.run(TestMethodWorker.java:115)
	at org.testng.TestRunner.privateRun(TestRunner.java:782)
	at org.testng.TestRunner.run(TestRunner.java:632)
	at org.testng.SuiteRunner.runTest(SuiteRunner.java:366)
	at org.testng.SuiteRunner.runSequentially(SuiteRunner.java:361)
	at org.testng.SuiteRunner.privateRun(SuiteRunner.java:319)
	at org.testng.SuiteRunner.run(SuiteRunner.java:268)
	at org.testng.SuiteRunnerWorker.runSuite(SuiteRunnerWorker.java:52)
	at org.testng.SuiteRunnerWorker.run(SuiteRunnerWorker.java:86)
	at org.testng.TestNG.runSuitesSequentially(TestNG.java:1244)
	at org.testng.TestNG.runSuitesLocally(TestNG.java:1169)
	at org.testng.TestNG.run(TestNG.java:1064)
	at org.testng.remote.AbstractRemoteTestNG.run(AbstractRemoteTestNG.java:115)
	at org.testng.remote.RemoteTestNG.initAndRun(RemoteTestNG.java:293)
	at org.testng.remote.RemoteTestNG.main(RemoteTestNG.java:91)
Caused by: java.io.IOException: HTTP request failed:
> PUT https://cucumber-messages-app-s3bucket-61aropwgu4ox.s3.eu-west-3.amazonaws.com/reports/51d980d5-befb-438d-a9e1-ee5c15cf1cc2?X-Amz-Algorithm=AWS4-HMAC-SHA256&X-Amz-Credential=ASIAWE4HTFKNW2AFNHPJ%2F20241230%2Feu-west-3%2Fs3%2Faws4_request&X-Amz-Date=20241230T070657Z&X-Amz-Expires=900&X-Amz-Security-Token=IQoJb3JpZ2luX2VjEK%2F%2F%2F%2F%2F%2F%2F%2F%2F%2F%2FwEaCWV1LXdlc3QtMyJHMEUCIQCOLz7OQ1LTLfsaKbF0uktFLTD3jmh1vj09WoqDpN0zbAIgZNQTGKpB64mmhxYJuaVhpZ9na4%2FMFBlN9jk1FSDDX58qxgMIiP%2F%2F%2F%2F%2F%2F%2F%2F%2F%2FARADGgw0MjI4MDE3NzkzNTUiDKs2IdGEOJAb7WhoByqaA9Z6vlZLiTs%2FqN%2BANS8hoqQfyTPsgpafRYLKzYg9bPdRtfL2rqk4Ej4Kl9Lo6oWV7LaJ38AzTMlCbVKh6u%2BrKkKuXxuzM9wHJPL965FYYnUv93SyhToEwyPnoN4QzzT8lxbrsUtNbJv3f9%2FyddB18TxpOTWtmMBRvIvUGC%2BcITkzto8PoUqF6BZLRw8oRMcOBy3p3uCOG5ys3kIvua%2B1AFgj34GZJNGm9IIhynbzCWdF60jLpn9IQq7Lx2rlMPOySSX6FvxszBRIx5Q7yxDNqVtf0CVotAzQzQ6Pr3HkkVpA1rQ%2BY9TgbDn2xmU7O09E20OkXvuhM7cQSn2s2fBGK84RBwPu4WAiRjGL1yCm5j6%2F6tF6mRIOUiKS8G4ZH0udmItX96pdPZK%2FscP9%2BvdDcxf5vxcMU6NmqHZF4jr%2B3oefex92MgAx6NCc5UpN5%2BJ01%2BXQzM0yRQNMUze%2B%2FNPMxWr9pcte0TCnLCT9fjpTIY99kUKQSGEqacII%2BftEu9H7XViZQatF0Ub7tCL6dmZP%2FL%2FLgP9PvoG8RIx1MJ%2BIybsGOp4B89xJghIPaUidL9dqJtdDjUhUANnkBELMI4C6IFtILWK4E0um3Nw5t10vWeuPu0la3HEyt65kvaTo0IR%2BiiliGRb8K4L35Qr0xPQvbysE1vZvt8rIv1qU2JO3R5fLSe%2B%2BWIFZyoZY4m1W2Zo2Q5gMCXtEGVIDVH2ysrCoZSMNheJCApc2yDjyaxsJLrVE%2B54Oc5EIFnHKNrDqFAa%2BOSA%3D&X-Amz-Signature=7bf8a2f0db9b16a6e8446ce6cbb5ea31990e4926d2cd80ad486e7bd6ba547775&X-Amz-SignedHeaders=host


	at io.cucumber.core.plugin.UrlOutputStream.createCurlLikeException(UrlOutputStream.java:150)
	at io.cucumber.core.plugin.UrlOutputStream.sendRequestBody(UrlOutputStream.java:116)
	at io.cucumber.core.plugin.UrlOutputStream.sendRequest(UrlOutputStream.java:94)
	at io.cucumber.core.plugin.UrlOutputStream.sendRequest(UrlOutputStream.java:90)
	at io.cucumber.core.plugin.UrlOutputStream.close(UrlOutputStream.java:65)
	at java.base/sun.nio.cs.StreamEncoder.implClose(StreamEncoder.java:413)
	at java.base/sun.nio.cs.StreamEncoder.lockedClose(StreamEncoder.java:231)
	at java.base/sun.nio.cs.StreamEncoder.close(StreamEncoder.java:222)
	at java.base/java.io.OutputStreamWriter.close(OutputStreamWriter.java:264)
	at io.cucumber.core.plugin.MessageFormatter.writeMessage(MessageFormatter.java:29)
	... 29 more
Caused by: java.net.UnknownHostException: cucumber-messages-app-s3bucket-61aropwgu4ox.s3.eu-west-3.amazonaws.com
	at java.base/sun.nio.ch.NioSocketImpl.connect(NioSocketImpl.java:567)
	at java.base/java.net.SocksSocketImpl.connect(SocksSocketImpl.java:327)
	at java.base/java.net.Socket.connect(Socket.java:752)
	at java.base/sun.security.ssl.SSLSocketImpl.connect(SSLSocketImpl.java:304)
	at java.base/sun.security.ssl.BaseSSLSocketImpl.connect(BaseSSLSocketImpl.java:181)
	at java.base/sun.net.NetworkClient.doConnect(NetworkClient.java:183)
	at java.base/sun.net.www.http.HttpClient.openServer(HttpClient.java:531)
	at java.base/sun.net.www.http.HttpClient.openServer(HttpClient.java:636)
	at java.base/sun.net.www.protocol.https.HttpsClient.<init>(HttpsClient.java:264)
	at java.base/sun.net.www.protocol.https.HttpsClient.New(HttpsClient.java:377)
	at java.base/sun.net.www.protocol.https.AbstractDelegateHttpsURLConnection.getNewHttpClient(AbstractDelegateHttpsURLConnection.java:193)
	at java.base/sun.net.www.protocol.http.HttpURLConnection.plainConnect0(HttpURLConnection.java:1288)
	at java.base/sun.net.www.protocol.http.HttpURLConnection.plainConnect(HttpURLConnection.java:1129)
	at java.base/sun.net.www.protocol.https.AbstractDelegateHttpsURLConnection.connect(AbstractDelegateHttpsURLConnection.java:179)
	at java.base/sun.net.www.protocol.http.HttpURLConnection.getOutputStream0(HttpURLConnection.java:1460)
	at java.base/sun.net.www.protocol.http.HttpURLConnection.getOutputStream(HttpURLConnection.java:1423)
	at java.base/sun.net.www.protocol.https.HttpsURLConnectionImpl.getOutputStream(HttpsURLConnectionImpl.java:219)
	at io.cucumber.core.plugin.UrlOutputStream.sendRequestBody(UrlOutputStream.java:111)
	... 37 more
]]>
            </full-stacktrace>
          </exception> <!-- java.lang.RuntimeException -->
          <reporter-output>
          </reporter-output>
        </test-method> <!-- tearDownClass -->
      </class> <!-- ExamCenterRunners.Create_Time_Slot_and_Enroll_the_ExamTakerRunner -->
    </test> <!-- Default test -->
  </suite> <!-- Default suite -->
</testng-results>
