<?xml version="1.0" encoding="UTF-8"?>
<testng-results ignored="0" total="1" passed="0" failed="1" skipped="0">
  <reporter-output>
  </reporter-output>
  <suite started-at="2025-01-13T16:16:11 IST" name="Default suite" finished-at="2025-01-13T16:20:38 IST" duration-ms="267564">
    <groups>
      <group name="cucumber">
        <method signature="AbstractTestNGCucumberTests.runScenario(io.cucumber.testng.PickleWrapper,io.cucumber.testng.FeatureWrapper)[pri:0, instance:LearningTreeRunner.StudentActivitySubmission_Runner@2a693f59]" name="runScenario" class="io.cucumber.testng.AbstractTestNGCucumberTests"/>
      </group> <!-- cucumber -->
    </groups>
    <test started-at="2025-01-13T16:16:11 IST" name="Default test" finished-at="2025-01-13T16:20:38 IST" duration-ms="267564">
      <class name="LearningTreeRunner.StudentActivitySubmission_Runner">
        <test-method is-config="true" signature="setUpClass(org.testng.ITestContext)[pri:0, instance:LearningTreeRunner.StudentActivitySubmission_Runner@2a693f59]" started-at="2025-01-13T16:16:11 IST" name="setUpClass" finished-at="2025-01-13T16:16:13 IST" duration-ms="2336" status="PASS">
          <params>
            <param index="0">
              <value>
                <![CDATA[org.testng.TestRunner@3fc2a1d1]]>
              </value>
            </param>
          </params>
          <reporter-output>
          </reporter-output>
        </test-method> <!-- setUpClass -->
        <test-method is-config="true" signature="beforeClass()[pri:0, instance:LearningTreeRunner.StudentActivitySubmission_Runner@2a693f59]" started-at="2025-01-13T16:16:13 IST" name="beforeClass" finished-at="2025-01-13T16:16:13 IST" duration-ms="1" status="PASS">
          <reporter-output>
          </reporter-output>
        </test-method> <!-- beforeClass -->
        <test-method signature="runScenario(io.cucumber.testng.PickleWrapper,io.cucumber.testng.FeatureWrapper)[pri:0, instance:LearningTreeRunner.StudentActivitySubmission_Runner@2a693f59]" started-at="2025-01-13T16:16:13 IST" name="runScenario" description="Runs Cucumber Scenarios" data-provider="scenarios" finished-at="2025-01-13T16:20:31 IST" duration-ms="258095" status="FAIL">
          <params>
            <param index="0">
              <value>
                <![CDATA["Student Activities Submission"]]>
              </value>
            </param>
            <param index="1">
              <value>
                <![CDATA["Verify the Student Activities Submission"]]>
              </value>
            </param>
          </params>
          <exception class="org.openqa.selenium.NoSuchElementException">
            <message>
              <![CDATA[no such element: Unable to locate element: {"method":"xpath","selector":"//mat-toolbar[@id='appHeader']/child::div[@fxlayoutalign='space-between']/child::div"}
  (Session info: chrome=131.0.6778.206)
For documentation on this error, please visit: https://www.selenium.dev/documentation/webdriver/troubleshooting/errors#no-such-element-exception
Build info: version: '4.18.1', revision: 'b1d3319b48'
System info: os.name: 'Windows 11', os.arch: 'amd64', os.version: '10.0', java.version: '17.0.11'
Driver info: org.openqa.selenium.chrome.ChromeDriver
Command: [14b567486a529b489a7dfb9950ced1cc, findElement {using=xpath, value=//mat-toolbar[@id='appHeader']/child::div[@fxlayoutalign='space-between']/child::div}]
Capabilities {acceptInsecureCerts: false, browserName: chrome, browserVersion: 131.0.6778.206, chrome: {chromedriverVersion: 131.0.6778.264 (2d05e315153..., userDataDir: C:\Users\RAVALI~1\AppData\L...}, fedcm:accounts: true, goog:chromeOptions: {debuggerAddress: localhost:56702}, networkConnectionEnabled: false, pageLoadStrategy: normal, platformName: windows, proxy: Proxy(), se:cdp: ws://localhost:56702/devtoo..., se:cdpVersion: 131.0.6778.206, setWindowRect: true, strictFileInteractability: false, timeouts: {implicit: 0, pageLoad: 300000, script: 30000}, unhandledPromptBehavior: dismiss and notify, webauthn:extension:credBlob: true, webauthn:extension:largeBlob: true, webauthn:extension:minPinLength: true, webauthn:extension:prf: true, webauthn:virtualAuthenticators: true}
Session ID: 14b567486a529b489a7dfb9950ced1cc]]>
            </message>
            <full-stacktrace>
              <![CDATA[org.openqa.selenium.NoSuchElementException: no such element: Unable to locate element: {"method":"xpath","selector":"//mat-toolbar[@id='appHeader']/child::div[@fxlayoutalign='space-between']/child::div"}
  (Session info: chrome=131.0.6778.206)
For documentation on this error, please visit: https://www.selenium.dev/documentation/webdriver/troubleshooting/errors#no-such-element-exception
Build info: version: '4.18.1', revision: 'b1d3319b48'
System info: os.name: 'Windows 11', os.arch: 'amd64', os.version: '10.0', java.version: '17.0.11'
Driver info: org.openqa.selenium.chrome.ChromeDriver
Command: [14b567486a529b489a7dfb9950ced1cc, findElement {using=xpath, value=//mat-toolbar[@id='appHeader']/child::div[@fxlayoutalign='space-between']/child::div}]
Capabilities {acceptInsecureCerts: false, browserName: chrome, browserVersion: 131.0.6778.206, chrome: {chromedriverVersion: 131.0.6778.264 (2d05e315153..., userDataDir: C:\Users\RAVALI~1\AppData\L...}, fedcm:accounts: true, goog:chromeOptions: {debuggerAddress: localhost:56702}, networkConnectionEnabled: false, pageLoadStrategy: normal, platformName: windows, proxy: Proxy(), se:cdp: ws://localhost:56702/devtoo..., se:cdpVersion: 131.0.6778.206, setWindowRect: true, strictFileInteractability: false, timeouts: {implicit: 0, pageLoad: 300000, script: 30000}, unhandledPromptBehavior: dismiss and notify, webauthn:extension:credBlob: true, webauthn:extension:largeBlob: true, webauthn:extension:minPinLength: true, webauthn:extension:prf: true, webauthn:virtualAuthenticators: true}
Session ID: 14b567486a529b489a7dfb9950ced1cc
at java.base/jdk.internal.reflect.NativeConstructorAccessorImpl.newInstance0(Native Method)
at java.base/jdk.internal.reflect.NativeConstructorAccessorImpl.newInstance(NativeConstructorAccessorImpl.java:77)
at java.base/jdk.internal.reflect.DelegatingConstructorAccessorImpl.newInstance(DelegatingConstructorAccessorImpl.java:45)
at java.base/java.lang.reflect.Constructor.newInstanceWithCaller(Constructor.java:499)
at java.base/java.lang.reflect.Constructor.newInstance(Constructor.java:480)
at org.openqa.selenium.remote.ErrorCodec.decode(ErrorCodec.java:167)
at org.openqa.selenium.remote.codec.w3c.W3CHttpResponseCodec.decode(W3CHttpResponseCodec.java:138)
at org.openqa.selenium.remote.codec.w3c.W3CHttpResponseCodec.decode(W3CHttpResponseCodec.java:50)
at org.openqa.selenium.remote.HttpCommandExecutor.execute(HttpCommandExecutor.java:190)
at org.openqa.selenium.remote.service.DriverCommandExecutor.invokeExecute(DriverCommandExecutor.java:216)
at org.openqa.selenium.remote.service.DriverCommandExecutor.execute(DriverCommandExecutor.java:174)
at org.openqa.selenium.remote.RemoteWebDriver.execute(RemoteWebDriver.java:519)
at org.openqa.selenium.remote.ElementLocation$ElementFinder$2.findElement(ElementLocation.java:165)
at org.openqa.selenium.remote.ElementLocation.findElement(ElementLocation.java:59)
at org.openqa.selenium.remote.RemoteWebDriver.findElement(RemoteWebDriver.java:356)
at org.openqa.selenium.remote.RemoteWebDriver.findElement(RemoteWebDriver.java:350)
at com.LearningTree.pages.Student_Activity_Submit_pages.performActivities(Student_Activity_Submit_pages.java:176)
at LearningTreeStepdef.Student_Activity_submission_Stepdef.user_click_on_launch_button_for_the_all_activities(Student_Activity_submission_Stepdef.java:74)
at ✽.User Click on Launch button for the All Activities(file:///C:/Users/RavaliManthena/eclipse-workspace/Learning_tree_Automation/src/test/resources/LearningTreeFeatures/Student_Activitys_Submission.feature:12)
]]>
            </full-stacktrace>
          </exception> <!-- org.openqa.selenium.NoSuchElementException -->
          <reporter-output>
          </reporter-output>
        </test-method> <!-- runScenario -->
        <test-method is-config="true" signature="afterClass()[pri:0, instance:LearningTreeRunner.StudentActivitySubmission_Runner@2a693f59]" started-at="2025-01-13T16:20:31 IST" name="afterClass" finished-at="2025-01-13T16:20:31 IST" duration-ms="7" status="PASS">
          <reporter-output>
          </reporter-output>
        </test-method> <!-- afterClass -->
        <test-method is-config="true" signature="tearDownClass()[pri:0, instance:LearningTreeRunner.StudentActivitySubmission_Runner@2a693f59]" started-at="2025-01-13T16:20:31 IST" name="tearDownClass" finished-at="2025-01-13T16:20:38 IST" duration-ms="6993" status="FAIL">
          <exception class="java.lang.AbstractMethodError">
            <message>
              <![CDATA[Receiver class org.apache.poi.xssf.usermodel.XSSFColor does not define or inherit an implementation of the resolved method 'abstract byte[] getStoredRGB()' of abstract class org.apache.poi.ss.usermodel.ExtendedColor.]]>
            </message>
            <full-stacktrace>
              <![CDATA[java.lang.AbstractMethodError: Receiver class org.apache.poi.xssf.usermodel.XSSFColor does not define or inherit an implementation of the resolved method 'abstract byte[] getStoredRGB()' of abstract class org.apache.poi.ss.usermodel.ExtendedColor.
at org.apache.poi.ss.usermodel.ExtendedColor.getRGBOrARGB(ExtendedColor.java:100)
at org.apache.poi.xssf.usermodel.XSSFColor.getRGB(XSSFColor.java:189)
at org.apache.poi.xssf.usermodel.XSSFFont.setColor(XSSFFont.java:421)
at tech.grasshopper.excel.report.cell.CellStyles.lambda$failTextColorCellStyle$32(CellStyles.java:198)
at tech.grasshopper.excel.report.cell.CellStyles.setFont(CellStyles.java:212)
at tech.grasshopper.excel.report.cell.CellStyles.lambda$failTextColorCellStyle$33(CellStyles.java:197)
at java.base/java.util.HashMap.computeIfAbsent(HashMap.java:1220)
at tech.grasshopper.excel.report.cell.CellStyles.failTextColorCellStyle(CellStyles.java:197)
at tech.grasshopper.excel.report.cell.CellStyles.getCellStyle(CellStyles.java:99)
at tech.grasshopper.excel.report.cell.CellOperations.writeValue(CellOperations.java:48)
at tech.grasshopper.excel.report.table.FeatureScenarioFailSkipTable.writeTableValues(FeatureScenarioFailSkipTable.java:53)
at tech.grasshopper.excel.report.sheets.dashboard.components.FeatureScenarioFailSkipDBComponent.updateDBScenarioFeatureFailSkipTableData(FeatureScenarioFailSkipDBComponent.java:176)
at tech.grasshopper.excel.report.sheets.dashboard.components.FeatureScenarioFailSkipDBComponent.createComponent(FeatureScenarioFailSkipDBComponent.java:57)
at tech.grasshopper.excel.report.sheets.dashboard.DashboardBasicAndFailSkipSheet.updateSheet(DashboardBasicAndFailSkipSheet.java:21)
at tech.grasshopper.excel.report.workbook.ExecutionAndFailSkipDataReport.updateSheets(ExecutionAndFailSkipDataReport.java:19)
at tech.grasshopper.excel.report.workbook.ReportWorkbook.createReport(ReportWorkbook.java:46)
at tech.grasshopper.reporter.ExtentExcelCucumberReporter.flush(ExtentExcelCucumberReporter.java:70)
at tech.grasshopper.reporter.ExtentExcelCucumberReporter.access$100(ExtentExcelCucumberReporter.java:18)
at tech.grasshopper.reporter.ExtentExcelCucumberReporter$1.onNext(ExtentExcelCucumberReporter.java:45)
at tech.grasshopper.reporter.ExtentExcelCucumberReporter$1.onNext(ExtentExcelCucumberReporter.java:37)
at io.reactivex.rxjava3.subjects.PublishSubject$PublishDisposable.onNext(PublishSubject.java:310)
at io.reactivex.rxjava3.subjects.PublishSubject.onNext(PublishSubject.java:226)
at com.aventstack.extentreports.ReactiveSubject.onFlush(ReactiveSubject.java:83)
at com.aventstack.extentreports.AbstractProcessor.onFlush(AbstractProcessor.java:96)
at com.aventstack.extentreports.ExtentReports.flush(ExtentReports.java:279)
at com.aventstack.extentreports.service.ExtentService.flush(ExtentService.java:47)
at com.aventstack.extentreports.cucumber.adapter.ExtentCucumberAdapter.finishReport(ExtentCucumberAdapter.java:301)
at com.aventstack.extentreports.cucumber.adapter.ExtentCucumberAdapter$8.receive(ExtentCucumberAdapter.java:137)
at com.aventstack.extentreports.cucumber.adapter.ExtentCucumberAdapter$8.receive(ExtentCucumberAdapter.java:134)
at io.cucumber.core.eventbus.AbstractEventPublisher.send(AbstractEventPublisher.java:51)
at io.cucumber.core.eventbus.AbstractEventBus.send(AbstractEventBus.java:12)
at io.cucumber.core.runtime.SynchronizedEventBus.send(SynchronizedEventBus.java:47)
at io.cucumber.core.runtime.CucumberExecutionContext.emitTestRunFinished(CucumberExecutionContext.java:118)
at io.cucumber.core.runtime.CucumberExecutionContext.finishTestRun(CucumberExecutionContext.java:105)
at io.cucumber.testng.TestNGCucumberRunner.finish(TestNGCucumberRunner.java:145)
at io.cucumber.testng.AbstractTestNGCucumberTests.tearDownClass(AbstractTestNGCucumberTests.java:57)
at java.base/jdk.internal.reflect.NativeMethodAccessorImpl.invoke0(Native Method)
at java.base/jdk.internal.reflect.NativeMethodAccessorImpl.invoke(NativeMethodAccessorImpl.java:77)
at java.base/jdk.internal.reflect.DelegatingMethodAccessorImpl.invoke(DelegatingMethodAccessorImpl.java:43)
at java.base/java.lang.reflect.Method.invoke(Method.java:568)
at org.testng.internal.invokers.MethodInvocationHelper.invokeMethod(MethodInvocationHelper.java:139)
at org.testng.internal.invokers.MethodInvocationHelper.invokeMethodConsideringTimeout(MethodInvocationHelper.java:69)
at org.testng.internal.invokers.ConfigInvoker.invokeConfigurationMethod(ConfigInvoker.java:361)
at org.testng.internal.invokers.ConfigInvoker.invokeConfigurations(ConfigInvoker.java:296)
at org.testng.internal.invokers.TestMethodWorker.invokeAfterClassMethods(TestMethodWorker.java:222)
at org.testng.internal.invokers.TestMethodWorker.run(TestMethodWorker.java:131)
at java.base/java.util.ArrayList.forEach(ArrayList.java:1511)
at org.testng.TestRunner.privateRun(TestRunner.java:829)
at org.testng.TestRunner.run(TestRunner.java:602)
at org.testng.SuiteRunner.runTest(SuiteRunner.java:437)
at org.testng.SuiteRunner.runSequentially(SuiteRunner.java:431)
at org.testng.SuiteRunner.privateRun(SuiteRunner.java:391)
at org.testng.SuiteRunner.run(SuiteRunner.java:330)
at org.testng.SuiteRunnerWorker.runSuite(SuiteRunnerWorker.java:52)
at org.testng.SuiteRunnerWorker.run(SuiteRunnerWorker.java:95)
at org.testng.TestNG.runSuitesSequentially(TestNG.java:1256)
at org.testng.TestNG.runSuitesLocally(TestNG.java:1176)
at org.testng.TestNG.runSuites(TestNG.java:1099)
at org.testng.TestNG.run(TestNG.java:1067)
at org.testng.remote.AbstractRemoteTestNG.run(AbstractRemoteTestNG.java:115)
at org.testng.remote.RemoteTestNG.initAndRun(RemoteTestNG.java:293)
at org.testng.remote.RemoteTestNG.main(RemoteTestNG.java:91)
]]>
            </full-stacktrace>
          </exception> <!-- java.lang.AbstractMethodError -->
          <reporter-output>
          </reporter-output>
        </test-method> <!-- tearDownClass -->
      </class> <!-- LearningTreeRunner.StudentActivitySubmission_Runner -->
    </test> <!-- Default test -->
  </suite> <!-- Default suite -->
</testng-results>
