<?xml version="1.0" encoding="UTF-8"?>
<testng-results total="1" passed="0" failed="1" skipped="0">
  <reporter-output>
  </reporter-output>
  <suite started-at="2025-01-21T06:07:35Z" name="Default suite" finished-at="2025-01-21T06:08:43Z" duration-ms="67338">
    <groups>
      <group name="cucumber">
        <method signature="AbstractTestNGCucumberTests.runScenario(io.cucumber.testng.PickleWrapper, io.cucumber.testng.FeatureWrapper)[pri:0, instance:PortfolioCenterRunner.PortfolioCenterCourseRunner@63787180]" name="runScenario" class="io.cucumber.testng.AbstractTestNGCucumberTests"/>
      </group> <!-- cucumber -->
    </groups>
    <test started-at="2025-01-21T06:07:35Z" name="Default test" finished-at="2025-01-21T06:08:43Z" duration-ms="67338">
      <class name="PortfolioCenterRunner.PortfolioCenterCourseRunner">
        <test-method is-config="true" signature="setUpClass(org.testng.ITestContext)[pri:0, instance:PortfolioCenterRunner.PortfolioCenterCourseRunner@63787180]" started-at="2025-01-21T11:37:35Z" name="setUpClass" finished-at="2025-01-21T11:37:37Z" duration-ms="1027" status="PASS">
          <params>
            <param index="0">
              <value>
                <![CDATA[org.testng.TestRunner@279e1422]]>
              </value>
            </param>
          </params>
          <reporter-output>
          </reporter-output>
        </test-method> <!-- setUpClass -->
        <test-method is-config="true" signature="beforeClass()[pri:0, instance:PortfolioCenterRunner.PortfolioCenterCourseRunner@63787180]" started-at="2025-01-21T11:37:37Z" name="beforeClass" finished-at="2025-01-21T11:37:37Z" duration-ms="5" status="PASS">
          <reporter-output>
          </reporter-output>
        </test-method> <!-- beforeClass -->
        <test-method signature="runScenario(io.cucumber.testng.PickleWrapper, io.cucumber.testng.FeatureWrapper)[pri:0, instance:PortfolioCenterRunner.PortfolioCenterCourseRunner@63787180]" started-at="2025-01-21T11:37:37Z" name="runScenario" description="Runs Cucumber Scenarios" data-provider="scenarios" finished-at="2025-01-21T11:38:38Z" duration-ms="61462" status="FAIL">
          <params>
            <param index="0">
              <value>
                <![CDATA["Verifying the Portfolio Course Creation Functionality"]]>
              </value>
            </param>
            <param index="1">
              <value>
                <![CDATA["Checking the Portfolio Center Course Functionality"]]>
              </value>
            </param>
          </params>
          <exception class="java.lang.RuntimeException">
            <message>
              <![CDATA[Failed to search and click on course name after 3 attempts.]]>
            </message>
            <full-stacktrace>
              <![CDATA[java.lang.RuntimeException: Failed to search and click on course name after 3 attempts.
	at com.PortfolioCenter.pages.PortfolioCenterCoursePages.retrySearchForCourseName(PortfolioCenterCoursePages.java:198)
	at com.PortfolioCenter.pages.PortfolioCenterCoursePages.the_user_searches_for_the_specific_course_and_clicks_on_it(PortfolioCenterCoursePages.java:167)
	at PortfolioCenterStepdef.PortfolioCenterCourseStepdef.the_user_searches_for_the_specific_course_and_clicks_on_it(PortfolioCenterCourseStepdef.java:35)
	at ✽.the user searches for the specific course and clicks on it 0(file:///D:/Focalpoint%20Automation/FPK12AutomationProject/src/test/resources/PortfolioCenterFeatures/PortfolioCenterCourse.feature:11)
]]>
            </full-stacktrace>
          </exception> <!-- java.lang.RuntimeException -->
          <reporter-output>
          </reporter-output>
        </test-method> <!-- runScenario -->
        <test-method is-config="true" signature="afterClass()[pri:0, instance:PortfolioCenterRunner.PortfolioCenterCourseRunner@63787180]" started-at="2025-01-21T11:38:38Z" name="afterClass" finished-at="2025-01-21T11:38:38Z" duration-ms="0" status="PASS">
          <reporter-output>
          </reporter-output>
        </test-method> <!-- afterClass -->
        <test-method is-config="true" signature="tearDownClass()[pri:0, instance:PortfolioCenterRunner.PortfolioCenterCourseRunner@63787180]" started-at="2025-01-21T11:38:38Z" name="tearDownClass" finished-at="2025-01-21T11:38:43Z" duration-ms="4828" status="PASS">
          <reporter-output>
          </reporter-output>
        </test-method> <!-- tearDownClass -->
      </class> <!-- PortfolioCenterRunner.PortfolioCenterCourseRunner -->
    </test> <!-- Default test -->
  </suite> <!-- Default suite -->
</testng-results>
