<?xml version="1.0" encoding="UTF-8"?>
<testng-results total="1" passed="1" failed="0" skipped="0">
  <reporter-output>
  </reporter-output>
  <suite started-at="2025-02-03T11:31:47Z" name="Default suite" finished-at="2025-02-03T11:32:48Z" duration-ms="61350">
    <groups>
      <group name="cucumber">
        <method signature="AbstractTestNGCucumberTests.runScenario(io.cucumber.testng.PickleWrapper, io.cucumber.testng.FeatureWrapper)[pri:0, instance:AssessmentsRunner.BenchmarksRunner@42039326]" name="runScenario" class="io.cucumber.testng.AbstractTestNGCucumberTests"/>
      </group> <!-- cucumber -->
    </groups>
    <test started-at="2025-02-03T11:31:47Z" name="Default test" finished-at="2025-02-03T11:32:48Z" duration-ms="61350">
      <class name="AssessmentsRunner.BenchmarksRunner">
        <test-method is-config="true" signature="setUpClass(org.testng.ITestContext)[pri:0, instance:AssessmentsRunner.BenchmarksRunner@42039326]" started-at="2025-02-03T17:01:47Z" name="setUpClass" finished-at="2025-02-03T17:01:48Z" duration-ms="999" status="PASS">
          <params>
            <param index="0">
              <value>
                <![CDATA[org.testng.TestRunner@614cbec4]]>
              </value>
            </param>
          </params>
          <reporter-output>
          </reporter-output>
        </test-method> <!-- setUpClass -->
        <test-method is-config="true" signature="beforeClass()[pri:0, instance:AssessmentsRunner.BenchmarksRunner@42039326]" started-at="2025-02-03T17:01:48Z" name="beforeClass" finished-at="2025-02-03T17:01:48Z" duration-ms="2" status="PASS">
          <reporter-output>
          </reporter-output>
        </test-method> <!-- beforeClass -->
        <test-method signature="runScenario(io.cucumber.testng.PickleWrapper, io.cucumber.testng.FeatureWrapper)[pri:0, instance:AssessmentsRunner.BenchmarksRunner@42039326]" started-at="2025-02-03T17:01:48Z" name="runScenario" description="Runs Cucumber Scenarios" data-provider="scenarios" finished-at="2025-02-03T17:02:46Z" duration-ms="58124" status="PASS">
          <params>
            <param index="0">
              <value>
                <![CDATA["Activating Benchmark Through Test Administration"]]>
              </value>
            </param>
            <param index="1">
              <value>
                <![CDATA["Verify the Benchmarks functionality"]]>
              </value>
            </param>
          </params>
          <reporter-output>
          </reporter-output>
        </test-method> <!-- runScenario -->
        <test-method is-config="true" signature="afterClass()[pri:0, instance:AssessmentsRunner.BenchmarksRunner@42039326]" started-at="2025-02-03T17:02:46Z" name="afterClass" finished-at="2025-02-03T17:02:46Z" duration-ms="6" status="PASS">
          <reporter-output>
          </reporter-output>
        </test-method> <!-- afterClass -->
        <test-method is-config="true" signature="tearDownClass()[pri:0, instance:AssessmentsRunner.BenchmarksRunner@42039326]" started-at="2025-02-03T17:02:46Z" name="tearDownClass" finished-at="2025-02-03T17:02:48Z" duration-ms="2206" status="PASS">
          <reporter-output>
          </reporter-output>
        </test-method> <!-- tearDownClass -->
      </class> <!-- AssessmentsRunner.BenchmarksRunner -->
    </test> <!-- Default test -->
  </suite> <!-- Default suite -->
</testng-results>
