<?xml version="1.0" encoding="UTF-8"?>
<testng-results ignored="0" total="1" passed="0" failed="1" skipped="0">
  <reporter-output>
  </reporter-output>
  <suite started-at="2023-12-27T12:16:31 IST" name="Default suite" finished-at="2023-12-27T12:16:37 IST" duration-ms="6206">
    <groups>
      <group name="cucumber">
        <method signature="AbstractTestNGCucumberTests.runScenario(io.cucumber.testng.PickleWrapper,io.cucumber.testng.FeatureWrapper)[pri:0, instance:Runners.AssessmentSubmissionRunner@55de24cc]" name="runScenario" class="io.cucumber.testng.AbstractTestNGCucumberTests"/>
      </group> <!-- cucumber -->
    </groups>
    <test started-at="2023-12-27T12:16:31 IST" name="Default test" finished-at="2023-12-27T12:16:37 IST" duration-ms="6206">
      <class name="Runners.AssessmentSubmissionRunner">
        <test-method is-config="true" signature="setUpClass(org.testng.ITestContext)[pri:0, instance:Runners.AssessmentSubmissionRunner@55de24cc]" started-at="2023-12-27T12:16:31 IST" name="setUpClass" finished-at="2023-12-27T12:16:32 IST" duration-ms="516" status="PASS">
          <params>
            <param index="0">
              <value>
                <![CDATA[org.testng.TestRunner@75f65d54]]>
              </value>
            </param>
          </params>
          <reporter-output>
          </reporter-output>
        </test-method> <!-- setUpClass -->
        <test-method is-config="true" signature="beforeClass()[pri:0, instance:Runners.AssessmentSubmissionRunner@55de24cc]" started-at="2023-12-27T12:16:32 IST" name="beforeClass" finished-at="2023-12-27T12:16:32 IST" duration-ms="0" status="PASS">
          <reporter-output>
          </reporter-output>
        </test-method> <!-- beforeClass -->
        <test-method signature="runScenario(io.cucumber.testng.PickleWrapper,io.cucumber.testng.FeatureWrapper)[pri:0, instance:Runners.AssessmentSubmissionRunner@55de24cc]" started-at="2023-12-27T12:16:32 IST" name="runScenario" description="Runs Cucumber Scenarios" data-provider="scenarios" finished-at="2023-12-27T12:16:35 IST" duration-ms="3458" status="FAIL">
          <params>
            <param index="0">
              <value>
                <![CDATA["Checking the Examcenter Examtaker Assessment Submission Functionality"]]>
              </value>
            </param>
            <param index="1">
              <value>
                <![CDATA["Checking the Examtaker Assessment Submission"]]>
              </value>
            </param>
          </params>
          <exception class="java.lang.NullPointerException">
            <message>
              <![CDATA[Cannot invoke "org.apache.poi.ss.usermodel.Sheet.getPhysicalNumberOfRows()" because "sheet" is null]]>
            </message>
            <full-stacktrace>
              <![CDATA[java.lang.NullPointerException: Cannot invoke "org.apache.poi.ss.usermodel.Sheet.getPhysicalNumberOfRows()" because "sheet" is null
at Com.Examcenter.Utils.ExcelReader.readSheet(ExcelReader.java:51)
at Com.Examcenter.Utils.ExcelReader.getData(ExcelReader.java:24)
at StepDefinitions.AssessmentSubmission.login_with_examtaker_credentials_from_excel_sheet(AssessmentSubmission.java:34)
at ✽.Login with Examtaker credentials from excel sheet 2(file:///E:/Automation%20EC/Examcenter_AutomationFramework/src/test/resources/Features/ExamtakerSubmission.feature:5)
]]>
            </full-stacktrace>
          </exception> <!-- java.lang.NullPointerException -->
          <reporter-output>
          </reporter-output>
        </test-method> <!-- runScenario -->
        <test-method is-config="true" signature="tearDownClass()[pri:0, instance:Runners.AssessmentSubmissionRunner@55de24cc]" started-at="2023-12-27T12:16:35 IST" name="tearDownClass" finished-at="2023-12-27T12:16:37 IST" duration-ms="2187" status="PASS">
          <reporter-output>
          </reporter-output>
        </test-method> <!-- tearDownClass -->
        <test-method is-config="true" signature="afterClass()[pri:0, instance:Runners.AssessmentSubmissionRunner@55de24cc]" started-at="2023-12-27T12:16:35 IST" name="afterClass" finished-at="2023-12-27T12:16:35 IST" duration-ms="0" status="PASS">
          <reporter-output>
          </reporter-output>
        </test-method> <!-- afterClass -->
      </class> <!-- Runners.AssessmentSubmissionRunner -->
    </test> <!-- Default test -->
  </suite> <!-- Default suite -->
</testng-results>
