<?xml version="1.0" encoding="UTF-8"?>
<testng-results total="1" passed="0" failed="1" skipped="0">
  <reporter-output>
  </reporter-output>
  <suite started-at="2024-02-16T05:16:37Z" name="Default suite" finished-at="2024-02-16T05:17:38Z" duration-ms="60569">
    <groups>
      <group name="cucumber">
        <method signature="AbstractTestNGCucumberTests.runScenario(io.cucumber.testng.PickleWrapper, io.cucumber.testng.FeatureWrapper)[pri:0, instance:Runners.AssessmentSubmissionRunner@7a1234bf]" name="runScenario" class="io.cucumber.testng.AbstractTestNGCucumberTests"/>
      </group> <!-- cucumber -->
    </groups>
    <test started-at="2024-02-16T05:16:37Z" name="Default test" finished-at="2024-02-16T05:17:38Z" duration-ms="60569">
      <class name="Runners.AssessmentSubmissionRunner">
        <test-method is-config="true" signature="setUpClass(org.testng.ITestContext)[pri:0, instance:Runners.AssessmentSubmissionRunner@7a1234bf]" started-at="2024-02-16T10:46:37Z" name="setUpClass" finished-at="2024-02-16T10:46:38Z" duration-ms="1010" status="PASS">
          <params>
            <param index="0">
              <value>
                <![CDATA[org.testng.TestRunner@3e489ac1]]>
              </value>
            </param>
          </params>
          <reporter-output>
          </reporter-output>
        </test-method> <!-- setUpClass -->
        <test-method is-config="true" signature="beforeClass()[pri:0, instance:Runners.AssessmentSubmissionRunner@7a1234bf]" started-at="2024-02-16T10:46:38Z" name="beforeClass" finished-at="2024-02-16T10:46:38Z" duration-ms="1" status="PASS">
          <reporter-output>
          </reporter-output>
        </test-method> <!-- beforeClass -->
        <test-method signature="runScenario(io.cucumber.testng.PickleWrapper, io.cucumber.testng.FeatureWrapper)[pri:0, instance:Runners.AssessmentSubmissionRunner@7a1234bf]" started-at="2024-02-16T10:46:38Z" name="runScenario" description="Runs Cucumber Scenarios" data-provider="scenarios" finished-at="2024-02-16T10:47:35Z" duration-ms="56781" status="FAIL">
          <params>
            <param index="0">
              <value>
                <![CDATA["Checking the Examcenter Examtaker Assessment Submission Functionality"]]>
              </value>
            </param>
            <param index="1">
              <value>
                <![CDATA["Checking the Examtaker Assessment Submission"]]>
              </value>
            </param>
          </params>
          <exception class="org.openqa.selenium.NoSuchElementException">
            <message>
              <![CDATA[no such element: Unable to locate element: {"method":"xpath","selector":"//button[@aria-label='Begin Test']"}
  (Session info: edge-headless-shell=121.0.2277.112)
For documentation on this error, please visit: https://www.selenium.dev/documentation/webdriver/troubleshooting/errors#no-such-element-exception
Build info: version: '4.15.0', revision: '1d14b5521b'
System info: os.name: 'Windows 10', os.arch: 'amd64', os.version: '10.0', java.version: '17.0.7'
Driver info: org.openqa.selenium.edge.EdgeDriver
Command: [2b31f382a92f9006eecf7fbfabeaf647, findElement {using=xpath, value=//button[@aria-label='Begin Test']}]
Capabilities {acceptInsecureCerts: false, browserName: edge-headless-shell, browserVersion: 121.0.2277.112, fedcm:accounts: true, ms:edgeOptions: {debuggerAddress: localhost:53692}, msedge: {msedgedriverVersion: 121.0.2277.128 (33d347b6876..., userDataDir: C:\Users\SAPPHI~1\AppData\L...}, networkConnectionEnabled: false, pageLoadStrategy: normal, platformName: windows, proxy: Proxy(), se:cdp: ws://localhost:53692/devtoo..., se:cdpVersion: 121.0.2277.112, setWindowRect: true, strictFileInteractability: false, timeouts: {implicit: 0, pageLoad: 300000, script: 30000}, unhandledPromptBehavior: dismiss and notify, webauthn:extension:credBlob: true, webauthn:extension:largeBlob: true, webauthn:extension:minPinLength: true, webauthn:extension:prf: true, webauthn:virtualAuthenticators: true}
Session ID: 2b31f382a92f9006eecf7fbfabeaf647]]>
            </message>
            <full-stacktrace>
              <![CDATA[org.openqa.selenium.NoSuchElementException: no such element: Unable to locate element: {"method":"xpath","selector":"//button[@aria-label='Begin Test']"}
  (Session info: edge-headless-shell=121.0.2277.112)
For documentation on this error, please visit: https://www.selenium.dev/documentation/webdriver/troubleshooting/errors#no-such-element-exception
Build info: version: '4.15.0', revision: '1d14b5521b'
System info: os.name: 'Windows 10', os.arch: 'amd64', os.version: '10.0', java.version: '17.0.7'
Driver info: org.openqa.selenium.edge.EdgeDriver
Command: [2b31f382a92f9006eecf7fbfabeaf647, findElement {using=xpath, value=//button[@aria-label='Begin Test']}]
Capabilities {acceptInsecureCerts: false, browserName: edge-headless-shell, browserVersion: 121.0.2277.112, fedcm:accounts: true, ms:edgeOptions: {debuggerAddress: localhost:53692}, msedge: {msedgedriverVersion: 121.0.2277.128 (33d347b6876..., userDataDir: C:\Users\SAPPHI~1\AppData\L...}, networkConnectionEnabled: false, pageLoadStrategy: normal, platformName: windows, proxy: Proxy(), se:cdp: ws://localhost:53692/devtoo..., se:cdpVersion: 121.0.2277.112, setWindowRect: true, strictFileInteractability: false, timeouts: {implicit: 0, pageLoad: 300000, script: 30000}, unhandledPromptBehavior: dismiss and notify, webauthn:extension:credBlob: true, webauthn:extension:largeBlob: true, webauthn:extension:minPinLength: true, webauthn:extension:prf: true, webauthn:virtualAuthenticators: true}
Session ID: 2b31f382a92f9006eecf7fbfabeaf647
	at java.base/jdk.internal.reflect.NativeConstructorAccessorImpl.newInstance0(Native Method)
	at java.base/jdk.internal.reflect.NativeConstructorAccessorImpl.newInstance(NativeConstructorAccessorImpl.java:77)
	at java.base/jdk.internal.reflect.DelegatingConstructorAccessorImpl.newInstance(DelegatingConstructorAccessorImpl.java:45)
	at java.base/java.lang.reflect.Constructor.newInstanceWithCaller(Constructor.java:499)
	at java.base/java.lang.reflect.Constructor.newInstance(Constructor.java:480)
	at org.openqa.selenium.remote.codec.w3c.W3CHttpResponseCodec.createException(W3CHttpResponseCodec.java:200)
	at org.openqa.selenium.remote.codec.w3c.W3CHttpResponseCodec.decode(W3CHttpResponseCodec.java:133)
	at org.openqa.selenium.remote.codec.w3c.W3CHttpResponseCodec.decode(W3CHttpResponseCodec.java:52)
	at org.openqa.selenium.remote.HttpCommandExecutor.execute(HttpCommandExecutor.java:191)
	at org.openqa.selenium.remote.service.DriverCommandExecutor.invokeExecute(DriverCommandExecutor.java:200)
	at org.openqa.selenium.remote.service.DriverCommandExecutor.execute(DriverCommandExecutor.java:175)
	at org.openqa.selenium.remote.RemoteWebDriver.execute(RemoteWebDriver.java:607)
	at org.openqa.selenium.remote.ElementLocation$ElementFinder$2.findElement(ElementLocation.java:165)
	at org.openqa.selenium.remote.ElementLocation.findElement(ElementLocation.java:59)
	at org.openqa.selenium.remote.RemoteWebDriver.findElement(RemoteWebDriver.java:364)
	at org.openqa.selenium.remote.RemoteWebDriver.findElement(RemoteWebDriver.java:358)
	at com.Examcenter.pages.ExamtakerSubmissionPage.begintest(ExamtakerSubmissionPage.java:59)
	at StepDefinitions.AssessmentSubmission.clicks_on_begin_test(AssessmentSubmission.java:25)
	at ✽.clicks on begin test(file:///E:/FocalPoint/FPK12-AUTOMATION-TEST-2.0/src/test/resources/Features/AssessmentSubmission.feature:10)
]]>
            </full-stacktrace>
          </exception> <!-- org.openqa.selenium.NoSuchElementException -->
          <reporter-output>
          </reporter-output>
        </test-method> <!-- runScenario -->
        <test-method is-config="true" signature="tearDownClass()[pri:0, instance:Runners.AssessmentSubmissionRunner@7a1234bf]" started-at="2024-02-16T10:47:35Z" name="tearDownClass" finished-at="2024-02-16T10:47:38Z" duration-ms="2758" status="PASS">
          <reporter-output>
          </reporter-output>
        </test-method> <!-- tearDownClass -->
        <test-method is-config="true" signature="afterClass()[pri:0, instance:Runners.AssessmentSubmissionRunner@7a1234bf]" started-at="2024-02-16T10:47:35Z" name="afterClass" finished-at="2024-02-16T10:47:35Z" duration-ms="0" status="PASS">
          <reporter-output>
          </reporter-output>
        </test-method> <!-- afterClass -->
      </class> <!-- Runners.AssessmentSubmissionRunner -->
    </test> <!-- Default test -->
  </suite> <!-- Default suite -->
</testng-results>
