<?xml version="1.0" encoding="UTF-8"?>
<testng-results ignored="0" total="1" passed="1" failed="0" skipped="0">
  <reporter-output>
  </reporter-output>
  <suite started-at="2024-11-01T16:04:45 IST" name="Default suite" finished-at="2024-11-01T16:06:07 IST" duration-ms="81134">
    <groups>
      <group name="cucumber">
        <method signature="AbstractTestNGCucumberTests.runScenario(io.cucumber.testng.PickleWrapper,io.cucumber.testng.FeatureWrapper)[pri:0, instance:AssessmentsRunner.Benchmark_TeacherRunner@4007f65e]" name="runScenario" class="io.cucumber.testng.AbstractTestNGCucumberTests"/>
      </group> <!-- cucumber -->
    </groups>
    <test started-at="2024-11-01T16:04:45 IST" name="Default test" finished-at="2024-11-01T16:06:07 IST" duration-ms="81134">
      <class name="AssessmentsRunner.Benchmark_TeacherRunner">
        <test-method is-config="true" signature="setUpClass(org.testng.ITestContext)[pri:0, instance:AssessmentsRunner.Benchmark_TeacherRunner@4007f65e]" started-at="2024-11-01T16:04:45 IST" name="setUpClass" finished-at="2024-11-01T16:04:46 IST" duration-ms="997" status="PASS">
          <params>
            <param index="0">
              <value>
                <![CDATA[org.testng.TestRunner@799971ac]]>
              </value>
            </param>
          </params>
          <reporter-output>
          </reporter-output>
        </test-method> <!-- setUpClass -->
        <test-method is-config="true" signature="beforeClass()[pri:0, instance:AssessmentsRunner.Benchmark_TeacherRunner@4007f65e]" started-at="2024-11-01T16:04:46 IST" name="beforeClass" finished-at="2024-11-01T16:04:46 IST" duration-ms="3" status="PASS">
          <reporter-output>
          </reporter-output>
        </test-method> <!-- beforeClass -->
        <test-method signature="runScenario(io.cucumber.testng.PickleWrapper,io.cucumber.testng.FeatureWrapper)[pri:0, instance:AssessmentsRunner.Benchmark_TeacherRunner@4007f65e]" started-at="2024-11-01T16:04:47 IST" name="runScenario" description="Runs Cucumber Scenarios" data-provider="scenarios" finished-at="2024-11-01T16:06:05 IST" duration-ms="78225" status="PASS">
          <params>
            <param index="0">
              <value>
                <![CDATA["Activating and Deactivating toggles against Benchmark names"]]>
              </value>
            </param>
            <param index="1">
              <value>
                <![CDATA["Verify the Benchmark Management process for Teacher"]]>
              </value>
            </param>
          </params>
          <reporter-output>
          </reporter-output>
        </test-method> <!-- runScenario -->
        <test-method is-config="true" signature="afterClass()[pri:0, instance:AssessmentsRunner.Benchmark_TeacherRunner@4007f65e]" started-at="2024-11-01T16:06:05 IST" name="afterClass" finished-at="2024-11-01T16:06:05 IST" duration-ms="0" status="PASS">
          <reporter-output>
          </reporter-output>
        </test-method> <!-- afterClass -->
        <test-method is-config="true" signature="tearDownClass()[pri:0, instance:AssessmentsRunner.Benchmark_TeacherRunner@4007f65e]" started-at="2024-11-01T16:06:05 IST" name="tearDownClass" finished-at="2024-11-01T16:06:07 IST" duration-ms="1864" status="PASS">
          <reporter-output>
          </reporter-output>
        </test-method> <!-- tearDownClass -->
      </class> <!-- AssessmentsRunner.Benchmark_TeacherRunner -->
    </test> <!-- Default test -->
  </suite> <!-- Default suite -->
</testng-results>
