<?xml version="1.0" encoding="UTF-8"?>
<testng-results ignored="0" total="1" passed="1" failed="0" skipped="0">
  <reporter-output>
  </reporter-output>
  <suite started-at="2025-01-28T16:13:02 IST" name="Default suite" finished-at="2025-01-28T16:13:41 IST" duration-ms="39211">
    <groups>
      <group name="cucumber">
        <method signature="AbstractTestNGCucumberTests.runScenario(io.cucumber.testng.PickleWrapper,io.cucumber.testng.FeatureWrapper)[pri:0, instance:LearningTreeRunner.ReportcardRunner@624ea235]" name="runScenario" class="io.cucumber.testng.AbstractTestNGCucumberTests"/>
      </group> <!-- cucumber -->
    </groups>
    <test started-at="2025-01-28T16:13:02 IST" name="Default test" finished-at="2025-01-28T16:13:41 IST" duration-ms="39211">
      <class name="LearningTreeRunner.ReportcardRunner">
        <test-method is-config="true" signature="setUpClass(org.testng.ITestContext)[pri:0, instance:LearningTreeRunner.ReportcardRunner@624ea235]" started-at="2025-01-28T16:13:02 IST" name="setUpClass" finished-at="2025-01-28T16:13:02 IST" duration-ms="759" status="PASS">
          <params>
            <param index="0">
              <value>
                <![CDATA[org.testng.TestRunner@476c137b]]>
              </value>
            </param>
          </params>
          <reporter-output>
          </reporter-output>
        </test-method> <!-- setUpClass -->
        <test-method is-config="true" signature="beforeClass()[pri:0, instance:LearningTreeRunner.ReportcardRunner@624ea235]" started-at="2025-01-28T16:13:02 IST" name="beforeClass" finished-at="2025-01-28T16:13:02 IST" duration-ms="2" status="PASS">
          <reporter-output>
          </reporter-output>
        </test-method> <!-- beforeClass -->
        <test-method signature="runScenario(io.cucumber.testng.PickleWrapper,io.cucumber.testng.FeatureWrapper)[pri:0, instance:LearningTreeRunner.ReportcardRunner@624ea235]" started-at="2025-01-28T16:13:02 IST" name="runScenario" description="Runs Cucumber Scenarios" data-provider="scenarios" finished-at="2025-01-28T16:13:38 IST" duration-ms="36054" status="PASS">
          <params>
            <param index="0">
              <value>
                <![CDATA["Verify the Report Card"]]>
              </value>
            </param>
            <param index="1">
              <value>
                <![CDATA["Verify the Report Card"]]>
              </value>
            </param>
          </params>
          <reporter-output>
          </reporter-output>
        </test-method> <!-- runScenario -->
        <test-method is-config="true" signature="afterClass()[pri:0, instance:LearningTreeRunner.ReportcardRunner@624ea235]" started-at="2025-01-28T16:13:38 IST" name="afterClass" finished-at="2025-01-28T16:13:38 IST" duration-ms="2" status="PASS">
          <reporter-output>
          </reporter-output>
        </test-method> <!-- afterClass -->
        <test-method is-config="true" signature="tearDownClass()[pri:0, instance:LearningTreeRunner.ReportcardRunner@624ea235]" started-at="2025-01-28T16:13:38 IST" name="tearDownClass" finished-at="2025-01-28T16:13:41 IST" duration-ms="2344" status="PASS">
          <reporter-output>
          </reporter-output>
        </test-method> <!-- tearDownClass -->
      </class> <!-- LearningTreeRunner.ReportcardRunner -->
    </test> <!-- Default test -->
  </suite> <!-- Default suite -->
</testng-results>
