<?xml version="1.0" encoding="UTF-8"?>
<testng-results total="12" passed="12" failed="0" skipped="0">
  <reporter-output>
  </reporter-output>
  <suite started-at="2024-10-12T15:10:11Z" name="Suite" finished-at="2024-10-12T15:20:55Z" duration-ms="643577">
    <groups>
      <group name="cucumber">
        <method signature="AbstractTestNGCucumberTests.runScenario(io.cucumber.testng.PickleWrapper, io.cucumber.testng.FeatureWrapper)[pri:0, instance:Runners.AssessmentSubmissionRunner@642a7222]" name="runScenario" class="io.cucumber.testng.AbstractTestNGCucumberTests"/>
        <method signature="AbstractTestNGCucumberTests.runScenario(io.cucumber.testng.PickleWrapper, io.cucumber.testng.FeatureWrapper)[pri:0, instance:Runners.Create_Time_Slot_and_Enroll_the_ExamTakerRunner@311bf055]" name="runScenario" class="io.cucumber.testng.AbstractTestNGCucumberTests"/>
        <method signature="AbstractTestNGCucumberTests.runScenario(io.cucumber.testng.PickleWrapper, io.cucumber.testng.FeatureWrapper)[pri:0, instance:Runners.EnrolleRunner@21be3395]" name="runScenario" class="io.cucumber.testng.AbstractTestNGCucumberTests"/>
        <method signature="AbstractTestNGCucumberTests.runScenario(io.cucumber.testng.PickleWrapper, io.cucumber.testng.FeatureWrapper)[pri:0, instance:Runners.Enrolled_ExamTaker_in_a_TimeSlotRunner@7d322cad]" name="runScenario" class="io.cucumber.testng.AbstractTestNGCucumberTests"/>
        <method signature="AbstractTestNGCucumberTests.runScenario(io.cucumber.testng.PickleWrapper, io.cucumber.testng.FeatureWrapper)[pri:0, instance:Runners.Examinations_Schedule_runner@6d5620ce]" name="runScenario" class="io.cucumber.testng.AbstractTestNGCucumberTests"/>
        <method signature="AbstractTestNGCucumberTests.runScenario(io.cucumber.testng.PickleWrapper, io.cucumber.testng.FeatureWrapper)[pri:0, instance:Runners.Location_Runner@5be1d0a4]" name="runScenario" class="io.cucumber.testng.AbstractTestNGCucumberTests"/>
        <method signature="AbstractTestNGCucumberTests.runScenario(io.cucumber.testng.PickleWrapper, io.cucumber.testng.FeatureWrapper)[pri:0, instance:Runners.Users_Creation_Runner@415b0b49]" name="runScenario" class="io.cucumber.testng.AbstractTestNGCucumberTests"/>
      </group> <!-- cucumber -->
    </groups>
    <test started-at="2024-10-12T15:10:11Z" name="Test1" finished-at="2024-10-12T15:20:55Z" duration-ms="643577">
      <class name="Runners.Enrolled_ExamTaker_in_a_TimeSlotRunner">
        <test-method is-config="true" signature="setUpClass(org.testng.ITestContext)[pri:0, instance:Runners.Enrolled_ExamTaker_in_a_TimeSlotRunner@7d322cad]" started-at="2024-10-12T20:48:59Z" name="setUpClass" finished-at="2024-10-12T20:48:59Z" duration-ms="342" status="PASS">
          <params>
            <param index="0">
              <value>
                <![CDATA[org.testng.TestRunner@30d5668a]]>
              </value>
            </param>
          </params>
          <reporter-output>
          </reporter-output>
        </test-method> <!-- setUpClass -->
        <test-method is-config="true" signature="beforeclass()[pri:0, instance:Runners.Enrolled_ExamTaker_in_a_TimeSlotRunner@7d322cad]" started-at="2024-10-12T20:48:59Z" name="beforeclass" finished-at="2024-10-12T20:48:59Z" duration-ms="1" status="PASS">
          <reporter-output>
          </reporter-output>
        </test-method> <!-- beforeclass -->
        <test-method signature="runScenario(io.cucumber.testng.PickleWrapper, io.cucumber.testng.FeatureWrapper)[pri:0, instance:Runners.Enrolled_ExamTaker_in_a_TimeSlotRunner@7d322cad]" started-at="2024-10-12T20:48:59Z" name="runScenario" description="Runs Cucumber Scenarios" data-provider="scenarios" finished-at="2024-10-12T20:50:05Z" duration-ms="66154" status="PASS">
          <params>
            <param index="0">
              <value>
                <![CDATA["Provide the Procter Comment to a ExamTaker"]]>
              </value>
            </param>
            <param index="1">
              <value>
                <![CDATA["FocalPointk12 Exam_Center Procter Comment, Reset the Examination"]]>
              </value>
            </param>
          </params>
          <reporter-output>
          </reporter-output>
        </test-method> <!-- runScenario -->
        <test-method is-config="true" signature="tearDownClass()[pri:0, instance:Runners.Enrolled_ExamTaker_in_a_TimeSlotRunner@7d322cad]" started-at="2024-10-12T20:50:05Z" name="tearDownClass" finished-at="2024-10-12T20:50:07Z" duration-ms="1747" status="PASS">
          <reporter-output>
          </reporter-output>
        </test-method> <!-- tearDownClass -->
        <test-method is-config="true" signature="testDownClass()[pri:0, instance:Runners.Enrolled_ExamTaker_in_a_TimeSlotRunner@7d322cad]" started-at="2024-10-12T20:50:05Z" name="testDownClass" finished-at="2024-10-12T20:50:05Z" duration-ms="0" status="PASS">
          <reporter-output>
          </reporter-output>
        </test-method> <!-- testDownClass -->
      </class> <!-- Runners.Enrolled_ExamTaker_in_a_TimeSlotRunner -->
      <class name="Runners.Create_Time_Slot_and_Enroll_the_ExamTakerRunner">
        <test-method is-config="true" signature="setUpClass(org.testng.ITestContext)[pri:0, instance:Runners.Create_Time_Slot_and_Enroll_the_ExamTakerRunner@311bf055]" started-at="2024-10-12T20:46:15Z" name="setUpClass" finished-at="2024-10-12T20:46:15Z" duration-ms="126" status="PASS">
          <params>
            <param index="0">
              <value>
                <![CDATA[org.testng.TestRunner@30d5668a]]>
              </value>
            </param>
          </params>
          <reporter-output>
          </reporter-output>
        </test-method> <!-- setUpClass -->
        <test-method is-config="true" signature="beforeclass()[pri:0, instance:Runners.Create_Time_Slot_and_Enroll_the_ExamTakerRunner@311bf055]" started-at="2024-10-12T20:46:15Z" name="beforeclass" finished-at="2024-10-12T20:46:15Z" duration-ms="1" status="PASS">
          <reporter-output>
          </reporter-output>
        </test-method> <!-- beforeclass -->
        <test-method signature="runScenario(io.cucumber.testng.PickleWrapper, io.cucumber.testng.FeatureWrapper)[pri:0, instance:Runners.Create_Time_Slot_and_Enroll_the_ExamTakerRunner@311bf055]" started-at="2024-10-12T20:46:15Z" name="runScenario" description="Runs Cucumber Scenarios" data-provider="scenarios" finished-at="2024-10-12T20:47:06Z" duration-ms="50374" status="PASS">
          <params>
            <param index="0">
              <value>
                <![CDATA["Create a Time_Slot for the Examination"]]>
              </value>
            </param>
            <param index="1">
              <value>
                <![CDATA["FocalPointk12 Exam_Center Create a Time_Slot and Enrolled the Exam Taker to the Time slot"]]>
              </value>
            </param>
          </params>
          <reporter-output>
          </reporter-output>
        </test-method> <!-- runScenario -->
        <test-method signature="runScenario(io.cucumber.testng.PickleWrapper, io.cucumber.testng.FeatureWrapper)[pri:0, instance:Runners.Create_Time_Slot_and_Enroll_the_ExamTakerRunner@311bf055]" started-at="2024-10-12T20:47:06Z" name="runScenario" description="Runs Cucumber Scenarios" data-provider="scenarios" finished-at="2024-10-12T20:48:02Z" duration-ms="56374" status="PASS">
          <params>
            <param index="0">
              <value>
                <![CDATA["Add the Examataker in a Particular TimeSlot"]]>
              </value>
            </param>
            <param index="1">
              <value>
                <![CDATA["FocalPointk12 Exam_Center Create a Time_Slot and Enrolled the Exam Taker to the Time slot"]]>
              </value>
            </param>
          </params>
          <reporter-output>
          </reporter-output>
        </test-method> <!-- runScenario -->
        <test-method is-config="true" signature="testDownClass()[pri:0, instance:Runners.Create_Time_Slot_and_Enroll_the_ExamTakerRunner@311bf055]" started-at="2024-10-12T20:48:02Z" name="testDownClass" finished-at="2024-10-12T20:48:02Z" duration-ms="1" status="PASS">
          <reporter-output>
          </reporter-output>
        </test-method> <!-- testDownClass -->
        <test-method is-config="true" signature="tearDownClass()[pri:0, instance:Runners.Create_Time_Slot_and_Enroll_the_ExamTakerRunner@311bf055]" started-at="2024-10-12T20:48:02Z" name="tearDownClass" finished-at="2024-10-12T20:48:04Z" duration-ms="1871" status="PASS">
          <reporter-output>
          </reporter-output>
        </test-method> <!-- tearDownClass -->
      </class> <!-- Runners.Create_Time_Slot_and_Enroll_the_ExamTakerRunner -->
      <class name="Runners.Users_Creation_Runner">
        <test-method is-config="true" signature="setUpClass(org.testng.ITestContext)[pri:0, instance:Runners.Users_Creation_Runner@415b0b49]" started-at="2024-10-12T20:40:55Z" name="setUpClass" finished-at="2024-10-12T20:40:55Z" duration-ms="146" status="PASS">
          <params>
            <param index="0">
              <value>
                <![CDATA[org.testng.TestRunner@30d5668a]]>
              </value>
            </param>
          </params>
          <reporter-output>
          </reporter-output>
        </test-method> <!-- setUpClass -->
        <test-method signature="runScenario(io.cucumber.testng.PickleWrapper, io.cucumber.testng.FeatureWrapper)[pri:0, instance:Runners.Users_Creation_Runner@415b0b49]" started-at="2024-10-12T20:40:55Z" name="runScenario" description="Runs Cucumber Scenarios" data-provider="scenarios" finished-at="2024-10-12T20:41:49Z" duration-ms="54329" status="PASS">
          <params>
            <param index="0">
              <value>
                <![CDATA["Checking the Creation of controller User"]]>
              </value>
            </param>
            <param index="1">
              <value>
                <![CDATA["Checking the Create Users Functionality"]]>
              </value>
            </param>
          </params>
          <reporter-output>
          </reporter-output>
        </test-method> <!-- runScenario -->
        <test-method is-config="true" signature="beforeclass()[pri:0, instance:Runners.Users_Creation_Runner@415b0b49]" started-at="2024-10-12T20:40:55Z" name="beforeclass" finished-at="2024-10-12T20:40:55Z" duration-ms="0" status="PASS">
          <reporter-output>
          </reporter-output>
        </test-method> <!-- beforeclass -->
        <test-method signature="runScenario(io.cucumber.testng.PickleWrapper, io.cucumber.testng.FeatureWrapper)[pri:0, instance:Runners.Users_Creation_Runner@415b0b49]" started-at="2024-10-12T20:41:49Z" name="runScenario" description="Runs Cucumber Scenarios" data-provider="scenarios" finished-at="2024-10-12T20:42:46Z" duration-ms="56574" status="PASS">
          <params>
            <param index="0">
              <value>
                <![CDATA["Checking the Creation of Proctor User"]]>
              </value>
            </param>
            <param index="1">
              <value>
                <![CDATA["Checking the Create Users Functionality"]]>
              </value>
            </param>
          </params>
          <reporter-output>
          </reporter-output>
        </test-method> <!-- runScenario -->
        <test-method signature="runScenario(io.cucumber.testng.PickleWrapper, io.cucumber.testng.FeatureWrapper)[pri:0, instance:Runners.Users_Creation_Runner@415b0b49]" started-at="2024-10-12T20:42:46Z" name="runScenario" description="Runs Cucumber Scenarios" data-provider="scenarios" finished-at="2024-10-12T20:43:45Z" duration-ms="58987" status="PASS">
          <params>
            <param index="0">
              <value>
                <![CDATA["Checking the Creation of Examtaker User"]]>
              </value>
            </param>
            <param index="1">
              <value>
                <![CDATA["Checking the Create Users Functionality"]]>
              </value>
            </param>
          </params>
          <reporter-output>
          </reporter-output>
        </test-method> <!-- runScenario -->
        <test-method is-config="true" signature="Afterclass()[pri:0, instance:Runners.Users_Creation_Runner@415b0b49]" started-at="2024-10-12T20:43:45Z" name="Afterclass" finished-at="2024-10-12T20:43:45Z" duration-ms="0" status="PASS">
          <reporter-output>
          </reporter-output>
        </test-method> <!-- Afterclass -->
        <test-method is-config="true" signature="tearDownClass()[pri:0, instance:Runners.Users_Creation_Runner@415b0b49]" started-at="2024-10-12T20:43:45Z" name="tearDownClass" finished-at="2024-10-12T20:43:47Z" duration-ms="2036" status="PASS">
          <reporter-output>
          </reporter-output>
        </test-method> <!-- tearDownClass -->
      </class> <!-- Runners.Users_Creation_Runner -->
      <class name="Runners.EnrolleRunner">
        <test-method is-config="true" signature="setUpClass(org.testng.ITestContext)[pri:0, instance:Runners.EnrolleRunner@21be3395]" started-at="2024-10-12T20:50:07Z" name="setUpClass" finished-at="2024-10-12T20:50:07Z" duration-ms="98" status="PASS">
          <params>
            <param index="0">
              <value>
                <![CDATA[org.testng.TestRunner@30d5668a]]>
              </value>
            </param>
          </params>
          <reporter-output>
          </reporter-output>
        </test-method> <!-- setUpClass -->
        <test-method is-config="true" signature="beforeClass()[pri:0, instance:Runners.EnrolleRunner@21be3395]" started-at="2024-10-12T20:50:07Z" name="beforeClass" finished-at="2024-10-12T20:50:07Z" duration-ms="0" status="PASS">
          <reporter-output>
          </reporter-output>
        </test-method> <!-- beforeClass -->
        <test-method signature="runScenario(io.cucumber.testng.PickleWrapper, io.cucumber.testng.FeatureWrapper)[pri:0, instance:Runners.EnrolleRunner@21be3395]" started-at="2024-10-12T20:50:07Z" name="runScenario" description="Runs Cucumber Scenarios" data-provider="scenarios" finished-at="2024-10-12T20:50:53Z" duration-ms="45705" status="PASS">
          <params>
            <param index="0">
              <value>
                <![CDATA["Testing the Test Analytics popup at proctor Enrolle side"]]>
              </value>
            </param>
            <param index="1">
              <value>
                <![CDATA["Checking the Test Analytics under Enroller tab at Proctor side"]]>
              </value>
            </param>
          </params>
          <reporter-output>
          </reporter-output>
        </test-method> <!-- runScenario -->
        <test-method is-config="true" signature="tearDownClass()[pri:0, instance:Runners.EnrolleRunner@21be3395]" started-at="2024-10-12T20:50:53Z" name="tearDownClass" finished-at="2024-10-12T20:50:55Z" duration-ms="1986" status="PASS">
          <reporter-output>
          </reporter-output>
        </test-method> <!-- tearDownClass -->
        <test-method is-config="true" signature="afterClass()[pri:0, instance:Runners.EnrolleRunner@21be3395]" started-at="2024-10-12T20:50:53Z" name="afterClass" finished-at="2024-10-12T20:50:53Z" duration-ms="0" status="PASS">
          <reporter-output>
          </reporter-output>
        </test-method> <!-- afterClass -->
      </class> <!-- Runners.EnrolleRunner -->
      <class name="Runners.Location_Runner">
        <test-method is-config="true" signature="setUpClass(org.testng.ITestContext)[pri:0, instance:Runners.Location_Runner@5be1d0a4]" started-at="2024-10-12T20:40:11Z" name="setUpClass" finished-at="2024-10-12T20:40:12Z" duration-ms="807" status="PASS">
          <params>
            <param index="0">
              <value>
                <![CDATA[org.testng.TestRunner@30d5668a]]>
              </value>
            </param>
          </params>
          <reporter-output>
          </reporter-output>
        </test-method> <!-- setUpClass -->
        <test-method is-config="true" signature="beforeclass()[pri:0, instance:Runners.Location_Runner@5be1d0a4]" started-at="2024-10-12T20:40:12Z" name="beforeclass" finished-at="2024-10-12T20:40:12Z" duration-ms="1" status="PASS">
          <reporter-output>
          </reporter-output>
        </test-method> <!-- beforeclass -->
        <test-method signature="runScenario(io.cucumber.testng.PickleWrapper, io.cucumber.testng.FeatureWrapper)[pri:0, instance:Runners.Location_Runner@5be1d0a4]" started-at="2024-10-12T20:40:12Z" name="runScenario" description="Runs Cucumber Scenarios" data-provider="scenarios" finished-at="2024-10-12T20:40:50Z" duration-ms="38058" status="PASS">
          <params>
            <param index="0">
              <value>
                <![CDATA["Exam_Center AddEdit Location scenario"]]>
              </value>
            </param>
            <param index="1">
              <value>
                <![CDATA["Exam_Center Location feature"]]>
              </value>
            </param>
          </params>
          <reporter-output>
          </reporter-output>
        </test-method> <!-- runScenario -->
        <test-method is-config="true" signature="testDownClass()[pri:0, instance:Runners.Location_Runner@5be1d0a4]" started-at="2024-10-12T20:40:50Z" name="testDownClass" finished-at="2024-10-12T20:40:50Z" duration-ms="1" status="PASS">
          <reporter-output>
          </reporter-output>
        </test-method> <!-- testDownClass -->
        <test-method is-config="true" signature="tearDownClass()[pri:0, instance:Runners.Location_Runner@5be1d0a4]" started-at="2024-10-12T20:40:50Z" name="tearDownClass" finished-at="2024-10-12T20:40:55Z" duration-ms="4657" status="PASS">
          <reporter-output>
          </reporter-output>
        </test-method> <!-- tearDownClass -->
      </class> <!-- Runners.Location_Runner -->
      <class name="Runners.Examinations_Schedule_runner">
        <test-method is-config="true" signature="setUpClass(org.testng.ITestContext)[pri:0, instance:Runners.Examinations_Schedule_runner@6d5620ce]" started-at="2024-10-12T20:43:47Z" name="setUpClass" finished-at="2024-10-12T20:43:47Z" duration-ms="126" status="PASS">
          <params>
            <param index="0">
              <value>
                <![CDATA[org.testng.TestRunner@30d5668a]]>
              </value>
            </param>
          </params>
          <reporter-output>
          </reporter-output>
        </test-method> <!-- setUpClass -->
        <test-method is-config="true" signature="beforeclass()[pri:0, instance:Runners.Examinations_Schedule_runner@6d5620ce]" started-at="2024-10-12T20:43:47Z" name="beforeclass" finished-at="2024-10-12T20:43:47Z" duration-ms="1" status="PASS">
          <reporter-output>
          </reporter-output>
        </test-method> <!-- beforeclass -->
        <test-method signature="runScenario(io.cucumber.testng.PickleWrapper, io.cucumber.testng.FeatureWrapper)[pri:0, instance:Runners.Examinations_Schedule_runner@6d5620ce]" started-at="2024-10-12T20:43:47Z" name="runScenario" description="Runs Cucumber Scenarios" data-provider="scenarios" finished-at="2024-10-12T20:44:21Z" duration-ms="34144" status="PASS">
          <params>
            <param index="0">
              <value>
                <![CDATA["Controller Creating Examinations in Examcenter"]]>
              </value>
            </param>
            <param index="1">
              <value>
                <![CDATA["Examcenter Creation of Examinations Schedules and Examtaker Enrollments feature"]]>
              </value>
            </param>
          </params>
          <reporter-output>
          </reporter-output>
        </test-method> <!-- runScenario -->
        <test-method signature="runScenario(io.cucumber.testng.PickleWrapper, io.cucumber.testng.FeatureWrapper)[pri:0, instance:Runners.Examinations_Schedule_runner@6d5620ce]" started-at="2024-10-12T20:44:21Z" name="runScenario" description="Runs Cucumber Scenarios" data-provider="scenarios" finished-at="2024-10-12T20:45:25Z" duration-ms="64087" status="PASS">
          <params>
            <param index="0">
              <value>
                <![CDATA["Creating Schedule for an Examinations"]]>
              </value>
            </param>
            <param index="1">
              <value>
                <![CDATA["Examcenter Creation of Examinations Schedules and Examtaker Enrollments feature"]]>
              </value>
            </param>
          </params>
          <reporter-output>
          </reporter-output>
        </test-method> <!-- runScenario -->
        <test-method signature="runScenario(io.cucumber.testng.PickleWrapper, io.cucumber.testng.FeatureWrapper)[pri:0, instance:Runners.Examinations_Schedule_runner@6d5620ce]" started-at="2024-10-12T20:45:25Z" name="runScenario" description="Runs Cucumber Scenarios" data-provider="scenarios" finished-at="2024-10-12T20:46:12Z" duration-ms="46379" status="PASS">
          <params>
            <param index="0">
              <value>
                <![CDATA["Enroll the Examination and schedule to the Examtaker"]]>
              </value>
            </param>
            <param index="1">
              <value>
                <![CDATA["Examcenter Creation of Examinations Schedules and Examtaker Enrollments feature"]]>
              </value>
            </param>
          </params>
          <reporter-output>
          </reporter-output>
        </test-method> <!-- runScenario -->
        <test-method is-config="true" signature="tearDownClass()[pri:0, instance:Runners.Examinations_Schedule_runner@6d5620ce]" started-at="2024-10-12T20:46:12Z" name="tearDownClass" finished-at="2024-10-12T20:46:15Z" duration-ms="3392" status="PASS">
          <reporter-output>
          </reporter-output>
        </test-method> <!-- tearDownClass -->
        <test-method is-config="true" signature="testDownClass()[pri:0, instance:Runners.Examinations_Schedule_runner@6d5620ce]" started-at="2024-10-12T20:46:12Z" name="testDownClass" finished-at="2024-10-12T20:46:12Z" duration-ms="0" status="PASS">
          <reporter-output>
          </reporter-output>
        </test-method> <!-- testDownClass -->
      </class> <!-- Runners.Examinations_Schedule_runner -->
      <class name="Runners.AssessmentSubmissionRunner">
        <test-method is-config="true" signature="setUpClass(org.testng.ITestContext)[pri:0, instance:Runners.AssessmentSubmissionRunner@642a7222]" started-at="2024-10-12T20:48:04Z" name="setUpClass" finished-at="2024-10-12T20:48:04Z" duration-ms="147" status="PASS">
          <params>
            <param index="0">
              <value>
                <![CDATA[org.testng.TestRunner@30d5668a]]>
              </value>
            </param>
          </params>
          <reporter-output>
          </reporter-output>
        </test-method> <!-- setUpClass -->
        <test-method is-config="true" signature="beforeClass()[pri:0, instance:Runners.AssessmentSubmissionRunner@642a7222]" started-at="2024-10-12T20:48:04Z" name="beforeClass" finished-at="2024-10-12T20:48:04Z" duration-ms="2" status="PASS">
          <reporter-output>
          </reporter-output>
        </test-method> <!-- beforeClass -->
        <test-method signature="runScenario(io.cucumber.testng.PickleWrapper, io.cucumber.testng.FeatureWrapper)[pri:0, instance:Runners.AssessmentSubmissionRunner@642a7222]" started-at="2024-10-12T20:48:04Z" name="runScenario" description="Runs Cucumber Scenarios" data-provider="scenarios" finished-at="2024-10-12T20:48:57Z" duration-ms="52734" status="PASS">
          <params>
            <param index="0">
              <value>
                <![CDATA["Checking the Examcenter Examtaker Assessment Submission Functionality"]]>
              </value>
            </param>
            <param index="1">
              <value>
                <![CDATA["Checking the Examtaker Assessment Submission"]]>
              </value>
            </param>
          </params>
          <reporter-output>
          </reporter-output>
        </test-method> <!-- runScenario -->
        <test-method is-config="true" signature="afterClass()[pri:0, instance:Runners.AssessmentSubmissionRunner@642a7222]" started-at="2024-10-12T20:48:57Z" name="afterClass" finished-at="2024-10-12T20:48:57Z" duration-ms="1" status="PASS">
          <reporter-output>
          </reporter-output>
        </test-method> <!-- afterClass -->
        <test-method is-config="true" signature="tearDownClass()[pri:0, instance:Runners.AssessmentSubmissionRunner@642a7222]" started-at="2024-10-12T20:48:57Z" name="tearDownClass" finished-at="2024-10-12T20:48:59Z" duration-ms="2118" status="PASS">
          <reporter-output>
          </reporter-output>
        </test-method> <!-- tearDownClass -->
      </class> <!-- Runners.AssessmentSubmissionRunner -->
    </test> <!-- Test1 -->
  </suite> <!-- Suite -->
</testng-results>
