<?xml version="1.0" encoding="UTF-8"?>
<testng-results total="1" passed="1" failed="0" skipped="0">
  <reporter-output>
  </reporter-output>
  <suite started-at="2025-01-21T09:09:44Z" name="Default suite" finished-at="2025-01-21T09:11:14Z" duration-ms="89570">
    <groups>
      <group name="cucumber">
        <method signature="AbstractTestNGCucumberTests.runScenario(io.cucumber.testng.PickleWrapper, io.cucumber.testng.FeatureWrapper)[pri:0, instance:ExamCenterRunners.Users_Creation_Runner@63787180]" name="runScenario" class="io.cucumber.testng.AbstractTestNGCucumberTests"/>
      </group> <!-- cucumber -->
    </groups>
    <test started-at="2025-01-21T09:09:44Z" name="Default test" finished-at="2025-01-21T09:11:14Z" duration-ms="89570">
      <class name="ExamCenterRunners.Users_Creation_Runner">
        <test-method is-config="true" signature="setUpClass(org.testng.ITestContext)[pri:0, instance:ExamCenterRunners.Users_Creation_Runner@63787180]" started-at="2025-01-21T14:39:44Z" name="setUpClass" finished-at="2025-01-21T14:39:45Z" duration-ms="762" status="PASS">
          <params>
            <param index="0">
              <value>
                <![CDATA[org.testng.TestRunner@729c8def]]>
              </value>
            </param>
          </params>
          <reporter-output>
          </reporter-output>
        </test-method> <!-- setUpClass -->
        <test-method is-config="true" signature="beforeclass()[pri:0, instance:ExamCenterRunners.Users_Creation_Runner@63787180]" started-at="2025-01-21T14:39:45Z" name="beforeclass" finished-at="2025-01-21T14:39:45Z" duration-ms="4" status="PASS">
          <reporter-output>
          </reporter-output>
        </test-method> <!-- beforeclass -->
        <test-method signature="runScenario(io.cucumber.testng.PickleWrapper, io.cucumber.testng.FeatureWrapper)[pri:0, instance:ExamCenterRunners.Users_Creation_Runner@63787180]" started-at="2025-01-21T14:39:45Z" name="runScenario" description="Runs Cucumber Scenarios" data-provider="scenarios" finished-at="2025-01-21T14:41:12Z" duration-ms="86868" status="PASS">
          <params>
            <param index="0">
              <value>
                <![CDATA["Verify the Users Creation Functionality with valid Data"]]>
              </value>
            </param>
            <param index="1">
              <value>
                <![CDATA["Checking the Create Users Functionality"]]>
              </value>
            </param>
          </params>
          <reporter-output>
          </reporter-output>
        </test-method> <!-- runScenario -->
        <test-method is-config="true" signature="Afterclass()[pri:0, instance:ExamCenterRunners.Users_Creation_Runner@63787180]" started-at="2025-01-21T14:41:12Z" name="Afterclass" finished-at="2025-01-21T14:41:12Z" duration-ms="1" status="PASS">
          <reporter-output>
          </reporter-output>
        </test-method> <!-- Afterclass -->
        <test-method is-config="true" signature="tearDownClass()[pri:0, instance:ExamCenterRunners.Users_Creation_Runner@63787180]" started-at="2025-01-21T14:41:12Z" name="tearDownClass" finished-at="2025-01-21T14:41:14Z" duration-ms="1920" status="PASS">
          <reporter-output>
          </reporter-output>
        </test-method> <!-- tearDownClass -->
      </class> <!-- ExamCenterRunners.Users_Creation_Runner -->
    </test> <!-- Default test -->
  </suite> <!-- Default suite -->
</testng-results>
