<?xml version="1.0" encoding="UTF-8"?>
<!-- Generated by org.testng.reporters.JUnitReportReporter -->
<testsuite hostname="DESKTOP-AVL4E6C" failures="0" tests="1" name="Runners.AssessmentSubmissionRunner" time="25.693" errors="1" timestamp="14 Feb 2024 07:43:49 GMT">
  <testcase classname="Runners.AssessmentSubmissionRunner" name="runScenario" time="25.693">
    <error message="Unable to find element with locator By.xpath: //input[@id=&#039;Username&#039;]
For documentation on this error, please visit: https://www.selenium.dev/documentation/webdriver/troubleshooting/errors#no-such-element-exception
Build info: version: &#039;4.15.0&#039;, revision: &#039;1d14b5521b&#039;
System info: os.name: &#039;Windows 10&#039;, os.arch: &#039;amd64&#039;, os.version: &#039;10.0&#039;, java.version: &#039;17.0.7&#039;
Driver info: driver.version: RemoteWebDriver" type="org.openqa.selenium.NoSuchElementException">
      <![CDATA[org.openqa.selenium.NoSuchElementException: Unable to find element with locator By.xpath: //input[@id='Username']
For documentation on this error, please visit: https://www.selenium.dev/documentation/webdriver/troubleshooting/errors#no-such-element-exception
Build info: version: '4.15.0', revision: '1d14b5521b'
System info: os.name: 'Windows 10', os.arch: 'amd64', os.version: '10.0', java.version: '17.0.7'
Driver info: driver.version: RemoteWebDriver
	at org.openqa.selenium.remote.ElementLocation$ElementFinder$2.findElement(ElementLocation.java:168)
	at org.openqa.selenium.remote.ElementLocation.findElement(ElementLocation.java:59)
	at org.openqa.selenium.remote.RemoteWebDriver.findElement(RemoteWebDriver.java:364)
	at org.openqa.selenium.remote.RemoteWebDriver.findElement(RemoteWebDriver.java:358)
	at com.Examcenter.pages.LoginPage.enterUsername(LoginPage.java:46)
	at com.Examcenter.pages.LoginPage.User_login(LoginPage.java:83)
	at StepDefinitions.LoginStepdefinintions.user_enters_the_credentials_from_the_excel_sheet_at(LoginStepdefinintions.java:41)
	at ✽.User enters the credentials from the excel sheet at 2(file:///E:/FocalPoint/FPK12-AUTOMATION-TEST-2.0/src/test/resources/Features/AssessmentSubmission.feature:6)
]]>
    </error>
  </testcase> <!-- runScenario -->
</testsuite> <!-- Runners.AssessmentSubmissionRunner -->
