<?xml version="1.0" encoding="UTF-8"?>
<!-- Generated by org.testng.reporters.JUnitReportReporter -->
<testsuite hostname="DESKTOP-AVL4E6C" failures="0" tests="1" name="Runners.AssessmentSubmissionRunner" time="3.458" errors="1" timestamp="2023-12-27T12:16:37 IST" skipped="0">
  <testcase classname="Runners.AssessmentSubmissionRunner" name="runScenario" time="3.458">
    <error message="Cannot invoke &quot;org.apache.poi.ss.usermodel.Sheet.getPhysicalNumberOfRows()&quot; because &quot;sheet&quot; is null" type="java.lang.NullPointerException">
      <![CDATA[java.lang.NullPointerException: Cannot invoke "org.apache.poi.ss.usermodel.Sheet.getPhysicalNumberOfRows()" because "sheet" is null
at Com.Examcenter.Utils.ExcelReader.readSheet(ExcelReader.java:51)
at Com.Examcenter.Utils.ExcelReader.getData(ExcelReader.java:24)
at StepDefinitions.AssessmentSubmission.login_with_examtaker_credentials_from_excel_sheet(AssessmentSubmission.java:34)
at ✽.Login with Examtaker credentials from excel sheet 2(file:///E:/Automation%20EC/Examcenter_AutomationFramework/src/test/resources/Features/ExamtakerSubmission.feature:5)
]]>
    </error>
  </testcase> <!-- runScenario -->
</testsuite> <!-- Runners.AssessmentSubmissionRunner -->
