<?xml version="1.0" encoding="UTF-8"?>
<!-- Generated by org.testng.reporters.JUnitReportReporter -->
<testsuite hostname="Sapphirus-SS141" failures="0" tests="3" name="ExamCenterRunners.BulkUploadRunner" time="191.683" errors="1" timestamp="12 Dec 2024 17:08:22 GMT">
  <testcase classname="ExamCenterRunners.BulkUploadRunner" name="runScenario" time="42.704">
    <error message=".\sr\tes\resources\Files\Exam Takers Template.xlsx (The system cannot find the path specified)" type="java.io.FileNotFoundException">
      <![CDATA[java.io.FileNotFoundException: .\sr\tes\resources\Files\Exam Takers Template.xlsx (The system cannot find the path specified)
	at java.base/java.io.FileInputStream.open0(Native Method)
	at java.base/java.io.FileInputStream.open(FileInputStream.java:213)
	at java.base/java.io.FileInputStream.<init>(FileInputStream.java:152)
	at java.base/java.io.FileInputStream.<init>(FileInputStream.java:106)
	at com.Examcenter.pages.BulkUpload_Pages.Excel_Creation(BulkUpload_Pages.java:93)
	at ExamCenterStepDefinitions.BulkuploadStepDefinitions.Create_Examtaker_Sheet(BulkuploadStepDefinitions.java:82)
	at ✽.Create the Bulk Examtaker users Excel Sheet(file:///C:/Users/GopiPagadala/OneDrive%20-%20FocalPointK12,%20Inc/FPK12%20Automation-2024/FPK12ExamCenter/src/test/resources/ExamCenterFeatures/BulkUpload.feature:38)
]]>
    </error>
  </testcase> <!-- runScenario -->
  <testcase classname="ExamCenterRunners.BulkUploadRunner" name="runScenario" time="67.555"/>
  <testcase classname="ExamCenterRunners.BulkUploadRunner" name="runScenario" time="81.424"/>
</testsuite> <!-- ExamCenterRunners.BulkUploadRunner -->
