<?xml version="1.0" encoding="UTF-8"?>
<!-- Generated by org.testng.reporters.JUnitReportReporter -->
<testsuite hostname="Sapphirus-SS141" failures="0" tests="1" name="PortfolioCenterRunner.PortfolioCenterCourseRunner" time="61.462" errors="1" timestamp="21 Jan 2025 06:08:43 GMT">
  <testcase classname="PortfolioCenterRunner.PortfolioCenterCourseRunner" name="runScenario" time="61.462">
    <error message="Failed to search and click on course name after 3 attempts." type="java.lang.RuntimeException">
      <![CDATA[java.lang.RuntimeException: Failed to search and click on course name after 3 attempts.
	at com.PortfolioCenter.pages.PortfolioCenterCoursePages.retrySearchForCourseName(PortfolioCenterCoursePages.java:198)
	at com.PortfolioCenter.pages.PortfolioCenterCoursePages.the_user_searches_for_the_specific_course_and_clicks_on_it(PortfolioCenterCoursePages.java:167)
	at PortfolioCenterStepdef.PortfolioCenterCourseStepdef.the_user_searches_for_the_specific_course_and_clicks_on_it(PortfolioCenterCourseStepdef.java:35)
	at ✽.the user searches for the specific course and clicks on it 0(file:///D:/Focalpoint%20Automation/FPK12AutomationProject/src/test/resources/PortfolioCenterFeatures/PortfolioCenterCourse.feature:11)
]]>
    </error>
  </testcase> <!-- runScenario -->
</testsuite> <!-- PortfolioCenterRunner.PortfolioCenterCourseRunner -->
