<?xml version="1.0" encoding="UTF-8"?>
<!-- Generated by org.testng.reporters.JUnitReportReporter -->
<testsuite hostname="Sapphirus-SS143" failures="0" tests="1" name="LearningTreeRunner.Provide_Score_in_LTRunner" time="105.425" errors="1" timestamp="2025-01-28T13:09:19 IST" skipped="0">
  <testcase classname="LearningTreeRunner.Provide_Score_in_LTRunner" name="runScenario" time="105.425">
    <error message="stale element reference: stale element not found in the current frame
  (Session info: chrome=132.0.6834.110)
For documentation on this error, please visit: https://www.selenium.dev/documentation/webdriver/troubleshooting/errors#stale-element-reference-exception
Build info: version: &#039;4.18.1&#039;, revision: &#039;b1d3319b48&#039;
System info: os.name: &#039;Windows 11&#039;, os.arch: &#039;amd64&#039;, os.version: &#039;10.0&#039;, java.version: &#039;22.0.2&#039;
Driver info: org.openqa.selenium.chrome.ChromeDriver
Command: [50a29d02683da4ae27a2ca3356c4239b, executeScript {args=[{element-6066-11e4-a52e-4f735466cecf=f.16143AD4B423F7409CCDE0D1B9FFF075.d.63B0B0A2266887B967E42280E2ACA861.e.715}], script=arguments[0].scrollIntoView({block: &#039;nearest&#039;, inline: &#039;center&#039;});}]
Capabilities {acceptInsecureCerts: false, browserName: chrome, browserVersion: 132.0.6834.110, chrome: {chromedriverVersion: 132.0.6834.110 (df453a35f09..., userDataDir: C:\Users\SAHOOS~1\AppData\L...}, fedcm:accounts: true, goog:chromeOptions: {debuggerAddress: localhost:58440}, networkConnectionEnabled: false, pageLoadStrategy: normal, platformName: windows, proxy: Proxy(), se:cdp: ws://localhost:58440/devtoo..., se:cdpVersion: 132.0.6834.110, setWindowRect: true, strictFileInteractability: false, timeouts: {implicit: 0, pageLoad: 300000, script: 30000}, unhandledPromptBehavior: dismiss and notify, webauthn:extension:credBlob: true, webauthn:extension:largeBlob: true, webauthn:extension:minPinLength: true, webauthn:extension:prf: true, webauthn:virtualAuthenticators: true}
Session ID: 50a29d02683da4ae27a2ca3356c4239b" type="org.openqa.selenium.StaleElementReferenceException">
      <![CDATA[org.openqa.selenium.StaleElementReferenceException: stale element reference: stale element not found in the current frame
  (Session info: chrome=132.0.6834.110)
For documentation on this error, please visit: https://www.selenium.dev/documentation/webdriver/troubleshooting/errors#stale-element-reference-exception
Build info: version: '4.18.1', revision: 'b1d3319b48'
System info: os.name: 'Windows 11', os.arch: 'amd64', os.version: '10.0', java.version: '22.0.2'
Driver info: org.openqa.selenium.chrome.ChromeDriver
Command: [50a29d02683da4ae27a2ca3356c4239b, executeScript {args=[{element-6066-11e4-a52e-4f735466cecf=f.16143AD4B423F7409CCDE0D1B9FFF075.d.63B0B0A2266887B967E42280E2ACA861.e.715}], script=arguments[0].scrollIntoView({block: 'nearest', inline: 'center'});}]
Capabilities {acceptInsecureCerts: false, browserName: chrome, browserVersion: 132.0.6834.110, chrome: {chromedriverVersion: 132.0.6834.110 (df453a35f09..., userDataDir: C:\Users\SAHOOS~1\AppData\L...}, fedcm:accounts: true, goog:chromeOptions: {debuggerAddress: localhost:58440}, networkConnectionEnabled: false, pageLoadStrategy: normal, platformName: windows, proxy: Proxy(), se:cdp: ws://localhost:58440/devtoo..., se:cdpVersion: 132.0.6834.110, setWindowRect: true, strictFileInteractability: false, timeouts: {implicit: 0, pageLoad: 300000, script: 30000}, unhandledPromptBehavior: dismiss and notify, webauthn:extension:credBlob: true, webauthn:extension:largeBlob: true, webauthn:extension:minPinLength: true, webauthn:extension:prf: true, webauthn:virtualAuthenticators: true}
Session ID: 50a29d02683da4ae27a2ca3356c4239b
at java.base/jdk.internal.reflect.DirectConstructorHandleAccessor.newInstance(DirectConstructorHandleAccessor.java:62)
at java.base/java.lang.reflect.Constructor.newInstanceWithCaller(Constructor.java:502)
at java.base/java.lang.reflect.Constructor.newInstance(Constructor.java:486)
at org.openqa.selenium.remote.ErrorCodec.decode(ErrorCodec.java:167)
at org.openqa.selenium.remote.codec.w3c.W3CHttpResponseCodec.decode(W3CHttpResponseCodec.java:138)
at org.openqa.selenium.remote.codec.w3c.W3CHttpResponseCodec.decode(W3CHttpResponseCodec.java:50)
at org.openqa.selenium.remote.HttpCommandExecutor.execute(HttpCommandExecutor.java:190)
at org.openqa.selenium.remote.service.DriverCommandExecutor.invokeExecute(DriverCommandExecutor.java:216)
at org.openqa.selenium.remote.service.DriverCommandExecutor.execute(DriverCommandExecutor.java:174)
at org.openqa.selenium.remote.RemoteWebDriver.execute(RemoteWebDriver.java:519)
at org.openqa.selenium.remote.RemoteWebDriver.executeScript(RemoteWebDriver.java:464)
at com.LearningTree.pages.Provide_Score_For_LT_ActivitiesPage.Provide_the_Score_for_Assignment_and_Discussion(Provide_Score_For_LT_ActivitiesPage.java:302)
at com.LearningTree.pages.Provide_Score_For_LT_ActivitiesPage.activities_to_Garde(Provide_Score_For_LT_ActivitiesPage.java:216)
at LearningTreeStepdef.Provide_Score_in_LTStepdef.User_Provide_the_Score_in_Activity_To_Grade(Provide_Score_in_LTStepdef.java:60)
at ✽.User Provide the Score in Activity To Grade(file:///D:/FPK_Automation_Scripts/LT_Automation/src/test/resources/LearningTreeFeatures/Provide_Score_in_LT.feature:15)
]]>
    </error>
  </testcase> <!-- runScenario -->
  <system-out/>
</testsuite> <!-- LearningTreeRunner.Provide_Score_in_LTRunner -->
