<?xml version="1.0" encoding="UTF-8"?>
<!-- Generated by org.testng.reporters.JUnitReportReporter -->
<testsuite hostname="Sapphirus-SS141" failures="0" tests="2" name="AssessmentsRunner.QuizSubmissionRunner" time="38.860" errors="2" timestamp="2024-11-26T18:25:30 IST" skipped="0">
  <testcase classname="AssessmentsRunner.QuizSubmissionRunner" name="tearDownClass" time="6.962">
    <error message="java.io.IOException: HTTP request failed:
&gt; PUT https://cucumber-messages-app-s3bucket-61aropwgu4ox.s3.eu-west-3.amazonaws.com/reports/2fe86f0f-d0db-4dd2-a771-a73a6015b6e4?X-Amz-Algorithm=AWS4-HMAC-SHA256&amp;X-Amz-Credential=ASIAWE4HTFKNZ6HJ2HW4%2F20241126%2Feu-west-3%2Fs3%2Faws4_request&amp;X-Amz-Date=20241126T125008Z&amp;X-Amz-Expires=900&amp;X-Amz-Security-Token=IQoJb3JpZ2luX2VjEIT%2F%2F%2F%2F%2F%2F%2F%2F%2F%2FwEaCWV1LXdlc3QtMyJIMEYCIQCqVAnIJmfXzFOz%2FKJhjhWX8qJf8oNo%2F5Ho59EJpcw1CAIhAJLDhVVf1x0pXeCbrjuEal3urGg%2F2OxcuQOk1TUbKET6Kr0DCC0QAxoMNDIyODAxNzc5MzU1Igxlrj6VwNSzPEqkhxMqmgN%2FEH3dLmG4VQx2Z86rSjjtjanQsxdWArIOYSnob7x2TCVrxS1ilh%2B4aKeRiNiSLEebVDfnqsfCe0pdjnv30SsbgS35F%2Fp42dtIXRMztYVmptmnUnmi8oEdcVyAdWAOUAT1jL8%2Fa2dxTkJ5RzoB%2BmL7SKtEDDaK7hMzI5dxIwgm7v8Ug737HXiyQuZFklm2FxjXNtEskc548qxWhWDtZRjdj2j1VByO7kMBBvyc2ooo3Pe4i5GelAJM8h%2BbySBTyYxVAp0VFDj5YCzR54SQPcZpZcRoAF%2FRR1JZMdbHEgKKVf5UQ0JjYBeQ4%2F9hz%2BuKRE%2B0Z4HIPQligMSuhsgDGOM0LWjv%2BVwuYJD2CQhFKvJwG2Ky6y3nIhb%2F9LShc7kfkFH9tvRUSXJPYsARX9%2By%2FptsO7zM7BdqSovySWk%2BZHx1mbGHkV6R%2FdeGdO8F1niZGxJLr%2BKc8Z5GVYR7V4GdDQmbkBSGWmoVnUfg8nh5MmbFsp7TZ7wyaoPTKfnqGRFWPw7ENxmMuxPTdcQf69%2BBbpEmqMU6ZK0IXTmPmTDV4pa6BjqdAQgkl6b9SwwC2VEPdFI255zXfhWwwL1OVcNDz%2FX8LHHq6QG2HiOO2yOdRTvncPQW9kvG1CfLWDy2vVsItzxcwCYr%2Bs716T0eL0MUacGa0%2BcmWB2cG6NUnbpd5Nr2d2EIXTODIZdSd0lbTDY1nh7Cn0H61kKbjScPJqZfWUDo4JBX0ob1RrdcMMV2qjUflwIiHsi9zqjxhQrDS0zPKKM%3D&amp;X-Amz-Signature=de73a4a630509d72abdcbe038c9ddd841be26382af6a7ada80e7cd43783bb91f&amp;X-Amz-SignedHeaders=host

" type="java.lang.RuntimeException">
      <![CDATA[java.lang.RuntimeException: java.io.IOException: HTTP request failed:
> PUT https://cucumber-messages-app-s3bucket-61aropwgu4ox.s3.eu-west-3.amazonaws.com/reports/2fe86f0f-d0db-4dd2-a771-a73a6015b6e4?X-Amz-Algorithm=AWS4-HMAC-SHA256&X-Amz-Credential=ASIAWE4HTFKNZ6HJ2HW4%2F20241126%2Feu-west-3%2Fs3%2Faws4_request&X-Amz-Date=20241126T125008Z&X-Amz-Expires=900&X-Amz-Security-Token=IQoJb3JpZ2luX2VjEIT%2F%2F%2F%2F%2F%2F%2F%2F%2F%2FwEaCWV1LXdlc3QtMyJIMEYCIQCqVAnIJmfXzFOz%2FKJhjhWX8qJf8oNo%2F5Ho59EJpcw1CAIhAJLDhVVf1x0pXeCbrjuEal3urGg%2F2OxcuQOk1TUbKET6Kr0DCC0QAxoMNDIyODAxNzc5MzU1Igxlrj6VwNSzPEqkhxMqmgN%2FEH3dLmG4VQx2Z86rSjjtjanQsxdWArIOYSnob7x2TCVrxS1ilh%2B4aKeRiNiSLEebVDfnqsfCe0pdjnv30SsbgS35F%2Fp42dtIXRMztYVmptmnUnmi8oEdcVyAdWAOUAT1jL8%2Fa2dxTkJ5RzoB%2BmL7SKtEDDaK7hMzI5dxIwgm7v8Ug737HXiyQuZFklm2FxjXNtEskc548qxWhWDtZRjdj2j1VByO7kMBBvyc2ooo3Pe4i5GelAJM8h%2BbySBTyYxVAp0VFDj5YCzR54SQPcZpZcRoAF%2FRR1JZMdbHEgKKVf5UQ0JjYBeQ4%2F9hz%2BuKRE%2B0Z4HIPQligMSuhsgDGOM0LWjv%2BVwuYJD2CQhFKvJwG2Ky6y3nIhb%2F9LShc7kfkFH9tvRUSXJPYsARX9%2By%2FptsO7zM7BdqSovySWk%2BZHx1mbGHkV6R%2FdeGdO8F1niZGxJLr%2BKc8Z5GVYR7V4GdDQmbkBSGWmoVnUfg8nh5MmbFsp7TZ7wyaoPTKfnqGRFWPw7ENxmMuxPTdcQf69%2BBbpEmqMU6ZK0IXTmPmTDV4pa6BjqdAQgkl6b9SwwC2VEPdFI255zXfhWwwL1OVcNDz%2FX8LHHq6QG2HiOO2yOdRTvncPQW9kvG1CfLWDy2vVsItzxcwCYr%2Bs716T0eL0MUacGa0%2BcmWB2cG6NUnbpd5Nr2d2EIXTODIZdSd0lbTDY1nh7Cn0H61kKbjScPJqZfWUDo4JBX0ob1RrdcMMV2qjUflwIiHsi9zqjxhQrDS0zPKKM%3D&X-Amz-Signature=de73a4a630509d72abdcbe038c9ddd841be26382af6a7ada80e7cd43783bb91f&X-Amz-SignedHeaders=host


at io.cucumber.core.plugin.MessageFormatter.writeMessage(MessageFormatter.java:32)
at io.cucumber.core.eventbus.AbstractEventPublisher.send(AbstractEventPublisher.java:51)
at io.cucumber.core.eventbus.AbstractEventBus.send(AbstractEventBus.java:12)
at io.cucumber.core.runtime.SynchronizedEventBus.send(SynchronizedEventBus.java:47)
at io.cucumber.core.runtime.CucumberExecutionContext.emitTestRunFinished(CucumberExecutionContext.java:125)
at io.cucumber.core.runtime.CucumberExecutionContext.finishTestRun(CucumberExecutionContext.java:105)
at io.cucumber.testng.TestNGCucumberRunner.finish(TestNGCucumberRunner.java:145)
at io.cucumber.testng.AbstractTestNGCucumberTests.tearDownClass(AbstractTestNGCucumberTests.java:57)
at java.base/jdk.internal.reflect.DirectMethodHandleAccessor.invoke(DirectMethodHandleAccessor.java:103)
at java.base/java.lang.reflect.Method.invoke(Method.java:580)
at org.testng.internal.invokers.MethodInvocationHelper.invokeMethod(MethodInvocationHelper.java:139)
at org.testng.internal.invokers.MethodInvocationHelper.invokeMethodConsideringTimeout(MethodInvocationHelper.java:69)
at org.testng.internal.invokers.ConfigInvoker.invokeConfigurationMethod(ConfigInvoker.java:361)
at org.testng.internal.invokers.ConfigInvoker.invokeConfigurations(ConfigInvoker.java:296)
at org.testng.internal.invokers.TestMethodWorker.invokeAfterClassMethods(TestMethodWorker.java:222)
at org.testng.internal.invokers.TestMethodWorker.run(TestMethodWorker.java:131)
at java.base/java.util.ArrayList.forEach(ArrayList.java:1597)
at org.testng.TestRunner.privateRun(TestRunner.java:829)
at org.testng.TestRunner.run(TestRunner.java:602)
at org.testng.SuiteRunner.runTest(SuiteRunner.java:437)
at org.testng.SuiteRunner.runSequentially(SuiteRunner.java:431)
at org.testng.SuiteRunner.privateRun(SuiteRunner.java:391)
at org.testng.SuiteRunner.run(SuiteRunner.java:330)
at org.testng.SuiteRunnerWorker.runSuite(SuiteRunnerWorker.java:52)
at org.testng.SuiteRunnerWorker.run(SuiteRunnerWorker.java:95)
at org.testng.TestNG.runSuitesSequentially(TestNG.java:1256)
at org.testng.TestNG.runSuitesLocally(TestNG.java:1176)
at org.testng.TestNG.runSuites(TestNG.java:1099)
at org.testng.TestNG.run(TestNG.java:1067)
at org.testng.remote.AbstractRemoteTestNG.run(AbstractRemoteTestNG.java:115)
at org.testng.remote.RemoteTestNG.initAndRun(RemoteTestNG.java:293)
at org.testng.remote.RemoteTestNG.main(RemoteTestNG.java:91)
Caused by: java.io.IOException: HTTP request failed:
> PUT https://cucumber-messages-app-s3bucket-61aropwgu4ox.s3.eu-west-3.amazonaws.com/reports/2fe86f0f-d0db-4dd2-a771-a73a6015b6e4?X-Amz-Algorithm=AWS4-HMAC-SHA256&X-Amz-Credential=ASIAWE4HTFKNZ6HJ2HW4%2F20241126%2Feu-west-3%2Fs3%2Faws4_request&X-Amz-Date=20241126T125008Z&X-Amz-Expires=900&X-Amz-Security-Token=IQoJb3JpZ2luX2VjEIT%2F%2F%2F%2F%2F%2F%2F%2F%2F%2FwEaCWV1LXdlc3QtMyJIMEYCIQCqVAnIJmfXzFOz%2FKJhjhWX8qJf8oNo%2F5Ho59EJpcw1CAIhAJLDhVVf1x0pXeCbrjuEal3urGg%2F2OxcuQOk1TUbKET6Kr0DCC0QAxoMNDIyODAxNzc5MzU1Igxlrj6VwNSzPEqkhxMqmgN%2FEH3dLmG4VQx2Z86rSjjtjanQsxdWArIOYSnob7x2TCVrxS1ilh%2B4aKeRiNiSLEebVDfnqsfCe0pdjnv30SsbgS35F%2Fp42dtIXRMztYVmptmnUnmi8oEdcVyAdWAOUAT1jL8%2Fa2dxTkJ5RzoB%2BmL7SKtEDDaK7hMzI5dxIwgm7v8Ug737HXiyQuZFklm2FxjXNtEskc548qxWhWDtZRjdj2j1VByO7kMBBvyc2ooo3Pe4i5GelAJM8h%2BbySBTyYxVAp0VFDj5YCzR54SQPcZpZcRoAF%2FRR1JZMdbHEgKKVf5UQ0JjYBeQ4%2F9hz%2BuKRE%2B0Z4HIPQligMSuhsgDGOM0LWjv%2BVwuYJD2CQhFKvJwG2Ky6y3nIhb%2F9LShc7kfkFH9tvRUSXJPYsARX9%2By%2FptsO7zM7BdqSovySWk%2BZHx1mbGHkV6R%2FdeGdO8F1niZGxJLr%2BKc8Z5GVYR7V4GdDQmbkBSGWmoVnUfg8nh5MmbFsp7TZ7wyaoPTKfnqGRFWPw7ENxmMuxPTdcQf69%2BBbpEmqMU6ZK0IXTmPmTDV4pa6BjqdAQgkl6b9SwwC2VEPdFI255zXfhWwwL1OVcNDz%2FX8LHHq6QG2HiOO2yOdRTvncPQW9kvG1CfLWDy2vVsItzxcwCYr%2Bs716T0eL0MUacGa0%2BcmWB2cG6NUnbpd5Nr2d2EIXTODIZdSd0lbTDY1nh7Cn0H61kKbjScPJqZfWUDo4JBX0ob1RrdcMMV2qjUflwIiHsi9zqjxhQrDS0zPKKM%3D&X-Amz-Signature=de73a4a630509d72abdcbe038c9ddd841be26382af6a7ada80e7cd43783bb91f&X-Amz-SignedHeaders=host


at io.cucumber.core.plugin.UrlOutputStream.createCurlLikeException(UrlOutputStream.java:150)
at io.cucumber.core.plugin.UrlOutputStream.sendRequestBody(UrlOutputStream.java:116)
at io.cucumber.core.plugin.UrlOutputStream.sendRequest(UrlOutputStream.java:94)
at io.cucumber.core.plugin.UrlOutputStream.sendRequest(UrlOutputStream.java:90)
at io.cucumber.core.plugin.UrlOutputStream.close(UrlOutputStream.java:65)
at java.base/sun.nio.cs.StreamEncoder.implClose(StreamEncoder.java:413)
at java.base/sun.nio.cs.StreamEncoder.lockedClose(StreamEncoder.java:231)
at java.base/sun.nio.cs.StreamEncoder.close(StreamEncoder.java:222)
at java.base/java.io.OutputStreamWriter.close(OutputStreamWriter.java:264)
at io.cucumber.core.plugin.MessageFormatter.writeMessage(MessageFormatter.java:29)
... 31 more
Caused by: java.net.UnknownHostException: cucumber-messages-app-s3bucket-61aropwgu4ox.s3.eu-west-3.amazonaws.com
at java.base/sun.nio.ch.NioSocketImpl.connect(NioSocketImpl.java:567)
at java.base/java.net.SocksSocketImpl.connect(SocksSocketImpl.java:327)
at java.base/java.net.Socket.connect(Socket.java:752)
at java.base/sun.security.ssl.SSLSocketImpl.connect(SSLSocketImpl.java:304)
at java.base/sun.security.ssl.BaseSSLSocketImpl.connect(BaseSSLSocketImpl.java:181)
at java.base/sun.net.NetworkClient.doConnect(NetworkClient.java:183)
at java.base/sun.net.www.http.HttpClient.openServer(HttpClient.java:531)
at java.base/sun.net.www.http.HttpClient.openServer(HttpClient.java:636)
at java.base/sun.net.www.protocol.https.HttpsClient.<init>(HttpsClient.java:264)
at java.base/sun.net.www.protocol.https.HttpsClient.New(HttpsClient.java:377)
at java.base/sun.net.www.protocol.https.AbstractDelegateHttpsURLConnection.getNewHttpClient(AbstractDelegateHttpsURLConnection.java:193)
at java.base/sun.net.www.protocol.http.HttpURLConnection.plainConnect0(HttpURLConnection.java:1288)
at java.base/sun.net.www.protocol.http.HttpURLConnection.plainConnect(HttpURLConnection.java:1129)
at java.base/sun.net.www.protocol.https.AbstractDelegateHttpsURLConnection.connect(AbstractDelegateHttpsURLConnection.java:179)
at java.base/sun.net.www.protocol.http.HttpURLConnection.getOutputStream0(HttpURLConnection.java:1460)
at java.base/sun.net.www.protocol.http.HttpURLConnection.getOutputStream(HttpURLConnection.java:1423)
at java.base/sun.net.www.protocol.https.HttpsURLConnectionImpl.getOutputStream(HttpsURLConnectionImpl.java:219)
at io.cucumber.core.plugin.UrlOutputStream.sendRequestBody(UrlOutputStream.java:111)
... 39 more
]]>
    </error>
  </testcase> <!-- tearDownClass -->
  <system-out/>
  <testcase classname="AssessmentsRunner.QuizSubmissionRunner" name="runScenario" time="31.898">
    <error message="no such element: Unable to locate element: {&quot;method&quot;:&quot;xpath&quot;,&quot;selector&quot;:&quot;//button[@type=&#039;button&#039;]&quot;}
  (Session info: chrome=131.0.6778.86)
For documentation on this error, please visit: https://www.selenium.dev/documentation/webdriver/troubleshooting/errors#no-such-element-exception
Build info: version: &#039;4.18.1&#039;, revision: &#039;b1d3319b48&#039;
System info: os.name: &#039;Windows 11&#039;, os.arch: &#039;amd64&#039;, os.version: &#039;10.0&#039;, java.version: &#039;22.0.2&#039;
Driver info: org.openqa.selenium.chrome.ChromeDriver
Command: [87e20fb740db1a19151ba036306d8be9, findElement {value=//button[@type=&#039;button&#039;], using=xpath}]
Capabilities {acceptInsecureCerts: false, browserName: chrome, browserVersion: 131.0.6778.86, chrome: {chromedriverVersion: 131.0.6778.85 (3d81e41b6f3a..., userDataDir: C:\Users\GOPIPA~1\AppData\L...}, fedcm:accounts: true, goog:chromeOptions: {debuggerAddress: localhost:50232}, networkConnectionEnabled: false, pageLoadStrategy: normal, platformName: windows, proxy: Proxy(), se:cdp: ws://localhost:50232/devtoo..., se:cdpVersion: 131.0.6778.86, setWindowRect: true, strictFileInteractability: false, timeouts: {implicit: 0, pageLoad: 300000, script: 30000}, unhandledPromptBehavior: dismiss and notify, webauthn:extension:credBlob: true, webauthn:extension:largeBlob: true, webauthn:extension:minPinLength: true, webauthn:extension:prf: true, webauthn:virtualAuthenticators: true}
Session ID: 87e20fb740db1a19151ba036306d8be9" type="org.openqa.selenium.NoSuchElementException">
      <![CDATA[org.openqa.selenium.NoSuchElementException: no such element: Unable to locate element: {"method":"xpath","selector":"//button[@type='button']"}
  (Session info: chrome=131.0.6778.86)
For documentation on this error, please visit: https://www.selenium.dev/documentation/webdriver/troubleshooting/errors#no-such-element-exception
Build info: version: '4.18.1', revision: 'b1d3319b48'
System info: os.name: 'Windows 11', os.arch: 'amd64', os.version: '10.0', java.version: '22.0.2'
Driver info: org.openqa.selenium.chrome.ChromeDriver
Command: [87e20fb740db1a19151ba036306d8be9, findElement {value=//button[@type='button'], using=xpath}]
Capabilities {acceptInsecureCerts: false, browserName: chrome, browserVersion: 131.0.6778.86, chrome: {chromedriverVersion: 131.0.6778.85 (3d81e41b6f3a..., userDataDir: C:\Users\GOPIPA~1\AppData\L...}, fedcm:accounts: true, goog:chromeOptions: {debuggerAddress: localhost:50232}, networkConnectionEnabled: false, pageLoadStrategy: normal, platformName: windows, proxy: Proxy(), se:cdp: ws://localhost:50232/devtoo..., se:cdpVersion: 131.0.6778.86, setWindowRect: true, strictFileInteractability: false, timeouts: {implicit: 0, pageLoad: 300000, script: 30000}, unhandledPromptBehavior: dismiss and notify, webauthn:extension:credBlob: true, webauthn:extension:largeBlob: true, webauthn:extension:minPinLength: true, webauthn:extension:prf: true, webauthn:virtualAuthenticators: true}
Session ID: 87e20fb740db1a19151ba036306d8be9
at java.base/jdk.internal.reflect.DirectConstructorHandleAccessor.newInstance(DirectConstructorHandleAccessor.java:62)
at java.base/java.lang.reflect.Constructor.newInstanceWithCaller(Constructor.java:502)
at java.base/java.lang.reflect.Constructor.newInstance(Constructor.java:486)
at org.openqa.selenium.remote.ErrorCodec.decode(ErrorCodec.java:167)
at org.openqa.selenium.remote.codec.w3c.W3CHttpResponseCodec.decode(W3CHttpResponseCodec.java:138)
at org.openqa.selenium.remote.codec.w3c.W3CHttpResponseCodec.decode(W3CHttpResponseCodec.java:50)
at org.openqa.selenium.remote.HttpCommandExecutor.execute(HttpCommandExecutor.java:190)
at org.openqa.selenium.remote.service.DriverCommandExecutor.invokeExecute(DriverCommandExecutor.java:216)
at org.openqa.selenium.remote.service.DriverCommandExecutor.execute(DriverCommandExecutor.java:174)
at org.openqa.selenium.remote.RemoteWebDriver.execute(RemoteWebDriver.java:519)
at org.openqa.selenium.remote.ElementLocation$ElementFinder$2.findElement(ElementLocation.java:165)
at org.openqa.selenium.remote.ElementLocation.findElement(ElementLocation.java:59)
at org.openqa.selenium.remote.RemoteWebDriver.findElement(RemoteWebDriver.java:356)
at org.openqa.selenium.remote.RemoteWebDriver.findElement(RemoteWebDriver.java:350)
at com.Assessments.pages.LoginPage.header(LoginPage.java:69)
at AssessmentsStepdef.LoginStepdefinintions.user_is_on_homepage(LoginStepdefinintions.java:48)
at âœ½.User is on homepage(file:///C:/Users/GopiPagadala/OneDrive%20-%20FocalPointK12,%20Inc/FPK12%20Automation-2024/FPK12-AssessmentCenter/src/test/resources/AssessmentsFeatures/QuizSubmission.feature:7)
]]>
    </error>
  </testcase> <!-- runScenario -->
  <system-out/>
</testsuite> <!-- AssessmentsRunner.QuizSubmissionRunner -->
