<?xml version="1.0" encoding="UTF-8"?>
<!-- Generated by org.testng.reporters.JUnitReportReporter -->
<testsuite hostname="Sapphirus-SS141" failures="0" tests="1" name="AssessmentsRunner.AnnouncementsRunner" time="51.500" errors="1" timestamp="17 Jan 2025 11:28:26 GMT">
  <testcase classname="AssessmentsRunner.AnnouncementsRunner" name="runScenario" time="51.500">
    <error message="Index 0 out of bounds for length 0" type="java.lang.IndexOutOfBoundsException">
      <![CDATA[java.lang.IndexOutOfBoundsException: Index 0 out of bounds for length 0
	at java.base/jdk.internal.util.Preconditions.outOfBounds(Preconditions.java:100)
	at java.base/jdk.internal.util.Preconditions.outOfBoundsCheckIndex(Preconditions.java:106)
	at java.base/jdk.internal.util.Preconditions.checkIndex(Preconditions.java:302)
	at java.base/java.util.Objects.checkIndex(Objects.java:365)
	at java.base/java.util.ArrayList.get(ArrayList.java:428)
	at com.Assessments.pages.AnnouncementsPages.AnnouncementsSearch(AnnouncementsPages.java:147)
	at AssessmentsStepdef.AnnouncementsStepdefinitions.user_checks_announcements_search_functionality(AnnouncementsStepdefinitions.java:57)
	at ✽.user checks Announcements search Functionality(file:///D:/Focalpoint%20Automation/FPK12AutomationProject/src/test/resources/AssessmentsFeatures/Announcements.feature:14)
]]>
    </error>
  </testcase> <!-- runScenario -->
</testsuite> <!-- AssessmentsRunner.AnnouncementsRunner -->
